[0.026s] Invoking command in '/home/x/planning_with_ROS2_course/build/base_msgs': CMAKE_PREFIX_PATH=${CMAKE_PREFIX_PATH}:/home/x/planning_with_ROS2_course/install/data_plot:/opt/ros/humble /usr/bin/cmake --build /home/x/planning_with_ROS2_course/build/base_msgs -- -j8 -l8
[0.121s] [  0%] Built target base_msgs__cpp
[0.146s] [ 12%] Built target base_msgs__rosidl_generator_c
[0.169s] [ 12%] Built target ament_cmake_python_copy_base_msgs
[0.204s] [ 24%] Built target base_msgs__rosidl_typesupport_cpp
[0.215s] [ 36%] Built target base_msgs__rosidl_typesupport_fastrtps_cpp
[0.239s] [ 50%] Built target base_msgs__rosidl_typesupport_fastrtps_c
[0.239s] [ 60%] Built target base_msgs__rosidl_typesupport_introspection_cpp
[0.244s] [ 72%] Built target base_msgs__rosidl_typesupport_introspection_c
[0.258s] [ 84%] Built target base_msgs__rosidl_typesupport_c
[0.290s] [ 84%] Built target base_msgs
[0.332s] [ 85%] Built target base_msgs__py
[0.387s] [ 96%] Built target base_msgs__rosidl_generator_py
[0.454s] [ 97%] Built target base_msgs__rosidl_typesupport_fastrtps_c__pyext
[0.456s] [ 98%] Built target base_msgs__rosidl_typesupport_c__pyext
[0.456s] [100%] Built target base_msgs__rosidl_typesupport_introspection_c__pyext
[0.717s] running egg_info
[0.717s] writing base_msgs.egg-info/PKG-INFO
[0.730s] writing dependency_links to base_msgs.egg-info/dependency_links.txt
[0.730s] writing top-level names to base_msgs.egg-info/top_level.txt
[0.730s] reading manifest file 'base_msgs.egg-info/SOURCES.txt'
[0.733s] writing manifest file 'base_msgs.egg-info/SOURCES.txt'
[0.822s] [100%] Built target ament_cmake_python_build_base_msgs_egg
[0.857s] Invoked command in '/home/x/planning_with_ROS2_course/build/base_msgs' returned '0': CMAKE_PREFIX_PATH=${CMAKE_PREFIX_PATH}:/home/x/planning_with_ROS2_course/install/data_plot:/opt/ros/humble /usr/bin/cmake --build /home/x/planning_with_ROS2_course/build/base_msgs -- -j8 -l8
[0.874s] Invoking command in '/home/x/planning_with_ROS2_course/build/base_msgs': CMAKE_PREFIX_PATH=${CMAKE_PREFIX_PATH}:/home/x/planning_with_ROS2_course/install/data_plot:/opt/ros/humble /usr/bin/cmake --install /home/x/planning_with_ROS2_course/build/base_msgs
[0.888s] -- Install configuration: ""
[0.888s] -- Up-to-date: /home/x/planning_with_ROS2_course/install/base_msgs/share/ament_index/resource_index/rosidl_interfaces/base_msgs
[0.888s] -- Up-to-date: /home/x/planning_with_ROS2_course/install/base_msgs/include/base_msgs/base_msgs
[0.890s] -- Up-to-date: /home/x/planning_with_ROS2_course/install/base_msgs/include/base_msgs/base_msgs/msg
[0.890s] -- Up-to-date: /home/x/planning_with_ROS2_course/install/base_msgs/include/base_msgs/base_msgs/msg/referline.h
[0.890s] -- Up-to-date: /home/x/planning_with_ROS2_course/install/base_msgs/include/base_msgs/base_msgs/msg/pnc_map.h
[0.890s] -- Up-to-date: /home/x/planning_with_ROS2_course/install/base_msgs/include/base_msgs/base_msgs/msg/local_path.h
[0.890s] -- Up-to-date: /home/x/planning_with_ROS2_course/install/base_msgs/include/base_msgs/base_msgs/msg/referline_point.h
[0.891s] -- Up-to-date: /home/x/planning_with_ROS2_course/install/base_msgs/include/base_msgs/base_msgs/msg/local_speeds.h
[0.891s] -- Up-to-date: /home/x/planning_with_ROS2_course/install/base_msgs/include/base_msgs/base_msgs/msg/detail
[0.892s] -- Up-to-date: /home/x/planning_with_ROS2_course/install/base_msgs/include/base_msgs/base_msgs/msg/detail/referline_point__functions.c
[0.892s] -- Up-to-date: /home/x/planning_with_ROS2_course/install/base_msgs/include/base_msgs/base_msgs/msg/detail/local_speeds__struct.h
[0.892s] -- Up-to-date: /home/x/planning_with_ROS2_course/install/base_msgs/include/base_msgs/base_msgs/msg/detail/local_speeds__functions.h
[0.892s] -- Up-to-date: /home/x/planning_with_ROS2_course/install/base_msgs/include/base_msgs/base_msgs/msg/detail/local_path_point__functions.h
[0.892s] -- Up-to-date: /home/x/planning_with_ROS2_course/install/base_msgs/include/base_msgs/base_msgs/msg/detail/local_path__functions.c
[0.892s] -- Up-to-date: /home/x/planning_with_ROS2_course/install/base_msgs/include/base_msgs/base_msgs/msg/detail/local_speeds_point__functions.c
[0.892s] -- Up-to-date: /home/x/planning_with_ROS2_course/install/base_msgs/include/base_msgs/base_msgs/msg/detail/referline__functions.h
[0.893s] -- Up-to-date: /home/x/planning_with_ROS2_course/install/base_msgs/include/base_msgs/base_msgs/msg/detail/local_trajectory_point__functions.c
[0.893s] -- Up-to-date: /home/x/planning_with_ROS2_course/install/base_msgs/include/base_msgs/base_msgs/msg/detail/local_speeds__type_support.h
[0.893s] -- Up-to-date: /home/x/planning_with_ROS2_course/install/base_msgs/include/base_msgs/base_msgs/msg/detail/plot_info__functions.c
[0.893s] -- Up-to-date: /home/x/planning_with_ROS2_course/install/base_msgs/include/base_msgs/base_msgs/msg/detail/referline__struct.h
[0.893s] -- Up-to-date: /home/x/planning_with_ROS2_course/install/base_msgs/include/base_msgs/base_msgs/msg/detail/pnc_map__functions.h
[0.893s] -- Up-to-date: /home/x/planning_with_ROS2_course/install/base_msgs/include/base_msgs/base_msgs/msg/detail/local_trajectory_point__type_support.h
[0.893s] -- Up-to-date: /home/x/planning_with_ROS2_course/install/base_msgs/include/base_msgs/base_msgs/msg/detail/local_speeds_point__struct.h
[0.893s] -- Up-to-date: /home/x/planning_with_ROS2_course/install/base_msgs/include/base_msgs/base_msgs/msg/detail/pnc_map__functions.c
[0.893s] -- Up-to-date: /home/x/planning_with_ROS2_course/install/base_msgs/include/base_msgs/base_msgs/msg/detail/referline_point__struct.h
[0.893s] -- Up-to-date: /home/x/planning_with_ROS2_course/install/base_msgs/include/base_msgs/base_msgs/msg/detail/obs_info__struct.h
[0.893s] -- Up-to-date: /home/x/planning_with_ROS2_course/install/base_msgs/include/base_msgs/base_msgs/msg/detail/plot_info__functions.h
[0.893s] -- Up-to-date: /home/x/planning_with_ROS2_course/install/base_msgs/include/base_msgs/base_msgs/msg/detail/local_speeds_point__functions.h
[0.894s] -- Up-to-date: /home/x/planning_with_ROS2_course/install/base_msgs/include/base_msgs/base_msgs/msg/detail/local_speeds__functions.c
[0.894s] -- Up-to-date: /home/x/planning_with_ROS2_course/install/base_msgs/include/base_msgs/base_msgs/msg/detail/local_trajectory__struct.h
[0.894s] -- Up-to-date: /home/x/planning_with_ROS2_course/install/base_msgs/include/base_msgs/base_msgs/msg/detail/local_path__struct.h
[0.894s] -- Up-to-date: /home/x/planning_with_ROS2_course/install/base_msgs/include/base_msgs/base_msgs/msg/detail/local_trajectory__type_support.h
[0.894s] -- Up-to-date: /home/x/planning_with_ROS2_course/install/base_msgs/include/base_msgs/base_msgs/msg/detail/local_path__functions.h
[0.894s] -- Up-to-date: /home/x/planning_with_ROS2_course/install/base_msgs/include/base_msgs/base_msgs/msg/detail/local_path_point__type_support.h
[0.894s] -- Up-to-date: /home/x/planning_with_ROS2_course/install/base_msgs/include/base_msgs/base_msgs/msg/detail/plot_info__struct.h
[0.894s] -- Up-to-date: /home/x/planning_with_ROS2_course/install/base_msgs/include/base_msgs/base_msgs/msg/detail/local_path__type_support.h
[0.894s] -- Up-to-date: /home/x/planning_with_ROS2_course/install/base_msgs/include/base_msgs/base_msgs/msg/detail/local_trajectory_point__functions.h
[0.894s] -- Up-to-date: /home/x/planning_with_ROS2_course/install/base_msgs/include/base_msgs/base_msgs/msg/detail/obs_info__type_support.h
[0.894s] -- Up-to-date: /home/x/planning_with_ROS2_course/install/base_msgs/include/base_msgs/base_msgs/msg/detail/referline_point__type_support.h
[0.894s] -- Up-to-date: /home/x/planning_with_ROS2_course/install/base_msgs/include/base_msgs/base_msgs/msg/detail/local_trajectory__functions.c
[0.894s] -- Up-to-date: /home/x/planning_with_ROS2_course/install/base_msgs/include/base_msgs/base_msgs/msg/detail/local_path_point__functions.c
[0.895s] -- Up-to-date: /home/x/planning_with_ROS2_course/install/base_msgs/include/base_msgs/base_msgs/msg/detail/local_path_point__struct.h
[0.895s] -- Up-to-date: /home/x/planning_with_ROS2_course/install/base_msgs/include/base_msgs/base_msgs/msg/detail/plot_info__type_support.h
[0.895s] -- Up-to-date: /home/x/planning_with_ROS2_course/install/base_msgs/include/base_msgs/base_msgs/msg/detail/local_speeds_point__type_support.h
[0.895s] -- Up-to-date: /home/x/planning_with_ROS2_course/install/base_msgs/include/base_msgs/base_msgs/msg/detail/local_trajectory__functions.h
[0.895s] -- Up-to-date: /home/x/planning_with_ROS2_course/install/base_msgs/include/base_msgs/base_msgs/msg/detail/referline__type_support.h
[0.895s] -- Up-to-date: /home/x/planning_with_ROS2_course/install/base_msgs/include/base_msgs/base_msgs/msg/detail/local_trajectory_point__struct.h
[0.895s] -- Up-to-date: /home/x/planning_with_ROS2_course/install/base_msgs/include/base_msgs/base_msgs/msg/detail/referline__functions.c
[0.895s] -- Up-to-date: /home/x/planning_with_ROS2_course/install/base_msgs/include/base_msgs/base_msgs/msg/detail/referline_point__functions.h
[0.895s] -- Up-to-date: /home/x/planning_with_ROS2_course/install/base_msgs/include/base_msgs/base_msgs/msg/detail/pnc_map__type_support.h
[0.895s] -- Up-to-date: /home/x/planning_with_ROS2_course/install/base_msgs/include/base_msgs/base_msgs/msg/detail/obs_info__functions.c
[0.896s] -- Up-to-date: /home/x/planning_with_ROS2_course/install/base_msgs/include/base_msgs/base_msgs/msg/detail/obs_info__functions.h
[0.896s] -- Up-to-date: /home/x/planning_with_ROS2_course/install/base_msgs/include/base_msgs/base_msgs/msg/detail/pnc_map__struct.h
[0.896s] -- Up-to-date: /home/x/planning_with_ROS2_course/install/base_msgs/include/base_msgs/base_msgs/msg/obs_info.h
[0.896s] -- Up-to-date: /home/x/planning_with_ROS2_course/install/base_msgs/include/base_msgs/base_msgs/msg/local_trajectory.h
[0.896s] -- Up-to-date: /home/x/planning_with_ROS2_course/install/base_msgs/include/base_msgs/base_msgs/msg/plot_info.h
[0.896s] -- Up-to-date: /home/x/planning_with_ROS2_course/install/base_msgs/include/base_msgs/base_msgs/msg/local_trajectory_point.h
[0.896s] -- Up-to-date: /home/x/planning_with_ROS2_course/install/base_msgs/include/base_msgs/base_msgs/msg/local_path_point.h
[0.896s] -- Up-to-date: /home/x/planning_with_ROS2_course/install/base_msgs/include/base_msgs/base_msgs/msg/rosidl_generator_c__visibility_control.h
[0.896s] -- Up-to-date: /home/x/planning_with_ROS2_course/install/base_msgs/include/base_msgs/base_msgs/msg/local_speeds_point.h
[0.896s] -- Up-to-date: /home/x/planning_with_ROS2_course/install/base_msgs/include/base_msgs/base_msgs/srv
[0.896s] -- Up-to-date: /home/x/planning_with_ROS2_course/install/base_msgs/include/base_msgs/base_msgs/srv/detail
[0.896s] -- Up-to-date: /home/x/planning_with_ROS2_course/install/base_msgs/include/base_msgs/base_msgs/srv/detail/global_path_service__functions.c
[0.897s] -- Up-to-date: /home/x/planning_with_ROS2_course/install/base_msgs/include/base_msgs/base_msgs/srv/detail/pnc_map_service__struct.h
[0.897s] -- Up-to-date: /home/x/planning_with_ROS2_course/install/base_msgs/include/base_msgs/base_msgs/srv/detail/global_path_service__type_support.h
[0.897s] -- Up-to-date: /home/x/planning_with_ROS2_course/install/base_msgs/include/base_msgs/base_msgs/srv/detail/pnc_map_service__functions.c
[0.897s] -- Up-to-date: /home/x/planning_with_ROS2_course/install/base_msgs/include/base_msgs/base_msgs/srv/detail/global_path_service__functions.h
[0.897s] -- Up-to-date: /home/x/planning_with_ROS2_course/install/base_msgs/include/base_msgs/base_msgs/srv/detail/global_path_service__struct.h
[0.897s] -- Up-to-date: /home/x/planning_with_ROS2_course/install/base_msgs/include/base_msgs/base_msgs/srv/detail/pnc_map_service__type_support.h
[0.897s] -- Up-to-date: /home/x/planning_with_ROS2_course/install/base_msgs/include/base_msgs/base_msgs/srv/detail/pnc_map_service__functions.h
[0.898s] -- Up-to-date: /home/x/planning_with_ROS2_course/install/base_msgs/include/base_msgs/base_msgs/srv/global_path_service.h
[0.898s] -- Up-to-date: /home/x/planning_with_ROS2_course/install/base_msgs/include/base_msgs/base_msgs/srv/pnc_map_service.h
[0.898s] -- Up-to-date: /home/x/planning_with_ROS2_course/install/base_msgs/share/base_msgs/environment/library_path.sh
[0.898s] -- Up-to-date: /home/x/planning_with_ROS2_course/install/base_msgs/share/base_msgs/environment/library_path.dsv
[0.898s] -- Up-to-date: /home/x/planning_with_ROS2_course/install/base_msgs/lib/libbase_msgs__rosidl_generator_c.so
[0.898s] -- Up-to-date: /home/x/planning_with_ROS2_course/install/base_msgs/include/base_msgs/base_msgs
[0.898s] -- Up-to-date: /home/x/planning_with_ROS2_course/install/base_msgs/include/base_msgs/base_msgs/msg
[0.898s] -- Up-to-date: /home/x/planning_with_ROS2_course/install/base_msgs/include/base_msgs/base_msgs/msg/detail
[0.898s] -- Up-to-date: /home/x/planning_with_ROS2_course/install/base_msgs/include/base_msgs/base_msgs/msg/detail/local_trajectory__rosidl_typesupport_fastrtps_c.h
[0.898s] -- Up-to-date: /home/x/planning_with_ROS2_course/install/base_msgs/include/base_msgs/base_msgs/msg/detail/local_speeds__rosidl_typesupport_fastrtps_c.h
[0.898s] -- Up-to-date: /home/x/planning_with_ROS2_course/install/base_msgs/include/base_msgs/base_msgs/msg/detail/local_path_point__rosidl_typesupport_fastrtps_c.h
[0.898s] -- Up-to-date: /home/x/planning_with_ROS2_course/install/base_msgs/include/base_msgs/base_msgs/msg/detail/local_speeds_point__rosidl_typesupport_fastrtps_c.h
[0.898s] -- Up-to-date: /home/x/planning_with_ROS2_course/install/base_msgs/include/base_msgs/base_msgs/msg/detail/referline__rosidl_typesupport_fastrtps_c.h
[0.898s] -- Up-to-date: /home/x/planning_with_ROS2_course/install/base_msgs/include/base_msgs/base_msgs/msg/detail/obs_info__rosidl_typesupport_fastrtps_c.h
[0.899s] -- Up-to-date: /home/x/planning_with_ROS2_course/install/base_msgs/include/base_msgs/base_msgs/msg/detail/plot_info__rosidl_typesupport_fastrtps_c.h
[0.899s] -- Up-to-date: /home/x/planning_with_ROS2_course/install/base_msgs/include/base_msgs/base_msgs/msg/detail/referline_point__rosidl_typesupport_fastrtps_c.h
[0.899s] -- Up-to-date: /home/x/planning_with_ROS2_course/install/base_msgs/include/base_msgs/base_msgs/msg/detail/pnc_map__rosidl_typesupport_fastrtps_c.h
[0.899s] -- Up-to-date: /home/x/planning_with_ROS2_course/install/base_msgs/include/base_msgs/base_msgs/msg/detail/local_trajectory_point__rosidl_typesupport_fastrtps_c.h
[0.899s] -- Up-to-date: /home/x/planning_with_ROS2_course/install/base_msgs/include/base_msgs/base_msgs/msg/detail/local_path__rosidl_typesupport_fastrtps_c.h
[0.899s] -- Up-to-date: /home/x/planning_with_ROS2_course/install/base_msgs/include/base_msgs/base_msgs/msg/rosidl_typesupport_fastrtps_c__visibility_control.h
[0.899s] -- Up-to-date: /home/x/planning_with_ROS2_course/install/base_msgs/include/base_msgs/base_msgs/srv
[0.899s] -- Up-to-date: /home/x/planning_with_ROS2_course/install/base_msgs/include/base_msgs/base_msgs/srv/detail
[0.899s] -- Up-to-date: /home/x/planning_with_ROS2_course/install/base_msgs/include/base_msgs/base_msgs/srv/detail/pnc_map_service__rosidl_typesupport_fastrtps_c.h
[0.899s] -- Up-to-date: /home/x/planning_with_ROS2_course/install/base_msgs/include/base_msgs/base_msgs/srv/detail/global_path_service__rosidl_typesupport_fastrtps_c.h
[0.899s] -- Up-to-date: /home/x/planning_with_ROS2_course/install/base_msgs/lib/libbase_msgs__rosidl_typesupport_fastrtps_c.so
[0.899s] -- Up-to-date: /home/x/planning_with_ROS2_course/install/base_msgs/include/base_msgs/base_msgs
[0.900s] -- Up-to-date: /home/x/planning_with_ROS2_course/install/base_msgs/include/base_msgs/base_msgs/msg
[0.900s] -- Up-to-date: /home/x/planning_with_ROS2_course/install/base_msgs/include/base_msgs/base_msgs/msg/detail
[0.900s] -- Up-to-date: /home/x/planning_with_ROS2_course/install/base_msgs/include/base_msgs/base_msgs/msg/detail/plot_info__type_support.c
[0.900s] -- Up-to-date: /home/x/planning_with_ROS2_course/install/base_msgs/include/base_msgs/base_msgs/msg/detail/obs_info__type_support.c
[0.900s] -- Up-to-date: /home/x/planning_with_ROS2_course/install/base_msgs/include/base_msgs/base_msgs/msg/detail/local_path_point__rosidl_typesupport_introspection_c.h
[0.900s] -- Up-to-date: /home/x/planning_with_ROS2_course/install/base_msgs/include/base_msgs/base_msgs/msg/detail/local_trajectory__rosidl_typesupport_introspection_c.h
[0.900s] -- Up-to-date: /home/x/planning_with_ROS2_course/install/base_msgs/include/base_msgs/base_msgs/msg/detail/obs_info__rosidl_typesupport_introspection_c.h
[0.900s] -- Up-to-date: /home/x/planning_with_ROS2_course/install/base_msgs/include/base_msgs/base_msgs/msg/detail/referline_point__rosidl_typesupport_introspection_c.h
[0.900s] -- Up-to-date: /home/x/planning_with_ROS2_course/install/base_msgs/include/base_msgs/base_msgs/msg/detail/local_path_point__type_support.c
[0.900s] -- Up-to-date: /home/x/planning_with_ROS2_course/install/base_msgs/include/base_msgs/base_msgs/msg/detail/local_path__type_support.c
[0.900s] -- Up-to-date: /home/x/planning_with_ROS2_course/install/base_msgs/include/base_msgs/base_msgs/msg/detail/pnc_map__rosidl_typesupport_introspection_c.h
[0.900s] -- Up-to-date: /home/x/planning_with_ROS2_course/install/base_msgs/include/base_msgs/base_msgs/msg/detail/referline__type_support.c
[0.900s] -- Up-to-date: /home/x/planning_with_ROS2_course/install/base_msgs/include/base_msgs/base_msgs/msg/detail/local_trajectory__type_support.c
[0.900s] -- Up-to-date: /home/x/planning_with_ROS2_course/install/base_msgs/include/base_msgs/base_msgs/msg/detail/referline_point__type_support.c
[0.902s] -- Up-to-date: /home/x/planning_with_ROS2_course/install/base_msgs/include/base_msgs/base_msgs/msg/detail/plot_info__rosidl_typesupport_introspection_c.h
[0.903s] -- Up-to-date: /home/x/planning_with_ROS2_course/install/base_msgs/include/base_msgs/base_msgs/msg/detail/local_speeds_point__rosidl_typesupport_introspection_c.h
[0.903s] -- Up-to-date: /home/x/planning_with_ROS2_course/install/base_msgs/include/base_msgs/base_msgs/msg/detail/referline__rosidl_typesupport_introspection_c.h
[0.903s] -- Up-to-date: /home/x/planning_with_ROS2_course/install/base_msgs/include/base_msgs/base_msgs/msg/detail/local_speeds__rosidl_typesupport_introspection_c.h
[0.903s] -- Up-to-date: /home/x/planning_with_ROS2_course/install/base_msgs/include/base_msgs/base_msgs/msg/detail/local_path__rosidl_typesupport_introspection_c.h
[0.903s] -- Up-to-date: /home/x/planning_with_ROS2_course/install/base_msgs/include/base_msgs/base_msgs/msg/detail/local_speeds_point__type_support.c
[0.903s] -- Up-to-date: /home/x/planning_with_ROS2_course/install/base_msgs/include/base_msgs/base_msgs/msg/detail/pnc_map__type_support.c
[0.903s] -- Up-to-date: /home/x/planning_with_ROS2_course/install/base_msgs/include/base_msgs/base_msgs/msg/detail/local_trajectory_point__type_support.c
[0.904s] -- Up-to-date: /home/x/planning_with_ROS2_course/install/base_msgs/include/base_msgs/base_msgs/msg/detail/local_speeds__type_support.c
[0.904s] -- Up-to-date: /home/x/planning_with_ROS2_course/install/base_msgs/include/base_msgs/base_msgs/msg/detail/local_trajectory_point__rosidl_typesupport_introspection_c.h
[0.904s] -- Up-to-date: /home/x/planning_with_ROS2_course/install/base_msgs/include/base_msgs/base_msgs/msg/rosidl_typesupport_introspection_c__visibility_control.h
[0.904s] -- Up-to-date: /home/x/planning_with_ROS2_course/install/base_msgs/include/base_msgs/base_msgs/srv
[0.904s] -- Up-to-date: /home/x/planning_with_ROS2_course/install/base_msgs/include/base_msgs/base_msgs/srv/detail
[0.904s] -- Up-to-date: /home/x/planning_with_ROS2_course/install/base_msgs/include/base_msgs/base_msgs/srv/detail/global_path_service__type_support.c
[0.904s] -- Up-to-date: /home/x/planning_with_ROS2_course/install/base_msgs/include/base_msgs/base_msgs/srv/detail/pnc_map_service__type_support.c
[0.904s] -- Up-to-date: /home/x/planning_with_ROS2_course/install/base_msgs/include/base_msgs/base_msgs/srv/detail/pnc_map_service__rosidl_typesupport_introspection_c.h
[0.904s] -- Up-to-date: /home/x/planning_with_ROS2_course/install/base_msgs/include/base_msgs/base_msgs/srv/detail/global_path_service__rosidl_typesupport_introspection_c.h
[0.904s] -- Up-to-date: /home/x/planning_with_ROS2_course/install/base_msgs/lib/libbase_msgs__rosidl_typesupport_introspection_c.so
[0.904s] -- Up-to-date: /home/x/planning_with_ROS2_course/install/base_msgs/lib/libbase_msgs__rosidl_typesupport_c.so
[0.905s] -- Up-to-date: /home/x/planning_with_ROS2_course/install/base_msgs/include/base_msgs/base_msgs
[0.905s] -- Up-to-date: /home/x/planning_with_ROS2_course/install/base_msgs/include/base_msgs/base_msgs/msg
[0.905s] -- Up-to-date: /home/x/planning_with_ROS2_course/install/base_msgs/include/base_msgs/base_msgs/msg/rosidl_generator_cpp__visibility_control.hpp
[0.905s] -- Up-to-date: /home/x/planning_with_ROS2_course/install/base_msgs/include/base_msgs/base_msgs/msg/local_path.hpp
[0.905s] -- Up-to-date: /home/x/planning_with_ROS2_course/install/base_msgs/include/base_msgs/base_msgs/msg/detail
[0.905s] -- Up-to-date: /home/x/planning_with_ROS2_course/install/base_msgs/include/base_msgs/base_msgs/msg/detail/pnc_map__traits.hpp
[0.906s] -- Up-to-date: /home/x/planning_with_ROS2_course/install/base_msgs/include/base_msgs/base_msgs/msg/detail/referline__traits.hpp
[0.906s] -- Up-to-date: /home/x/planning_with_ROS2_course/install/base_msgs/include/base_msgs/base_msgs/msg/detail/local_trajectory__traits.hpp
[0.906s] -- Up-to-date: /home/x/planning_with_ROS2_course/install/base_msgs/include/base_msgs/base_msgs/msg/detail/referline__builder.hpp
[0.906s] -- Up-to-date: /home/x/planning_with_ROS2_course/install/base_msgs/include/base_msgs/base_msgs/msg/detail/local_path_point__traits.hpp
[0.906s] -- Up-to-date: /home/x/planning_with_ROS2_course/install/base_msgs/include/base_msgs/base_msgs/msg/detail/local_path__type_support.hpp
[0.907s] -- Up-to-date: /home/x/planning_with_ROS2_course/install/base_msgs/include/base_msgs/base_msgs/msg/detail/local_path_point__builder.hpp
[0.907s] -- Up-to-date: /home/x/planning_with_ROS2_course/install/base_msgs/include/base_msgs/base_msgs/msg/detail/referline__type_support.hpp
[0.907s] -- Up-to-date: /home/x/planning_with_ROS2_course/install/base_msgs/include/base_msgs/base_msgs/msg/detail/local_speeds_point__struct.hpp
[0.907s] -- Up-to-date: /home/x/planning_with_ROS2_course/install/base_msgs/include/base_msgs/base_msgs/msg/detail/referline_point__traits.hpp
[0.907s] -- Up-to-date: /home/x/planning_with_ROS2_course/install/base_msgs/include/base_msgs/base_msgs/msg/detail/obs_info__type_support.hpp
[0.907s] -- Up-to-date: /home/x/planning_with_ROS2_course/install/base_msgs/include/base_msgs/base_msgs/msg/detail/local_speeds__type_support.hpp
[0.907s] -- Up-to-date: /home/x/planning_with_ROS2_course/install/base_msgs/include/base_msgs/base_msgs/msg/detail/local_speeds__struct.hpp
[0.907s] -- Up-to-date: /home/x/planning_with_ROS2_course/install/base_msgs/include/base_msgs/base_msgs/msg/detail/plot_info__builder.hpp
[0.907s] -- Up-to-date: /home/x/planning_with_ROS2_course/install/base_msgs/include/base_msgs/base_msgs/msg/detail/local_speeds__builder.hpp
[0.907s] -- Up-to-date: /home/x/planning_with_ROS2_course/install/base_msgs/include/base_msgs/base_msgs/msg/detail/local_trajectory_point__builder.hpp
[0.907s] -- Up-to-date: /home/x/planning_with_ROS2_course/install/base_msgs/include/base_msgs/base_msgs/msg/detail/plot_info__traits.hpp
[0.907s] -- Up-to-date: /home/x/planning_with_ROS2_course/install/base_msgs/include/base_msgs/base_msgs/msg/detail/local_trajectory_point__traits.hpp
[0.907s] -- Up-to-date: /home/x/planning_with_ROS2_course/install/base_msgs/include/base_msgs/base_msgs/msg/detail/local_path_point__type_support.hpp
[0.907s] -- Up-to-date: /home/x/planning_with_ROS2_course/install/base_msgs/include/base_msgs/base_msgs/msg/detail/local_speeds_point__type_support.hpp
[0.907s] -- Up-to-date: /home/x/planning_with_ROS2_course/install/base_msgs/include/base_msgs/base_msgs/msg/detail/local_path__builder.hpp
[0.907s] -- Up-to-date: /home/x/planning_with_ROS2_course/install/base_msgs/include/base_msgs/base_msgs/msg/detail/local_trajectory_point__struct.hpp
[0.908s] -- Up-to-date: /home/x/planning_with_ROS2_course/install/base_msgs/include/base_msgs/base_msgs/msg/detail/local_speeds__traits.hpp
[0.908s] -- Up-to-date: /home/x/planning_with_ROS2_course/install/base_msgs/include/base_msgs/base_msgs/msg/detail/local_path__struct.hpp
[0.908s] -- Up-to-date: /home/x/planning_with_ROS2_course/install/base_msgs/include/base_msgs/base_msgs/msg/detail/obs_info__builder.hpp
[0.908s] -- Up-to-date: /home/x/planning_with_ROS2_course/install/base_msgs/include/base_msgs/base_msgs/msg/detail/local_speeds_point__traits.hpp
[0.908s] -- Up-to-date: /home/x/planning_with_ROS2_course/install/base_msgs/include/base_msgs/base_msgs/msg/detail/obs_info__traits.hpp
[0.908s] -- Up-to-date: /home/x/planning_with_ROS2_course/install/base_msgs/include/base_msgs/base_msgs/msg/detail/local_trajectory__builder.hpp
[0.908s] -- Up-to-date: /home/x/planning_with_ROS2_course/install/base_msgs/include/base_msgs/base_msgs/msg/detail/local_speeds_point__builder.hpp
[0.908s] -- Up-to-date: /home/x/planning_with_ROS2_course/install/base_msgs/include/base_msgs/base_msgs/msg/detail/local_path_point__struct.hpp
[0.908s] -- Up-to-date: /home/x/planning_with_ROS2_course/install/base_msgs/include/base_msgs/base_msgs/msg/detail/pnc_map__type_support.hpp
[0.908s] -- Up-to-date: /home/x/planning_with_ROS2_course/install/base_msgs/include/base_msgs/base_msgs/msg/detail/local_trajectory__type_support.hpp
[0.909s] -- Up-to-date: /home/x/planning_with_ROS2_course/install/base_msgs/include/base_msgs/base_msgs/msg/detail/referline_point__struct.hpp
[0.909s] -- Up-to-date: /home/x/planning_with_ROS2_course/install/base_msgs/include/base_msgs/base_msgs/msg/detail/referline__struct.hpp
[0.909s] -- Up-to-date: /home/x/planning_with_ROS2_course/install/base_msgs/include/base_msgs/base_msgs/msg/detail/pnc_map__struct.hpp
[0.909s] -- Up-to-date: /home/x/planning_with_ROS2_course/install/base_msgs/include/base_msgs/base_msgs/msg/detail/local_trajectory__struct.hpp
[0.909s] -- Up-to-date: /home/x/planning_with_ROS2_course/install/base_msgs/include/base_msgs/base_msgs/msg/detail/local_path__traits.hpp
[0.909s] -- Up-to-date: /home/x/planning_with_ROS2_course/install/base_msgs/include/base_msgs/base_msgs/msg/detail/plot_info__struct.hpp
[0.909s] -- Up-to-date: /home/x/planning_with_ROS2_course/install/base_msgs/include/base_msgs/base_msgs/msg/detail/referline_point__type_support.hpp
[0.909s] -- Up-to-date: /home/x/planning_with_ROS2_course/install/base_msgs/include/base_msgs/base_msgs/msg/detail/plot_info__type_support.hpp
[0.909s] -- Up-to-date: /home/x/planning_with_ROS2_course/install/base_msgs/include/base_msgs/base_msgs/msg/detail/obs_info__struct.hpp
[0.909s] -- Up-to-date: /home/x/planning_with_ROS2_course/install/base_msgs/include/base_msgs/base_msgs/msg/detail/pnc_map__builder.hpp
[0.909s] -- Up-to-date: /home/x/planning_with_ROS2_course/install/base_msgs/include/base_msgs/base_msgs/msg/detail/referline_point__builder.hpp
[0.909s] -- Up-to-date: /home/x/planning_with_ROS2_course/install/base_msgs/include/base_msgs/base_msgs/msg/detail/local_trajectory_point__type_support.hpp
[0.909s] -- Up-to-date: /home/x/planning_with_ROS2_course/install/base_msgs/include/base_msgs/base_msgs/msg/plot_info.hpp
[0.910s] -- Up-to-date: /home/x/planning_with_ROS2_course/install/base_msgs/include/base_msgs/base_msgs/msg/referline_point.hpp
[0.910s] -- Up-to-date: /home/x/planning_with_ROS2_course/install/base_msgs/include/base_msgs/base_msgs/msg/local_speeds.hpp
[0.910s] -- Up-to-date: /home/x/planning_with_ROS2_course/install/base_msgs/include/base_msgs/base_msgs/msg/pnc_map.hpp
[0.910s] -- Up-to-date: /home/x/planning_with_ROS2_course/install/base_msgs/include/base_msgs/base_msgs/msg/referline.hpp
[0.910s] -- Up-to-date: /home/x/planning_with_ROS2_course/install/base_msgs/include/base_msgs/base_msgs/msg/local_trajectory.hpp
[0.910s] -- Up-to-date: /home/x/planning_with_ROS2_course/install/base_msgs/include/base_msgs/base_msgs/msg/local_speeds_point.hpp
[0.910s] -- Up-to-date: /home/x/planning_with_ROS2_course/install/base_msgs/include/base_msgs/base_msgs/msg/local_path_point.hpp
[0.910s] -- Up-to-date: /home/x/planning_with_ROS2_course/install/base_msgs/include/base_msgs/base_msgs/msg/obs_info.hpp
[0.911s] -- Up-to-date: /home/x/planning_with_ROS2_course/install/base_msgs/include/base_msgs/base_msgs/msg/local_trajectory_point.hpp
[0.911s] -- Up-to-date: /home/x/planning_with_ROS2_course/install/base_msgs/include/base_msgs/base_msgs/srv
[0.911s] -- Up-to-date: /home/x/planning_with_ROS2_course/install/base_msgs/include/base_msgs/base_msgs/srv/global_path_service.hpp
[0.911s] -- Up-to-date: /home/x/planning_with_ROS2_course/install/base_msgs/include/base_msgs/base_msgs/srv/detail
[0.911s] -- Up-to-date: /home/x/planning_with_ROS2_course/install/base_msgs/include/base_msgs/base_msgs/srv/detail/pnc_map_service__type_support.hpp
[0.911s] -- Up-to-date: /home/x/planning_with_ROS2_course/install/base_msgs/include/base_msgs/base_msgs/srv/detail/global_path_service__type_support.hpp
[0.911s] -- Up-to-date: /home/x/planning_with_ROS2_course/install/base_msgs/include/base_msgs/base_msgs/srv/detail/global_path_service__builder.hpp
[0.911s] -- Up-to-date: /home/x/planning_with_ROS2_course/install/base_msgs/include/base_msgs/base_msgs/srv/detail/pnc_map_service__builder.hpp
[0.911s] -- Up-to-date: /home/x/planning_with_ROS2_course/install/base_msgs/include/base_msgs/base_msgs/srv/detail/global_path_service__traits.hpp
[0.911s] -- Up-to-date: /home/x/planning_with_ROS2_course/install/base_msgs/include/base_msgs/base_msgs/srv/detail/global_path_service__struct.hpp
[0.911s] -- Up-to-date: /home/x/planning_with_ROS2_course/install/base_msgs/include/base_msgs/base_msgs/srv/detail/pnc_map_service__traits.hpp
[0.912s] -- Up-to-date: /home/x/planning_with_ROS2_course/install/base_msgs/include/base_msgs/base_msgs/srv/detail/pnc_map_service__struct.hpp
[0.912s] -- Up-to-date: /home/x/planning_with_ROS2_course/install/base_msgs/include/base_msgs/base_msgs/srv/pnc_map_service.hpp
[0.912s] -- Up-to-date: /home/x/planning_with_ROS2_course/install/base_msgs/include/base_msgs/base_msgs
[0.912s] -- Up-to-date: /home/x/planning_with_ROS2_course/install/base_msgs/include/base_msgs/base_msgs/msg
[0.912s] -- Up-to-date: /home/x/planning_with_ROS2_course/install/base_msgs/include/base_msgs/base_msgs/msg/detail
[0.912s] -- Up-to-date: /home/x/planning_with_ROS2_course/install/base_msgs/include/base_msgs/base_msgs/msg/detail/referline__rosidl_typesupport_fastrtps_cpp.hpp
[0.912s] -- Up-to-date: /home/x/planning_with_ROS2_course/install/base_msgs/include/base_msgs/base_msgs/msg/detail/dds_fastrtps
[0.912s] -- Up-to-date: /home/x/planning_with_ROS2_course/install/base_msgs/include/base_msgs/base_msgs/msg/detail/plot_info__rosidl_typesupport_fastrtps_cpp.hpp
[0.913s] -- Up-to-date: /home/x/planning_with_ROS2_course/install/base_msgs/include/base_msgs/base_msgs/msg/detail/local_trajectory_point__rosidl_typesupport_fastrtps_cpp.hpp
[0.913s] -- Up-to-date: /home/x/planning_with_ROS2_course/install/base_msgs/include/base_msgs/base_msgs/msg/detail/referline_point__rosidl_typesupport_fastrtps_cpp.hpp
[0.913s] -- Up-to-date: /home/x/planning_with_ROS2_course/install/base_msgs/include/base_msgs/base_msgs/msg/detail/local_path__rosidl_typesupport_fastrtps_cpp.hpp
[0.913s] -- Up-to-date: /home/x/planning_with_ROS2_course/install/base_msgs/include/base_msgs/base_msgs/msg/detail/local_speeds__rosidl_typesupport_fastrtps_cpp.hpp
[0.913s] -- Up-to-date: /home/x/planning_with_ROS2_course/install/base_msgs/include/base_msgs/base_msgs/msg/detail/local_trajectory__rosidl_typesupport_fastrtps_cpp.hpp
[0.913s] -- Up-to-date: /home/x/planning_with_ROS2_course/install/base_msgs/include/base_msgs/base_msgs/msg/detail/local_speeds_point__rosidl_typesupport_fastrtps_cpp.hpp
[0.913s] -- Up-to-date: /home/x/planning_with_ROS2_course/install/base_msgs/include/base_msgs/base_msgs/msg/detail/pnc_map__rosidl_typesupport_fastrtps_cpp.hpp
[0.913s] -- Up-to-date: /home/x/planning_with_ROS2_course/install/base_msgs/include/base_msgs/base_msgs/msg/detail/local_path_point__rosidl_typesupport_fastrtps_cpp.hpp
[0.913s] -- Up-to-date: /home/x/planning_with_ROS2_course/install/base_msgs/include/base_msgs/base_msgs/msg/detail/obs_info__rosidl_typesupport_fastrtps_cpp.hpp
[0.913s] -- Up-to-date: /home/x/planning_with_ROS2_course/install/base_msgs/include/base_msgs/base_msgs/msg/rosidl_typesupport_fastrtps_cpp__visibility_control.h
[0.913s] -- Up-to-date: /home/x/planning_with_ROS2_course/install/base_msgs/include/base_msgs/base_msgs/srv
[0.913s] -- Up-to-date: /home/x/planning_with_ROS2_course/install/base_msgs/include/base_msgs/base_msgs/srv/detail
[0.913s] -- Up-to-date: /home/x/planning_with_ROS2_course/install/base_msgs/include/base_msgs/base_msgs/srv/detail/dds_fastrtps
[0.913s] -- Up-to-date: /home/x/planning_with_ROS2_course/install/base_msgs/include/base_msgs/base_msgs/srv/detail/pnc_map_service__rosidl_typesupport_fastrtps_cpp.hpp
[0.914s] -- Up-to-date: /home/x/planning_with_ROS2_course/install/base_msgs/include/base_msgs/base_msgs/srv/detail/global_path_service__rosidl_typesupport_fastrtps_cpp.hpp
[0.914s] -- Up-to-date: /home/x/planning_with_ROS2_course/install/base_msgs/lib/libbase_msgs__rosidl_typesupport_fastrtps_cpp.so
[0.914s] -- Up-to-date: /home/x/planning_with_ROS2_course/install/base_msgs/include/base_msgs/base_msgs
[0.914s] -- Up-to-date: /home/x/planning_with_ROS2_course/install/base_msgs/include/base_msgs/base_msgs/msg
[0.914s] -- Up-to-date: /home/x/planning_with_ROS2_course/install/base_msgs/include/base_msgs/base_msgs/msg/detail
[0.914s] -- Up-to-date: /home/x/planning_with_ROS2_course/install/base_msgs/include/base_msgs/base_msgs/msg/detail/local_path_point__type_support.cpp
[0.914s] -- Up-to-date: /home/x/planning_with_ROS2_course/install/base_msgs/include/base_msgs/base_msgs/msg/detail/referline__type_support.cpp
[0.914s] -- Up-to-date: /home/x/planning_with_ROS2_course/install/base_msgs/include/base_msgs/base_msgs/msg/detail/local_speeds__type_support.cpp
[0.914s] -- Up-to-date: /home/x/planning_with_ROS2_course/install/base_msgs/include/base_msgs/base_msgs/msg/detail/obs_info__type_support.cpp
[0.914s] -- Up-to-date: /home/x/planning_with_ROS2_course/install/base_msgs/include/base_msgs/base_msgs/msg/detail/local_path__rosidl_typesupport_introspection_cpp.hpp
[0.916s] -- Up-to-date: /home/x/planning_with_ROS2_course/install/base_msgs/include/base_msgs/base_msgs/msg/detail/local_trajectory__type_support.cpp
[0.916s] -- Up-to-date: /home/x/planning_with_ROS2_course/install/base_msgs/include/base_msgs/base_msgs/msg/detail/local_path_point__rosidl_typesupport_introspection_cpp.hpp
[0.916s] -- Up-to-date: /home/x/planning_with_ROS2_course/install/base_msgs/include/base_msgs/base_msgs/msg/detail/local_speeds_point__rosidl_typesupport_introspection_cpp.hpp
[0.916s] -- Up-to-date: /home/x/planning_with_ROS2_course/install/base_msgs/include/base_msgs/base_msgs/msg/detail/local_path__type_support.cpp
[0.917s] -- Up-to-date: /home/x/planning_with_ROS2_course/install/base_msgs/include/base_msgs/base_msgs/msg/detail/local_trajectory_point__type_support.cpp
[0.917s] -- Up-to-date: /home/x/planning_with_ROS2_course/install/base_msgs/include/base_msgs/base_msgs/msg/detail/plot_info__type_support.cpp
[0.917s] -- Up-to-date: /home/x/planning_with_ROS2_course/install/base_msgs/include/base_msgs/base_msgs/msg/detail/local_speeds__rosidl_typesupport_introspection_cpp.hpp
[0.917s] -- Up-to-date: /home/x/planning_with_ROS2_course/install/base_msgs/include/base_msgs/base_msgs/msg/detail/referline_point__type_support.cpp
[0.917s] -- Up-to-date: /home/x/planning_with_ROS2_course/install/base_msgs/include/base_msgs/base_msgs/msg/detail/local_speeds_point__type_support.cpp
[0.917s] -- Up-to-date: /home/x/planning_with_ROS2_course/install/base_msgs/include/base_msgs/base_msgs/msg/detail/pnc_map__rosidl_typesupport_introspection_cpp.hpp
[0.917s] -- Up-to-date: /home/x/planning_with_ROS2_course/install/base_msgs/include/base_msgs/base_msgs/msg/detail/obs_info__rosidl_typesupport_introspection_cpp.hpp
[0.917s] -- Up-to-date: /home/x/planning_with_ROS2_course/install/base_msgs/include/base_msgs/base_msgs/msg/detail/local_trajectory__rosidl_typesupport_introspection_cpp.hpp
[0.917s] -- Up-to-date: /home/x/planning_with_ROS2_course/install/base_msgs/include/base_msgs/base_msgs/msg/detail/local_trajectory_point__rosidl_typesupport_introspection_cpp.hpp
[0.917s] -- Up-to-date: /home/x/planning_with_ROS2_course/install/base_msgs/include/base_msgs/base_msgs/msg/detail/referline__rosidl_typesupport_introspection_cpp.hpp
[0.917s] -- Up-to-date: /home/x/planning_with_ROS2_course/install/base_msgs/include/base_msgs/base_msgs/msg/detail/plot_info__rosidl_typesupport_introspection_cpp.hpp
[0.917s] -- Up-to-date: /home/x/planning_with_ROS2_course/install/base_msgs/include/base_msgs/base_msgs/msg/detail/referline_point__rosidl_typesupport_introspection_cpp.hpp
[0.917s] -- Up-to-date: /home/x/planning_with_ROS2_course/install/base_msgs/include/base_msgs/base_msgs/msg/detail/pnc_map__type_support.cpp
[0.917s] -- Up-to-date: /home/x/planning_with_ROS2_course/install/base_msgs/include/base_msgs/base_msgs/srv
[0.918s] -- Up-to-date: /home/x/planning_with_ROS2_course/install/base_msgs/include/base_msgs/base_msgs/srv/detail
[0.918s] -- Up-to-date: /home/x/planning_with_ROS2_course/install/base_msgs/include/base_msgs/base_msgs/srv/detail/pnc_map_service__type_support.cpp
[0.918s] -- Up-to-date: /home/x/planning_with_ROS2_course/install/base_msgs/include/base_msgs/base_msgs/srv/detail/pnc_map_service__rosidl_typesupport_introspection_cpp.hpp
[0.918s] -- Up-to-date: /home/x/planning_with_ROS2_course/install/base_msgs/include/base_msgs/base_msgs/srv/detail/global_path_service__type_support.cpp
[0.918s] -- Up-to-date: /home/x/planning_with_ROS2_course/install/base_msgs/include/base_msgs/base_msgs/srv/detail/global_path_service__rosidl_typesupport_introspection_cpp.hpp
[0.918s] -- Up-to-date: /home/x/planning_with_ROS2_course/install/base_msgs/lib/libbase_msgs__rosidl_typesupport_introspection_cpp.so
[0.918s] -- Up-to-date: /home/x/planning_with_ROS2_course/install/base_msgs/lib/libbase_msgs__rosidl_typesupport_cpp.so
[0.918s] -- Up-to-date: /home/x/planning_with_ROS2_course/install/base_msgs/share/base_msgs/environment/pythonpath.sh
[0.918s] -- Up-to-date: /home/x/planning_with_ROS2_course/install/base_msgs/share/base_msgs/environment/pythonpath.dsv
[0.919s] -- Up-to-date: /home/x/planning_with_ROS2_course/install/base_msgs/local/lib/python3.10/dist-packages/base_msgs-0.0.0-py3.10.egg-info
[0.919s] -- Installing: /home/x/planning_with_ROS2_course/install/base_msgs/local/lib/python3.10/dist-packages/base_msgs-0.0.0-py3.10.egg-info/PKG-INFO
[0.919s] -- Installing: /home/x/planning_with_ROS2_course/install/base_msgs/local/lib/python3.10/dist-packages/base_msgs-0.0.0-py3.10.egg-info/top_level.txt
[0.919s] -- Installing: /home/x/planning_with_ROS2_course/install/base_msgs/local/lib/python3.10/dist-packages/base_msgs-0.0.0-py3.10.egg-info/dependency_links.txt
[0.919s] -- Installing: /home/x/planning_with_ROS2_course/install/base_msgs/local/lib/python3.10/dist-packages/base_msgs-0.0.0-py3.10.egg-info/SOURCES.txt
[0.919s] -- Up-to-date: /home/x/planning_with_ROS2_course/install/base_msgs/local/lib/python3.10/dist-packages/base_msgs
[0.919s] -- Up-to-date: /home/x/planning_with_ROS2_course/install/base_msgs/local/lib/python3.10/dist-packages/base_msgs/msg
[0.919s] -- Up-to-date: /home/x/planning_with_ROS2_course/install/base_msgs/local/lib/python3.10/dist-packages/base_msgs/msg/_referline_point.py
[0.919s] -- Up-to-date: /home/x/planning_with_ROS2_course/install/base_msgs/local/lib/python3.10/dist-packages/base_msgs/msg/_pnc_map.py
[0.919s] -- Up-to-date: /home/x/planning_with_ROS2_course/install/base_msgs/local/lib/python3.10/dist-packages/base_msgs/msg/_obs_info_s.c
[0.919s] -- Up-to-date: /home/x/planning_with_ROS2_course/install/base_msgs/local/lib/python3.10/dist-packages/base_msgs/msg/_local_speeds_point_s.c
[0.919s] -- Up-to-date: /home/x/planning_with_ROS2_course/install/base_msgs/local/lib/python3.10/dist-packages/base_msgs/msg/__init__.py
[0.919s] -- Up-to-date: /home/x/planning_with_ROS2_course/install/base_msgs/local/lib/python3.10/dist-packages/base_msgs/msg/_local_trajectory_s.c
[0.919s] -- Up-to-date: /home/x/planning_with_ROS2_course/install/base_msgs/local/lib/python3.10/dist-packages/base_msgs/msg/_local_speeds_s.c
[0.919s] -- Up-to-date: /home/x/planning_with_ROS2_course/install/base_msgs/local/lib/python3.10/dist-packages/base_msgs/msg/_local_trajectory_point.py
[0.920s] -- Up-to-date: /home/x/planning_with_ROS2_course/install/base_msgs/local/lib/python3.10/dist-packages/base_msgs/msg/_plot_info_s.c
[0.920s] -- Up-to-date: /home/x/planning_with_ROS2_course/install/base_msgs/local/lib/python3.10/dist-packages/base_msgs/msg/_local_path.py
[0.920s] -- Up-to-date: /home/x/planning_with_ROS2_course/install/base_msgs/local/lib/python3.10/dist-packages/base_msgs/msg/_plot_info.py
[0.920s] -- Up-to-date: /home/x/planning_with_ROS2_course/install/base_msgs/local/lib/python3.10/dist-packages/base_msgs/msg/_referline_s.c
[0.920s] -- Up-to-date: /home/x/planning_with_ROS2_course/install/base_msgs/local/lib/python3.10/dist-packages/base_msgs/msg/_referline.py
[0.920s] -- Up-to-date: /home/x/planning_with_ROS2_course/install/base_msgs/local/lib/python3.10/dist-packages/base_msgs/msg/_local_trajectory.py
[0.920s] -- Up-to-date: /home/x/planning_with_ROS2_course/install/base_msgs/local/lib/python3.10/dist-packages/base_msgs/msg/_referline_point_s.c
[0.920s] -- Up-to-date: /home/x/planning_with_ROS2_course/install/base_msgs/local/lib/python3.10/dist-packages/base_msgs/msg/_obs_info.py
[0.923s] -- Up-to-date: /home/x/planning_with_ROS2_course/install/base_msgs/local/lib/python3.10/dist-packages/base_msgs/msg/_pnc_map_s.c
[0.923s] -- Up-to-date: /home/x/planning_with_ROS2_course/install/base_msgs/local/lib/python3.10/dist-packages/base_msgs/msg/_local_path_point_s.c
[0.923s] -- Up-to-date: /home/x/planning_with_ROS2_course/install/base_msgs/local/lib/python3.10/dist-packages/base_msgs/msg/_local_path_s.c
[0.923s] -- Up-to-date: /home/x/planning_with_ROS2_course/install/base_msgs/local/lib/python3.10/dist-packages/base_msgs/msg/_local_speeds.py
[0.923s] -- Up-to-date: /home/x/planning_with_ROS2_course/install/base_msgs/local/lib/python3.10/dist-packages/base_msgs/msg/_local_speeds_point.py
[0.923s] -- Up-to-date: /home/x/planning_with_ROS2_course/install/base_msgs/local/lib/python3.10/dist-packages/base_msgs/msg/_local_trajectory_point_s.c
[0.923s] -- Up-to-date: /home/x/planning_with_ROS2_course/install/base_msgs/local/lib/python3.10/dist-packages/base_msgs/msg/_local_path_point.py
[0.923s] -- Up-to-date: /home/x/planning_with_ROS2_course/install/base_msgs/local/lib/python3.10/dist-packages/base_msgs/base_msgs_s__rosidl_typesupport_introspection_c.cpython-310-x86_64-linux-gnu.so
[0.923s] -- Up-to-date: /home/x/planning_with_ROS2_course/install/base_msgs/local/lib/python3.10/dist-packages/base_msgs/__init__.py
[0.923s] -- Up-to-date: /home/x/planning_with_ROS2_course/install/base_msgs/local/lib/python3.10/dist-packages/base_msgs/_base_msgs_s.ep.rosidl_typesupport_introspection_c.c
[0.923s] -- Up-to-date: /home/x/planning_with_ROS2_course/install/base_msgs/local/lib/python3.10/dist-packages/base_msgs/libbase_msgs__rosidl_generator_py.so
[0.924s] -- Up-to-date: /home/x/planning_with_ROS2_course/install/base_msgs/local/lib/python3.10/dist-packages/base_msgs/base_msgs_s__rosidl_typesupport_c.cpython-310-x86_64-linux-gnu.so
[0.924s] -- Up-to-date: /home/x/planning_with_ROS2_course/install/base_msgs/local/lib/python3.10/dist-packages/base_msgs/base_msgs_s__rosidl_typesupport_fastrtps_c.cpython-310-x86_64-linux-gnu.so
[0.924s] -- Up-to-date: /home/x/planning_with_ROS2_course/install/base_msgs/local/lib/python3.10/dist-packages/base_msgs/_base_msgs_s.ep.rosidl_typesupport_c.c
[0.924s] -- Up-to-date: /home/x/planning_with_ROS2_course/install/base_msgs/local/lib/python3.10/dist-packages/base_msgs/_base_msgs_s.ep.rosidl_typesupport_fastrtps_c.c
[0.924s] -- Up-to-date: /home/x/planning_with_ROS2_course/install/base_msgs/local/lib/python3.10/dist-packages/base_msgs/srv
[0.924s] -- Up-to-date: /home/x/planning_with_ROS2_course/install/base_msgs/local/lib/python3.10/dist-packages/base_msgs/srv/_global_path_service_s.c
[0.924s] -- Up-to-date: /home/x/planning_with_ROS2_course/install/base_msgs/local/lib/python3.10/dist-packages/base_msgs/srv/_pnc_map_service_s.c
[0.924s] -- Up-to-date: /home/x/planning_with_ROS2_course/install/base_msgs/local/lib/python3.10/dist-packages/base_msgs/srv/_global_path_service.py
[0.924s] -- Up-to-date: /home/x/planning_with_ROS2_course/install/base_msgs/local/lib/python3.10/dist-packages/base_msgs/srv/__init__.py
[0.924s] -- Up-to-date: /home/x/planning_with_ROS2_course/install/base_msgs/local/lib/python3.10/dist-packages/base_msgs/srv/_pnc_map_service.py
[0.983s] Listing '/home/x/planning_with_ROS2_course/install/base_msgs/local/lib/python3.10/dist-packages/base_msgs'...
[0.984s] Listing '/home/x/planning_with_ROS2_course/install/base_msgs/local/lib/python3.10/dist-packages/base_msgs/msg'...
[0.984s] Listing '/home/x/planning_with_ROS2_course/install/base_msgs/local/lib/python3.10/dist-packages/base_msgs/srv'...
[0.990s] -- Up-to-date: /home/x/planning_with_ROS2_course/install/base_msgs/local/lib/python3.10/dist-packages/base_msgs/base_msgs_s__rosidl_typesupport_fastrtps_c.cpython-310-x86_64-linux-gnu.so
[0.990s] -- Up-to-date: /home/x/planning_with_ROS2_course/install/base_msgs/local/lib/python3.10/dist-packages/base_msgs/base_msgs_s__rosidl_typesupport_introspection_c.cpython-310-x86_64-linux-gnu.so
[0.990s] -- Up-to-date: /home/x/planning_with_ROS2_course/install/base_msgs/local/lib/python3.10/dist-packages/base_msgs/base_msgs_s__rosidl_typesupport_c.cpython-310-x86_64-linux-gnu.so
[0.992s] -- Up-to-date: /home/x/planning_with_ROS2_course/install/base_msgs/lib/libbase_msgs__rosidl_generator_py.so
[0.992s] -- Up-to-date: /home/x/planning_with_ROS2_course/install/base_msgs/share/base_msgs/srv/GlobalPathService.idl
[0.992s] -- Up-to-date: /home/x/planning_with_ROS2_course/install/base_msgs/share/base_msgs/srv/PNCMapService.idl
[0.992s] -- Up-to-date: /home/x/planning_with_ROS2_course/install/base_msgs/share/base_msgs/msg/PNCMap.idl
[0.992s] -- Up-to-date: /home/x/planning_with_ROS2_course/install/base_msgs/share/base_msgs/msg/ReferlinePoint.idl
[0.992s] -- Up-to-date: /home/x/planning_with_ROS2_course/install/base_msgs/share/base_msgs/msg/Referline.idl
[0.992s] -- Up-to-date: /home/x/planning_with_ROS2_course/install/base_msgs/share/base_msgs/msg/LocalPathPoint.idl
[0.994s] -- Up-to-date: /home/x/planning_with_ROS2_course/install/base_msgs/share/base_msgs/msg/LocalPath.idl
[0.994s] -- Up-to-date: /home/x/planning_with_ROS2_course/install/base_msgs/share/base_msgs/msg/LocalSpeedsPoint.idl
[0.994s] -- Up-to-date: /home/x/planning_with_ROS2_course/install/base_msgs/share/base_msgs/msg/LocalSpeeds.idl
[0.994s] -- Up-to-date: /home/x/planning_with_ROS2_course/install/base_msgs/share/base_msgs/msg/LocalTrajectoryPoint.idl
[0.994s] -- Up-to-date: /home/x/planning_with_ROS2_course/install/base_msgs/share/base_msgs/msg/LocalTrajectory.idl
[0.995s] -- Up-to-date: /home/x/planning_with_ROS2_course/install/base_msgs/share/base_msgs/msg/ObsInfo.idl
[0.995s] -- Up-to-date: /home/x/planning_with_ROS2_course/install/base_msgs/share/base_msgs/msg/PlotInfo.idl
[0.995s] -- Up-to-date: /home/x/planning_with_ROS2_course/install/base_msgs/share/base_msgs/srv/GlobalPathService.srv
[0.995s] -- Up-to-date: /home/x/planning_with_ROS2_course/install/base_msgs/share/base_msgs/srv/GlobalPathService_Request.msg
[0.995s] -- Up-to-date: /home/x/planning_with_ROS2_course/install/base_msgs/share/base_msgs/srv/GlobalPathService_Response.msg
[0.995s] -- Up-to-date: /home/x/planning_with_ROS2_course/install/base_msgs/share/base_msgs/srv/PNCMapService.srv
[0.995s] -- Up-to-date: /home/x/planning_with_ROS2_course/install/base_msgs/share/base_msgs/srv/PNCMapService_Request.msg
[0.995s] -- Up-to-date: /home/x/planning_with_ROS2_course/install/base_msgs/share/base_msgs/srv/PNCMapService_Response.msg
[0.995s] -- Up-to-date: /home/x/planning_with_ROS2_course/install/base_msgs/share/base_msgs/msg/PNCMap.msg
[0.995s] -- Up-to-date: /home/x/planning_with_ROS2_course/install/base_msgs/share/base_msgs/msg/ReferlinePoint.msg
[0.995s] -- Up-to-date: /home/x/planning_with_ROS2_course/install/base_msgs/share/base_msgs/msg/Referline.msg
[0.995s] -- Up-to-date: /home/x/planning_with_ROS2_course/install/base_msgs/share/base_msgs/msg/LocalPathPoint.msg
[0.995s] -- Up-to-date: /home/x/planning_with_ROS2_course/install/base_msgs/share/base_msgs/msg/LocalPath.msg
[0.996s] -- Up-to-date: /home/x/planning_with_ROS2_course/install/base_msgs/share/base_msgs/msg/LocalSpeedsPoint.msg
[0.996s] -- Up-to-date: /home/x/planning_with_ROS2_course/install/base_msgs/share/base_msgs/msg/LocalSpeeds.msg
[0.996s] -- Up-to-date: /home/x/planning_with_ROS2_course/install/base_msgs/share/base_msgs/msg/LocalTrajectoryPoint.msg
[0.996s] -- Up-to-date: /home/x/planning_with_ROS2_course/install/base_msgs/share/base_msgs/msg/LocalTrajectory.msg
[1.000s] -- Up-to-date: /home/x/planning_with_ROS2_course/install/base_msgs/share/base_msgs/msg/ObsInfo.msg
[1.000s] -- Up-to-date: /home/x/planning_with_ROS2_course/install/base_msgs/share/base_msgs/msg/PlotInfo.msg
[1.001s] -- Up-to-date: /home/x/planning_with_ROS2_course/install/base_msgs/share/ament_index/resource_index/package_run_dependencies/base_msgs
[1.001s] -- Up-to-date: /home/x/planning_with_ROS2_course/install/base_msgs/share/ament_index/resource_index/parent_prefix_path/base_msgs
[1.001s] -- Up-to-date: /home/x/planning_with_ROS2_course/install/base_msgs/share/base_msgs/environment/ament_prefix_path.sh
[1.001s] -- Up-to-date: /home/x/planning_with_ROS2_course/install/base_msgs/share/base_msgs/environment/ament_prefix_path.dsv
[1.001s] -- Up-to-date: /home/x/planning_with_ROS2_course/install/base_msgs/share/base_msgs/environment/path.sh
[1.001s] -- Up-to-date: /home/x/planning_with_ROS2_course/install/base_msgs/share/base_msgs/environment/path.dsv
[1.001s] -- Up-to-date: /home/x/planning_with_ROS2_course/install/base_msgs/share/base_msgs/local_setup.bash
[1.001s] -- Up-to-date: /home/x/planning_with_ROS2_course/install/base_msgs/share/base_msgs/local_setup.sh
[1.001s] -- Up-to-date: /home/x/planning_with_ROS2_course/install/base_msgs/share/base_msgs/local_setup.zsh
[1.001s] -- Up-to-date: /home/x/planning_with_ROS2_course/install/base_msgs/share/base_msgs/local_setup.dsv
[1.002s] -- Installing: /home/x/planning_with_ROS2_course/install/base_msgs/share/base_msgs/package.dsv
[1.002s] -- Up-to-date: /home/x/planning_with_ROS2_course/install/base_msgs/share/ament_index/resource_index/packages/base_msgs
[1.002s] -- Up-to-date: /home/x/planning_with_ROS2_course/install/base_msgs/share/base_msgs/cmake/export_base_msgs__rosidl_generator_cExport.cmake
[1.002s] -- Up-to-date: /home/x/planning_with_ROS2_course/install/base_msgs/share/base_msgs/cmake/export_base_msgs__rosidl_generator_cExport-noconfig.cmake
[1.002s] -- Up-to-date: /home/x/planning_with_ROS2_course/install/base_msgs/share/base_msgs/cmake/export_base_msgs__rosidl_typesupport_fastrtps_cExport.cmake
[1.002s] -- Up-to-date: /home/x/planning_with_ROS2_course/install/base_msgs/share/base_msgs/cmake/export_base_msgs__rosidl_typesupport_fastrtps_cExport-noconfig.cmake
[1.002s] -- Up-to-date: /home/x/planning_with_ROS2_course/install/base_msgs/share/base_msgs/cmake/base_msgs__rosidl_typesupport_introspection_cExport.cmake
[1.002s] -- Up-to-date: /home/x/planning_with_ROS2_course/install/base_msgs/share/base_msgs/cmake/base_msgs__rosidl_typesupport_introspection_cExport-noconfig.cmake
[1.002s] -- Up-to-date: /home/x/planning_with_ROS2_course/install/base_msgs/share/base_msgs/cmake/base_msgs__rosidl_typesupport_cExport.cmake
[1.003s] -- Up-to-date: /home/x/planning_with_ROS2_course/install/base_msgs/share/base_msgs/cmake/base_msgs__rosidl_typesupport_cExport-noconfig.cmake
[1.003s] -- Up-to-date: /home/x/planning_with_ROS2_course/install/base_msgs/share/base_msgs/cmake/export_base_msgs__rosidl_generator_cppExport.cmake
[1.003s] -- Up-to-date: /home/x/planning_with_ROS2_course/install/base_msgs/share/base_msgs/cmake/export_base_msgs__rosidl_typesupport_fastrtps_cppExport.cmake
[1.003s] -- Up-to-date: /home/x/planning_with_ROS2_course/install/base_msgs/share/base_msgs/cmake/export_base_msgs__rosidl_typesupport_fastrtps_cppExport-noconfig.cmake
[1.003s] -- Up-to-date: /home/x/planning_with_ROS2_course/install/base_msgs/share/base_msgs/cmake/base_msgs__rosidl_typesupport_introspection_cppExport.cmake
[1.003s] -- Up-to-date: /home/x/planning_with_ROS2_course/install/base_msgs/share/base_msgs/cmake/base_msgs__rosidl_typesupport_introspection_cppExport-noconfig.cmake
[1.003s] -- Up-to-date: /home/x/planning_with_ROS2_course/install/base_msgs/share/base_msgs/cmake/base_msgs__rosidl_typesupport_cppExport.cmake
[1.003s] -- Up-to-date: /home/x/planning_with_ROS2_course/install/base_msgs/share/base_msgs/cmake/base_msgs__rosidl_typesupport_cppExport-noconfig.cmake
[1.003s] -- Up-to-date: /home/x/planning_with_ROS2_course/install/base_msgs/share/base_msgs/cmake/export_base_msgs__rosidl_generator_pyExport.cmake
[1.003s] -- Up-to-date: /home/x/planning_with_ROS2_course/install/base_msgs/share/base_msgs/cmake/export_base_msgs__rosidl_generator_pyExport-noconfig.cmake
[1.003s] -- Up-to-date: /home/x/planning_with_ROS2_course/install/base_msgs/share/base_msgs/cmake/rosidl_cmake-extras.cmake
[1.003s] -- Up-to-date: /home/x/planning_with_ROS2_course/install/base_msgs/share/base_msgs/cmake/ament_cmake_export_dependencies-extras.cmake
[1.004s] -- Up-to-date: /home/x/planning_with_ROS2_course/install/base_msgs/share/base_msgs/cmake/ament_cmake_export_include_directories-extras.cmake
[1.004s] -- Up-to-date: /home/x/planning_with_ROS2_course/install/base_msgs/share/base_msgs/cmake/ament_cmake_export_libraries-extras.cmake
[1.004s] -- Up-to-date: /home/x/planning_with_ROS2_course/install/base_msgs/share/base_msgs/cmake/ament_cmake_export_targets-extras.cmake
[1.004s] -- Up-to-date: /home/x/planning_with_ROS2_course/install/base_msgs/share/base_msgs/cmake/rosidl_cmake_export_typesupport_targets-extras.cmake
[1.004s] -- Up-to-date: /home/x/planning_with_ROS2_course/install/base_msgs/share/base_msgs/cmake/rosidl_cmake_export_typesupport_libraries-extras.cmake
[1.004s] -- Up-to-date: /home/x/planning_with_ROS2_course/install/base_msgs/share/base_msgs/cmake/base_msgsConfig.cmake
[1.004s] -- Up-to-date: /home/x/planning_with_ROS2_course/install/base_msgs/share/base_msgs/cmake/base_msgsConfig-version.cmake
[1.004s] -- Up-to-date: /home/x/planning_with_ROS2_course/install/base_msgs/share/base_msgs/package.xml
[1.011s] Invoked command in '/home/x/planning_with_ROS2_course/build/base_msgs' returned '0': CMAKE_PREFIX_PATH=${CMAKE_PREFIX_PATH}:/home/x/planning_with_ROS2_course/install/data_plot:/opt/ros/humble /usr/bin/cmake --install /home/x/planning_with_ROS2_course/build/base_msgs
