[0.000000] (-) TimerEvent: {}
[0.001959] (-) JobUnselected: {'identifier': 'base_msgs'}
[0.003037] (-) JobUnselected: {'identifier': 'data_plot'}
[0.003072] (planning) JobQueued: {'identifier': 'planning', 'dependencies': OrderedDict([('base_msgs', '/home/x/planning_with_ROS2_course/install/base_msgs')])}
[0.003100] (planning) JobStarted: {'identifier': 'planning'}
[0.029639] (planning) JobProgress: {'identifier': 'planning', 'progress': 'cmake'}
[0.035657] (planning) JobProgress: {'identifier': 'planning', 'progress': 'build'}
[0.037029] (planning) Command: {'cmd': ['/usr/bin/cmake', '--build', '/home/x/planning_with_ROS2_course/build/planning', '--', '-j8', '-l8'], 'cwd': '/home/x/planning_with_ROS2_course/build/planning', 'env': OrderedDict([('GJS_DEBUG_TOPICS', 'JS ERROR;JS LOG'), ('LESSOPEN', '| /usr/bin/lesspipe %s'), ('VSCODE_CWD', '/home/x'), ('VSCODE_ESM_ENTRYPOINT', 'vs/workbench/api/node/extensionHostProcess'), ('LANGUAGE', 'zh_CN'), ('USER', 'x'), ('LC_TIME', 'zh_CN.UTF-8'), ('VSCODE_NLS_CONFIG', '{"userLocale":"zh-cn","osLocale":"zh-cn","resolvedLanguage":"zh-cn","defaultMessagesFile":"/usr/share/cursor/resources/app/out/nls.messages.json","languagePack":{"translationsConfigFile":"/home/x/.config/Cursor/clp/6fe284ae87274d9cb2cdffc89b193492.zh-cn/tcf.json","messagesFile":"/home/x/.config/Cursor/clp/6fe284ae87274d9cb2cdffc89b193492.zh-cn/b753cece5c67c47cb5637199a5a5de2b7100c180/nls.messages.json","corruptMarkerFile":"/home/x/.config/Cursor/clp/6fe284ae87274d9cb2cdffc89b193492.zh-cn/corrupted.info"},"locale":"zh-cn","availableLanguages":{"*":"zh-cn"},"_languagePackId":"6fe284ae87274d9cb2cdffc89b193492.zh-cn","_languagePackSupport":true,"_translationsConfigFile":"/home/x/.config/Cursor/clp/6fe284ae87274d9cb2cdffc89b193492.zh-cn/tcf.json","_cacheRoot":"/home/x/.config/Cursor/clp/6fe284ae87274d9cb2cdffc89b193492.zh-cn","_resolvedLanguagePackCoreLocation":"/home/x/.config/Cursor/clp/6fe284ae87274d9cb2cdffc89b193492.zh-cn/b753cece5c67c47cb5637199a5a5de2b7100c180","_corruptedFile":"/home/x/.config/Cursor/clp/6fe284ae87274d9cb2cdffc89b193492.zh-cn/corrupted.info"}'), ('VSCODE_HANDLES_UNCAUGHT_ERRORS', 'true'), ('XDG_SESSION_TYPE', 'wayland'), ('SHLVL', '1'), ('LD_LIBRARY_PATH', '/home/x/planning_with_ROS2_course/install/base_msgs/lib:/home/x/planning_with_ROS2_course/install/planning/lib:/home/x/planning_with_ROS2_course/install/planning/lib:/home/x/planning_with_ROS2_course/install/planning/lib:/opt/ros/humble/opt/rviz_ogre_vendor/lib:/opt/ros/humble/lib/x86_64-linux-gnu:/opt/ros/humble/lib'), ('HOME', '/home/x'), ('CHROME_DESKTOP', 'cursor.desktop'), ('DESKTOP_SESSION', 'ubuntu'), ('VSCODE_IPC_HOOK', '/run/user/1000/vscode-619cf0c9-1.6.-main.sock'), ('GIO_LAUNCHED_DESKTOP_FILE', '/usr/share/applications/cursor.desktop'), ('ROS_PYTHON_VERSION', '3'), ('GNOME_SHELL_SESSION_MODE', 'ubuntu'), ('GTK_MODULES', 'gail:atk-bridge'), ('LC_MONETARY', 'zh_CN.UTF-8'), ('MANAGERPID', '1167'), ('SYSTEMD_EXEC_PID', '1490'), ('IM_CONFIG_CHECK_ENV', '1'), ('NO_COLOR', '1'), ('DBUS_SESSION_BUS_ADDRESS', 'unix:path=/run/user/1000/bus'), ('GIO_LAUNCHED_DESKTOP_FILE_PID', '3798'), ('VSCODE_CRASH_REPORTER_PROCESS_TYPE', 'extensionHost'), ('IM_CONFIG_PHASE', '1'), ('WAYLAND_DISPLAY', 'wayland-0'), ('VSCODE_L10N_BUNDLE_LOCATION', 'file:///home/x/.cursor/extensions/ms-ceintl.vscode-language-pack-zh-hans-1.99.0-universal/translations/extensions/vscode.json-language-features.i18n.json'), ('COLCON_PREFIX_PATH', '/home/x/planning_with_ROS2_course/install'), ('ROS_DISTRO', 'humble'), ('LOGNAME', 'x'), ('FORCE_COLOR', '0'), ('JOURNAL_STREAM', '8:15204'), ('_', '/usr/bin/colcon'), ('ROS_VERSION', '2'), ('XDG_SESSION_CLASS', 'user'), ('USERNAME', 'x'), ('TERM', 'dumb'), ('GNOME_DESKTOP_SESSION_ID', 'this-is-deprecated'), ('ROS2_PLANNING_COURSE_INSTALL', '/home/x/planning_with_ROS2_course/install'), ('ROS_LOCALHOST_ONLY', '0'), ('COMPOSER_NO_INTERACTION', '1'), ('PATH', '/opt/ros/humble/bin:/usr/local/sbin:/usr/local/bin:/usr/sbin:/usr/bin:/sbin:/bin:/usr/games:/usr/local/games:/snap/bin:/snap/bin'), ('SESSION_MANAGER', 'local/y:@/tmp/.ICE-unix/1457,unix/y:/tmp/.ICE-unix/1457'), ('INVOCATION_ID', 'c080e0ef9afa4ee1829471b979b7755d'), ('PAPERSIZE', 'a4'), ('XDG_MENU_PREFIX', 'gnome-'), ('LC_ADDRESS', 'zh_CN.UTF-8'), ('VSCODE_PROCESS_TITLE', 'extension-host  [1-1]'), ('GNOME_SETUP_DISPLAY', ':1'), ('XDG_RUNTIME_DIR', '/run/user/1000'), ('GDK_BACKEND', 'x11'), ('CURSOR_AGENT', '1'), ('DISPLAY', ':0'), ('LANG', 'zh_CN.UTF-8'), ('XDG_CURRENT_DESKTOP', 'Unity'), ('LC_TELEPHONE', 'zh_CN.UTF-8'), ('XMODIFIERS', '@im=ibus'), ('XDG_SESSION_DESKTOP', 'ubuntu'), ('XAUTHORITY', '/run/user/1000/.mutter-Xwaylandauth.I17ID3'), ('LS_COLORS', ''), ('CURSOR_TRACE_ID', 'a4a79ede9a1f4ab08b83684d1068e52f'), ('SSH_AGENT_LAUNCHER', 'gnome-keyring'), ('SSH_AUTH_SOCK', '/run/user/1000/keyring/ssh'), ('AMENT_PREFIX_PATH', '/home/x/planning_with_ROS2_course/install/planning:/home/x/planning_with_ROS2_course/install/data_plot:/home/x/planning_with_ROS2_course/install/base_msgs:/opt/ros/humble'), ('ORIGINAL_XDG_CURRENT_DESKTOP', 'ubuntu:GNOME'), ('SHELL', '/bin/bash'), ('LC_NAME', 'zh_CN.UTF-8'), ('QT_ACCESSIBILITY', '1'), ('ELECTRON_RUN_AS_NODE', '1'), ('GDMSESSION', 'ubuntu'), ('LESSCLOSE', '/usr/bin/lesspipe %s %s'), ('LC_MEASUREMENT', 'zh_CN.UTF-8'), ('GJS_DEBUG_OUTPUT', 'stderr'), ('LC_IDENTIFICATION', 'zh_CN.UTF-8'), ('QT_IM_MODULE', 'ibus'), ('PWD', '/home/x/planning_with_ROS2_course/build/planning'), ('XDG_CONFIG_DIRS', '/etc/xdg/xdg-ubuntu:/etc/xdg'), ('VSCODE_CODE_CACHE_PATH', '/home/x/.config/Cursor/CachedData/b753cece5c67c47cb5637199a5a5de2b7100c180'), ('XDG_DATA_DIRS', '/usr/share/ubuntu:/usr/local/share/:/usr/share/:/var/lib/snapd/desktop'), ('PYTHONPATH', '/home/x/planning_with_ROS2_course/install/data_plot/lib/python3.10/site-packages:/home/x/planning_with_ROS2_course/install/base_msgs/local/lib/python3.10/dist-packages:/opt/ros/humble/lib/python3.10/site-packages:/opt/ros/humble/local/lib/python3.10/dist-packages'), ('LC_NUMERIC', 'zh_CN.UTF-8'), ('LC_PAPER', 'zh_CN.UTF-8'), ('COLCON', '1'), ('CMAKE_PREFIX_PATH', '/home/x/planning_with_ROS2_course/install/base_msgs:/home/x/planning_with_ROS2_course/install/planning:/home/x/planning_with_ROS2_course/install/data_plot:/opt/ros/humble'), ('VSCODE_PID', '3798')]), 'shell': False}
[0.099875] (-) TimerEvent: {}
[0.169684] (planning) StdoutLine: {'line': b'[  8%] Built target mathlibs\n'}
[0.199800] (planning) StdoutLine: {'line': b'[ 14%] Built target config_reader\n'}
[0.200684] (-) TimerEvent: {}
[0.301737] (-) TimerEvent: {}
[0.321701] (planning) StdoutLine: {'line': b'[ 22%] Built target pnc_map_creator\n'}
[0.322597] (planning) StdoutLine: {'line': b'[ 31%] Built target vehicle_info\n'}
[0.346491] (planning) StdoutLine: {'line': b'[ 40%] Built target reference_line\n'}
[0.353865] (planning) StdoutLine: {'line': b'[ 45%] Built target global_planner\n'}
[0.406876] (-) TimerEvent: {}
[0.417579] (planning) StdoutLine: {'line': b'Consolidate compiler generated dependencies of target pnc_map_server\n'}
[0.436841] (planning) StdoutLine: {'line': b'[ 51%] Built target obs_move_cmd\n'}
[0.446997] (planning) StdoutLine: {'line': b'[ 57%] Built target car_move_cmd\n'}
[0.451460] (planning) StdoutLine: {'line': b'[ 62%] Built target decision_center\n'}
[0.456705] (planning) StdoutLine: {'line': b'[ 65%] Building CXX object src/pnc_map_creator/CMakeFiles/pnc_map_server.dir/pnc_map_server.cpp.o\n'}
[0.470639] (planning) StdoutLine: {'line': b'[ 71%] Built target global_path_server\n'}
[0.507067] (-) TimerEvent: {}
[0.548644] (planning) StdoutLine: {'line': b'[ 88%] Built target local_planner\n'}
[0.607320] (-) TimerEvent: {}
[0.637346] (planning) StdoutLine: {'line': b'[ 97%] Built target planning_process\n'}
[0.708715] (-) TimerEvent: {}
[0.810328] (-) TimerEvent: {}
[0.911740] (-) TimerEvent: {}
[1.012609] (-) TimerEvent: {}
[1.116526] (-) TimerEvent: {}
[1.217267] (-) TimerEvent: {}
[1.317887] (-) TimerEvent: {}
[1.419430] (-) TimerEvent: {}
[1.519962] (-) TimerEvent: {}
[1.620730] (-) TimerEvent: {}
[1.722163] (-) TimerEvent: {}
[1.823778] (-) TimerEvent: {}
[1.924884] (-) TimerEvent: {}
[2.025980] (-) TimerEvent: {}
[2.128281] (-) TimerEvent: {}
[2.229261] (-) TimerEvent: {}
[2.330712] (-) TimerEvent: {}
[2.431082] (-) TimerEvent: {}
[2.532155] (-) TimerEvent: {}
[2.632837] (-) TimerEvent: {}
[2.735966] (-) TimerEvent: {}
[2.838094] (-) TimerEvent: {}
[2.947731] (-) TimerEvent: {}
[3.051787] (-) TimerEvent: {}
[3.158645] (-) TimerEvent: {}
[3.262213] (-) TimerEvent: {}
[3.363135] (-) TimerEvent: {}
[3.463719] (-) TimerEvent: {}
[3.564135] (-) TimerEvent: {}
[3.664634] (-) TimerEvent: {}
[3.765633] (-) TimerEvent: {}
[3.868040] (-) TimerEvent: {}
[3.968398] (-) TimerEvent: {}
[4.068997] (-) TimerEvent: {}
[4.169333] (-) TimerEvent: {}
[4.269819] (-) TimerEvent: {}
[4.371131] (-) TimerEvent: {}
[4.471835] (-) TimerEvent: {}
[4.573599] (-) TimerEvent: {}
[4.674575] (-) TimerEvent: {}
[4.775293] (-) TimerEvent: {}
[4.875616] (-) TimerEvent: {}
[4.975988] (-) TimerEvent: {}
[5.079432] (-) TimerEvent: {}
[5.180216] (-) TimerEvent: {}
[5.281761] (-) TimerEvent: {}
[5.382409] (-) TimerEvent: {}
[5.482691] (-) TimerEvent: {}
[5.583510] (-) TimerEvent: {}
[5.684589] (-) TimerEvent: {}
[5.787546] (-) TimerEvent: {}
[5.888272] (-) TimerEvent: {}
[5.989777] (-) TimerEvent: {}
[6.090345] (-) TimerEvent: {}
[6.191291] (-) TimerEvent: {}
[6.291754] (-) TimerEvent: {}
[6.392299] (-) TimerEvent: {}
[6.492764] (-) TimerEvent: {}
[6.594118] (-) TimerEvent: {}
[6.699129] (-) TimerEvent: {}
[6.799707] (-) TimerEvent: {}
[6.901660] (-) TimerEvent: {}
[7.002477] (-) TimerEvent: {}
[7.103083] (-) TimerEvent: {}
[7.203494] (-) TimerEvent: {}
[7.305059] (-) TimerEvent: {}
[7.405762] (-) TimerEvent: {}
[7.406791] (planning) StderrLine: {'line': b'/home/x/planning_with_ROS2_course/src/planning/src/pnc_map_creator/pnc_map_server.cpp: In member function \xe2\x80\x98void Planning::PNCMapServer::response_pnc_map_callback(std::shared_ptr<base_msgs::srv::PNCMapService_Request_<std::allocator<void> > >, std::shared_ptr<base_msgs::srv::PNCMapService_Response_<std::allocator<void> > >)\xe2\x80\x99:\n'}
[7.407037] (planning) StderrLine: {'line': b'/home/x/planning_with_ROS2_course/src/planning/src/pnc_map_creator/pnc_map_server.cpp:47:35: error: \xe2\x80\x98MapType\xe2\x80\x99 has not been declared\n'}
[7.407195] (planning) StderrLine: {'line': b'   47 |             case static_cast<int>(MapType::STRAIGHT): // \xe7\x9b\xb4\xe7\xba\xbf\xe8\xb7\xaf\xe5\xbe\x84\n'}
[7.407302] (planning) StderrLine: {'line': b'      |                                   ^~~~~~~\n'}
[7.414837] (planning) StderrLine: {'line': b'/home/x/planning_with_ROS2_course/src/planning/src/pnc_map_creator/pnc_map_server.cpp:50:35: error: \xe2\x80\x98MapType\xe2\x80\x99 has not been declared\n'}
[7.415131] (planning) StderrLine: {'line': b'   50 |             case static_cast<int>(MapType::STERN): // \xe8\xbd\xac\xe8\xa7\x92\xe8\xb7\xaf\xe5\xbe\x84\n'}
[7.415237] (planning) StderrLine: {'line': b'      |                                   ^~~~~~~\n'}
[7.507061] (-) TimerEvent: {}
[7.608382] (-) TimerEvent: {}
[7.709225] (-) TimerEvent: {}
[7.810108] (-) TimerEvent: {}
[7.911048] (-) TimerEvent: {}
[8.013163] (-) TimerEvent: {}
[8.114405] (-) TimerEvent: {}
[8.214736] (-) TimerEvent: {}
[8.315317] (-) TimerEvent: {}
[8.416218] (-) TimerEvent: {}
[8.516521] (-) TimerEvent: {}
[8.616997] (-) TimerEvent: {}
[8.717473] (-) TimerEvent: {}
[8.817899] (-) TimerEvent: {}
[8.918423] (-) TimerEvent: {}
[9.019988] (-) TimerEvent: {}
[9.120672] (-) TimerEvent: {}
[9.222090] (-) TimerEvent: {}
[9.322683] (-) TimerEvent: {}
[9.423098] (-) TimerEvent: {}
[9.524629] (-) TimerEvent: {}
[9.625828] (-) TimerEvent: {}
[9.726750] (-) TimerEvent: {}
[9.827678] (-) TimerEvent: {}
[9.928124] (-) TimerEvent: {}
[10.028931] (-) TimerEvent: {}
[10.130232] (-) TimerEvent: {}
[10.231003] (-) TimerEvent: {}
[10.332083] (-) TimerEvent: {}
[10.432813] (-) TimerEvent: {}
[10.533044] (-) TimerEvent: {}
[10.634172] (-) TimerEvent: {}
[10.734839] (-) TimerEvent: {}
[10.835167] (-) TimerEvent: {}
[10.936175] (-) TimerEvent: {}
[11.036865] (-) TimerEvent: {}
[11.138198] (-) TimerEvent: {}
[11.240375] (-) TimerEvent: {}
[11.348677] (-) TimerEvent: {}
[11.452692] (-) TimerEvent: {}
[11.503255] (planning) StderrLine: {'line': b'gmake[2]: *** [src/pnc_map_creator/CMakeFiles/pnc_map_server.dir/build.make:76\xef\xbc\x9asrc/pnc_map_creator/CMakeFiles/pnc_map_server.dir/pnc_map_server.cpp.o] \xe9\x94\x99\xe8\xaf\xaf 1\n'}
[11.513481] (planning) StderrLine: {'line': b'gmake[1]: *** [CMakeFiles/Makefile2:411\xef\xbc\x9asrc/pnc_map_creator/CMakeFiles/pnc_map_server.dir/all] \xe9\x94\x99\xe8\xaf\xaf 2\n'}
[11.513677] (planning) StderrLine: {'line': b'gmake: *** [Makefile:146\xef\xbc\x9aall] \xe9\x94\x99\xe8\xaf\xaf 2\n'}
[11.513771] (planning) CommandEnded: {'returncode': 2}
[11.554942] (-) TimerEvent: {}
[11.589466] (planning) JobEnded: {'identifier': 'planning', 'rc': 2}
[11.591691] (-) EventReactorShutdown: {}
