[0.412s] Invoking command in '/home/x/planning_with_ROS2_course/build/planning': CMAKE_PREFIX_PATH=/home/x/planning_with_ROS2_course/install/base_msgs:/home/x/planning_with_ROS2_course/install/planning:/home/x/planning_with_ROS2_course/install/data_plot:/opt/ros/humble LD_LIBRARY_PATH=/home/x/planning_with_ROS2_course/install/base_msgs/lib:/home/x/planning_with_ROS2_course/install/planning/lib:/home/x/planning_with_ROS2_course/install/planning/lib:/home/x/planning_with_ROS2_course/install/planning/lib:/opt/ros/humble/opt/rviz_ogre_vendor/lib:/opt/ros/humble/lib/x86_64-linux-gnu:/opt/ros/humble/lib /usr/bin/cmake --build /home/x/planning_with_ROS2_course/build/planning -- -j8 -l8
[0.489s] [  5%] Built target config_reader
[0.509s] [ 14%] Built target mathlibs
[0.551s] [ 22%] Built target pnc_map_creator
[0.580s] [ 28%] Built target global_planner
[0.595s] [ 37%] Built target vehicle_info
[0.607s] [ 45%] Built target reference_line
[0.611s] [ 51%] Built target pnc_map_server
[0.654s] [ 57%] Built target global_path_server
[0.675s] [ 62%] Built target decision_center
[0.681s] [ 68%] Built target car_move_cmd
[0.702s] [ 74%] Built target obs_move_cmd
[0.754s] [ 91%] Built target local_planner
[0.792s] [35m[1mConsolidate compiler generated dependencies of target planning_process[0m
[0.841s] [100%] Built target planning_process
[0.887s] Invoked command in '/home/x/planning_with_ROS2_course/build/planning' returned '0': CMAKE_PREFIX_PATH=/home/x/planning_with_ROS2_course/install/base_msgs:/home/x/planning_with_ROS2_course/install/planning:/home/x/planning_with_ROS2_course/install/data_plot:/opt/ros/humble LD_LIBRARY_PATH=/home/x/planning_with_ROS2_course/install/base_msgs/lib:/home/x/planning_with_ROS2_course/install/planning/lib:/home/x/planning_with_ROS2_course/install/planning/lib:/home/x/planning_with_ROS2_course/install/planning/lib:/opt/ros/humble/opt/rviz_ogre_vendor/lib:/opt/ros/humble/lib/x86_64-linux-gnu:/opt/ros/humble/lib /usr/bin/cmake --build /home/x/planning_with_ROS2_course/build/planning -- -j8 -l8
[0.887s] Invoking command in '/home/x/planning_with_ROS2_course/build/planning': CMAKE_PREFIX_PATH=/home/x/planning_with_ROS2_course/install/base_msgs:/home/x/planning_with_ROS2_course/install/planning:/home/x/planning_with_ROS2_course/install/data_plot:/opt/ros/humble LD_LIBRARY_PATH=/home/x/planning_with_ROS2_course/install/base_msgs/lib:/home/x/planning_with_ROS2_course/install/planning/lib:/home/x/planning_with_ROS2_course/install/planning/lib:/home/x/planning_with_ROS2_course/install/planning/lib:/opt/ros/humble/opt/rviz_ogre_vendor/lib:/opt/ros/humble/lib/x86_64-linux-gnu:/opt/ros/humble/lib /usr/bin/cmake --install /home/x/planning_with_ROS2_course/build/planning
[0.894s] -- Install configuration: ""
[0.895s] -- Up-to-date: /home/x/planning_with_ROS2_course/install/planning/lib/libconfig_reader.so
[0.895s] -- Up-to-date: /home/x/planning_with_ROS2_course/install/planning/lib/libmathlibs.so
[0.895s] -- Up-to-date: /home/x/planning_with_ROS2_course/install/planning/lib/libdecision_center.so
[0.895s] -- Up-to-date: /home/x/planning_with_ROS2_course/install/planning/lib/libpnc_map_creator.so
[0.898s] -- Up-to-date: /home/x/planning_with_ROS2_course/install/planning/lib/planning/pnc_map_server
[0.898s] -- Up-to-date: /home/x/planning_with_ROS2_course/install/planning/lib/libglobal_planner.so
[0.898s] -- Up-to-date: /home/x/planning_with_ROS2_course/install/planning/lib/planning/global_path_server
[0.898s] -- Up-to-date: /home/x/planning_with_ROS2_course/install/planning/lib/liblocal_planner.so
[0.905s] -- Up-to-date: /home/x/planning_with_ROS2_course/install/planning/lib/libreference_line.so
[0.905s] -- Up-to-date: /home/x/planning_with_ROS2_course/install/planning/lib/libvehicle_info.so
[0.906s] -- Up-to-date: /home/x/planning_with_ROS2_course/install/planning/lib/planning/planning_process
[0.906s] -- Up-to-date: /home/x/planning_with_ROS2_course/install/planning/lib/planning/car_move_cmd
[0.906s] -- Up-to-date: /home/x/planning_with_ROS2_course/install/planning/lib/planning/obs_move_cmd
[0.906s] -- Up-to-date: /home/x/planning_with_ROS2_course/install/planning/share/planning/config
[0.906s] -- Up-to-date: /home/x/planning_with_ROS2_course/install/planning/share/planning/config/planning_static_obs_config.yaml
[0.906s] -- Up-to-date: /home/x/planning_with_ROS2_course/install/planning/share/planning/launch
[0.906s] -- Up-to-date: /home/x/planning_with_ROS2_course/install/planning/share/planning/launch/planning_launch.py
[0.906s] -- Up-to-date: /home/x/planning_with_ROS2_course/install/planning/share/planning/urdf
[0.906s] -- Up-to-date: /home/x/planning_with_ROS2_course/install/planning/share/planning/urdf/obs_car
[0.906s] -- Up-to-date: /home/x/planning_with_ROS2_course/install/planning/share/planning/urdf/obs_car/obs_car.xacro
[0.906s] -- Up-to-date: /home/x/planning_with_ROS2_course/install/planning/share/planning/urdf/main_car
[0.907s] -- Up-to-date: /home/x/planning_with_ROS2_course/install/planning/share/planning/urdf/main_car/car.xacro
[0.907s] -- Up-to-date: /home/x/planning_with_ROS2_course/install/planning/share/planning/urdf/main_car/car_radar.xacro
[0.907s] -- Up-to-date: /home/x/planning_with_ROS2_course/install/planning/share/planning/urdf/main_car/car_wheels.xacro
[0.907s] -- Up-to-date: /home/x/planning_with_ROS2_course/install/planning/share/planning/urdf/main_car/car_camera.xacro
[0.907s] -- Up-to-date: /home/x/planning_with_ROS2_course/install/planning/share/planning/urdf/main_car/car_base.xacro
[0.907s] -- Up-to-date: /home/x/planning_with_ROS2_course/install/planning/share/planning/rviz
[0.907s] -- Up-to-date: /home/x/planning_with_ROS2_course/install/planning/share/planning/rviz/planning.rviz
[0.907s] -- Up-to-date: /home/x/planning_with_ROS2_course/install/planning/share/ament_index/resource_index/package_run_dependencies/planning
[0.907s] -- Up-to-date: /home/x/planning_with_ROS2_course/install/planning/share/ament_index/resource_index/parent_prefix_path/planning
[0.907s] -- Up-to-date: /home/x/planning_with_ROS2_course/install/planning/share/planning/environment/ament_prefix_path.sh
[0.907s] -- Up-to-date: /home/x/planning_with_ROS2_course/install/planning/share/planning/environment/ament_prefix_path.dsv
[0.907s] -- Up-to-date: /home/x/planning_with_ROS2_course/install/planning/share/planning/environment/path.sh
[0.908s] -- Up-to-date: /home/x/planning_with_ROS2_course/install/planning/share/planning/environment/path.dsv
[0.908s] -- Up-to-date: /home/x/planning_with_ROS2_course/install/planning/share/planning/local_setup.bash
[0.909s] -- Up-to-date: /home/x/planning_with_ROS2_course/install/planning/share/planning/local_setup.sh
[0.909s] -- Up-to-date: /home/x/planning_with_ROS2_course/install/planning/share/planning/local_setup.zsh
[0.909s] -- Up-to-date: /home/x/planning_with_ROS2_course/install/planning/share/planning/local_setup.dsv
[0.909s] -- Installing: /home/x/planning_with_ROS2_course/install/planning/share/planning/package.dsv
[0.909s] -- Up-to-date: /home/x/planning_with_ROS2_course/install/planning/share/ament_index/resource_index/packages/planning
[0.909s] -- Up-to-date: /home/x/planning_with_ROS2_course/install/planning/share/planning/cmake/planningConfig.cmake
[0.909s] -- Up-to-date: /home/x/planning_with_ROS2_course/install/planning/share/planning/cmake/planningConfig-version.cmake
[0.909s] -- Up-to-date: /home/x/planning_with_ROS2_course/install/planning/share/planning/package.xml
[0.914s] Invoked command in '/home/x/planning_with_ROS2_course/build/planning' returned '0': CMAKE_PREFIX_PATH=/home/x/planning_with_ROS2_course/install/base_msgs:/home/x/planning_with_ROS2_course/install/planning:/home/x/planning_with_ROS2_course/install/data_plot:/opt/ros/humble LD_LIBRARY_PATH=/home/x/planning_with_ROS2_course/install/base_msgs/lib:/home/x/planning_with_ROS2_course/install/planning/lib:/home/x/planning_with_ROS2_course/install/planning/lib:/home/x/planning_with_ROS2_course/install/planning/lib:/opt/ros/humble/opt/rviz_ogre_vendor/lib:/opt/ros/humble/lib/x86_64-linux-gnu:/opt/ros/humble/lib /usr/bin/cmake --install /home/x/planning_with_ROS2_course/build/planning
