[0.027s] Invoking command in '/home/x/planning_with_ROS2_course/build/base_msgs': CMAKE_PREFIX_PATH=${CMAKE_PREFIX_PATH}:/home/x/planning_with_ROS2_course/install/data_plot:/opt/ros/humble /usr/bin/cmake /home/x/planning_with_ROS2_course/src/base_msgs -DCMAKE_INSTALL_PREFIX=/home/x/planning_with_ROS2_course/install/base_msgs
[0.357s] -- The C compiler identification is GNU 11.4.0
[0.603s] -- The CXX compiler identification is GNU 11.4.0
[0.652s] -- Detecting C compiler ABI info
[0.846s] -- Detecting C compiler ABI info - done
[0.859s] -- Check for working C compiler: /usr/bin/cc - skipped
[0.862s] -- Detecting C compile features
[0.865s] -- Detecting C compile features - done
[0.877s] -- Detecting CXX compiler ABI info
[1.080s] -- Detecting CXX compiler ABI info - done
[1.093s] -- Check for working CXX compiler: /usr/bin/c++ - skipped
[1.094s] -- Detecting CXX compile features
[1.094s] -- Detecting CXX compile features - done
[1.122s] -- Found ament_cmake: 1.3.12 (/opt/ros/humble/share/ament_cmake/cmake)
[1.504s] -- Found Python3: /usr/bin/python3 (found version "3.10.12") found components: Interpreter 
[1.825s] -- Found rosidl_default_generators: 1.2.0 (/opt/ros/humble/share/rosidl_default_generators/cmake)
[1.850s] -- Using all available rosidl_typesupport_c: rosidl_typesupport_fastrtps_c;rosidl_typesupport_introspection_c
[1.868s] -- Found rosidl_adapter: 3.1.7 (/opt/ros/humble/share/rosidl_adapter/cmake)
[2.086s] -- Using all available rosidl_typesupport_cpp: rosidl_typesupport_fastrtps_cpp;rosidl_typesupport_introspection_cpp
[2.241s] -- Found visualization_msgs: 4.9.0 (/opt/ros/humble/share/visualization_msgs/cmake)
[2.637s] -- Found nav_msgs: 4.9.0 (/opt/ros/humble/share/nav_msgs/cmake)
[3.633s] -- Found ament_cmake_ros: 0.10.0 (/opt/ros/humble/share/ament_cmake_ros/cmake)
[4.324s] -- Using all available rosidl_typesupport_c: rosidl_typesupport_fastrtps_c;rosidl_typesupport_introspection_c
[5.279s] -- Using all available rosidl_typesupport_cpp: rosidl_typesupport_fastrtps_cpp;rosidl_typesupport_introspection_cpp
[5.329s] -- Found PythonInterp: /usr/bin/python3 (found suitable version "3.10.12", minimum required is "3.6") 
[5.336s] -- Found python_cmake_module: 0.10.0 (/opt/ros/humble/share/python_cmake_module/cmake)
[5.396s] -- Found PythonLibs: /usr/lib/x86_64-linux-gnu/libpython3.10.so (found suitable version "3.10.12", minimum required is "3.5") 
[5.397s] -- Using PYTHON_EXECUTABLE: /usr/bin/python3
[5.397s] -- Using PYTHON_INCLUDE_DIRS: /usr/include/python3.10
[5.397s] -- Using PYTHON_LIBRARIES: /usr/lib/x86_64-linux-gnu/libpython3.10.so
[5.454s] -- Found PythonExtra: .so  
[5.676s] -- Found ament_lint_auto: 0.12.14 (/opt/ros/humble/share/ament_lint_auto/cmake)
[5.787s] -- Added test 'lint_cmake' to check CMake code style
[5.795s] -- Added test 'xmllint' to check XML markup files
[5.806s] -- Configuring done
[5.968s] -- Generating done
[6.004s] -- Build files have been written to: /home/x/planning_with_ROS2_course/build/base_msgs
[6.036s] Invoked command in '/home/x/planning_with_ROS2_course/build/base_msgs' returned '0': CMAKE_PREFIX_PATH=${CMAKE_PREFIX_PATH}:/home/x/planning_with_ROS2_course/install/data_plot:/opt/ros/humble /usr/bin/cmake /home/x/planning_with_ROS2_course/src/base_msgs -DCMAKE_INSTALL_PREFIX=/home/x/planning_with_ROS2_course/install/base_msgs
[6.037s] Invoking command in '/home/x/planning_with_ROS2_course/build/base_msgs': CMAKE_PREFIX_PATH=${CMAKE_PREFIX_PATH}:/home/x/planning_with_ROS2_course/install/data_plot:/opt/ros/humble /usr/bin/cmake --build /home/x/planning_with_ROS2_course/build/base_msgs -- -j8 -l8
[6.147s] [  1%] [34m[1mGenerating C code for ROS interfaces[0m
[6.174s] [  1%] [34m[1mGenerating C++ code for ROS interfaces[0m
[6.194s] [  1%] Built target ament_cmake_python_copy_base_msgs
[6.951s] running egg_info
[6.961s] creating base_msgs.egg-info
[6.972s] writing base_msgs.egg-info/PKG-INFO
[6.972s] writing dependency_links to base_msgs.egg-info/dependency_links.txt
[6.972s] writing top-level names to base_msgs.egg-info/top_level.txt
[6.974s] writing manifest file 'base_msgs.egg-info/SOURCES.txt'
[6.988s] reading manifest file 'base_msgs.egg-info/SOURCES.txt'
[6.994s] writing manifest file 'base_msgs.egg-info/SOURCES.txt'
[7.141s] [  1%] Built target ament_cmake_python_build_base_msgs_egg
[10.676s] [  1%] Built target base_msgs__cpp
[10.745s] [  1%] [32mBuilding C object CMakeFiles/base_msgs__rosidl_generator_c.dir/rosidl_generator_c/base_msgs/srv/detail/pnc_map_service__functions.c.o[0m
[10.762s] [  2%] [34m[1mGenerating C++ type support for eProsima Fast-RTPS[0m
[10.771s] [  3%] [34m[1mGenerating C++ type support dispatch for ROS interfaces[0m
[10.771s] [  4%] [32mBuilding C object CMakeFiles/base_msgs__rosidl_generator_c.dir/rosidl_generator_c/base_msgs/srv/detail/global_path_service__functions.c.o[0m
[10.771s] [  4%] [34m[1mGenerating C++ introspection for ROS interfaces[0m
[10.780s] [  5%] [32mBuilding C object CMakeFiles/base_msgs__rosidl_generator_c.dir/rosidl_generator_c/base_msgs/msg/detail/pnc_map__functions.c.o[0m
[10.810s] [  6%] [32mBuilding C object CMakeFiles/base_msgs__rosidl_generator_c.dir/rosidl_generator_c/base_msgs/msg/detail/referline_point__functions.c.o[0m
[10.819s] [  7%] [32mBuilding C object CMakeFiles/base_msgs__rosidl_generator_c.dir/rosidl_generator_c/base_msgs/msg/detail/referline__functions.c.o[0m
[11.121s] [  8%] [32mBuilding C object CMakeFiles/base_msgs__rosidl_generator_c.dir/rosidl_generator_c/base_msgs/msg/detail/local_path_point__functions.c.o[0m
[11.376s] [  8%] [32mBuilding C object CMakeFiles/base_msgs__rosidl_generator_c.dir/rosidl_generator_c/base_msgs/msg/detail/local_path__functions.c.o[0m
[11.379s] [  9%] [32mBuilding C object CMakeFiles/base_msgs__rosidl_generator_c.dir/rosidl_generator_c/base_msgs/msg/detail/local_speeds_point__functions.c.o[0m
[11.420s] [ 10%] [32mBuilding C object CMakeFiles/base_msgs__rosidl_generator_c.dir/rosidl_generator_c/base_msgs/msg/detail/local_speeds__functions.c.o[0m
[11.430s] [ 11%] [32mBuilding C object CMakeFiles/base_msgs__rosidl_generator_c.dir/rosidl_generator_c/base_msgs/msg/detail/local_trajectory_point__functions.c.o[0m
[11.560s] [ 12%] [32mBuilding C object CMakeFiles/base_msgs__rosidl_generator_c.dir/rosidl_generator_c/base_msgs/msg/detail/local_trajectory__functions.c.o[0m
[11.663s] [ 12%] [32mBuilding C object CMakeFiles/base_msgs__rosidl_generator_c.dir/rosidl_generator_c/base_msgs/msg/detail/obs_info__functions.c.o[0m
[11.706s] [ 13%] [32mBuilding C object CMakeFiles/base_msgs__rosidl_generator_c.dir/rosidl_generator_c/base_msgs/msg/detail/plot_info__functions.c.o[0m
[11.954s] [ 14%] [32m[1mLinking C shared library libbase_msgs__rosidl_generator_c.so[0m
[12.268s] [ 14%] Built target base_msgs__rosidl_generator_c
[12.336s] [ 15%] [34m[1mGenerating C type support for eProsima Fast-RTPS[0m
[12.355s] [ 16%] [34m[1mGenerating C type support dispatch for ROS interfaces[0m
[12.355s] [ 17%] [34m[1mGenerating C introspection for ROS interfaces[0m
[16.051s] [ 18%] [32mBuilding CXX object CMakeFiles/base_msgs__rosidl_typesupport_fastrtps_cpp.dir/rosidl_typesupport_fastrtps_cpp/base_msgs/srv/detail/dds_fastrtps/global_path_service__type_support.cpp.o[0m
[16.076s] [ 19%] [32mBuilding CXX object CMakeFiles/base_msgs__rosidl_typesupport_fastrtps_cpp.dir/rosidl_typesupport_fastrtps_cpp/base_msgs/srv/detail/dds_fastrtps/pnc_map_service__type_support.cpp.o[0m
[16.291s] [ 20%] [32mBuilding CXX object CMakeFiles/base_msgs__rosidl_typesupport_cpp.dir/rosidl_typesupport_cpp/base_msgs/srv/global_path_service__type_support.cpp.o[0m
[16.302s] [ 21%] [32mBuilding CXX object CMakeFiles/base_msgs__rosidl_typesupport_fastrtps_cpp.dir/rosidl_typesupport_fastrtps_cpp/base_msgs/msg/detail/dds_fastrtps/pnc_map__type_support.cpp.o[0m
[16.495s] [ 22%] [32mBuilding CXX object CMakeFiles/base_msgs__rosidl_typesupport_introspection_cpp.dir/rosidl_typesupport_introspection_cpp/base_msgs/srv/detail/global_path_service__type_support.cpp.o[0m
[17.489s] [ 22%] [32mBuilding CXX object CMakeFiles/base_msgs__rosidl_typesupport_c.dir/rosidl_typesupport_c/base_msgs/srv/global_path_service__type_support.cpp.o[0m
[17.847s] [ 23%] [32mBuilding CXX object CMakeFiles/base_msgs__rosidl_typesupport_c.dir/rosidl_typesupport_c/base_msgs/srv/pnc_map_service__type_support.cpp.o[0m
[18.198s] [ 24%] [32mBuilding CXX object CMakeFiles/base_msgs__rosidl_typesupport_c.dir/rosidl_typesupport_c/base_msgs/msg/pnc_map__type_support.cpp.o[0m
[18.390s] [ 25%] [32mBuilding CXX object CMakeFiles/base_msgs__rosidl_typesupport_c.dir/rosidl_typesupport_c/base_msgs/msg/referline_point__type_support.cpp.o[0m
[18.482s] [ 26%] [32mBuilding CXX object CMakeFiles/base_msgs__rosidl_typesupport_cpp.dir/rosidl_typesupport_cpp/base_msgs/srv/pnc_map_service__type_support.cpp.o[0m
[18.675s] [ 27%] [32mBuilding CXX object CMakeFiles/base_msgs__rosidl_typesupport_c.dir/rosidl_typesupport_c/base_msgs/msg/referline__type_support.cpp.o[0m
[18.833s] [ 27%] [32mBuilding CXX object CMakeFiles/base_msgs__rosidl_typesupport_c.dir/rosidl_typesupport_c/base_msgs/msg/local_path_point__type_support.cpp.o[0m
[18.963s] [ 28%] [32mBuilding C object CMakeFiles/base_msgs__rosidl_typesupport_introspection_c.dir/rosidl_typesupport_introspection_c/base_msgs/srv/detail/global_path_service__type_support.c.o[0m
[19.144s] [ 29%] [32mBuilding CXX object CMakeFiles/base_msgs__rosidl_typesupport_c.dir/rosidl_typesupport_c/base_msgs/msg/local_path__type_support.cpp.o[0m
[19.293s] [ 30%] [32mBuilding CXX object CMakeFiles/base_msgs__rosidl_typesupport_introspection_cpp.dir/rosidl_typesupport_introspection_cpp/base_msgs/srv/detail/pnc_map_service__type_support.cpp.o[0m
[19.385s] [ 31%] [32mBuilding C object CMakeFiles/base_msgs__rosidl_typesupport_introspection_c.dir/rosidl_typesupport_introspection_c/base_msgs/srv/detail/pnc_map_service__type_support.c.o[0m
[19.526s] [ 32%] [32mBuilding CXX object CMakeFiles/base_msgs__rosidl_typesupport_c.dir/rosidl_typesupport_c/base_msgs/msg/local_speeds_point__type_support.cpp.o[0m
[19.567s] [ 33%] [32mBuilding CXX object CMakeFiles/base_msgs__rosidl_typesupport_c.dir/rosidl_typesupport_c/base_msgs/msg/local_speeds__type_support.cpp.o[0m
[19.649s] [ 33%] [32mBuilding C object CMakeFiles/base_msgs__rosidl_typesupport_introspection_c.dir/rosidl_typesupport_introspection_c/base_msgs/msg/detail/pnc_map__type_support.c.o[0m
[19.676s] [ 33%] [32mBuilding CXX object CMakeFiles/base_msgs__rosidl_typesupport_fastrtps_cpp.dir/rosidl_typesupport_fastrtps_cpp/base_msgs/msg/detail/dds_fastrtps/referline_point__type_support.cpp.o[0m
[19.677s] [ 33%] [32mBuilding CXX object CMakeFiles/base_msgs__rosidl_typesupport_cpp.dir/rosidl_typesupport_cpp/base_msgs/msg/pnc_map__type_support.cpp.o[0m
[19.756s] [ 34%] [32mBuilding CXX object CMakeFiles/base_msgs__rosidl_typesupport_c.dir/rosidl_typesupport_c/base_msgs/msg/local_trajectory_point__type_support.cpp.o[0m
[20.025s] [ 34%] [32mBuilding CXX object CMakeFiles/base_msgs__rosidl_typesupport_c.dir/rosidl_typesupport_c/base_msgs/msg/local_trajectory__type_support.cpp.o[0m
[20.058s] [ 35%] [32mBuilding C object CMakeFiles/base_msgs__rosidl_typesupport_introspection_c.dir/rosidl_typesupport_introspection_c/base_msgs/msg/detail/referline_point__type_support.c.o[0m
[20.071s] [ 36%] [32mBuilding CXX object CMakeFiles/base_msgs__rosidl_typesupport_fastrtps_c.dir/rosidl_typesupport_fastrtps_c/base_msgs/srv/detail/global_path_service__type_support_c.cpp.o[0m
[20.207s] [ 37%] [32mBuilding CXX object CMakeFiles/base_msgs__rosidl_typesupport_c.dir/rosidl_typesupport_c/base_msgs/msg/obs_info__type_support.cpp.o[0m
[20.210s] [ 38%] [32mBuilding CXX object CMakeFiles/base_msgs__rosidl_typesupport_fastrtps_cpp.dir/rosidl_typesupport_fastrtps_cpp/base_msgs/msg/detail/dds_fastrtps/referline__type_support.cpp.o[0m
[20.456s] [ 39%] [32mBuilding CXX object CMakeFiles/base_msgs__rosidl_typesupport_c.dir/rosidl_typesupport_c/base_msgs/msg/plot_info__type_support.cpp.o[0m
[20.475s] [ 40%] [32mBuilding C object CMakeFiles/base_msgs__rosidl_typesupport_introspection_c.dir/rosidl_typesupport_introspection_c/base_msgs/msg/detail/referline__type_support.c.o[0m
[20.717s] [ 41%] [32m[1mLinking CXX shared library libbase_msgs__rosidl_typesupport_c.so[0m
[20.806s] [ 42%] [32mBuilding C object CMakeFiles/base_msgs__rosidl_typesupport_introspection_c.dir/rosidl_typesupport_introspection_c/base_msgs/msg/detail/local_path_point__type_support.c.o[0m
[21.021s] [ 43%] [32mBuilding C object CMakeFiles/base_msgs__rosidl_typesupport_introspection_c.dir/rosidl_typesupport_introspection_c/base_msgs/msg/detail/local_path__type_support.c.o[0m
[21.120s] [ 44%] [32mBuilding CXX object CMakeFiles/base_msgs__rosidl_typesupport_fastrtps_cpp.dir/rosidl_typesupport_fastrtps_cpp/base_msgs/msg/detail/dds_fastrtps/local_path_point__type_support.cpp.o[0m
[21.217s] [ 44%] Built target base_msgs__rosidl_typesupport_c
[21.311s] [ 45%] [32mBuilding CXX object CMakeFiles/base_msgs__rosidl_typesupport_cpp.dir/rosidl_typesupport_cpp/base_msgs/msg/referline_point__type_support.cpp.o[0m
[21.322s] [ 45%] [32mBuilding C object CMakeFiles/base_msgs__rosidl_typesupport_introspection_c.dir/rosidl_typesupport_introspection_c/base_msgs/msg/detail/local_speeds_point__type_support.c.o[0m
[21.600s] [ 46%] [32mBuilding CXX object CMakeFiles/base_msgs__rosidl_typesupport_cpp.dir/rosidl_typesupport_cpp/base_msgs/msg/referline__type_support.cpp.o[0m
[21.616s] [ 47%] [32mBuilding C object CMakeFiles/base_msgs__rosidl_typesupport_introspection_c.dir/rosidl_typesupport_introspection_c/base_msgs/msg/detail/local_speeds__type_support.c.o[0m
[21.934s] [ 48%] [32mBuilding C object CMakeFiles/base_msgs__rosidl_typesupport_introspection_c.dir/rosidl_typesupport_introspection_c/base_msgs/msg/detail/local_trajectory_point__type_support.c.o[0m
[22.155s] [ 49%] [32mBuilding CXX object CMakeFiles/base_msgs__rosidl_typesupport_introspection_cpp.dir/rosidl_typesupport_introspection_cpp/base_msgs/msg/detail/pnc_map__type_support.cpp.o[0m
[22.218s] [ 50%] [32mBuilding C object CMakeFiles/base_msgs__rosidl_typesupport_introspection_c.dir/rosidl_typesupport_introspection_c/base_msgs/msg/detail/local_trajectory__type_support.c.o[0m
[22.436s] [ 51%] [32mBuilding C object CMakeFiles/base_msgs__rosidl_typesupport_introspection_c.dir/rosidl_typesupport_introspection_c/base_msgs/msg/detail/obs_info__type_support.c.o[0m
[22.580s] [ 51%] [32mBuilding CXX object CMakeFiles/base_msgs__rosidl_typesupport_fastrtps_c.dir/rosidl_typesupport_fastrtps_c/base_msgs/srv/detail/pnc_map_service__type_support_c.cpp.o[0m
[22.589s] [ 51%] [32mBuilding C object CMakeFiles/base_msgs__rosidl_typesupport_introspection_c.dir/rosidl_typesupport_introspection_c/base_msgs/msg/detail/plot_info__type_support.c.o[0m
[22.808s] [ 52%] [32m[1mLinking C shared library libbase_msgs__rosidl_typesupport_introspection_c.so[0m
[22.866s] [ 53%] [32mBuilding CXX object CMakeFiles/base_msgs__rosidl_typesupport_cpp.dir/rosidl_typesupport_cpp/base_msgs/msg/local_path_point__type_support.cpp.o[0m
[22.914s] [ 54%] [32mBuilding CXX object CMakeFiles/base_msgs__rosidl_typesupport_fastrtps_cpp.dir/rosidl_typesupport_fastrtps_cpp/base_msgs/msg/detail/dds_fastrtps/local_path__type_support.cpp.o[0m
[23.382s] [ 54%] Built target base_msgs__rosidl_typesupport_introspection_c
[23.448s] [ 55%] [32mBuilding CXX object CMakeFiles/base_msgs__rosidl_typesupport_fastrtps_c.dir/rosidl_typesupport_fastrtps_c/base_msgs/msg/detail/pnc_map__type_support_c.cpp.o[0m
[23.568s] [ 56%] [32mBuilding CXX object CMakeFiles/base_msgs__rosidl_typesupport_fastrtps_cpp.dir/rosidl_typesupport_fastrtps_cpp/base_msgs/msg/detail/dds_fastrtps/local_speeds_point__type_support.cpp.o[0m
[23.799s] [ 57%] [32mBuilding CXX object CMakeFiles/base_msgs__rosidl_typesupport_fastrtps_c.dir/rosidl_typesupport_fastrtps_c/base_msgs/msg/detail/referline_point__type_support_c.cpp.o[0m
[23.840s] [ 58%] [32mBuilding CXX object CMakeFiles/base_msgs__rosidl_typesupport_cpp.dir/rosidl_typesupport_cpp/base_msgs/msg/local_path__type_support.cpp.o[0m
[24.856s] [ 58%] [32mBuilding CXX object CMakeFiles/base_msgs__rosidl_typesupport_cpp.dir/rosidl_typesupport_cpp/base_msgs/msg/local_speeds_point__type_support.cpp.o[0m
[25.217s] [ 59%] [32mBuilding CXX object CMakeFiles/base_msgs__rosidl_typesupport_fastrtps_c.dir/rosidl_typesupport_fastrtps_c/base_msgs/msg/detail/referline__type_support_c.cpp.o[0m
[25.863s] [ 60%] [32mBuilding CXX object CMakeFiles/base_msgs__rosidl_typesupport_cpp.dir/rosidl_typesupport_cpp/base_msgs/msg/local_speeds__type_support.cpp.o[0m
[25.931s] [ 61%] [32mBuilding CXX object CMakeFiles/base_msgs__rosidl_typesupport_fastrtps_c.dir/rosidl_typesupport_fastrtps_c/base_msgs/msg/detail/local_path_point__type_support_c.cpp.o[0m
[26.069s] [ 62%] [32mBuilding CXX object CMakeFiles/base_msgs__rosidl_typesupport_cpp.dir/rosidl_typesupport_cpp/base_msgs/msg/local_trajectory_point__type_support.cpp.o[0m
[26.203s] [ 62%] [32mBuilding CXX object CMakeFiles/base_msgs__rosidl_typesupport_fastrtps_cpp.dir/rosidl_typesupport_fastrtps_cpp/base_msgs/msg/detail/dds_fastrtps/local_speeds__type_support.cpp.o[0m
[26.373s] [ 63%] [32mBuilding CXX object CMakeFiles/base_msgs__rosidl_typesupport_introspection_cpp.dir/rosidl_typesupport_introspection_cpp/base_msgs/msg/detail/referline_point__type_support.cpp.o[0m
[26.448s] [ 63%] [32mBuilding CXX object CMakeFiles/base_msgs__rosidl_typesupport_introspection_cpp.dir/rosidl_typesupport_introspection_cpp/base_msgs/msg/detail/referline__type_support.cpp.o[0m
[26.702s] [ 64%] [32mBuilding CXX object CMakeFiles/base_msgs__rosidl_typesupport_fastrtps_cpp.dir/rosidl_typesupport_fastrtps_cpp/base_msgs/msg/detail/dds_fastrtps/local_trajectory_point__type_support.cpp.o[0m
[27.558s] [ 64%] [32mBuilding CXX object CMakeFiles/base_msgs__rosidl_typesupport_fastrtps_c.dir/rosidl_typesupport_fastrtps_c/base_msgs/msg/detail/local_path__type_support_c.cpp.o[0m
[27.637s] [ 65%] [32mBuilding CXX object CMakeFiles/base_msgs__rosidl_typesupport_cpp.dir/rosidl_typesupport_cpp/base_msgs/msg/local_trajectory__type_support.cpp.o[0m
[27.824s] [ 66%] [32mBuilding CXX object CMakeFiles/base_msgs__rosidl_typesupport_fastrtps_c.dir/rosidl_typesupport_fastrtps_c/base_msgs/msg/detail/local_speeds_point__type_support_c.cpp.o[0m
[28.117s] [ 67%] [32mBuilding CXX object CMakeFiles/base_msgs__rosidl_typesupport_introspection_cpp.dir/rosidl_typesupport_introspection_cpp/base_msgs/msg/detail/local_path_point__type_support.cpp.o[0m
[29.212s] [ 68%] [32mBuilding CXX object CMakeFiles/base_msgs__rosidl_typesupport_introspection_cpp.dir/rosidl_typesupport_introspection_cpp/base_msgs/msg/detail/local_path__type_support.cpp.o[0m
[29.252s] [ 69%] [32mBuilding CXX object CMakeFiles/base_msgs__rosidl_typesupport_fastrtps_cpp.dir/rosidl_typesupport_fastrtps_cpp/base_msgs/msg/detail/dds_fastrtps/local_trajectory__type_support.cpp.o[0m
[29.346s] [ 70%] [32mBuilding CXX object CMakeFiles/base_msgs__rosidl_typesupport_cpp.dir/rosidl_typesupport_cpp/base_msgs/msg/obs_info__type_support.cpp.o[0m
[30.374s] [ 71%] [32mBuilding CXX object CMakeFiles/base_msgs__rosidl_typesupport_fastrtps_c.dir/rosidl_typesupport_fastrtps_c/base_msgs/msg/detail/local_speeds__type_support_c.cpp.o[0m
[30.461s] [ 72%] [32mBuilding CXX object CMakeFiles/base_msgs__rosidl_typesupport_fastrtps_cpp.dir/rosidl_typesupport_fastrtps_cpp/base_msgs/msg/detail/dds_fastrtps/obs_info__type_support.cpp.o[0m
[30.664s] [ 73%] [32mBuilding CXX object CMakeFiles/base_msgs__rosidl_typesupport_introspection_cpp.dir/rosidl_typesupport_introspection_cpp/base_msgs/msg/detail/local_speeds__type_support.cpp.o[0m
[30.691s] [ 74%] [32mBuilding CXX object CMakeFiles/base_msgs__rosidl_typesupport_fastrtps_c.dir/rosidl_typesupport_fastrtps_c/base_msgs/msg/detail/local_trajectory_point__type_support_c.cpp.o[0m
[30.950s] [ 74%] [32mBuilding CXX object CMakeFiles/base_msgs__rosidl_typesupport_cpp.dir/rosidl_typesupport_cpp/base_msgs/msg/plot_info__type_support.cpp.o[0m
[32.057s] [ 75%] [32mBuilding CXX object CMakeFiles/base_msgs__rosidl_typesupport_fastrtps_c.dir/rosidl_typesupport_fastrtps_c/base_msgs/msg/detail/local_trajectory__type_support_c.cpp.o[0m
[32.473s] [ 76%] [32mBuilding CXX object CMakeFiles/base_msgs__rosidl_typesupport_fastrtps_cpp.dir/rosidl_typesupport_fastrtps_cpp/base_msgs/msg/detail/dds_fastrtps/plot_info__type_support.cpp.o[0m
[32.551s] [ 77%] [32m[1mLinking CXX shared library libbase_msgs__rosidl_typesupport_cpp.so[0m
[32.770s] [ 78%] [32mBuilding CXX object CMakeFiles/base_msgs__rosidl_typesupport_introspection_cpp.dir/rosidl_typesupport_introspection_cpp/base_msgs/msg/detail/local_trajectory__type_support.cpp.o[0m
[32.863s] [ 78%] Built target base_msgs__rosidl_typesupport_cpp
[33.353s] [ 79%] [32mBuilding CXX object CMakeFiles/base_msgs__rosidl_typesupport_fastrtps_c.dir/rosidl_typesupport_fastrtps_c/base_msgs/msg/detail/plot_info__type_support_c.cpp.o[0m
[34.207s] [ 79%] [32m[1mLinking CXX shared library libbase_msgs__rosidl_typesupport_fastrtps_cpp.so[0m
[34.280s] [ 80%] [32mBuilding CXX object CMakeFiles/base_msgs__rosidl_typesupport_introspection_cpp.dir/rosidl_typesupport_introspection_cpp/base_msgs/msg/detail/plot_info__type_support.cpp.o[0m
[34.522s] [ 80%] [32mBuilding CXX object CMakeFiles/base_msgs__rosidl_typesupport_fastrtps_c.dir/rosidl_typesupport_fastrtps_c/base_msgs/msg/detail/obs_info__type_support_c.cpp.o[0m
[34.599s] [ 80%] Built target base_msgs__rosidl_typesupport_fastrtps_cpp
[35.517s] [ 81%] [32m[1mLinking CXX shared library libbase_msgs__rosidl_typesupport_fastrtps_c.so[0m
[35.722s] [ 82%] [32mBuilding CXX object CMakeFiles/base_msgs__rosidl_typesupport_introspection_cpp.dir/rosidl_typesupport_introspection_cpp/base_msgs/msg/detail/obs_info__type_support.cpp.o[0m
[36.026s] [ 82%] Built target base_msgs__rosidl_typesupport_fastrtps_c
[36.828s] [ 82%] [32mBuilding CXX object CMakeFiles/base_msgs__rosidl_typesupport_introspection_cpp.dir/rosidl_typesupport_introspection_cpp/base_msgs/msg/detail/local_trajectory_point__type_support.cpp.o[0m
[37.905s] [ 83%] [32mBuilding CXX object CMakeFiles/base_msgs__rosidl_typesupport_introspection_cpp.dir/rosidl_typesupport_introspection_cpp/base_msgs/msg/detail/local_speeds_point__type_support.cpp.o[0m
[39.072s] [ 84%] [32m[1mLinking CXX shared library libbase_msgs__rosidl_typesupport_introspection_cpp.so[0m
[39.364s] [ 84%] Built target base_msgs__rosidl_typesupport_introspection_cpp
[39.417s] [ 84%] Built target base_msgs
[39.463s] [ 85%] [34m[1mGenerating Python code for ROS interfaces[0m
[45.377s] [ 85%] Built target base_msgs__py
[45.423s] [ 86%] [32mBuilding C object CMakeFiles/base_msgs__rosidl_generator_py.dir/rosidl_generator_py/base_msgs/srv/_global_path_service_s.c.o[0m
[45.691s] [ 87%] [32mBuilding C object CMakeFiles/base_msgs__rosidl_generator_py.dir/rosidl_generator_py/base_msgs/msg/_local_speeds_point_s.c.o[0m
[45.906s] [ 88%] [32mBuilding C object CMakeFiles/base_msgs__rosidl_generator_py.dir/rosidl_generator_py/base_msgs/msg/_local_speeds_s.c.o[0m
[46.123s] [ 89%] [32mBuilding C object CMakeFiles/base_msgs__rosidl_generator_py.dir/rosidl_generator_py/base_msgs/msg/_local_trajectory_point_s.c.o[0m
[46.356s] [ 90%] [32mBuilding C object CMakeFiles/base_msgs__rosidl_generator_py.dir/rosidl_generator_py/base_msgs/msg/_local_trajectory_s.c.o[0m
[46.595s] [ 90%] [32mBuilding C object CMakeFiles/base_msgs__rosidl_generator_py.dir/rosidl_generator_py/base_msgs/msg/_obs_info_s.c.o[0m
[46.816s] [ 91%] [32mBuilding C object CMakeFiles/base_msgs__rosidl_generator_py.dir/rosidl_generator_py/base_msgs/msg/_plot_info_s.c.o[0m
[47.028s] [ 91%] [32mBuilding C object CMakeFiles/base_msgs__rosidl_generator_py.dir/rosidl_generator_py/base_msgs/msg/_local_path_s.c.o[0m
[47.247s] [ 92%] [32mBuilding C object CMakeFiles/base_msgs__rosidl_generator_py.dir/rosidl_generator_py/base_msgs/msg/_local_path_point_s.c.o[0m
[47.464s] [ 93%] [32mBuilding C object CMakeFiles/base_msgs__rosidl_generator_py.dir/rosidl_generator_py/base_msgs/msg/_referline_s.c.o[0m
[47.694s] [ 94%] [32mBuilding C object CMakeFiles/base_msgs__rosidl_generator_py.dir/rosidl_generator_py/base_msgs/msg/_referline_point_s.c.o[0m
[47.903s] [ 95%] [32mBuilding C object CMakeFiles/base_msgs__rosidl_generator_py.dir/rosidl_generator_py/base_msgs/msg/_pnc_map_s.c.o[0m
[48.129s] [ 95%] [32mBuilding C object CMakeFiles/base_msgs__rosidl_generator_py.dir/rosidl_generator_py/base_msgs/srv/_pnc_map_service_s.c.o[0m
[48.346s] [ 96%] [32m[1mLinking C shared library rosidl_generator_py/base_msgs/libbase_msgs__rosidl_generator_py.so[0m
[48.500s] [ 96%] Built target base_msgs__rosidl_generator_py
[48.545s] [ 97%] [32mBuilding C object CMakeFiles/base_msgs__rosidl_typesupport_fastrtps_c__pyext.dir/rosidl_generator_py/base_msgs/_base_msgs_s.ep.rosidl_typesupport_fastrtps_c.c.o[0m
[48.549s] [ 98%] [32mBuilding C object CMakeFiles/base_msgs__rosidl_typesupport_introspection_c__pyext.dir/rosidl_generator_py/base_msgs/_base_msgs_s.ep.rosidl_typesupport_introspection_c.c.o[0m
[48.864s] [ 98%] [32m[1mLinking C shared library rosidl_generator_py/base_msgs/base_msgs_s__rosidl_typesupport_fastrtps_c.cpython-310-x86_64-linux-gnu.so[0m
[48.872s] [ 99%] [32m[1mLinking C shared library rosidl_generator_py/base_msgs/base_msgs_s__rosidl_typesupport_introspection_c.cpython-310-x86_64-linux-gnu.so[0m
[48.970s] [ 99%] Built target base_msgs__rosidl_typesupport_fastrtps_c__pyext
[48.982s] [ 99%] Built target base_msgs__rosidl_typesupport_introspection_c__pyext
[49.013s] [100%] [32mBuilding C object CMakeFiles/base_msgs__rosidl_typesupport_c__pyext.dir/rosidl_generator_py/base_msgs/_base_msgs_s.ep.rosidl_typesupport_c.c.o[0m
[49.319s] [100%] [32m[1mLinking C shared library rosidl_generator_py/base_msgs/base_msgs_s__rosidl_typesupport_c.cpython-310-x86_64-linux-gnu.so[0m
[49.426s] [100%] Built target base_msgs__rosidl_typesupport_c__pyext
[49.451s] Invoked command in '/home/x/planning_with_ROS2_course/build/base_msgs' returned '0': CMAKE_PREFIX_PATH=${CMAKE_PREFIX_PATH}:/home/x/planning_with_ROS2_course/install/data_plot:/opt/ros/humble /usr/bin/cmake --build /home/x/planning_with_ROS2_course/build/base_msgs -- -j8 -l8
[49.467s] Invoking command in '/home/x/planning_with_ROS2_course/build/base_msgs': CMAKE_PREFIX_PATH=${CMAKE_PREFIX_PATH}:/home/x/planning_with_ROS2_course/install/data_plot:/opt/ros/humble /usr/bin/cmake --install /home/x/planning_with_ROS2_course/build/base_msgs
[49.480s] -- Install configuration: ""
[49.480s] -- Installing: /home/x/planning_with_ROS2_course/install/base_msgs/share/ament_index/resource_index/rosidl_interfaces/base_msgs
[49.481s] -- Installing: /home/x/planning_with_ROS2_course/install/base_msgs/include/base_msgs/base_msgs
[49.481s] -- Installing: /home/x/planning_with_ROS2_course/install/base_msgs/include/base_msgs/base_msgs/msg
[49.481s] -- Installing: /home/x/planning_with_ROS2_course/install/base_msgs/include/base_msgs/base_msgs/msg/referline.h
[49.481s] -- Installing: /home/x/planning_with_ROS2_course/install/base_msgs/include/base_msgs/base_msgs/msg/pnc_map.h
[49.482s] -- Installing: /home/x/planning_with_ROS2_course/install/base_msgs/include/base_msgs/base_msgs/msg/local_path.h
[49.482s] -- Installing: /home/x/planning_with_ROS2_course/install/base_msgs/include/base_msgs/base_msgs/msg/referline_point.h
[49.482s] -- Installing: /home/x/planning_with_ROS2_course/install/base_msgs/include/base_msgs/base_msgs/msg/local_speeds.h
[49.482s] -- Installing: /home/x/planning_with_ROS2_course/install/base_msgs/include/base_msgs/base_msgs/msg/detail
[49.482s] -- Installing: /home/x/planning_with_ROS2_course/install/base_msgs/include/base_msgs/base_msgs/msg/detail/referline_point__functions.c
[49.482s] -- Installing: /home/x/planning_with_ROS2_course/install/base_msgs/include/base_msgs/base_msgs/msg/detail/local_speeds__struct.h
[49.483s] -- Installing: /home/x/planning_with_ROS2_course/install/base_msgs/include/base_msgs/base_msgs/msg/detail/local_speeds__functions.h
[49.483s] -- Installing: /home/x/planning_with_ROS2_course/install/base_msgs/include/base_msgs/base_msgs/msg/detail/local_path_point__functions.h
[49.483s] -- Installing: /home/x/planning_with_ROS2_course/install/base_msgs/include/base_msgs/base_msgs/msg/detail/local_path__functions.c
[49.484s] -- Installing: /home/x/planning_with_ROS2_course/install/base_msgs/include/base_msgs/base_msgs/msg/detail/local_speeds_point__functions.c
[49.484s] -- Installing: /home/x/planning_with_ROS2_course/install/base_msgs/include/base_msgs/base_msgs/msg/detail/referline__functions.h
[49.484s] -- Installing: /home/x/planning_with_ROS2_course/install/base_msgs/include/base_msgs/base_msgs/msg/detail/local_trajectory_point__functions.c
[49.485s] -- Installing: /home/x/planning_with_ROS2_course/install/base_msgs/include/base_msgs/base_msgs/msg/detail/local_speeds__type_support.h
[49.485s] -- Installing: /home/x/planning_with_ROS2_course/install/base_msgs/include/base_msgs/base_msgs/msg/detail/plot_info__functions.c
[49.485s] -- Installing: /home/x/planning_with_ROS2_course/install/base_msgs/include/base_msgs/base_msgs/msg/detail/referline__struct.h
[49.485s] -- Installing: /home/x/planning_with_ROS2_course/install/base_msgs/include/base_msgs/base_msgs/msg/detail/pnc_map__functions.h
[49.485s] -- Installing: /home/x/planning_with_ROS2_course/install/base_msgs/include/base_msgs/base_msgs/msg/detail/local_trajectory_point__type_support.h
[49.488s] -- Installing: /home/x/planning_with_ROS2_course/install/base_msgs/include/base_msgs/base_msgs/msg/detail/local_speeds_point__struct.h
[49.488s] -- Installing: /home/x/planning_with_ROS2_course/install/base_msgs/include/base_msgs/base_msgs/msg/detail/pnc_map__functions.c
[49.488s] -- Installing: /home/x/planning_with_ROS2_course/install/base_msgs/include/base_msgs/base_msgs/msg/detail/referline_point__struct.h
[49.488s] -- Installing: /home/x/planning_with_ROS2_course/install/base_msgs/include/base_msgs/base_msgs/msg/detail/obs_info__struct.h
[49.490s] -- Installing: /home/x/planning_with_ROS2_course/install/base_msgs/include/base_msgs/base_msgs/msg/detail/plot_info__functions.h
[49.491s] -- Installing: /home/x/planning_with_ROS2_course/install/base_msgs/include/base_msgs/base_msgs/msg/detail/local_speeds_point__functions.h
[49.491s] -- Installing: /home/x/planning_with_ROS2_course/install/base_msgs/include/base_msgs/base_msgs/msg/detail/local_speeds__functions.c
[49.491s] -- Installing: /home/x/planning_with_ROS2_course/install/base_msgs/include/base_msgs/base_msgs/msg/detail/local_trajectory__struct.h
[49.491s] -- Installing: /home/x/planning_with_ROS2_course/install/base_msgs/include/base_msgs/base_msgs/msg/detail/local_path__struct.h
[49.492s] -- Installing: /home/x/planning_with_ROS2_course/install/base_msgs/include/base_msgs/base_msgs/msg/detail/local_trajectory__type_support.h
[49.492s] -- Installing: /home/x/planning_with_ROS2_course/install/base_msgs/include/base_msgs/base_msgs/msg/detail/local_path__functions.h
[49.493s] -- Installing: /home/x/planning_with_ROS2_course/install/base_msgs/include/base_msgs/base_msgs/msg/detail/local_path_point__type_support.h
[49.493s] -- Installing: /home/x/planning_with_ROS2_course/install/base_msgs/include/base_msgs/base_msgs/msg/detail/plot_info__struct.h
[49.493s] -- Installing: /home/x/planning_with_ROS2_course/install/base_msgs/include/base_msgs/base_msgs/msg/detail/local_path__type_support.h
[49.493s] -- Installing: /home/x/planning_with_ROS2_course/install/base_msgs/include/base_msgs/base_msgs/msg/detail/local_trajectory_point__functions.h
[49.493s] -- Installing: /home/x/planning_with_ROS2_course/install/base_msgs/include/base_msgs/base_msgs/msg/detail/obs_info__type_support.h
[49.493s] -- Installing: /home/x/planning_with_ROS2_course/install/base_msgs/include/base_msgs/base_msgs/msg/detail/referline_point__type_support.h
[49.493s] -- Installing: /home/x/planning_with_ROS2_course/install/base_msgs/include/base_msgs/base_msgs/msg/detail/local_trajectory__functions.c
[49.493s] -- Installing: /home/x/planning_with_ROS2_course/install/base_msgs/include/base_msgs/base_msgs/msg/detail/local_path_point__functions.c
[49.493s] -- Installing: /home/x/planning_with_ROS2_course/install/base_msgs/include/base_msgs/base_msgs/msg/detail/local_path_point__struct.h
[49.493s] -- Installing: /home/x/planning_with_ROS2_course/install/base_msgs/include/base_msgs/base_msgs/msg/detail/plot_info__type_support.h
[49.493s] -- Installing: /home/x/planning_with_ROS2_course/install/base_msgs/include/base_msgs/base_msgs/msg/detail/local_speeds_point__type_support.h
[49.494s] -- Installing: /home/x/planning_with_ROS2_course/install/base_msgs/include/base_msgs/base_msgs/msg/detail/local_trajectory__functions.h
[49.494s] -- Installing: /home/x/planning_with_ROS2_course/install/base_msgs/include/base_msgs/base_msgs/msg/detail/referline__type_support.h
[49.494s] -- Installing: /home/x/planning_with_ROS2_course/install/base_msgs/include/base_msgs/base_msgs/msg/detail/local_trajectory_point__struct.h
[49.494s] -- Installing: /home/x/planning_with_ROS2_course/install/base_msgs/include/base_msgs/base_msgs/msg/detail/referline__functions.c
[49.494s] -- Installing: /home/x/planning_with_ROS2_course/install/base_msgs/include/base_msgs/base_msgs/msg/detail/referline_point__functions.h
[49.494s] -- Installing: /home/x/planning_with_ROS2_course/install/base_msgs/include/base_msgs/base_msgs/msg/detail/pnc_map__type_support.h
[49.494s] -- Installing: /home/x/planning_with_ROS2_course/install/base_msgs/include/base_msgs/base_msgs/msg/detail/obs_info__functions.c
[49.494s] -- Installing: /home/x/planning_with_ROS2_course/install/base_msgs/include/base_msgs/base_msgs/msg/detail/obs_info__functions.h
[49.494s] -- Installing: /home/x/planning_with_ROS2_course/install/base_msgs/include/base_msgs/base_msgs/msg/detail/pnc_map__struct.h
[49.495s] -- Installing: /home/x/planning_with_ROS2_course/install/base_msgs/include/base_msgs/base_msgs/msg/obs_info.h
[49.495s] -- Installing: /home/x/planning_with_ROS2_course/install/base_msgs/include/base_msgs/base_msgs/msg/local_trajectory.h
[49.495s] -- Installing: /home/x/planning_with_ROS2_course/install/base_msgs/include/base_msgs/base_msgs/msg/plot_info.h
[49.495s] -- Installing: /home/x/planning_with_ROS2_course/install/base_msgs/include/base_msgs/base_msgs/msg/local_trajectory_point.h
[49.495s] -- Installing: /home/x/planning_with_ROS2_course/install/base_msgs/include/base_msgs/base_msgs/msg/local_path_point.h
[49.495s] -- Installing: /home/x/planning_with_ROS2_course/install/base_msgs/include/base_msgs/base_msgs/msg/rosidl_generator_c__visibility_control.h
[49.495s] -- Installing: /home/x/planning_with_ROS2_course/install/base_msgs/include/base_msgs/base_msgs/msg/local_speeds_point.h
[49.495s] -- Installing: /home/x/planning_with_ROS2_course/install/base_msgs/include/base_msgs/base_msgs/srv
[49.495s] -- Installing: /home/x/planning_with_ROS2_course/install/base_msgs/include/base_msgs/base_msgs/srv/detail
[49.495s] -- Installing: /home/x/planning_with_ROS2_course/install/base_msgs/include/base_msgs/base_msgs/srv/detail/global_path_service__functions.c
[49.496s] -- Installing: /home/x/planning_with_ROS2_course/install/base_msgs/include/base_msgs/base_msgs/srv/detail/pnc_map_service__struct.h
[49.496s] -- Installing: /home/x/planning_with_ROS2_course/install/base_msgs/include/base_msgs/base_msgs/srv/detail/global_path_service__type_support.h
[49.496s] -- Installing: /home/x/planning_with_ROS2_course/install/base_msgs/include/base_msgs/base_msgs/srv/detail/pnc_map_service__functions.c
[49.496s] -- Installing: /home/x/planning_with_ROS2_course/install/base_msgs/include/base_msgs/base_msgs/srv/detail/global_path_service__functions.h
[49.496s] -- Installing: /home/x/planning_with_ROS2_course/install/base_msgs/include/base_msgs/base_msgs/srv/detail/global_path_service__struct.h
[49.496s] -- Installing: /home/x/planning_with_ROS2_course/install/base_msgs/include/base_msgs/base_msgs/srv/detail/pnc_map_service__type_support.h
[49.496s] -- Installing: /home/x/planning_with_ROS2_course/install/base_msgs/include/base_msgs/base_msgs/srv/detail/pnc_map_service__functions.h
[49.496s] -- Installing: /home/x/planning_with_ROS2_course/install/base_msgs/include/base_msgs/base_msgs/srv/global_path_service.h
[49.496s] -- Installing: /home/x/planning_with_ROS2_course/install/base_msgs/include/base_msgs/base_msgs/srv/pnc_map_service.h
[49.496s] -- Installing: /home/x/planning_with_ROS2_course/install/base_msgs/share/base_msgs/environment/library_path.sh
[49.496s] -- Installing: /home/x/planning_with_ROS2_course/install/base_msgs/share/base_msgs/environment/library_path.dsv
[49.496s] -- Installing: /home/x/planning_with_ROS2_course/install/base_msgs/lib/libbase_msgs__rosidl_generator_c.so
[49.497s] -- Set runtime path of "/home/x/planning_with_ROS2_course/install/base_msgs/lib/libbase_msgs__rosidl_generator_c.so" to ""
[49.497s] -- Up-to-date: /home/x/planning_with_ROS2_course/install/base_msgs/include/base_msgs/base_msgs
[49.497s] -- Up-to-date: /home/x/planning_with_ROS2_course/install/base_msgs/include/base_msgs/base_msgs/msg
[49.497s] -- Up-to-date: /home/x/planning_with_ROS2_course/install/base_msgs/include/base_msgs/base_msgs/msg/detail
[49.497s] -- Installing: /home/x/planning_with_ROS2_course/install/base_msgs/include/base_msgs/base_msgs/msg/detail/local_trajectory__rosidl_typesupport_fastrtps_c.h
[49.497s] -- Installing: /home/x/planning_with_ROS2_course/install/base_msgs/include/base_msgs/base_msgs/msg/detail/local_speeds__rosidl_typesupport_fastrtps_c.h
[49.498s] -- Installing: /home/x/planning_with_ROS2_course/install/base_msgs/include/base_msgs/base_msgs/msg/detail/local_path_point__rosidl_typesupport_fastrtps_c.h
[49.498s] -- Installing: /home/x/planning_with_ROS2_course/install/base_msgs/include/base_msgs/base_msgs/msg/detail/local_speeds_point__rosidl_typesupport_fastrtps_c.h
[49.498s] -- Installing: /home/x/planning_with_ROS2_course/install/base_msgs/include/base_msgs/base_msgs/msg/detail/referline__rosidl_typesupport_fastrtps_c.h
[49.498s] -- Installing: /home/x/planning_with_ROS2_course/install/base_msgs/include/base_msgs/base_msgs/msg/detail/obs_info__rosidl_typesupport_fastrtps_c.h
[49.498s] -- Installing: /home/x/planning_with_ROS2_course/install/base_msgs/include/base_msgs/base_msgs/msg/detail/plot_info__rosidl_typesupport_fastrtps_c.h
[49.498s] -- Installing: /home/x/planning_with_ROS2_course/install/base_msgs/include/base_msgs/base_msgs/msg/detail/referline_point__rosidl_typesupport_fastrtps_c.h
[49.498s] -- Installing: /home/x/planning_with_ROS2_course/install/base_msgs/include/base_msgs/base_msgs/msg/detail/pnc_map__rosidl_typesupport_fastrtps_c.h
[49.499s] -- Installing: /home/x/planning_with_ROS2_course/install/base_msgs/include/base_msgs/base_msgs/msg/detail/local_trajectory_point__rosidl_typesupport_fastrtps_c.h
[49.499s] -- Installing: /home/x/planning_with_ROS2_course/install/base_msgs/include/base_msgs/base_msgs/msg/detail/local_path__rosidl_typesupport_fastrtps_c.h
[49.499s] -- Installing: /home/x/planning_with_ROS2_course/install/base_msgs/include/base_msgs/base_msgs/msg/rosidl_typesupport_fastrtps_c__visibility_control.h
[49.499s] -- Up-to-date: /home/x/planning_with_ROS2_course/install/base_msgs/include/base_msgs/base_msgs/srv
[49.499s] -- Up-to-date: /home/x/planning_with_ROS2_course/install/base_msgs/include/base_msgs/base_msgs/srv/detail
[49.499s] -- Installing: /home/x/planning_with_ROS2_course/install/base_msgs/include/base_msgs/base_msgs/srv/detail/pnc_map_service__rosidl_typesupport_fastrtps_c.h
[49.499s] -- Installing: /home/x/planning_with_ROS2_course/install/base_msgs/include/base_msgs/base_msgs/srv/detail/global_path_service__rosidl_typesupport_fastrtps_c.h
[49.500s] -- Installing: /home/x/planning_with_ROS2_course/install/base_msgs/lib/libbase_msgs__rosidl_typesupport_fastrtps_c.so
[49.500s] -- Set runtime path of "/home/x/planning_with_ROS2_course/install/base_msgs/lib/libbase_msgs__rosidl_typesupport_fastrtps_c.so" to ""
[49.500s] -- Up-to-date: /home/x/planning_with_ROS2_course/install/base_msgs/include/base_msgs/base_msgs
[49.500s] -- Up-to-date: /home/x/planning_with_ROS2_course/install/base_msgs/include/base_msgs/base_msgs/msg
[49.500s] -- Up-to-date: /home/x/planning_with_ROS2_course/install/base_msgs/include/base_msgs/base_msgs/msg/detail
[49.500s] -- Installing: /home/x/planning_with_ROS2_course/install/base_msgs/include/base_msgs/base_msgs/msg/detail/plot_info__type_support.c
[49.500s] -- Installing: /home/x/planning_with_ROS2_course/install/base_msgs/include/base_msgs/base_msgs/msg/detail/obs_info__type_support.c
[49.500s] -- Installing: /home/x/planning_with_ROS2_course/install/base_msgs/include/base_msgs/base_msgs/msg/detail/local_path_point__rosidl_typesupport_introspection_c.h
[49.505s] -- Installing: /home/x/planning_with_ROS2_course/install/base_msgs/include/base_msgs/base_msgs/msg/detail/local_trajectory__rosidl_typesupport_introspection_c.h
[49.506s] -- Installing: /home/x/planning_with_ROS2_course/install/base_msgs/include/base_msgs/base_msgs/msg/detail/obs_info__rosidl_typesupport_introspection_c.h
[49.506s] -- Installing: /home/x/planning_with_ROS2_course/install/base_msgs/include/base_msgs/base_msgs/msg/detail/referline_point__rosidl_typesupport_introspection_c.h
[49.506s] -- Installing: /home/x/planning_with_ROS2_course/install/base_msgs/include/base_msgs/base_msgs/msg/detail/local_path_point__type_support.c
[49.506s] -- Installing: /home/x/planning_with_ROS2_course/install/base_msgs/include/base_msgs/base_msgs/msg/detail/local_path__type_support.c
[49.506s] -- Installing: /home/x/planning_with_ROS2_course/install/base_msgs/include/base_msgs/base_msgs/msg/detail/pnc_map__rosidl_typesupport_introspection_c.h
[49.506s] -- Installing: /home/x/planning_with_ROS2_course/install/base_msgs/include/base_msgs/base_msgs/msg/detail/referline__type_support.c
[49.506s] -- Installing: /home/x/planning_with_ROS2_course/install/base_msgs/include/base_msgs/base_msgs/msg/detail/local_trajectory__type_support.c
[49.506s] -- Installing: /home/x/planning_with_ROS2_course/install/base_msgs/include/base_msgs/base_msgs/msg/detail/referline_point__type_support.c
[49.506s] -- Installing: /home/x/planning_with_ROS2_course/install/base_msgs/include/base_msgs/base_msgs/msg/detail/plot_info__rosidl_typesupport_introspection_c.h
[49.506s] -- Installing: /home/x/planning_with_ROS2_course/install/base_msgs/include/base_msgs/base_msgs/msg/detail/local_speeds_point__rosidl_typesupport_introspection_c.h
[49.506s] -- Installing: /home/x/planning_with_ROS2_course/install/base_msgs/include/base_msgs/base_msgs/msg/detail/referline__rosidl_typesupport_introspection_c.h
[49.506s] -- Installing: /home/x/planning_with_ROS2_course/install/base_msgs/include/base_msgs/base_msgs/msg/detail/local_speeds__rosidl_typesupport_introspection_c.h
[49.506s] -- Installing: /home/x/planning_with_ROS2_course/install/base_msgs/include/base_msgs/base_msgs/msg/detail/local_path__rosidl_typesupport_introspection_c.h
[49.507s] -- Installing: /home/x/planning_with_ROS2_course/install/base_msgs/include/base_msgs/base_msgs/msg/detail/local_speeds_point__type_support.c
[49.507s] -- Installing: /home/x/planning_with_ROS2_course/install/base_msgs/include/base_msgs/base_msgs/msg/detail/pnc_map__type_support.c
[49.507s] -- Installing: /home/x/planning_with_ROS2_course/install/base_msgs/include/base_msgs/base_msgs/msg/detail/local_trajectory_point__type_support.c
[49.507s] -- Installing: /home/x/planning_with_ROS2_course/install/base_msgs/include/base_msgs/base_msgs/msg/detail/local_speeds__type_support.c
[49.509s] -- Installing: /home/x/planning_with_ROS2_course/install/base_msgs/include/base_msgs/base_msgs/msg/detail/local_trajectory_point__rosidl_typesupport_introspection_c.h
[49.509s] -- Installing: /home/x/planning_with_ROS2_course/install/base_msgs/include/base_msgs/base_msgs/msg/rosidl_typesupport_introspection_c__visibility_control.h
[49.509s] -- Up-to-date: /home/x/planning_with_ROS2_course/install/base_msgs/include/base_msgs/base_msgs/srv
[49.509s] -- Up-to-date: /home/x/planning_with_ROS2_course/install/base_msgs/include/base_msgs/base_msgs/srv/detail
[49.509s] -- Installing: /home/x/planning_with_ROS2_course/install/base_msgs/include/base_msgs/base_msgs/srv/detail/global_path_service__type_support.c
[49.509s] -- Installing: /home/x/planning_with_ROS2_course/install/base_msgs/include/base_msgs/base_msgs/srv/detail/pnc_map_service__type_support.c
[49.509s] -- Installing: /home/x/planning_with_ROS2_course/install/base_msgs/include/base_msgs/base_msgs/srv/detail/pnc_map_service__rosidl_typesupport_introspection_c.h
[49.509s] -- Installing: /home/x/planning_with_ROS2_course/install/base_msgs/include/base_msgs/base_msgs/srv/detail/global_path_service__rosidl_typesupport_introspection_c.h
[49.509s] -- Installing: /home/x/planning_with_ROS2_course/install/base_msgs/lib/libbase_msgs__rosidl_typesupport_introspection_c.so
[49.509s] -- Set runtime path of "/home/x/planning_with_ROS2_course/install/base_msgs/lib/libbase_msgs__rosidl_typesupport_introspection_c.so" to ""
[49.510s] -- Installing: /home/x/planning_with_ROS2_course/install/base_msgs/lib/libbase_msgs__rosidl_typesupport_c.so
[49.510s] -- Set runtime path of "/home/x/planning_with_ROS2_course/install/base_msgs/lib/libbase_msgs__rosidl_typesupport_c.so" to ""
[49.510s] -- Up-to-date: /home/x/planning_with_ROS2_course/install/base_msgs/include/base_msgs/base_msgs
[49.510s] -- Up-to-date: /home/x/planning_with_ROS2_course/install/base_msgs/include/base_msgs/base_msgs/msg
[49.510s] -- Installing: /home/x/planning_with_ROS2_course/install/base_msgs/include/base_msgs/base_msgs/msg/rosidl_generator_cpp__visibility_control.hpp
[49.510s] -- Installing: /home/x/planning_with_ROS2_course/install/base_msgs/include/base_msgs/base_msgs/msg/local_path.hpp
[49.510s] -- Up-to-date: /home/x/planning_with_ROS2_course/install/base_msgs/include/base_msgs/base_msgs/msg/detail
[49.510s] -- Installing: /home/x/planning_with_ROS2_course/install/base_msgs/include/base_msgs/base_msgs/msg/detail/pnc_map__traits.hpp
[49.513s] -- Installing: /home/x/planning_with_ROS2_course/install/base_msgs/include/base_msgs/base_msgs/msg/detail/referline__traits.hpp
[49.516s] -- Installing: /home/x/planning_with_ROS2_course/install/base_msgs/include/base_msgs/base_msgs/msg/detail/local_trajectory__traits.hpp
[49.516s] -- Installing: /home/x/planning_with_ROS2_course/install/base_msgs/include/base_msgs/base_msgs/msg/detail/referline__builder.hpp
[49.516s] -- Installing: /home/x/planning_with_ROS2_course/install/base_msgs/include/base_msgs/base_msgs/msg/detail/local_path_point__traits.hpp
[49.516s] -- Installing: /home/x/planning_with_ROS2_course/install/base_msgs/include/base_msgs/base_msgs/msg/detail/local_path__type_support.hpp
[49.517s] -- Installing: /home/x/planning_with_ROS2_course/install/base_msgs/include/base_msgs/base_msgs/msg/detail/local_path_point__builder.hpp
[49.518s] -- Installing: /home/x/planning_with_ROS2_course/install/base_msgs/include/base_msgs/base_msgs/msg/detail/referline__type_support.hpp
[49.518s] -- Installing: /home/x/planning_with_ROS2_course/install/base_msgs/include/base_msgs/base_msgs/msg/detail/local_speeds_point__struct.hpp
[49.518s] -- Installing: /home/x/planning_with_ROS2_course/install/base_msgs/include/base_msgs/base_msgs/msg/detail/referline_point__traits.hpp
[49.518s] -- Installing: /home/x/planning_with_ROS2_course/install/base_msgs/include/base_msgs/base_msgs/msg/detail/obs_info__type_support.hpp
[49.518s] -- Installing: /home/x/planning_with_ROS2_course/install/base_msgs/include/base_msgs/base_msgs/msg/detail/local_speeds__type_support.hpp
[49.518s] -- Installing: /home/x/planning_with_ROS2_course/install/base_msgs/include/base_msgs/base_msgs/msg/detail/local_speeds__struct.hpp
[49.518s] -- Installing: /home/x/planning_with_ROS2_course/install/base_msgs/include/base_msgs/base_msgs/msg/detail/plot_info__builder.hpp
[49.518s] -- Installing: /home/x/planning_with_ROS2_course/install/base_msgs/include/base_msgs/base_msgs/msg/detail/local_speeds__builder.hpp
[49.518s] -- Installing: /home/x/planning_with_ROS2_course/install/base_msgs/include/base_msgs/base_msgs/msg/detail/local_trajectory_point__builder.hpp
[49.518s] -- Installing: /home/x/planning_with_ROS2_course/install/base_msgs/include/base_msgs/base_msgs/msg/detail/plot_info__traits.hpp
[49.518s] -- Installing: /home/x/planning_with_ROS2_course/install/base_msgs/include/base_msgs/base_msgs/msg/detail/local_trajectory_point__traits.hpp
[49.518s] -- Installing: /home/x/planning_with_ROS2_course/install/base_msgs/include/base_msgs/base_msgs/msg/detail/local_path_point__type_support.hpp
[49.519s] -- Installing: /home/x/planning_with_ROS2_course/install/base_msgs/include/base_msgs/base_msgs/msg/detail/local_speeds_point__type_support.hpp
[49.519s] -- Installing: /home/x/planning_with_ROS2_course/install/base_msgs/include/base_msgs/base_msgs/msg/detail/local_path__builder.hpp
[49.519s] -- Installing: /home/x/planning_with_ROS2_course/install/base_msgs/include/base_msgs/base_msgs/msg/detail/local_trajectory_point__struct.hpp
[49.519s] -- Installing: /home/x/planning_with_ROS2_course/install/base_msgs/include/base_msgs/base_msgs/msg/detail/local_speeds__traits.hpp
[49.519s] -- Installing: /home/x/planning_with_ROS2_course/install/base_msgs/include/base_msgs/base_msgs/msg/detail/local_path__struct.hpp
[49.529s] -- Installing: /home/x/planning_with_ROS2_course/install/base_msgs/include/base_msgs/base_msgs/msg/detail/obs_info__builder.hpp
[49.529s] -- Installing: /home/x/planning_with_ROS2_course/install/base_msgs/include/base_msgs/base_msgs/msg/detail/local_speeds_point__traits.hpp
[49.530s] -- Installing: /home/x/planning_with_ROS2_course/install/base_msgs/include/base_msgs/base_msgs/msg/detail/obs_info__traits.hpp
[49.530s] -- Installing: /home/x/planning_with_ROS2_course/install/base_msgs/include/base_msgs/base_msgs/msg/detail/local_trajectory__builder.hpp
[49.530s] -- Installing: /home/x/planning_with_ROS2_course/install/base_msgs/include/base_msgs/base_msgs/msg/detail/local_speeds_point__builder.hpp
[49.530s] -- Installing: /home/x/planning_with_ROS2_course/install/base_msgs/include/base_msgs/base_msgs/msg/detail/local_path_point__struct.hpp
[49.530s] -- Installing: /home/x/planning_with_ROS2_course/install/base_msgs/include/base_msgs/base_msgs/msg/detail/pnc_map__type_support.hpp
[49.530s] -- Installing: /home/x/planning_with_ROS2_course/install/base_msgs/include/base_msgs/base_msgs/msg/detail/local_trajectory__type_support.hpp
[49.530s] -- Installing: /home/x/planning_with_ROS2_course/install/base_msgs/include/base_msgs/base_msgs/msg/detail/referline_point__struct.hpp
[49.530s] -- Installing: /home/x/planning_with_ROS2_course/install/base_msgs/include/base_msgs/base_msgs/msg/detail/referline__struct.hpp
[49.533s] -- Installing: /home/x/planning_with_ROS2_course/install/base_msgs/include/base_msgs/base_msgs/msg/detail/pnc_map__struct.hpp
[49.533s] -- Installing: /home/x/planning_with_ROS2_course/install/base_msgs/include/base_msgs/base_msgs/msg/detail/local_trajectory__struct.hpp
[49.533s] -- Installing: /home/x/planning_with_ROS2_course/install/base_msgs/include/base_msgs/base_msgs/msg/detail/local_path__traits.hpp
[49.534s] -- Installing: /home/x/planning_with_ROS2_course/install/base_msgs/include/base_msgs/base_msgs/msg/detail/plot_info__struct.hpp
[49.534s] -- Installing: /home/x/planning_with_ROS2_course/install/base_msgs/include/base_msgs/base_msgs/msg/detail/referline_point__type_support.hpp
[49.534s] -- Installing: /home/x/planning_with_ROS2_course/install/base_msgs/include/base_msgs/base_msgs/msg/detail/plot_info__type_support.hpp
[49.534s] -- Installing: /home/x/planning_with_ROS2_course/install/base_msgs/include/base_msgs/base_msgs/msg/detail/obs_info__struct.hpp
[49.534s] -- Installing: /home/x/planning_with_ROS2_course/install/base_msgs/include/base_msgs/base_msgs/msg/detail/pnc_map__builder.hpp
[49.534s] -- Installing: /home/x/planning_with_ROS2_course/install/base_msgs/include/base_msgs/base_msgs/msg/detail/referline_point__builder.hpp
[49.534s] -- Installing: /home/x/planning_with_ROS2_course/install/base_msgs/include/base_msgs/base_msgs/msg/detail/local_trajectory_point__type_support.hpp
[49.534s] -- Installing: /home/x/planning_with_ROS2_course/install/base_msgs/include/base_msgs/base_msgs/msg/plot_info.hpp
[49.534s] -- Installing: /home/x/planning_with_ROS2_course/install/base_msgs/include/base_msgs/base_msgs/msg/referline_point.hpp
[49.534s] -- Installing: /home/x/planning_with_ROS2_course/install/base_msgs/include/base_msgs/base_msgs/msg/local_speeds.hpp
[49.534s] -- Installing: /home/x/planning_with_ROS2_course/install/base_msgs/include/base_msgs/base_msgs/msg/pnc_map.hpp
[49.534s] -- Installing: /home/x/planning_with_ROS2_course/install/base_msgs/include/base_msgs/base_msgs/msg/referline.hpp
[49.534s] -- Installing: /home/x/planning_with_ROS2_course/install/base_msgs/include/base_msgs/base_msgs/msg/local_trajectory.hpp
[49.534s] -- Installing: /home/x/planning_with_ROS2_course/install/base_msgs/include/base_msgs/base_msgs/msg/local_speeds_point.hpp
[49.535s] -- Installing: /home/x/planning_with_ROS2_course/install/base_msgs/include/base_msgs/base_msgs/msg/local_path_point.hpp
[49.535s] -- Installing: /home/x/planning_with_ROS2_course/install/base_msgs/include/base_msgs/base_msgs/msg/obs_info.hpp
[49.537s] -- Installing: /home/x/planning_with_ROS2_course/install/base_msgs/include/base_msgs/base_msgs/msg/local_trajectory_point.hpp
[49.537s] -- Up-to-date: /home/x/planning_with_ROS2_course/install/base_msgs/include/base_msgs/base_msgs/srv
[49.537s] -- Installing: /home/x/planning_with_ROS2_course/install/base_msgs/include/base_msgs/base_msgs/srv/global_path_service.hpp
[49.537s] -- Up-to-date: /home/x/planning_with_ROS2_course/install/base_msgs/include/base_msgs/base_msgs/srv/detail
[49.537s] -- Installing: /home/x/planning_with_ROS2_course/install/base_msgs/include/base_msgs/base_msgs/srv/detail/pnc_map_service__type_support.hpp
[49.537s] -- Installing: /home/x/planning_with_ROS2_course/install/base_msgs/include/base_msgs/base_msgs/srv/detail/global_path_service__type_support.hpp
[49.537s] -- Installing: /home/x/planning_with_ROS2_course/install/base_msgs/include/base_msgs/base_msgs/srv/detail/global_path_service__builder.hpp
[49.537s] -- Installing: /home/x/planning_with_ROS2_course/install/base_msgs/include/base_msgs/base_msgs/srv/detail/pnc_map_service__builder.hpp
[49.537s] -- Installing: /home/x/planning_with_ROS2_course/install/base_msgs/include/base_msgs/base_msgs/srv/detail/global_path_service__traits.hpp
[49.537s] -- Installing: /home/x/planning_with_ROS2_course/install/base_msgs/include/base_msgs/base_msgs/srv/detail/global_path_service__struct.hpp
[49.537s] -- Installing: /home/x/planning_with_ROS2_course/install/base_msgs/include/base_msgs/base_msgs/srv/detail/pnc_map_service__traits.hpp
[49.538s] -- Installing: /home/x/planning_with_ROS2_course/install/base_msgs/include/base_msgs/base_msgs/srv/detail/pnc_map_service__struct.hpp
[49.538s] -- Installing: /home/x/planning_with_ROS2_course/install/base_msgs/include/base_msgs/base_msgs/srv/pnc_map_service.hpp
[49.538s] -- Up-to-date: /home/x/planning_with_ROS2_course/install/base_msgs/include/base_msgs/base_msgs
[49.538s] -- Up-to-date: /home/x/planning_with_ROS2_course/install/base_msgs/include/base_msgs/base_msgs/msg
[49.538s] -- Up-to-date: /home/x/planning_with_ROS2_course/install/base_msgs/include/base_msgs/base_msgs/msg/detail
[49.538s] -- Installing: /home/x/planning_with_ROS2_course/install/base_msgs/include/base_msgs/base_msgs/msg/detail/referline__rosidl_typesupport_fastrtps_cpp.hpp
[49.545s] -- Installing: /home/x/planning_with_ROS2_course/install/base_msgs/include/base_msgs/base_msgs/msg/detail/dds_fastrtps
[49.545s] -- Installing: /home/x/planning_with_ROS2_course/install/base_msgs/include/base_msgs/base_msgs/msg/detail/plot_info__rosidl_typesupport_fastrtps_cpp.hpp
[49.545s] -- Installing: /home/x/planning_with_ROS2_course/install/base_msgs/include/base_msgs/base_msgs/msg/detail/local_trajectory_point__rosidl_typesupport_fastrtps_cpp.hpp
[49.545s] -- Installing: /home/x/planning_with_ROS2_course/install/base_msgs/include/base_msgs/base_msgs/msg/detail/referline_point__rosidl_typesupport_fastrtps_cpp.hpp
[49.545s] -- Installing: /home/x/planning_with_ROS2_course/install/base_msgs/include/base_msgs/base_msgs/msg/detail/local_path__rosidl_typesupport_fastrtps_cpp.hpp
[49.547s] -- Installing: /home/x/planning_with_ROS2_course/install/base_msgs/include/base_msgs/base_msgs/msg/detail/local_speeds__rosidl_typesupport_fastrtps_cpp.hpp
[49.547s] -- Installing: /home/x/planning_with_ROS2_course/install/base_msgs/include/base_msgs/base_msgs/msg/detail/local_trajectory__rosidl_typesupport_fastrtps_cpp.hpp
[49.547s] -- Installing: /home/x/planning_with_ROS2_course/install/base_msgs/include/base_msgs/base_msgs/msg/detail/local_speeds_point__rosidl_typesupport_fastrtps_cpp.hpp
[49.547s] -- Installing: /home/x/planning_with_ROS2_course/install/base_msgs/include/base_msgs/base_msgs/msg/detail/pnc_map__rosidl_typesupport_fastrtps_cpp.hpp
[49.547s] -- Installing: /home/x/planning_with_ROS2_course/install/base_msgs/include/base_msgs/base_msgs/msg/detail/local_path_point__rosidl_typesupport_fastrtps_cpp.hpp
[49.547s] -- Installing: /home/x/planning_with_ROS2_course/install/base_msgs/include/base_msgs/base_msgs/msg/detail/obs_info__rosidl_typesupport_fastrtps_cpp.hpp
[49.547s] -- Installing: /home/x/planning_with_ROS2_course/install/base_msgs/include/base_msgs/base_msgs/msg/rosidl_typesupport_fastrtps_cpp__visibility_control.h
[49.547s] -- Up-to-date: /home/x/planning_with_ROS2_course/install/base_msgs/include/base_msgs/base_msgs/srv
[49.547s] -- Up-to-date: /home/x/planning_with_ROS2_course/install/base_msgs/include/base_msgs/base_msgs/srv/detail
[49.548s] -- Installing: /home/x/planning_with_ROS2_course/install/base_msgs/include/base_msgs/base_msgs/srv/detail/dds_fastrtps
[49.548s] -- Installing: /home/x/planning_with_ROS2_course/install/base_msgs/include/base_msgs/base_msgs/srv/detail/pnc_map_service__rosidl_typesupport_fastrtps_cpp.hpp
[49.548s] -- Installing: /home/x/planning_with_ROS2_course/install/base_msgs/include/base_msgs/base_msgs/srv/detail/global_path_service__rosidl_typesupport_fastrtps_cpp.hpp
[49.548s] -- Installing: /home/x/planning_with_ROS2_course/install/base_msgs/lib/libbase_msgs__rosidl_typesupport_fastrtps_cpp.so
[49.548s] -- Set runtime path of "/home/x/planning_with_ROS2_course/install/base_msgs/lib/libbase_msgs__rosidl_typesupport_fastrtps_cpp.so" to ""
[49.548s] -- Up-to-date: /home/x/planning_with_ROS2_course/install/base_msgs/include/base_msgs/base_msgs
[49.548s] -- Up-to-date: /home/x/planning_with_ROS2_course/install/base_msgs/include/base_msgs/base_msgs/msg
[49.548s] -- Up-to-date: /home/x/planning_with_ROS2_course/install/base_msgs/include/base_msgs/base_msgs/msg/detail
[49.548s] -- Installing: /home/x/planning_with_ROS2_course/install/base_msgs/include/base_msgs/base_msgs/msg/detail/local_path_point__type_support.cpp
[49.548s] -- Installing: /home/x/planning_with_ROS2_course/install/base_msgs/include/base_msgs/base_msgs/msg/detail/referline__type_support.cpp
[49.548s] -- Installing: /home/x/planning_with_ROS2_course/install/base_msgs/include/base_msgs/base_msgs/msg/detail/local_speeds__type_support.cpp
[49.548s] -- Installing: /home/x/planning_with_ROS2_course/install/base_msgs/include/base_msgs/base_msgs/msg/detail/obs_info__type_support.cpp
[49.548s] -- Installing: /home/x/planning_with_ROS2_course/install/base_msgs/include/base_msgs/base_msgs/msg/detail/local_path__rosidl_typesupport_introspection_cpp.hpp
[49.548s] -- Installing: /home/x/planning_with_ROS2_course/install/base_msgs/include/base_msgs/base_msgs/msg/detail/local_trajectory__type_support.cpp
[49.548s] -- Installing: /home/x/planning_with_ROS2_course/install/base_msgs/include/base_msgs/base_msgs/msg/detail/local_path_point__rosidl_typesupport_introspection_cpp.hpp
[49.549s] -- Installing: /home/x/planning_with_ROS2_course/install/base_msgs/include/base_msgs/base_msgs/msg/detail/local_speeds_point__rosidl_typesupport_introspection_cpp.hpp
[49.549s] -- Installing: /home/x/planning_with_ROS2_course/install/base_msgs/include/base_msgs/base_msgs/msg/detail/local_path__type_support.cpp
[49.549s] -- Installing: /home/x/planning_with_ROS2_course/install/base_msgs/include/base_msgs/base_msgs/msg/detail/local_trajectory_point__type_support.cpp
[49.549s] -- Installing: /home/x/planning_with_ROS2_course/install/base_msgs/include/base_msgs/base_msgs/msg/detail/plot_info__type_support.cpp
[49.549s] -- Installing: /home/x/planning_with_ROS2_course/install/base_msgs/include/base_msgs/base_msgs/msg/detail/local_speeds__rosidl_typesupport_introspection_cpp.hpp
[49.549s] -- Installing: /home/x/planning_with_ROS2_course/install/base_msgs/include/base_msgs/base_msgs/msg/detail/referline_point__type_support.cpp
[49.549s] -- Installing: /home/x/planning_with_ROS2_course/install/base_msgs/include/base_msgs/base_msgs/msg/detail/local_speeds_point__type_support.cpp
[49.549s] -- Installing: /home/x/planning_with_ROS2_course/install/base_msgs/include/base_msgs/base_msgs/msg/detail/pnc_map__rosidl_typesupport_introspection_cpp.hpp
[49.549s] -- Installing: /home/x/planning_with_ROS2_course/install/base_msgs/include/base_msgs/base_msgs/msg/detail/obs_info__rosidl_typesupport_introspection_cpp.hpp
[49.550s] -- Installing: /home/x/planning_with_ROS2_course/install/base_msgs/include/base_msgs/base_msgs/msg/detail/local_trajectory__rosidl_typesupport_introspection_cpp.hpp
[49.550s] -- Installing: /home/x/planning_with_ROS2_course/install/base_msgs/include/base_msgs/base_msgs/msg/detail/local_trajectory_point__rosidl_typesupport_introspection_cpp.hpp
[49.550s] -- Installing: /home/x/planning_with_ROS2_course/install/base_msgs/include/base_msgs/base_msgs/msg/detail/referline__rosidl_typesupport_introspection_cpp.hpp
[49.550s] -- Installing: /home/x/planning_with_ROS2_course/install/base_msgs/include/base_msgs/base_msgs/msg/detail/plot_info__rosidl_typesupport_introspection_cpp.hpp
[49.550s] -- Installing: /home/x/planning_with_ROS2_course/install/base_msgs/include/base_msgs/base_msgs/msg/detail/referline_point__rosidl_typesupport_introspection_cpp.hpp
[49.550s] -- Installing: /home/x/planning_with_ROS2_course/install/base_msgs/include/base_msgs/base_msgs/msg/detail/pnc_map__type_support.cpp
[49.550s] -- Up-to-date: /home/x/planning_with_ROS2_course/install/base_msgs/include/base_msgs/base_msgs/srv
[49.550s] -- Up-to-date: /home/x/planning_with_ROS2_course/install/base_msgs/include/base_msgs/base_msgs/srv/detail
[49.550s] -- Installing: /home/x/planning_with_ROS2_course/install/base_msgs/include/base_msgs/base_msgs/srv/detail/pnc_map_service__type_support.cpp
[49.550s] -- Installing: /home/x/planning_with_ROS2_course/install/base_msgs/include/base_msgs/base_msgs/srv/detail/pnc_map_service__rosidl_typesupport_introspection_cpp.hpp
[49.550s] -- Installing: /home/x/planning_with_ROS2_course/install/base_msgs/include/base_msgs/base_msgs/srv/detail/global_path_service__type_support.cpp
[49.550s] -- Installing: /home/x/planning_with_ROS2_course/install/base_msgs/include/base_msgs/base_msgs/srv/detail/global_path_service__rosidl_typesupport_introspection_cpp.hpp
[49.554s] -- Installing: /home/x/planning_with_ROS2_course/install/base_msgs/lib/libbase_msgs__rosidl_typesupport_introspection_cpp.so
[49.554s] -- Set runtime path of "/home/x/planning_with_ROS2_course/install/base_msgs/lib/libbase_msgs__rosidl_typesupport_introspection_cpp.so" to ""
[49.554s] -- Installing: /home/x/planning_with_ROS2_course/install/base_msgs/lib/libbase_msgs__rosidl_typesupport_cpp.so
[49.554s] -- Set runtime path of "/home/x/planning_with_ROS2_course/install/base_msgs/lib/libbase_msgs__rosidl_typesupport_cpp.so" to ""
[49.554s] -- Installing: /home/x/planning_with_ROS2_course/install/base_msgs/share/base_msgs/environment/pythonpath.sh
[49.554s] -- Installing: /home/x/planning_with_ROS2_course/install/base_msgs/share/base_msgs/environment/pythonpath.dsv
[49.554s] -- Installing: /home/x/planning_with_ROS2_course/install/base_msgs/local/lib/python3.10/dist-packages/base_msgs-0.0.0-py3.10.egg-info
[49.554s] -- Installing: /home/x/planning_with_ROS2_course/install/base_msgs/local/lib/python3.10/dist-packages/base_msgs-0.0.0-py3.10.egg-info/PKG-INFO
[49.554s] -- Installing: /home/x/planning_with_ROS2_course/install/base_msgs/local/lib/python3.10/dist-packages/base_msgs-0.0.0-py3.10.egg-info/top_level.txt
[49.554s] -- Installing: /home/x/planning_with_ROS2_course/install/base_msgs/local/lib/python3.10/dist-packages/base_msgs-0.0.0-py3.10.egg-info/dependency_links.txt
[49.554s] -- Installing: /home/x/planning_with_ROS2_course/install/base_msgs/local/lib/python3.10/dist-packages/base_msgs-0.0.0-py3.10.egg-info/SOURCES.txt
[49.555s] -- Installing: /home/x/planning_with_ROS2_course/install/base_msgs/local/lib/python3.10/dist-packages/base_msgs
[49.555s] -- Installing: /home/x/planning_with_ROS2_course/install/base_msgs/local/lib/python3.10/dist-packages/base_msgs/msg
[49.555s] -- Installing: /home/x/planning_with_ROS2_course/install/base_msgs/local/lib/python3.10/dist-packages/base_msgs/msg/_referline_point.py
[49.555s] -- Installing: /home/x/planning_with_ROS2_course/install/base_msgs/local/lib/python3.10/dist-packages/base_msgs/msg/_pnc_map.py
[49.555s] -- Installing: /home/x/planning_with_ROS2_course/install/base_msgs/local/lib/python3.10/dist-packages/base_msgs/msg/_obs_info_s.c
[49.555s] -- Installing: /home/x/planning_with_ROS2_course/install/base_msgs/local/lib/python3.10/dist-packages/base_msgs/msg/_local_speeds_point_s.c
[49.555s] -- Installing: /home/x/planning_with_ROS2_course/install/base_msgs/local/lib/python3.10/dist-packages/base_msgs/msg/__init__.py
[49.556s] -- Installing: /home/x/planning_with_ROS2_course/install/base_msgs/local/lib/python3.10/dist-packages/base_msgs/msg/_local_trajectory_s.c
[49.556s] -- Installing: /home/x/planning_with_ROS2_course/install/base_msgs/local/lib/python3.10/dist-packages/base_msgs/msg/_local_speeds_s.c
[49.556s] -- Installing: /home/x/planning_with_ROS2_course/install/base_msgs/local/lib/python3.10/dist-packages/base_msgs/msg/_local_trajectory_point.py
[49.556s] -- Installing: /home/x/planning_with_ROS2_course/install/base_msgs/local/lib/python3.10/dist-packages/base_msgs/msg/_plot_info_s.c
[49.559s] -- Installing: /home/x/planning_with_ROS2_course/install/base_msgs/local/lib/python3.10/dist-packages/base_msgs/msg/_local_path.py
[49.559s] -- Installing: /home/x/planning_with_ROS2_course/install/base_msgs/local/lib/python3.10/dist-packages/base_msgs/msg/_plot_info.py
[49.559s] -- Installing: /home/x/planning_with_ROS2_course/install/base_msgs/local/lib/python3.10/dist-packages/base_msgs/msg/_referline_s.c
[49.559s] -- Installing: /home/x/planning_with_ROS2_course/install/base_msgs/local/lib/python3.10/dist-packages/base_msgs/msg/_referline.py
[49.559s] -- Installing: /home/x/planning_with_ROS2_course/install/base_msgs/local/lib/python3.10/dist-packages/base_msgs/msg/_local_trajectory.py
[49.559s] -- Installing: /home/x/planning_with_ROS2_course/install/base_msgs/local/lib/python3.10/dist-packages/base_msgs/msg/_referline_point_s.c
[49.559s] -- Installing: /home/x/planning_with_ROS2_course/install/base_msgs/local/lib/python3.10/dist-packages/base_msgs/msg/_obs_info.py
[49.559s] -- Installing: /home/x/planning_with_ROS2_course/install/base_msgs/local/lib/python3.10/dist-packages/base_msgs/msg/_pnc_map_s.c
[49.559s] -- Installing: /home/x/planning_with_ROS2_course/install/base_msgs/local/lib/python3.10/dist-packages/base_msgs/msg/_local_path_point_s.c
[49.559s] -- Installing: /home/x/planning_with_ROS2_course/install/base_msgs/local/lib/python3.10/dist-packages/base_msgs/msg/_local_path_s.c
[49.559s] -- Installing: /home/x/planning_with_ROS2_course/install/base_msgs/local/lib/python3.10/dist-packages/base_msgs/msg/_local_speeds.py
[49.561s] -- Installing: /home/x/planning_with_ROS2_course/install/base_msgs/local/lib/python3.10/dist-packages/base_msgs/msg/_local_speeds_point.py
[49.561s] -- Installing: /home/x/planning_with_ROS2_course/install/base_msgs/local/lib/python3.10/dist-packages/base_msgs/msg/_local_trajectory_point_s.c
[49.561s] -- Installing: /home/x/planning_with_ROS2_course/install/base_msgs/local/lib/python3.10/dist-packages/base_msgs/msg/_local_path_point.py
[49.561s] -- Installing: /home/x/planning_with_ROS2_course/install/base_msgs/local/lib/python3.10/dist-packages/base_msgs/base_msgs_s__rosidl_typesupport_introspection_c.cpython-310-x86_64-linux-gnu.so
[49.561s] -- Installing: /home/x/planning_with_ROS2_course/install/base_msgs/local/lib/python3.10/dist-packages/base_msgs/__init__.py
[49.561s] -- Installing: /home/x/planning_with_ROS2_course/install/base_msgs/local/lib/python3.10/dist-packages/base_msgs/_base_msgs_s.ep.rosidl_typesupport_introspection_c.c
[49.562s] -- Installing: /home/x/planning_with_ROS2_course/install/base_msgs/local/lib/python3.10/dist-packages/base_msgs/libbase_msgs__rosidl_generator_py.so
[49.562s] -- Installing: /home/x/planning_with_ROS2_course/install/base_msgs/local/lib/python3.10/dist-packages/base_msgs/base_msgs_s__rosidl_typesupport_c.cpython-310-x86_64-linux-gnu.so
[49.562s] -- Installing: /home/x/planning_with_ROS2_course/install/base_msgs/local/lib/python3.10/dist-packages/base_msgs/base_msgs_s__rosidl_typesupport_fastrtps_c.cpython-310-x86_64-linux-gnu.so
[49.562s] -- Installing: /home/x/planning_with_ROS2_course/install/base_msgs/local/lib/python3.10/dist-packages/base_msgs/_base_msgs_s.ep.rosidl_typesupport_c.c
[49.562s] -- Installing: /home/x/planning_with_ROS2_course/install/base_msgs/local/lib/python3.10/dist-packages/base_msgs/_base_msgs_s.ep.rosidl_typesupport_fastrtps_c.c
[49.562s] -- Installing: /home/x/planning_with_ROS2_course/install/base_msgs/local/lib/python3.10/dist-packages/base_msgs/srv
[49.562s] -- Installing: /home/x/planning_with_ROS2_course/install/base_msgs/local/lib/python3.10/dist-packages/base_msgs/srv/_global_path_service_s.c
[49.562s] -- Installing: /home/x/planning_with_ROS2_course/install/base_msgs/local/lib/python3.10/dist-packages/base_msgs/srv/_pnc_map_service_s.c
[49.562s] -- Installing: /home/x/planning_with_ROS2_course/install/base_msgs/local/lib/python3.10/dist-packages/base_msgs/srv/_global_path_service.py
[49.563s] -- Installing: /home/x/planning_with_ROS2_course/install/base_msgs/local/lib/python3.10/dist-packages/base_msgs/srv/__init__.py
[49.563s] -- Installing: /home/x/planning_with_ROS2_course/install/base_msgs/local/lib/python3.10/dist-packages/base_msgs/srv/_pnc_map_service.py
[49.654s] Listing '/home/x/planning_with_ROS2_course/install/base_msgs/local/lib/python3.10/dist-packages/base_msgs'...
[49.654s] Compiling '/home/x/planning_with_ROS2_course/install/base_msgs/local/lib/python3.10/dist-packages/base_msgs/__init__.py'...
[49.654s] Listing '/home/x/planning_with_ROS2_course/install/base_msgs/local/lib/python3.10/dist-packages/base_msgs/msg'...
[49.654s] Compiling '/home/x/planning_with_ROS2_course/install/base_msgs/local/lib/python3.10/dist-packages/base_msgs/msg/__init__.py'...
[49.654s] Compiling '/home/x/planning_with_ROS2_course/install/base_msgs/local/lib/python3.10/dist-packages/base_msgs/msg/_local_path.py'...
[49.654s] Compiling '/home/x/planning_with_ROS2_course/install/base_msgs/local/lib/python3.10/dist-packages/base_msgs/msg/_local_path_point.py'...
[49.654s] Compiling '/home/x/planning_with_ROS2_course/install/base_msgs/local/lib/python3.10/dist-packages/base_msgs/msg/_local_speeds.py'...
[49.654s] Compiling '/home/x/planning_with_ROS2_course/install/base_msgs/local/lib/python3.10/dist-packages/base_msgs/msg/_local_speeds_point.py'...
[49.654s] Compiling '/home/x/planning_with_ROS2_course/install/base_msgs/local/lib/python3.10/dist-packages/base_msgs/msg/_local_trajectory.py'...
[49.655s] Compiling '/home/x/planning_with_ROS2_course/install/base_msgs/local/lib/python3.10/dist-packages/base_msgs/msg/_local_trajectory_point.py'...
[49.655s] Compiling '/home/x/planning_with_ROS2_course/install/base_msgs/local/lib/python3.10/dist-packages/base_msgs/msg/_obs_info.py'...
[49.655s] Compiling '/home/x/planning_with_ROS2_course/install/base_msgs/local/lib/python3.10/dist-packages/base_msgs/msg/_plot_info.py'...
[49.655s] Compiling '/home/x/planning_with_ROS2_course/install/base_msgs/local/lib/python3.10/dist-packages/base_msgs/msg/_pnc_map.py'...
[49.655s] Compiling '/home/x/planning_with_ROS2_course/install/base_msgs/local/lib/python3.10/dist-packages/base_msgs/msg/_referline.py'...
[49.655s] Compiling '/home/x/planning_with_ROS2_course/install/base_msgs/local/lib/python3.10/dist-packages/base_msgs/msg/_referline_point.py'...
[49.655s] Listing '/home/x/planning_with_ROS2_course/install/base_msgs/local/lib/python3.10/dist-packages/base_msgs/srv'...
[49.655s] Compiling '/home/x/planning_with_ROS2_course/install/base_msgs/local/lib/python3.10/dist-packages/base_msgs/srv/__init__.py'...
[49.655s] Compiling '/home/x/planning_with_ROS2_course/install/base_msgs/local/lib/python3.10/dist-packages/base_msgs/srv/_global_path_service.py'...
[49.655s] Compiling '/home/x/planning_with_ROS2_course/install/base_msgs/local/lib/python3.10/dist-packages/base_msgs/srv/_pnc_map_service.py'...
[49.665s] -- Installing: /home/x/planning_with_ROS2_course/install/base_msgs/local/lib/python3.10/dist-packages/base_msgs/base_msgs_s__rosidl_typesupport_fastrtps_c.cpython-310-x86_64-linux-gnu.so
[49.667s] -- Set runtime path of "/home/x/planning_with_ROS2_course/install/base_msgs/local/lib/python3.10/dist-packages/base_msgs/base_msgs_s__rosidl_typesupport_fastrtps_c.cpython-310-x86_64-linux-gnu.so" to ""
[49.668s] -- Installing: /home/x/planning_with_ROS2_course/install/base_msgs/local/lib/python3.10/dist-packages/base_msgs/base_msgs_s__rosidl_typesupport_introspection_c.cpython-310-x86_64-linux-gnu.so
[49.669s] -- Set runtime path of "/home/x/planning_with_ROS2_course/install/base_msgs/local/lib/python3.10/dist-packages/base_msgs/base_msgs_s__rosidl_typesupport_introspection_c.cpython-310-x86_64-linux-gnu.so" to ""
[49.670s] -- Installing: /home/x/planning_with_ROS2_course/install/base_msgs/local/lib/python3.10/dist-packages/base_msgs/base_msgs_s__rosidl_typesupport_c.cpython-310-x86_64-linux-gnu.so
[49.670s] -- Set runtime path of "/home/x/planning_with_ROS2_course/install/base_msgs/local/lib/python3.10/dist-packages/base_msgs/base_msgs_s__rosidl_typesupport_c.cpython-310-x86_64-linux-gnu.so" to ""
[49.670s] -- Installing: /home/x/planning_with_ROS2_course/install/base_msgs/lib/libbase_msgs__rosidl_generator_py.so
[49.670s] -- Set runtime path of "/home/x/planning_with_ROS2_course/install/base_msgs/lib/libbase_msgs__rosidl_generator_py.so" to ""
[49.670s] -- Installing: /home/x/planning_with_ROS2_course/install/base_msgs/share/base_msgs/srv/GlobalPathService.idl
[49.670s] -- Installing: /home/x/planning_with_ROS2_course/install/base_msgs/share/base_msgs/srv/PNCMapService.idl
[49.670s] -- Installing: /home/x/planning_with_ROS2_course/install/base_msgs/share/base_msgs/msg/PNCMap.idl
[49.670s] -- Installing: /home/x/planning_with_ROS2_course/install/base_msgs/share/base_msgs/msg/ReferlinePoint.idl
[49.671s] -- Installing: /home/x/planning_with_ROS2_course/install/base_msgs/share/base_msgs/msg/Referline.idl
[49.673s] -- Installing: /home/x/planning_with_ROS2_course/install/base_msgs/share/base_msgs/msg/LocalPathPoint.idl
[49.675s] -- Installing: /home/x/planning_with_ROS2_course/install/base_msgs/share/base_msgs/msg/LocalPath.idl
[49.675s] -- Installing: /home/x/planning_with_ROS2_course/install/base_msgs/share/base_msgs/msg/LocalSpeedsPoint.idl
[49.676s] -- Installing: /home/x/planning_with_ROS2_course/install/base_msgs/share/base_msgs/msg/LocalSpeeds.idl
[49.676s] -- Installing: /home/x/planning_with_ROS2_course/install/base_msgs/share/base_msgs/msg/LocalTrajectoryPoint.idl
[49.676s] -- Installing: /home/x/planning_with_ROS2_course/install/base_msgs/share/base_msgs/msg/LocalTrajectory.idl
[49.676s] -- Installing: /home/x/planning_with_ROS2_course/install/base_msgs/share/base_msgs/msg/ObsInfo.idl
[49.676s] -- Installing: /home/x/planning_with_ROS2_course/install/base_msgs/share/base_msgs/msg/PlotInfo.idl
[49.677s] -- Installing: /home/x/planning_with_ROS2_course/install/base_msgs/share/base_msgs/srv/GlobalPathService.srv
[49.677s] -- Installing: /home/x/planning_with_ROS2_course/install/base_msgs/share/base_msgs/srv/GlobalPathService_Request.msg
[49.677s] -- Installing: /home/x/planning_with_ROS2_course/install/base_msgs/share/base_msgs/srv/GlobalPathService_Response.msg
[49.677s] -- Installing: /home/x/planning_with_ROS2_course/install/base_msgs/share/base_msgs/srv/PNCMapService.srv
[49.678s] -- Installing: /home/x/planning_with_ROS2_course/install/base_msgs/share/base_msgs/srv/PNCMapService_Request.msg
[49.678s] -- Installing: /home/x/planning_with_ROS2_course/install/base_msgs/share/base_msgs/srv/PNCMapService_Response.msg
[49.679s] -- Installing: /home/x/planning_with_ROS2_course/install/base_msgs/share/base_msgs/msg/PNCMap.msg
[49.680s] -- Installing: /home/x/planning_with_ROS2_course/install/base_msgs/share/base_msgs/msg/ReferlinePoint.msg
[49.681s] -- Installing: /home/x/planning_with_ROS2_course/install/base_msgs/share/base_msgs/msg/Referline.msg
[49.682s] -- Installing: /home/x/planning_with_ROS2_course/install/base_msgs/share/base_msgs/msg/LocalPathPoint.msg
[49.682s] -- Installing: /home/x/planning_with_ROS2_course/install/base_msgs/share/base_msgs/msg/LocalPath.msg
[49.682s] -- Installing: /home/x/planning_with_ROS2_course/install/base_msgs/share/base_msgs/msg/LocalSpeedsPoint.msg
[49.682s] -- Installing: /home/x/planning_with_ROS2_course/install/base_msgs/share/base_msgs/msg/LocalSpeeds.msg
[49.682s] -- Installing: /home/x/planning_with_ROS2_course/install/base_msgs/share/base_msgs/msg/LocalTrajectoryPoint.msg
[49.682s] -- Installing: /home/x/planning_with_ROS2_course/install/base_msgs/share/base_msgs/msg/LocalTrajectory.msg
[49.682s] -- Installing: /home/x/planning_with_ROS2_course/install/base_msgs/share/base_msgs/msg/ObsInfo.msg
[49.682s] -- Installing: /home/x/planning_with_ROS2_course/install/base_msgs/share/base_msgs/msg/PlotInfo.msg
[49.682s] -- Installing: /home/x/planning_with_ROS2_course/install/base_msgs/share/ament_index/resource_index/package_run_dependencies/base_msgs
[49.686s] -- Installing: /home/x/planning_with_ROS2_course/install/base_msgs/share/ament_index/resource_index/parent_prefix_path/base_msgs
[49.686s] -- Installing: /home/x/planning_with_ROS2_course/install/base_msgs/share/base_msgs/environment/ament_prefix_path.sh
[49.686s] -- Installing: /home/x/planning_with_ROS2_course/install/base_msgs/share/base_msgs/environment/ament_prefix_path.dsv
[49.686s] -- Installing: /home/x/planning_with_ROS2_course/install/base_msgs/share/base_msgs/environment/path.sh
[49.686s] -- Installing: /home/x/planning_with_ROS2_course/install/base_msgs/share/base_msgs/environment/path.dsv
[49.686s] -- Installing: /home/x/planning_with_ROS2_course/install/base_msgs/share/base_msgs/local_setup.bash
[49.686s] -- Installing: /home/x/planning_with_ROS2_course/install/base_msgs/share/base_msgs/local_setup.sh
[49.687s] -- Installing: /home/x/planning_with_ROS2_course/install/base_msgs/share/base_msgs/local_setup.zsh
[49.687s] -- Installing: /home/x/planning_with_ROS2_course/install/base_msgs/share/base_msgs/local_setup.dsv
[49.687s] -- Installing: /home/x/planning_with_ROS2_course/install/base_msgs/share/base_msgs/package.dsv
[49.687s] -- Installing: /home/x/planning_with_ROS2_course/install/base_msgs/share/ament_index/resource_index/packages/base_msgs
[49.687s] -- Installing: /home/x/planning_with_ROS2_course/install/base_msgs/share/base_msgs/cmake/export_base_msgs__rosidl_generator_cExport.cmake
[49.687s] -- Installing: /home/x/planning_with_ROS2_course/install/base_msgs/share/base_msgs/cmake/export_base_msgs__rosidl_generator_cExport-noconfig.cmake
[49.687s] -- Installing: /home/x/planning_with_ROS2_course/install/base_msgs/share/base_msgs/cmake/export_base_msgs__rosidl_typesupport_fastrtps_cExport.cmake
[49.687s] -- Installing: /home/x/planning_with_ROS2_course/install/base_msgs/share/base_msgs/cmake/export_base_msgs__rosidl_typesupport_fastrtps_cExport-noconfig.cmake
[49.687s] -- Installing: /home/x/planning_with_ROS2_course/install/base_msgs/share/base_msgs/cmake/base_msgs__rosidl_typesupport_introspection_cExport.cmake
[49.687s] -- Installing: /home/x/planning_with_ROS2_course/install/base_msgs/share/base_msgs/cmake/base_msgs__rosidl_typesupport_introspection_cExport-noconfig.cmake
[49.687s] -- Installing: /home/x/planning_with_ROS2_course/install/base_msgs/share/base_msgs/cmake/base_msgs__rosidl_typesupport_cExport.cmake
[49.687s] -- Installing: /home/x/planning_with_ROS2_course/install/base_msgs/share/base_msgs/cmake/base_msgs__rosidl_typesupport_cExport-noconfig.cmake
[49.687s] -- Installing: /home/x/planning_with_ROS2_course/install/base_msgs/share/base_msgs/cmake/export_base_msgs__rosidl_generator_cppExport.cmake
[49.687s] -- Installing: /home/x/planning_with_ROS2_course/install/base_msgs/share/base_msgs/cmake/export_base_msgs__rosidl_typesupport_fastrtps_cppExport.cmake
[49.687s] -- Installing: /home/x/planning_with_ROS2_course/install/base_msgs/share/base_msgs/cmake/export_base_msgs__rosidl_typesupport_fastrtps_cppExport-noconfig.cmake
[49.688s] -- Installing: /home/x/planning_with_ROS2_course/install/base_msgs/share/base_msgs/cmake/base_msgs__rosidl_typesupport_introspection_cppExport.cmake
[49.688s] -- Installing: /home/x/planning_with_ROS2_course/install/base_msgs/share/base_msgs/cmake/base_msgs__rosidl_typesupport_introspection_cppExport-noconfig.cmake
[49.688s] -- Installing: /home/x/planning_with_ROS2_course/install/base_msgs/share/base_msgs/cmake/base_msgs__rosidl_typesupport_cppExport.cmake
[49.688s] -- Installing: /home/x/planning_with_ROS2_course/install/base_msgs/share/base_msgs/cmake/base_msgs__rosidl_typesupport_cppExport-noconfig.cmake
[49.688s] -- Installing: /home/x/planning_with_ROS2_course/install/base_msgs/share/base_msgs/cmake/export_base_msgs__rosidl_generator_pyExport.cmake
[49.688s] -- Installing: /home/x/planning_with_ROS2_course/install/base_msgs/share/base_msgs/cmake/export_base_msgs__rosidl_generator_pyExport-noconfig.cmake
[49.688s] -- Installing: /home/x/planning_with_ROS2_course/install/base_msgs/share/base_msgs/cmake/rosidl_cmake-extras.cmake
[49.688s] -- Installing: /home/x/planning_with_ROS2_course/install/base_msgs/share/base_msgs/cmake/ament_cmake_export_dependencies-extras.cmake
[49.690s] -- Installing: /home/x/planning_with_ROS2_course/install/base_msgs/share/base_msgs/cmake/ament_cmake_export_include_directories-extras.cmake
[49.690s] -- Installing: /home/x/planning_with_ROS2_course/install/base_msgs/share/base_msgs/cmake/ament_cmake_export_libraries-extras.cmake
[49.690s] -- Installing: /home/x/planning_with_ROS2_course/install/base_msgs/share/base_msgs/cmake/ament_cmake_export_targets-extras.cmake
[49.690s] -- Installing: /home/x/planning_with_ROS2_course/install/base_msgs/share/base_msgs/cmake/rosidl_cmake_export_typesupport_targets-extras.cmake
[49.690s] -- Installing: /home/x/planning_with_ROS2_course/install/base_msgs/share/base_msgs/cmake/rosidl_cmake_export_typesupport_libraries-extras.cmake
[49.690s] -- Installing: /home/x/planning_with_ROS2_course/install/base_msgs/share/base_msgs/cmake/base_msgsConfig.cmake
[49.690s] -- Installing: /home/x/planning_with_ROS2_course/install/base_msgs/share/base_msgs/cmake/base_msgsConfig-version.cmake
[49.690s] -- Installing: /home/x/planning_with_ROS2_course/install/base_msgs/share/base_msgs/package.xml
[49.697s] Invoked command in '/home/x/planning_with_ROS2_course/build/base_msgs' returned '0': CMAKE_PREFIX_PATH=${CMAKE_PREFIX_PATH}:/home/x/planning_with_ROS2_course/install/data_plot:/opt/ros/humble /usr/bin/cmake --install /home/x/planning_with_ROS2_course/build/base_msgs
