[2.060s] Invoking command in '/home/x/planning_with_ROS2_course/src/data_plot': CMAKE_PREFIX_PATH=/home/x/planning_with_ROS2_course/install/base_msgs:/home/x/planning_with_ROS2_course/install/planning LD_LIBRARY_PATH=/home/x/planning_with_ROS2_course/install/base_msgs/lib:${LD_LIBRARY_PATH} PYTHONPATH=/home/x/planning_with_ROS2_course/build/data_plot/prefix_override:/usr/lib/python3/dist-packages/colcon_core/task/python/colcon_distutils_commands:/home/x/planning_with_ROS2_course/install/data_plot/lib/python3.10/site-packages:/home/x/planning_with_ROS2_course/install/base_msgs/local/lib/python3.10/dist-packages:${PYTHONPATH} /usr/bin/python3 -W ignore:setup.py install is deprecated -W ignore:easy_install command is deprecated setup.py egg_info --egg-base ../../build/data_plot build --build-base /home/x/planning_with_ROS2_course/build/data_plot/build install --record /home/x/planning_with_ROS2_course/build/data_plot/install.log --single-version-externally-managed install_data
[2.722s] running egg_info
[2.724s] creating ../../build/data_plot/data_plot.egg-info
[2.724s] writing ../../build/data_plot/data_plot.egg-info/PKG-INFO
[2.725s] writing dependency_links to ../../build/data_plot/data_plot.egg-info/dependency_links.txt
[2.725s] writing entry points to ../../build/data_plot/data_plot.egg-info/entry_points.txt
[2.725s] writing requirements to ../../build/data_plot/data_plot.egg-info/requires.txt
[2.726s] writing top-level names to ../../build/data_plot/data_plot.egg-info/top_level.txt
[2.727s] writing manifest file '../../build/data_plot/data_plot.egg-info/SOURCES.txt'
[2.736s] reading manifest file '../../build/data_plot/data_plot.egg-info/SOURCES.txt'
[2.745s] writing manifest file '../../build/data_plot/data_plot.egg-info/SOURCES.txt'
[2.745s] running build
[2.745s] running build_py
[2.745s] creating /home/x/planning_with_ROS2_course/build/data_plot/build
[2.745s] creating /home/x/planning_with_ROS2_course/build/data_plot/build/lib
[2.745s] creating /home/x/planning_with_ROS2_course/build/data_plot/build/lib/data_plot
[2.745s] copying data_plot/__init__.py -> /home/x/planning_with_ROS2_course/build/data_plot/build/lib/data_plot
[2.745s] copying data_plot/data_plot.py -> /home/x/planning_with_ROS2_course/build/data_plot/build/lib/data_plot
[2.745s] running install
[2.746s] running install_lib
[2.750s] creating /home/x/planning_with_ROS2_course/install/data_plot/lib/python3.10/site-packages/data_plot
[2.750s] copying /home/x/planning_with_ROS2_course/build/data_plot/build/lib/data_plot/__init__.py -> /home/x/planning_with_ROS2_course/install/data_plot/lib/python3.10/site-packages/data_plot
[2.750s] copying /home/x/planning_with_ROS2_course/build/data_plot/build/lib/data_plot/data_plot.py -> /home/x/planning_with_ROS2_course/install/data_plot/lib/python3.10/site-packages/data_plot
[2.751s] byte-compiling /home/x/planning_with_ROS2_course/install/data_plot/lib/python3.10/site-packages/data_plot/__init__.py to __init__.cpython-310.pyc
[2.751s] byte-compiling /home/x/planning_with_ROS2_course/install/data_plot/lib/python3.10/site-packages/data_plot/data_plot.py to data_plot.cpython-310.pyc
[2.752s] running install_data
[2.752s] creating /home/x/planning_with_ROS2_course/install/data_plot/share/ament_index
[2.752s] creating /home/x/planning_with_ROS2_course/install/data_plot/share/ament_index/resource_index
[2.752s] creating /home/x/planning_with_ROS2_course/install/data_plot/share/ament_index/resource_index/packages
[2.752s] copying resource/data_plot -> /home/x/planning_with_ROS2_course/install/data_plot/share/ament_index/resource_index/packages
[2.752s] copying package.xml -> /home/x/planning_with_ROS2_course/install/data_plot/share/data_plot
[2.752s] running install_egg_info
[2.762s] Copying ../../build/data_plot/data_plot.egg-info to /home/x/planning_with_ROS2_course/install/data_plot/lib/python3.10/site-packages/data_plot-0.0.0-py3.10.egg-info
[2.762s] running install_scripts
[2.838s] Installing data_plot script to /home/x/planning_with_ROS2_course/install/data_plot/lib/data_plot
[2.839s] writing list of installed files to '/home/x/planning_with_ROS2_course/build/data_plot/install.log'
[2.905s] Invoked command in '/home/x/planning_with_ROS2_course/src/data_plot' returned '0': CMAKE_PREFIX_PATH=/home/x/planning_with_ROS2_course/install/base_msgs:/home/x/planning_with_ROS2_course/install/planning LD_LIBRARY_PATH=/home/x/planning_with_ROS2_course/install/base_msgs/lib:${LD_LIBRARY_PATH} PYTHONPATH=/home/x/planning_with_ROS2_course/build/data_plot/prefix_override:/usr/lib/python3/dist-packages/colcon_core/task/python/colcon_distutils_commands:/home/x/planning_with_ROS2_course/install/data_plot/lib/python3.10/site-packages:/home/x/planning_with_ROS2_course/install/base_msgs/local/lib/python3.10/dist-packages:${PYTHONPATH} /usr/bin/python3 -W ignore:setup.py install is deprecated -W ignore:easy_install command is deprecated setup.py egg_info --egg-base ../../build/data_plot build --build-base /home/x/planning_with_ROS2_course/build/data_plot/build install --record /home/x/planning_with_ROS2_course/build/data_plot/install.log --single-version-externally-managed install_data
