[  5%] Built target config_reader
[ 13%] Built target mathlibs
[ 18%] Built target osqp_test
[ 27%] Built target vehicle_info
[ 32%] Built target global_planner
[ 40%] Built target reference_line
[ 48%] Built target pnc_map_creator
[ 54%] Built target decision_center
[ 59%] Built target obs_move_cmd
[ 64%] Built target global_path_server
[ 70%] Built target car_move_cmd
[ 75%] Built target pnc_map_server
[ 78%] [32mBuilding CXX object src/local_planner/CMakeFiles/local_planner.dir/local_trajectory_combiner.cpp.o[0m
[ 81%] [32m[1mLinking CXX shared library liblocal_planner.so[0m
[ 91%] Built target local_planner
[ 94%] [32mBuilding CXX object src/planning_process/CMakeFiles/planning_process.dir/planning_process_main.cpp.o[0m
[ 97%] [32mBuilding CXX object src/planning_process/CMakeFiles/planning_process.dir/planning_process.cpp.o[0m
[100%] [32m[1mLinking CXX executable planning_process[0m
[100%] Built target planning_process
-- Install configuration: ""
-- Up-to-date: /home/x/planning_with_ROS2_course/install/planning/lib/libconfig_reader.so
-- Up-to-date: /home/x/planning_with_ROS2_course/install/planning/lib/libmathlibs.so
-- Up-to-date: /home/x/planning_with_ROS2_course/install/planning/lib/libdecision_center.so
-- Up-to-date: /home/x/planning_with_ROS2_course/install/planning/lib/libpnc_map_creator.so
-- Up-to-date: /home/x/planning_with_ROS2_course/install/planning/lib/planning/pnc_map_server
-- Up-to-date: /home/x/planning_with_ROS2_course/install/planning/lib/libglobal_planner.so
-- Up-to-date: /home/x/planning_with_ROS2_course/install/planning/lib/planning/global_path_server
-- Installing: /home/x/planning_with_ROS2_course/install/planning/lib/liblocal_planner.so
-- Set runtime path of "/home/x/planning_with_ROS2_course/install/planning/lib/liblocal_planner.so" to ""
-- Up-to-date: /home/x/planning_with_ROS2_course/install/planning/lib/libreference_line.so
-- Up-to-date: /home/x/planning_with_ROS2_course/install/planning/lib/planning/osqp_test
-- Up-to-date: /home/x/planning_with_ROS2_course/install/planning/lib/libvehicle_info.so
-- Installing: /home/x/planning_with_ROS2_course/install/planning/lib/planning/planning_process
-- Set runtime path of "/home/x/planning_with_ROS2_course/install/planning/lib/planning/planning_process" to ""
-- Up-to-date: /home/x/planning_with_ROS2_course/install/planning/lib/planning/car_move_cmd
-- Up-to-date: /home/x/planning_with_ROS2_course/install/planning/lib/planning/obs_move_cmd
-- Up-to-date: /home/x/planning_with_ROS2_course/install/planning/share/planning/config
-- Up-to-date: /home/x/planning_with_ROS2_course/install/planning/share/planning/config/planning_static_obs_config.yaml
-- Up-to-date: /home/x/planning_with_ROS2_course/install/planning/share/planning/launch
-- Up-to-date: /home/x/planning_with_ROS2_course/install/planning/share/planning/launch/planning_launch.py
-- Up-to-date: /home/x/planning_with_ROS2_course/install/planning/share/planning/urdf
-- Up-to-date: /home/x/planning_with_ROS2_course/install/planning/share/planning/urdf/obs_car
-- Up-to-date: /home/x/planning_with_ROS2_course/install/planning/share/planning/urdf/obs_car/obs_car.xacro
-- Up-to-date: /home/x/planning_with_ROS2_course/install/planning/share/planning/urdf/main_car
-- Up-to-date: /home/x/planning_with_ROS2_course/install/planning/share/planning/urdf/main_car/car.xacro
-- Up-to-date: /home/x/planning_with_ROS2_course/install/planning/share/planning/urdf/main_car/car_radar.xacro
-- Up-to-date: /home/x/planning_with_ROS2_course/install/planning/share/planning/urdf/main_car/car_wheels.xacro
-- Up-to-date: /home/x/planning_with_ROS2_course/install/planning/share/planning/urdf/main_car/car_camera.xacro
-- Up-to-date: /home/x/planning_with_ROS2_course/install/planning/share/planning/urdf/main_car/car_base.xacro
-- Up-to-date: /home/x/planning_with_ROS2_course/install/planning/share/planning/rviz
-- Up-to-date: /home/x/planning_with_ROS2_course/install/planning/share/planning/rviz/planning.rviz
-- Up-to-date: /home/x/planning_with_ROS2_course/install/planning/share/ament_index/resource_index/package_run_dependencies/planning
-- Up-to-date: /home/x/planning_with_ROS2_course/install/planning/share/ament_index/resource_index/parent_prefix_path/planning
-- Up-to-date: /home/x/planning_with_ROS2_course/install/planning/share/planning/environment/ament_prefix_path.sh
-- Up-to-date: /home/x/planning_with_ROS2_course/install/planning/share/planning/environment/ament_prefix_path.dsv
-- Up-to-date: /home/x/planning_with_ROS2_course/install/planning/share/planning/environment/path.sh
-- Up-to-date: /home/x/planning_with_ROS2_course/install/planning/share/planning/environment/path.dsv
-- Up-to-date: /home/x/planning_with_ROS2_course/install/planning/share/planning/local_setup.bash
-- Up-to-date: /home/x/planning_with_ROS2_course/install/planning/share/planning/local_setup.sh
-- Up-to-date: /home/x/planning_with_ROS2_course/install/planning/share/planning/local_setup.zsh
-- Up-to-date: /home/x/planning_with_ROS2_course/install/planning/share/planning/local_setup.dsv
-- Installing: /home/x/planning_with_ROS2_course/install/planning/share/planning/package.dsv
-- Up-to-date: /home/x/planning_with_ROS2_course/install/planning/share/ament_index/resource_index/packages/planning
-- Up-to-date: /home/x/planning_with_ROS2_course/install/planning/share/planning/cmake/planningConfig.cmake
-- Up-to-date: /home/x/planning_with_ROS2_course/install/planning/share/planning/cmake/planningConfig-version.cmake
-- Up-to-date: /home/x/planning_with_ROS2_course/install/planning/share/planning/package.xml
