[0.638s] Invoking command in '/home/x/planning_with_ROS2_course/build/planning': CMAKE_PREFIX_PATH=/home/x/planning_with_ROS2_course/install/base_msgs:/home/x/planning_with_ROS2_course/install/planning:/home/x/planning_with_ROS2_course/install/data_plot:/opt/ros/humble LD_LIBRARY_PATH=/home/x/planning_with_ROS2_course/install/base_msgs/lib:/home/x/planning_with_ROS2_course/install/planning/lib:/home/x/planning_with_ROS2_course/install/planning/lib:/home/x/planning_with_ROS2_course/install/planning/lib:/opt/ros/humble/opt/rviz_ogre_vendor/lib:/opt/ros/humble/lib/x86_64-linux-gnu:/opt/ros/humble/lib /usr/bin/cmake --build /home/x/planning_with_ROS2_course/build/planning -- -j8 -l8
[0.795s] [  5%] Built target config_reader
[0.809s] [ 14%] Built target mathlibs
[0.899s] [ 20%] Built target global_planner
[0.946s] [ 28%] Built target pnc_map_creator
[0.962s] [ 37%] Built target vehicle_info
[0.977s] [ 45%] Built target reference_line
[1.007s] [35m[1mConsolidate compiler generated dependencies of target pnc_map_server[0m
[1.035s] [ 51%] Built target global_path_server
[1.099s] [ 57%] Built target decision_center
[1.127s] [ 60%] [32mBuilding CXX object src/pnc_map_creator/CMakeFiles/pnc_map_server.dir/pnc_map_server.cpp.o[0m
[1.142s] [ 65%] Built target car_move_cmd
[1.153s] [ 71%] Built target obs_move_cmd
[1.291s] [ 88%] Built target local_planner
[1.437s] [ 97%] Built target planning_process
[8.225s] [01m[K/home/x/planning_with_ROS2_course/src/planning/src/pnc_map_creator/pnc_map_server.cpp:[m[K In member function ‘[01m[Kvoid Planning::PNCMapServer::response_pnc_map_callback(std::shared_ptr<base_msgs::srv::PNCMapService_Request_<std::allocator<void> > >, std::shared_ptr<base_msgs::srv::PNCMapService_Response_<std::allocator<void> > >)[m[K’:
[8.225s] [01m[K/home/x/planning_with_ROS2_course/src/planning/src/pnc_map_creator/pnc_map_server.cpp:47:35:[m[K [01;31m[Kerror: [m[K‘[01m[KMapType[m[K’ has not been declared
[8.225s]    47 |             case static_cast<int>([01;31m[KMapType[m[K::STRAIGHT): // 直线路径
[8.225s]       |                                   [01;31m[K^~~~~~~[m[K
[8.232s] [01m[K/home/x/planning_with_ROS2_course/src/planning/src/pnc_map_creator/pnc_map_server.cpp:50:35:[m[K [01;31m[Kerror: [m[K‘[01m[KMapType[m[K’ has not been declared
[8.232s]    50 |             case static_cast<int>([01;31m[KMapType[m[K::STERN): // 转角路径
[8.232s]       |                                   [01;31m[K^~~~~~~[m[K
[12.320s] gmake[2]: *** [src/pnc_map_creator/CMakeFiles/pnc_map_server.dir/build.make:76：src/pnc_map_creator/CMakeFiles/pnc_map_server.dir/pnc_map_server.cpp.o] 错误 1
[12.321s] gmake[1]: *** [CMakeFiles/Makefile2:411：src/pnc_map_creator/CMakeFiles/pnc_map_server.dir/all] 错误 2
[12.321s] gmake: *** [Makefile:146：all] 错误 2
[12.326s] Invoked command in '/home/x/planning_with_ROS2_course/build/planning' returned '2': CMAKE_PREFIX_PATH=/home/x/planning_with_ROS2_course/install/base_msgs:/home/x/planning_with_ROS2_course/install/planning:/home/x/planning_with_ROS2_course/install/data_plot:/opt/ros/humble LD_LIBRARY_PATH=/home/x/planning_with_ROS2_course/install/base_msgs/lib:/home/x/planning_with_ROS2_course/install/planning/lib:/home/x/planning_with_ROS2_course/install/planning/lib:/home/x/planning_with_ROS2_course/install/planning/lib:/opt/ros/humble/opt/rviz_ogre_vendor/lib:/opt/ros/humble/lib/x86_64-linux-gnu:/opt/ros/humble/lib /usr/bin/cmake --build /home/x/planning_with_ROS2_course/build/planning -- -j8 -l8
