[0.558s] Invoking command in '/home/x/planning_with_ROS2_course/build/planning': CMAKE_PREFIX_PATH=/home/x/planning_with_ROS2_course/install/base_msgs:/home/x/planning_with_ROS2_course/install/planning:/home/x/planning_with_ROS2_course/install/data_plot:/opt/ros/humble LD_LIBRARY_PATH=/home/x/planning_with_ROS2_course/install/base_msgs/lib:/home/x/planning_with_ROS2_course/install/planning/lib:/home/x/planning_with_ROS2_course/install/planning/lib:/home/x/planning_with_ROS2_course/install/planning/lib:/opt/ros/humble/opt/rviz_ogre_vendor/lib:/opt/ros/humble/lib/x86_64-linux-gnu:/opt/ros/humble/lib /usr/bin/cmake --build /home/x/planning_with_ROS2_course/build/planning -- -j8 -l8
[0.686s] [  5%] Built target config_reader
[0.716s] [ 14%] Built target mathlibs
[0.791s] [ 20%] Built target global_planner
[0.791s] [ 28%] Built target pnc_map_creator
[0.812s] [ 37%] Built target vehicle_info
[0.828s] [ 45%] Built target reference_line
[0.861s] [35m[1mConsolidate compiler generated dependencies of target pnc_map_server[0m
[0.883s] [ 51%] Built target global_path_server
[0.906s] [ 57%] Built target decision_center
[0.913s] [ 62%] Built target obs_move_cmd
[0.915s] [ 65%] [32mBuilding CXX object src/pnc_map_creator/CMakeFiles/pnc_map_server.dir/pnc_map_server.cpp.o[0m
[0.931s] [ 71%] Built target car_move_cmd
[0.978s] [ 88%] Built target local_planner
[1.041s] [ 91%] [32mBuilding CXX object src/planning_process/CMakeFiles/planning_process.dir/planning_process.cpp.o[0m
[17.352s] [ 94%] [32m[1mLinking CXX executable pnc_map_server[0m
[17.797s] [ 97%] [32m[1mLinking CXX executable planning_process[0m
[18.102s] [ 97%] Built target pnc_map_server
[18.471s] [100%] Built target planning_process
[18.492s] Invoked command in '/home/x/planning_with_ROS2_course/build/planning' returned '0': CMAKE_PREFIX_PATH=/home/x/planning_with_ROS2_course/install/base_msgs:/home/x/planning_with_ROS2_course/install/planning:/home/x/planning_with_ROS2_course/install/data_plot:/opt/ros/humble LD_LIBRARY_PATH=/home/x/planning_with_ROS2_course/install/base_msgs/lib:/home/x/planning_with_ROS2_course/install/planning/lib:/home/x/planning_with_ROS2_course/install/planning/lib:/home/x/planning_with_ROS2_course/install/planning/lib:/opt/ros/humble/opt/rviz_ogre_vendor/lib:/opt/ros/humble/lib/x86_64-linux-gnu:/opt/ros/humble/lib /usr/bin/cmake --build /home/x/planning_with_ROS2_course/build/planning -- -j8 -l8
[18.498s] Invoking command in '/home/x/planning_with_ROS2_course/build/planning': CMAKE_PREFIX_PATH=/home/x/planning_with_ROS2_course/install/base_msgs:/home/x/planning_with_ROS2_course/install/planning:/home/x/planning_with_ROS2_course/install/data_plot:/opt/ros/humble LD_LIBRARY_PATH=/home/x/planning_with_ROS2_course/install/base_msgs/lib:/home/x/planning_with_ROS2_course/install/planning/lib:/home/x/planning_with_ROS2_course/install/planning/lib:/home/x/planning_with_ROS2_course/install/planning/lib:/opt/ros/humble/opt/rviz_ogre_vendor/lib:/opt/ros/humble/lib/x86_64-linux-gnu:/opt/ros/humble/lib /usr/bin/cmake --install /home/x/planning_with_ROS2_course/build/planning
[18.505s] -- Install configuration: ""
[18.505s] -- Up-to-date: /home/x/planning_with_ROS2_course/install/planning/lib/libconfig_reader.so
[18.507s] -- Up-to-date: /home/x/planning_with_ROS2_course/install/planning/lib/libmathlibs.so
[18.507s] -- Up-to-date: /home/x/planning_with_ROS2_course/install/planning/lib/libdecision_center.so
[18.510s] -- Up-to-date: /home/x/planning_with_ROS2_course/install/planning/lib/libpnc_map_creator.so
[18.511s] -- Installing: /home/x/planning_with_ROS2_course/install/planning/lib/planning/pnc_map_server
[18.516s] -- Set runtime path of "/home/x/planning_with_ROS2_course/install/planning/lib/planning/pnc_map_server" to ""
[18.516s] -- Up-to-date: /home/x/planning_with_ROS2_course/install/planning/lib/libglobal_planner.so
[18.516s] -- Up-to-date: /home/x/planning_with_ROS2_course/install/planning/lib/planning/global_path_server
[18.517s] -- Up-to-date: /home/x/planning_with_ROS2_course/install/planning/lib/liblocal_planner.so
[18.518s] -- Up-to-date: /home/x/planning_with_ROS2_course/install/planning/lib/libreference_line.so
[18.520s] -- Up-to-date: /home/x/planning_with_ROS2_course/install/planning/lib/libvehicle_info.so
[18.520s] -- Installing: /home/x/planning_with_ROS2_course/install/planning/lib/planning/planning_process
[18.526s] -- Set runtime path of "/home/x/planning_with_ROS2_course/install/planning/lib/planning/planning_process" to ""
[18.526s] -- Up-to-date: /home/x/planning_with_ROS2_course/install/planning/lib/planning/car_move_cmd
[18.526s] -- Up-to-date: /home/x/planning_with_ROS2_course/install/planning/lib/planning/obs_move_cmd
[18.526s] -- Up-to-date: /home/x/planning_with_ROS2_course/install/planning/share/planning/config
[18.527s] -- Up-to-date: /home/x/planning_with_ROS2_course/install/planning/share/planning/config/planning_static_obs_config.yaml
[18.527s] -- Up-to-date: /home/x/planning_with_ROS2_course/install/planning/share/planning/launch
[18.529s] -- Up-to-date: /home/x/planning_with_ROS2_course/install/planning/share/planning/launch/planning_launch.py
[18.529s] -- Up-to-date: /home/x/planning_with_ROS2_course/install/planning/share/planning/urdf
[18.529s] -- Up-to-date: /home/x/planning_with_ROS2_course/install/planning/share/planning/urdf/obs_car
[18.530s] -- Up-to-date: /home/x/planning_with_ROS2_course/install/planning/share/planning/urdf/obs_car/obs_car.xacro
[18.530s] -- Up-to-date: /home/x/planning_with_ROS2_course/install/planning/share/planning/urdf/main_car
[18.530s] -- Up-to-date: /home/x/planning_with_ROS2_course/install/planning/share/planning/urdf/main_car/car.xacro
[18.530s] -- Up-to-date: /home/x/planning_with_ROS2_course/install/planning/share/planning/urdf/main_car/car_radar.xacro
[18.530s] -- Up-to-date: /home/x/planning_with_ROS2_course/install/planning/share/planning/urdf/main_car/car_wheels.xacro
[18.531s] -- Up-to-date: /home/x/planning_with_ROS2_course/install/planning/share/planning/urdf/main_car/car_camera.xacro
[18.531s] -- Up-to-date: /home/x/planning_with_ROS2_course/install/planning/share/planning/urdf/main_car/car_base.xacro
[18.531s] -- Up-to-date: /home/x/planning_with_ROS2_course/install/planning/share/planning/rviz
[18.531s] -- Up-to-date: /home/x/planning_with_ROS2_course/install/planning/share/planning/rviz/planning.rviz
[18.532s] -- Up-to-date: /home/x/planning_with_ROS2_course/install/planning/share/ament_index/resource_index/package_run_dependencies/planning
[18.532s] -- Up-to-date: /home/x/planning_with_ROS2_course/install/planning/share/ament_index/resource_index/parent_prefix_path/planning
[18.532s] -- Up-to-date: /home/x/planning_with_ROS2_course/install/planning/share/planning/environment/ament_prefix_path.sh
[18.533s] -- Up-to-date: /home/x/planning_with_ROS2_course/install/planning/share/planning/environment/ament_prefix_path.dsv
[18.533s] -- Up-to-date: /home/x/planning_with_ROS2_course/install/planning/share/planning/environment/path.sh
[18.533s] -- Up-to-date: /home/x/planning_with_ROS2_course/install/planning/share/planning/environment/path.dsv
[18.533s] -- Up-to-date: /home/x/planning_with_ROS2_course/install/planning/share/planning/local_setup.bash
[18.533s] -- Up-to-date: /home/x/planning_with_ROS2_course/install/planning/share/planning/local_setup.sh
[18.533s] -- Up-to-date: /home/x/planning_with_ROS2_course/install/planning/share/planning/local_setup.zsh
[18.533s] -- Up-to-date: /home/x/planning_with_ROS2_course/install/planning/share/planning/local_setup.dsv
[18.533s] -- Installing: /home/x/planning_with_ROS2_course/install/planning/share/planning/package.dsv
[18.533s] -- Up-to-date: /home/x/planning_with_ROS2_course/install/planning/share/ament_index/resource_index/packages/planning
[18.534s] -- Up-to-date: /home/x/planning_with_ROS2_course/install/planning/share/planning/cmake/planningConfig.cmake
[18.534s] -- Up-to-date: /home/x/planning_with_ROS2_course/install/planning/share/planning/cmake/planningConfig-version.cmake
[18.534s] -- Up-to-date: /home/x/planning_with_ROS2_course/install/planning/share/planning/package.xml
[18.534s] Invoked command in '/home/x/planning_with_ROS2_course/build/planning' returned '0': CMAKE_PREFIX_PATH=/home/x/planning_with_ROS2_course/install/base_msgs:/home/x/planning_with_ROS2_course/install/planning:/home/x/planning_with_ROS2_course/install/data_plot:/opt/ros/humble LD_LIBRARY_PATH=/home/x/planning_with_ROS2_course/install/base_msgs/lib:/home/x/planning_with_ROS2_course/install/planning/lib:/home/x/planning_with_ROS2_course/install/planning/lib:/home/x/planning_with_ROS2_course/install/planning/lib:/opt/ros/humble/opt/rviz_ogre_vendor/lib:/opt/ros/humble/lib/x86_64-linux-gnu:/opt/ros/humble/lib /usr/bin/cmake --install /home/x/planning_with_ROS2_course/build/planning
