[0.036s] Invoking command in '/home/x/planning_with_ROS2_course/build/planning': CMAKE_PREFIX_PATH=/home/x/planning_with_ROS2_course/install/base_msgs:/home/x/planning_with_ROS2_course/install/planning:/home/x/planning_with_ROS2_course/install/data_plot:/opt/ros/humble LD_LIBRARY_PATH=/home/x/planning_with_ROS2_course/install/base_msgs/lib:/home/x/planning_with_ROS2_course/install/planning/lib:/home/x/planning_with_ROS2_course/install/planning/lib:/home/x/planning_with_ROS2_course/install/planning/lib:/opt/ros/humble/opt/rviz_ogre_vendor/lib:/opt/ros/humble/lib/x86_64-linux-gnu:/opt/ros/humble/lib /usr/bin/cmake --build /home/x/planning_with_ROS2_course/build/planning -- -j8 -l8
[0.188s] [  5%] Built target config_reader
[0.201s] [ 14%] Built target mathlibs
[0.302s] [ 20%] Built target global_planner
[0.302s] [ 28%] Built target pnc_map_creator
[0.311s] [ 37%] Built target vehicle_info
[0.327s] [ 45%] Built target reference_line
[0.413s] [ 48%] Building CXX object src/pnc_map_creator/CMakeFiles/pnc_map_server.dir/pnc_map_server.cpp.o
[0.416s] [ 54%] Built target global_path_server
[0.424s] [ 62%] Built target car_move_cmd
[0.431s] [ 65%] Built target decision_center
[0.454s] [ 71%] Built target obs_move_cmd
[0.550s] [ 88%] Built target local_planner
[0.614s] [ 97%] Built target planning_process
[7.187s] /home/x/planning_with_ROS2_course/src/planning/src/pnc_map_creator/pnc_map_server.cpp: In member function ‘void Planning::PNCMapServer::response_pnc_map_callback(std::shared_ptr<base_msgs::srv::PNCMapService_Request_<std::allocator<void> > >, std::shared_ptr<base_msgs::srv::PNCMapService_Response_<std::allocator<void> > >)’:
[7.187s] /home/x/planning_with_ROS2_course/src/planning/src/pnc_map_creator/pnc_map_server.cpp:47:35: error: ‘MapType’ has not been declared
[7.187s]    47 |             case static_cast<int>(MapType::STRAIGHT): // 直线路径
[7.187s]       |                                   ^~~~~~~
[7.194s] /home/x/planning_with_ROS2_course/src/planning/src/pnc_map_creator/pnc_map_server.cpp:50:35: error: ‘MapType’ has not been declared
[7.194s]    50 |             case static_cast<int>(MapType::STERN): // 转角路径
[7.194s]       |                                   ^~~~~~~
[11.498s] gmake[2]: *** [src/pnc_map_creator/CMakeFiles/pnc_map_server.dir/build.make:76：src/pnc_map_creator/CMakeFiles/pnc_map_server.dir/pnc_map_server.cpp.o] 错误 1
[11.498s] gmake[1]: *** [CMakeFiles/Makefile2:411：src/pnc_map_creator/CMakeFiles/pnc_map_server.dir/all] 错误 2
[11.498s] gmake: *** [Makefile:146：all] 错误 2
[11.502s] Invoked command in '/home/x/planning_with_ROS2_course/build/planning' returned '2': CMAKE_PREFIX_PATH=/home/x/planning_with_ROS2_course/install/base_msgs:/home/x/planning_with_ROS2_course/install/planning:/home/x/planning_with_ROS2_course/install/data_plot:/opt/ros/humble LD_LIBRARY_PATH=/home/x/planning_with_ROS2_course/install/base_msgs/lib:/home/x/planning_with_ROS2_course/install/planning/lib:/home/x/planning_with_ROS2_course/install/planning/lib:/home/x/planning_with_ROS2_course/install/planning/lib:/opt/ros/humble/opt/rviz_ogre_vendor/lib:/opt/ros/humble/lib/x86_64-linux-gnu:/opt/ros/humble/lib /usr/bin/cmake --build /home/x/planning_with_ROS2_course/build/planning -- -j8 -l8
