[  5%] Built target config_reader
[ 14%] Built target mathlibs
[35m[1mConsolidate compiler generated dependencies of target pnc_map_creator[0m
[ 20%] Built target global_planner
[ 22%] [32mBuilding CXX object src/pnc_map_creator/CMakeFiles/pnc_map_creator.dir/pnc_map_straight/pnc_map_creator_straight.cpp.o[0m
[ 31%] Built target reference_line
[ 34%] [32mBuilding CXX object src/pnc_map_creator/CMakeFiles/pnc_map_creator.dir/pnc_map_sturn/pnc_map_creator_sturn.cpp.o[0m
[ 42%] Built target vehicle_info
[ 48%] Built target global_path_server
[ 60%] Built target decision_center
[ 60%] Built target obs_move_cmd
[ 65%] Built target car_move_cmd
[ 82%] Built target local_planner
[35m[1mConsolidate compiler generated dependencies of target planning_process[0m
[ 85%] [32mBuilding CXX object src/planning_process/CMakeFiles/planning_process.dir/planning_process.cpp.o[0m
[ 88%] [32m[1mLinking CXX shared library libpnc_map_creator.so[0m
[ 88%] Built target pnc_map_creator
[ 91%] [32mBuilding CXX object src/pnc_map_creator/CMakeFiles/pnc_map_server.dir/pnc_map_server.cpp.o[0m
[ 94%] [32m[1mLinking CXX executable planning_process[0m
[ 97%] Built target planning_process
