[0.582s] Invoking command in '/home/x/planning_with_ROS2_course/build/planning': CMAKE_PREFIX_PATH=/home/x/planning_with_ROS2_course/install/base_msgs:/home/x/planning_with_ROS2_course/install/planning:/home/x/planning_with_ROS2_course/install/data_plot:/opt/ros/humble LD_LIBRARY_PATH=/home/x/planning_with_ROS2_course/install/base_msgs/lib:/home/x/planning_with_ROS2_course/install/planning/lib:/home/x/planning_with_ROS2_course/install/planning/lib:/home/x/planning_with_ROS2_course/install/planning/lib:/opt/ros/humble/opt/rviz_ogre_vendor/lib:/opt/ros/humble/lib/x86_64-linux-gnu:/opt/ros/humble/lib /usr/bin/cmake --build /home/x/planning_with_ROS2_course/build/planning -- -j8 -l8
[0.733s] [  5%] Built target config_reader
[0.753s] [ 14%] Built target mathlibs
[0.768s] [35m[1mConsolidate compiler generated dependencies of target pnc_map_creator[0m
[0.868s] [ 20%] Built target global_planner
[0.869s] [ 22%] [32mBuilding CXX object src/pnc_map_creator/CMakeFiles/pnc_map_creator.dir/pnc_map_straight/pnc_map_creator_straight.cpp.o[0m
[0.884s] [ 31%] Built target reference_line
[0.884s] [ 34%] [32mBuilding CXX object src/pnc_map_creator/CMakeFiles/pnc_map_creator.dir/pnc_map_sturn/pnc_map_creator_sturn.cpp.o[0m
[0.884s] [ 42%] Built target vehicle_info
[0.995s] [ 48%] Built target global_path_server
[1.033s] [ 60%] Built target decision_center
[1.039s] [ 60%] Built target obs_move_cmd
[1.039s] [ 65%] Built target car_move_cmd
[1.130s] [ 82%] Built target local_planner
[1.183s] [35m[1mConsolidate compiler generated dependencies of target planning_process[0m
[1.252s] [ 85%] [32mBuilding CXX object src/planning_process/CMakeFiles/planning_process.dir/planning_process.cpp.o[0m
[14.505s] [ 88%] [32m[1mLinking CXX shared library libpnc_map_creator.so[0m
[14.892s] [ 88%] Built target pnc_map_creator
[14.936s] [ 91%] [32mBuilding CXX object src/pnc_map_creator/CMakeFiles/pnc_map_server.dir/pnc_map_server.cpp.o[0m
[21.248s] [ 94%] [32m[1mLinking CXX executable planning_process[0m
[21.893s] [01m[K/home/x/planning_with_ROS2_course/src/planning/src/pnc_map_creator/pnc_map_server.cpp:[m[K In member function ‘[01m[Kvoid Planning::PNCMapServer::response_pnc_map_callback(std::shared_ptr<base_msgs::srv::PNCMapService_Request_<std::allocator<void> > >, std::shared_ptr<base_msgs::srv::PNCMapService_Response_<std::allocator<void> > >)[m[K’:
[21.893s] [01m[K/home/x/planning_with_ROS2_course/src/planning/src/pnc_map_creator/pnc_map_server.cpp:47:35:[m[K [01;31m[Kerror: [m[K‘[01m[KMapType[m[K’ has not been declared
[21.893s]    47 |             case static_cast<int>([01;31m[KMapType[m[K::STRAIGHT): // 直线路径
[21.893s]       |                                   [01;31m[K^~~~~~~[m[K
[21.904s] [01m[K/home/x/planning_with_ROS2_course/src/planning/src/pnc_map_creator/pnc_map_server.cpp:50:35:[m[K [01;31m[Kerror: [m[K‘[01m[KMapType[m[K’ has not been declared
[21.904s]    50 |             case static_cast<int>([01;31m[KMapType[m[K::STERN): // 转角路径
[21.904s]       |                                   [01;31m[K^~~~~~~[m[K
[21.934s] [ 97%] Built target planning_process
[25.941s] gmake[2]: *** [src/pnc_map_creator/CMakeFiles/pnc_map_server.dir/build.make:76：src/pnc_map_creator/CMakeFiles/pnc_map_server.dir/pnc_map_server.cpp.o] 错误 1
[25.941s] gmake[1]: *** [CMakeFiles/Makefile2:411：src/pnc_map_creator/CMakeFiles/pnc_map_server.dir/all] 错误 2
[25.942s] gmake: *** [Makefile:146：all] 错误 2
[25.949s] Invoked command in '/home/x/planning_with_ROS2_course/build/planning' returned '2': CMAKE_PREFIX_PATH=/home/x/planning_with_ROS2_course/install/base_msgs:/home/x/planning_with_ROS2_course/install/planning:/home/x/planning_with_ROS2_course/install/data_plot:/opt/ros/humble LD_LIBRARY_PATH=/home/x/planning_with_ROS2_course/install/base_msgs/lib:/home/x/planning_with_ROS2_course/install/planning/lib:/home/x/planning_with_ROS2_course/install/planning/lib:/home/x/planning_with_ROS2_course/install/planning/lib:/opt/ros/humble/opt/rviz_ogre_vendor/lib:/opt/ros/humble/lib/x86_64-linux-gnu:/opt/ros/humble/lib /usr/bin/cmake --build /home/x/planning_with_ROS2_course/build/planning -- -j8 -l8
