[1.745s] Invoking command in '/home/x/planning_with_ROS2_course/src/data_plot': CMAKE_PREFIX_PATH=/home/x/planning_with_ROS2_course/install/base_msgs:/home/x/planning_with_ROS2_course/install/planning LD_LIBRARY_PATH=/home/x/planning_with_ROS2_course/install/base_msgs/lib:/home/x/planning_with_ROS2_course/install/planning/lib:/home/x/planning_with_ROS2_course/install/planning/lib:/home/x/planning_with_ROS2_course/install/planning/lib:/opt/ros/humble/opt/rviz_ogre_vendor/lib:/opt/ros/humble/lib/x86_64-linux-gnu:/opt/ros/humble/lib PYTHONPATH=/home/x/planning_with_ROS2_course/build/data_plot/prefix_override:/usr/lib/python3/dist-packages/colcon_core/task/python/colcon_distutils_commands:/home/x/planning_with_ROS2_course/install/data_plot/lib/python3.10/site-packages:${PYTHONPATH} /usr/bin/python3 -W ignore:setup.py install is deprecated -W ignore:easy_install command is deprecated setup.py egg_info --egg-base ../../build/data_plot build --build-base /home/x/planning_with_ROS2_course/build/data_plot/build install --record /home/x/planning_with_ROS2_course/build/data_plot/install.log --single-version-externally-managed install_data
[2.379s] running egg_info
[2.379s] writing ../../build/data_plot/data_plot.egg-info/PKG-INFO
[2.380s] writing dependency_links to ../../build/data_plot/data_plot.egg-info/dependency_links.txt
[2.388s] writing entry points to ../../build/data_plot/data_plot.egg-info/entry_points.txt
[2.392s] writing requirements to ../../build/data_plot/data_plot.egg-info/requires.txt
[2.392s] writing top-level names to ../../build/data_plot/data_plot.egg-info/top_level.txt
[2.397s] reading manifest file '../../build/data_plot/data_plot.egg-info/SOURCES.txt'
[2.403s] writing manifest file '../../build/data_plot/data_plot.egg-info/SOURCES.txt'
[2.403s] running build
[2.403s] running build_py
[2.403s] running install
[2.403s] running install_lib
[2.403s] running install_data
[2.403s] running install_egg_info
[2.410s] removing '/home/x/planning_with_ROS2_course/install/data_plot/lib/python3.10/site-packages/data_plot-0.0.0-py3.10.egg-info' (and everything under it)
[2.410s] Copying ../../build/data_plot/data_plot.egg-info to /home/x/planning_with_ROS2_course/install/data_plot/lib/python3.10/site-packages/data_plot-0.0.0-py3.10.egg-info
[2.410s] running install_scripts
[2.456s] Installing data_plot script to /home/x/planning_with_ROS2_course/install/data_plot/lib/data_plot
[2.456s] writing list of installed files to '/home/x/planning_with_ROS2_course/build/data_plot/install.log'
[2.509s] Invoked command in '/home/x/planning_with_ROS2_course/src/data_plot' returned '0': CMAKE_PREFIX_PATH=/home/x/planning_with_ROS2_course/install/base_msgs:/home/x/planning_with_ROS2_course/install/planning LD_LIBRARY_PATH=/home/x/planning_with_ROS2_course/install/base_msgs/lib:/home/x/planning_with_ROS2_course/install/planning/lib:/home/x/planning_with_ROS2_course/install/planning/lib:/home/x/planning_with_ROS2_course/install/planning/lib:/opt/ros/humble/opt/rviz_ogre_vendor/lib:/opt/ros/humble/lib/x86_64-linux-gnu:/opt/ros/humble/lib PYTHONPATH=/home/x/planning_with_ROS2_course/build/data_plot/prefix_override:/usr/lib/python3/dist-packages/colcon_core/task/python/colcon_distutils_commands:/home/x/planning_with_ROS2_course/install/data_plot/lib/python3.10/site-packages:${PYTHONPATH} /usr/bin/python3 -W ignore:setup.py install is deprecated -W ignore:easy_install command is deprecated setup.py egg_info --egg-base ../../build/data_plot build --build-base /home/x/planning_with_ROS2_course/build/data_plot/build install --record /home/x/planning_with_ROS2_course/build/data_plot/install.log --single-version-externally-managed install_data
