[0.515s] Invoking command in '/home/x/planning_with_ROS2_course/build/planning': CMAKE_PREFIX_PATH=/home/x/planning_with_ROS2_course/install/base_msgs:/home/x/planning_with_ROS2_course/install/planning:/home/x/planning_with_ROS2_course/install/data_plot:/opt/ros/humble LD_LIBRARY_PATH=/home/x/planning_with_ROS2_course/install/base_msgs/lib:/home/x/planning_with_ROS2_course/install/planning/lib:/home/x/planning_with_ROS2_course/install/planning/lib:/home/x/planning_with_ROS2_course/install/planning/lib:/opt/ros/humble/opt/rviz_ogre_vendor/lib:/opt/ros/humble/lib/x86_64-linux-gnu:/opt/ros/humble/lib /usr/bin/cmake --build /home/x/planning_with_ROS2_course/build/planning -- -j8 -l8
[0.649s] [  5%] Built target config_reader
[0.657s] [ 14%] Built target mathlibs
[0.739s] [ 17%] [32mBuilding CXX object src/pnc_map_creator/CMakeFiles/pnc_map_creator.dir/pnc_map_straight/pnc_map_creator_straight.cpp.o[0m
[0.740s] [ 20%] [32mBuilding CXX object src/pnc_map_creator/CMakeFiles/pnc_map_creator.dir/pnc_map_sturn/pnc_map_creator_sturn.cpp.o[0m
[0.746s] [ 25%] Built target global_planner
[0.761s] [ 34%] Built target vehicle_info
[0.815s] [ 42%] Built target reference_line
[0.909s] [ 48%] Built target global_path_server
[0.921s] [ 54%] Built target decision_center
[0.937s] [ 60%] Built target obs_move_cmd
[0.952s] [ 65%] Built target car_move_cmd
[1.048s] [ 82%] Built target local_planner
[1.133s] [ 91%] Built target planning_process
[9.744s] [ 94%] [32m[1mLinking CXX shared library libpnc_map_creator.so[0m
[10.032s] [ 94%] Built target pnc_map_creator
[10.077s] [ 97%] [32mBuilding CXX object src/pnc_map_creator/CMakeFiles/pnc_map_server.dir/pnc_map_server.cpp.o[0m
[16.875s] [100%] [32m[1mLinking CXX executable pnc_map_server[0m
[17.212s] [100%] Built target pnc_map_server
[17.249s] Invoked command in '/home/x/planning_with_ROS2_course/build/planning' returned '0': CMAKE_PREFIX_PATH=/home/x/planning_with_ROS2_course/install/base_msgs:/home/x/planning_with_ROS2_course/install/planning:/home/x/planning_with_ROS2_course/install/data_plot:/opt/ros/humble LD_LIBRARY_PATH=/home/x/planning_with_ROS2_course/install/base_msgs/lib:/home/x/planning_with_ROS2_course/install/planning/lib:/home/x/planning_with_ROS2_course/install/planning/lib:/home/x/planning_with_ROS2_course/install/planning/lib:/opt/ros/humble/opt/rviz_ogre_vendor/lib:/opt/ros/humble/lib/x86_64-linux-gnu:/opt/ros/humble/lib /usr/bin/cmake --build /home/x/planning_with_ROS2_course/build/planning -- -j8 -l8
[17.250s] Invoking command in '/home/x/planning_with_ROS2_course/build/planning': CMAKE_PREFIX_PATH=/home/x/planning_with_ROS2_course/install/base_msgs:/home/x/planning_with_ROS2_course/install/planning:/home/x/planning_with_ROS2_course/install/data_plot:/opt/ros/humble LD_LIBRARY_PATH=/home/x/planning_with_ROS2_course/install/base_msgs/lib:/home/x/planning_with_ROS2_course/install/planning/lib:/home/x/planning_with_ROS2_course/install/planning/lib:/home/x/planning_with_ROS2_course/install/planning/lib:/opt/ros/humble/opt/rviz_ogre_vendor/lib:/opt/ros/humble/lib/x86_64-linux-gnu:/opt/ros/humble/lib /usr/bin/cmake --install /home/x/planning_with_ROS2_course/build/planning
[17.263s] -- Install configuration: ""
[17.263s] -- Up-to-date: /home/x/planning_with_ROS2_course/install/planning/lib/libconfig_reader.so
[17.264s] -- Up-to-date: /home/x/planning_with_ROS2_course/install/planning/lib/libmathlibs.so
[17.266s] -- Up-to-date: /home/x/planning_with_ROS2_course/install/planning/lib/libdecision_center.so
[17.266s] -- Installing: /home/x/planning_with_ROS2_course/install/planning/lib/libpnc_map_creator.so
[17.267s] -- Set runtime path of "/home/x/planning_with_ROS2_course/install/planning/lib/libpnc_map_creator.so" to ""
[17.267s] -- Installing: /home/x/planning_with_ROS2_course/install/planning/lib/planning/pnc_map_server
[17.269s] -- Set runtime path of "/home/x/planning_with_ROS2_course/install/planning/lib/planning/pnc_map_server" to ""
[17.269s] -- Up-to-date: /home/x/planning_with_ROS2_course/install/planning/lib/libglobal_planner.so
[17.269s] -- Up-to-date: /home/x/planning_with_ROS2_course/install/planning/lib/planning/global_path_server
[17.269s] -- Up-to-date: /home/x/planning_with_ROS2_course/install/planning/lib/liblocal_planner.so
[17.269s] -- Up-to-date: /home/x/planning_with_ROS2_course/install/planning/lib/libreference_line.so
[17.271s] -- Up-to-date: /home/x/planning_with_ROS2_course/install/planning/lib/libvehicle_info.so
[17.274s] -- Up-to-date: /home/x/planning_with_ROS2_course/install/planning/lib/planning/planning_process
[17.274s] -- Up-to-date: /home/x/planning_with_ROS2_course/install/planning/lib/planning/car_move_cmd
[17.274s] -- Up-to-date: /home/x/planning_with_ROS2_course/install/planning/lib/planning/obs_move_cmd
[17.274s] -- Up-to-date: /home/x/planning_with_ROS2_course/install/planning/share/planning/config
[17.274s] -- Up-to-date: /home/x/planning_with_ROS2_course/install/planning/share/planning/config/planning_static_obs_config.yaml
[17.276s] -- Up-to-date: /home/x/planning_with_ROS2_course/install/planning/share/planning/launch
[17.277s] -- Up-to-date: /home/x/planning_with_ROS2_course/install/planning/share/planning/launch/planning_launch.py
[17.277s] -- Up-to-date: /home/x/planning_with_ROS2_course/install/planning/share/planning/urdf
[17.278s] -- Up-to-date: /home/x/planning_with_ROS2_course/install/planning/share/planning/urdf/obs_car
[17.278s] -- Up-to-date: /home/x/planning_with_ROS2_course/install/planning/share/planning/urdf/obs_car/obs_car.xacro
[17.278s] -- Up-to-date: /home/x/planning_with_ROS2_course/install/planning/share/planning/urdf/main_car
[17.278s] -- Up-to-date: /home/x/planning_with_ROS2_course/install/planning/share/planning/urdf/main_car/car.xacro
[17.278s] -- Up-to-date: /home/x/planning_with_ROS2_course/install/planning/share/planning/urdf/main_car/car_radar.xacro
[17.278s] -- Up-to-date: /home/x/planning_with_ROS2_course/install/planning/share/planning/urdf/main_car/car_wheels.xacro
[17.278s] -- Up-to-date: /home/x/planning_with_ROS2_course/install/planning/share/planning/urdf/main_car/car_camera.xacro
[17.278s] -- Up-to-date: /home/x/planning_with_ROS2_course/install/planning/share/planning/urdf/main_car/car_base.xacro
[17.278s] -- Up-to-date: /home/x/planning_with_ROS2_course/install/planning/share/planning/rviz
[17.279s] -- Up-to-date: /home/x/planning_with_ROS2_course/install/planning/share/planning/rviz/planning.rviz
[17.279s] -- Up-to-date: /home/x/planning_with_ROS2_course/install/planning/share/ament_index/resource_index/package_run_dependencies/planning
[17.279s] -- Up-to-date: /home/x/planning_with_ROS2_course/install/planning/share/ament_index/resource_index/parent_prefix_path/planning
[17.279s] -- Up-to-date: /home/x/planning_with_ROS2_course/install/planning/share/planning/environment/ament_prefix_path.sh
[17.283s] -- Up-to-date: /home/x/planning_with_ROS2_course/install/planning/share/planning/environment/ament_prefix_path.dsv
[17.284s] -- Up-to-date: /home/x/planning_with_ROS2_course/install/planning/share/planning/environment/path.sh
[17.287s] -- Up-to-date: /home/x/planning_with_ROS2_course/install/planning/share/planning/environment/path.dsv
[17.287s] -- Up-to-date: /home/x/planning_with_ROS2_course/install/planning/share/planning/local_setup.bash
[17.287s] -- Up-to-date: /home/x/planning_with_ROS2_course/install/planning/share/planning/local_setup.sh
[17.287s] -- Up-to-date: /home/x/planning_with_ROS2_course/install/planning/share/planning/local_setup.zsh
[17.287s] -- Up-to-date: /home/x/planning_with_ROS2_course/install/planning/share/planning/local_setup.dsv
[17.288s] -- Installing: /home/x/planning_with_ROS2_course/install/planning/share/planning/package.dsv
[17.288s] -- Up-to-date: /home/x/planning_with_ROS2_course/install/planning/share/ament_index/resource_index/packages/planning
[17.288s] -- Up-to-date: /home/x/planning_with_ROS2_course/install/planning/share/planning/cmake/planningConfig.cmake
[17.288s] -- Up-to-date: /home/x/planning_with_ROS2_course/install/planning/share/planning/cmake/planningConfig-version.cmake
[17.288s] -- Up-to-date: /home/x/planning_with_ROS2_course/install/planning/share/planning/package.xml
[17.288s] Invoked command in '/home/x/planning_with_ROS2_course/build/planning' returned '0': CMAKE_PREFIX_PATH=/home/x/planning_with_ROS2_course/install/base_msgs:/home/x/planning_with_ROS2_course/install/planning:/home/x/planning_with_ROS2_course/install/data_plot:/opt/ros/humble LD_LIBRARY_PATH=/home/x/planning_with_ROS2_course/install/base_msgs/lib:/home/x/planning_with_ROS2_course/install/planning/lib:/home/x/planning_with_ROS2_course/install/planning/lib:/home/x/planning_with_ROS2_course/install/planning/lib:/opt/ros/humble/opt/rviz_ogre_vendor/lib:/opt/ros/humble/lib/x86_64-linux-gnu:/opt/ros/humble/lib /usr/bin/cmake --install /home/x/planning_with_ROS2_course/build/planning
