[0.035s] Invoking command in '/home/x/planning_with_ROS2_course/build/planning': CMAKE_PREFIX_PATH=/home/x/planning_with_ROS2_course/install/base_msgs:/home/x/planning_with_ROS2_course/install/planning:/home/x/planning_with_ROS2_course/install/data_plot:/opt/ros/humble LD_LIBRARY_PATH=/home/x/planning_with_ROS2_course/install/base_msgs/lib:/home/x/planning_with_ROS2_course/install/planning/lib:/home/x/planning_with_ROS2_course/install/planning/lib:/home/x/planning_with_ROS2_course/install/planning/lib:/opt/ros/humble/opt/rviz_ogre_vendor/lib:/opt/ros/humble/lib/x86_64-linux-gnu:/opt/ros/humble/lib /usr/bin/cmake --build /home/x/planning_with_ROS2_course/build/planning -- -j8 -l8
[0.167s] [  8%] Built target mathlibs
[0.198s] [ 14%] Built target config_reader
[0.319s] [ 22%] Built target pnc_map_creator
[0.320s] [ 31%] Built target vehicle_info
[0.344s] [ 40%] Built target reference_line
[0.351s] [ 45%] Built target global_planner
[0.424s] Consolidate compiler generated dependencies of target pnc_map_server
[0.434s] [ 51%] Built target obs_move_cmd
[0.444s] [ 57%] Built target car_move_cmd
[0.451s] [ 62%] Built target decision_center
[0.454s] [ 65%] Building CXX object src/pnc_map_creator/CMakeFiles/pnc_map_server.dir/pnc_map_server.cpp.o
[0.468s] [ 71%] Built target global_path_server
[0.546s] [ 88%] Built target local_planner
[0.635s] [ 97%] Built target planning_process
[7.404s] /home/x/planning_with_ROS2_course/src/planning/src/pnc_map_creator/pnc_map_server.cpp: In member function ‘void Planning::PNCMapServer::response_pnc_map_callback(std::shared_ptr<base_msgs::srv::PNCMapService_Request_<std::allocator<void> > >, std::shared_ptr<base_msgs::srv::PNCMapService_Response_<std::allocator<void> > >)’:
[7.404s] /home/x/planning_with_ROS2_course/src/planning/src/pnc_map_creator/pnc_map_server.cpp:47:35: error: ‘MapType’ has not been declared
[7.404s]    47 |             case static_cast<int>(MapType::STRAIGHT): // 直线路径
[7.404s]       |                                   ^~~~~~~
[7.412s] /home/x/planning_with_ROS2_course/src/planning/src/pnc_map_creator/pnc_map_server.cpp:50:35: error: ‘MapType’ has not been declared
[7.412s]    50 |             case static_cast<int>(MapType::STERN): // 转角路径
[7.412s]       |                                   ^~~~~~~
[11.505s] gmake[2]: *** [src/pnc_map_creator/CMakeFiles/pnc_map_server.dir/build.make:76：src/pnc_map_creator/CMakeFiles/pnc_map_server.dir/pnc_map_server.cpp.o] 错误 1
[11.511s] gmake[1]: *** [CMakeFiles/Makefile2:411：src/pnc_map_creator/CMakeFiles/pnc_map_server.dir/all] 错误 2
[11.511s] gmake: *** [Makefile:146：all] 错误 2
[11.511s] Invoked command in '/home/x/planning_with_ROS2_course/build/planning' returned '2': CMAKE_PREFIX_PATH=/home/x/planning_with_ROS2_course/install/base_msgs:/home/x/planning_with_ROS2_course/install/planning:/home/x/planning_with_ROS2_course/install/data_plot:/opt/ros/humble LD_LIBRARY_PATH=/home/x/planning_with_ROS2_course/install/base_msgs/lib:/home/x/planning_with_ROS2_course/install/planning/lib:/home/x/planning_with_ROS2_course/install/planning/lib:/home/x/planning_with_ROS2_course/install/planning/lib:/opt/ros/humble/opt/rviz_ogre_vendor/lib:/opt/ros/humble/lib/x86_64-linux-gnu:/opt/ros/humble/lib /usr/bin/cmake --build /home/x/planning_with_ROS2_course/build/planning -- -j8 -l8
