[0.422s] Invoking command in '/home/x/planning_with_ROS2_course/build/planning': CMAKE_PREFIX_PATH=/home/x/planning_with_ROS2_course/install/base_msgs:/home/x/planning_with_ROS2_course/install/planning:/home/x/planning_with_ROS2_course/install/data_plot:/opt/ros/humble LD_LIBRARY_PATH=/home/x/planning_with_ROS2_course/install/base_msgs/lib:/home/x/planning_with_ROS2_course/install/planning/lib:/home/x/planning_with_ROS2_course/install/planning/lib:/home/x/planning_with_ROS2_course/install/planning/lib:/opt/ros/humble/opt/rviz_ogre_vendor/lib:/opt/ros/humble/lib/x86_64-linux-gnu:/opt/ros/humble/lib /usr/bin/cmake --build /home/x/planning_with_ROS2_course/build/planning -- -j8 -l8
[0.532s] [  5%] Built target config_reader
[0.543s] [ 14%] Built target mathlibs
[0.602s] [ 22%] Built target pnc_map_creator
[0.621s] [ 28%] Built target global_planner
[0.631s] [ 37%] Built target vehicle_info
[0.631s] [ 45%] Built target reference_line
[0.688s] [ 51%] Built target global_path_server
[0.703s] [ 57%] Built target pnc_map_server
[0.723s] [ 62%] Built target decision_center
[0.727s] [ 71%] Built target obs_move_cmd
[0.727s] [ 74%] Built target car_move_cmd
[0.794s] [ 91%] Built target local_planner
[0.839s] [35m[1mConsolidate compiler generated dependencies of target planning_process[0m
[0.894s] [ 94%] [32mBuilding CXX object src/planning_process/CMakeFiles/planning_process.dir/planning_process.cpp.o[0m
[8.794s] [01m[K/home/x/planning_with_ROS2_course/src/planning/src/planning_process/planning_process.cpp:[m[K In member function ‘[01m[Kvoid Planning::PlanningProcess::get_location(const std::shared_ptr<Planning::VehicleBase>&)[m[K’:
[8.794s] [01m[K/home/x/planning_with_ROS2_course/src/planning/src/planning_process/planning_process.cpp:141:76:[m[K [01;35m[Kwarning: [m[Kunused parameter ‘[01m[Kvehicle[m[K’ [[01;35m[K]8;;https://gcc.gnu.org/onlinedocs/gcc/Warning-Options.html#index-Wunused-parameter-Wunused-parameter]8;;[m[K]
[8.794s]   141 |     void PlanningProcess::get_location([01;35m[Kconst std::shared_ptr<VehicleBase> &vehicle[m[K) // 获取位置,监听定位点
[8.794s]       |                                        [01;35m[K~~~~~~~~~~~~~~~~~~~~~~~~~~~~~~~~~~~~^~~~~~~[m[K
[24.527s] [ 97%] [32m[1mLinking CXX executable planning_process[0m
[25.704s] [100%] Built target planning_process
[25.721s] Invoked command in '/home/x/planning_with_ROS2_course/build/planning' returned '0': CMAKE_PREFIX_PATH=/home/x/planning_with_ROS2_course/install/base_msgs:/home/x/planning_with_ROS2_course/install/planning:/home/x/planning_with_ROS2_course/install/data_plot:/opt/ros/humble LD_LIBRARY_PATH=/home/x/planning_with_ROS2_course/install/base_msgs/lib:/home/x/planning_with_ROS2_course/install/planning/lib:/home/x/planning_with_ROS2_course/install/planning/lib:/home/x/planning_with_ROS2_course/install/planning/lib:/opt/ros/humble/opt/rviz_ogre_vendor/lib:/opt/ros/humble/lib/x86_64-linux-gnu:/opt/ros/humble/lib /usr/bin/cmake --build /home/x/planning_with_ROS2_course/build/planning -- -j8 -l8
[25.726s] Invoking command in '/home/x/planning_with_ROS2_course/build/planning': CMAKE_PREFIX_PATH=/home/x/planning_with_ROS2_course/install/base_msgs:/home/x/planning_with_ROS2_course/install/planning:/home/x/planning_with_ROS2_course/install/data_plot:/opt/ros/humble LD_LIBRARY_PATH=/home/x/planning_with_ROS2_course/install/base_msgs/lib:/home/x/planning_with_ROS2_course/install/planning/lib:/home/x/planning_with_ROS2_course/install/planning/lib:/home/x/planning_with_ROS2_course/install/planning/lib:/opt/ros/humble/opt/rviz_ogre_vendor/lib:/opt/ros/humble/lib/x86_64-linux-gnu:/opt/ros/humble/lib /usr/bin/cmake --install /home/x/planning_with_ROS2_course/build/planning
[25.744s] -- Install configuration: ""
[25.744s] -- Up-to-date: /home/x/planning_with_ROS2_course/install/planning/lib/libconfig_reader.so
[25.744s] -- Up-to-date: /home/x/planning_with_ROS2_course/install/planning/lib/libmathlibs.so
[25.744s] -- Up-to-date: /home/x/planning_with_ROS2_course/install/planning/lib/libdecision_center.so
[25.745s] -- Up-to-date: /home/x/planning_with_ROS2_course/install/planning/lib/libpnc_map_creator.so
[25.745s] -- Up-to-date: /home/x/planning_with_ROS2_course/install/planning/lib/planning/pnc_map_server
[25.746s] -- Up-to-date: /home/x/planning_with_ROS2_course/install/planning/lib/libglobal_planner.so
[25.749s] -- Up-to-date: /home/x/planning_with_ROS2_course/install/planning/lib/planning/global_path_server
[25.749s] -- Up-to-date: /home/x/planning_with_ROS2_course/install/planning/lib/liblocal_planner.so
[25.750s] -- Up-to-date: /home/x/planning_with_ROS2_course/install/planning/lib/libreference_line.so
[25.752s] -- Up-to-date: /home/x/planning_with_ROS2_course/install/planning/lib/libvehicle_info.so
[25.753s] -- Installing: /home/x/planning_with_ROS2_course/install/planning/lib/planning/planning_process
[25.761s] -- Set runtime path of "/home/x/planning_with_ROS2_course/install/planning/lib/planning/planning_process" to ""
[25.761s] -- Up-to-date: /home/x/planning_with_ROS2_course/install/planning/lib/planning/car_move_cmd
[25.761s] -- Up-to-date: /home/x/planning_with_ROS2_course/install/planning/lib/planning/obs_move_cmd
[25.761s] -- Up-to-date: /home/x/planning_with_ROS2_course/install/planning/share/planning/config
[25.761s] -- Up-to-date: /home/x/planning_with_ROS2_course/install/planning/share/planning/config/planning_static_obs_config.yaml
[25.761s] -- Up-to-date: /home/x/planning_with_ROS2_course/install/planning/share/planning/launch
[25.763s] -- Up-to-date: /home/x/planning_with_ROS2_course/install/planning/share/planning/launch/planning_launch.py
[25.763s] -- Up-to-date: /home/x/planning_with_ROS2_course/install/planning/share/planning/urdf
[25.763s] -- Up-to-date: /home/x/planning_with_ROS2_course/install/planning/share/planning/urdf/obs_car
[25.763s] -- Up-to-date: /home/x/planning_with_ROS2_course/install/planning/share/planning/urdf/obs_car/obs_car.xacro
[25.764s] -- Up-to-date: /home/x/planning_with_ROS2_course/install/planning/share/planning/urdf/main_car
[25.764s] -- Up-to-date: /home/x/planning_with_ROS2_course/install/planning/share/planning/urdf/main_car/car.xacro
[25.764s] -- Up-to-date: /home/x/planning_with_ROS2_course/install/planning/share/planning/urdf/main_car/car_radar.xacro
[25.764s] -- Up-to-date: /home/x/planning_with_ROS2_course/install/planning/share/planning/urdf/main_car/car_wheels.xacro
[25.764s] -- Up-to-date: /home/x/planning_with_ROS2_course/install/planning/share/planning/urdf/main_car/car_camera.xacro
[25.765s] -- Up-to-date: /home/x/planning_with_ROS2_course/install/planning/share/planning/urdf/main_car/car_base.xacro
[25.765s] -- Up-to-date: /home/x/planning_with_ROS2_course/install/planning/share/planning/rviz
[25.765s] -- Up-to-date: /home/x/planning_with_ROS2_course/install/planning/share/planning/rviz/planning.rviz
[25.765s] -- Up-to-date: /home/x/planning_with_ROS2_course/install/planning/share/ament_index/resource_index/package_run_dependencies/planning
[25.765s] -- Up-to-date: /home/x/planning_with_ROS2_course/install/planning/share/ament_index/resource_index/parent_prefix_path/planning
[25.765s] -- Up-to-date: /home/x/planning_with_ROS2_course/install/planning/share/planning/environment/ament_prefix_path.sh
[25.766s] -- Up-to-date: /home/x/planning_with_ROS2_course/install/planning/share/planning/environment/ament_prefix_path.dsv
[25.766s] -- Up-to-date: /home/x/planning_with_ROS2_course/install/planning/share/planning/environment/path.sh
[25.766s] -- Up-to-date: /home/x/planning_with_ROS2_course/install/planning/share/planning/environment/path.dsv
[25.766s] -- Up-to-date: /home/x/planning_with_ROS2_course/install/planning/share/planning/local_setup.bash
[25.766s] -- Up-to-date: /home/x/planning_with_ROS2_course/install/planning/share/planning/local_setup.sh
[25.766s] -- Up-to-date: /home/x/planning_with_ROS2_course/install/planning/share/planning/local_setup.zsh
[25.766s] -- Up-to-date: /home/x/planning_with_ROS2_course/install/planning/share/planning/local_setup.dsv
[25.767s] -- Installing: /home/x/planning_with_ROS2_course/install/planning/share/planning/package.dsv
[25.769s] -- Up-to-date: /home/x/planning_with_ROS2_course/install/planning/share/ament_index/resource_index/packages/planning
[25.769s] -- Up-to-date: /home/x/planning_with_ROS2_course/install/planning/share/planning/cmake/planningConfig.cmake
[25.769s] -- Up-to-date: /home/x/planning_with_ROS2_course/install/planning/share/planning/cmake/planningConfig-version.cmake
[25.769s] -- Up-to-date: /home/x/planning_with_ROS2_course/install/planning/share/planning/package.xml
[25.772s] Invoked command in '/home/x/planning_with_ROS2_course/build/planning' returned '0': CMAKE_PREFIX_PATH=/home/x/planning_with_ROS2_course/install/base_msgs:/home/x/planning_with_ROS2_course/install/planning:/home/x/planning_with_ROS2_course/install/data_plot:/opt/ros/humble LD_LIBRARY_PATH=/home/x/planning_with_ROS2_course/install/base_msgs/lib:/home/x/planning_with_ROS2_course/install/planning/lib:/home/x/planning_with_ROS2_course/install/planning/lib:/home/x/planning_with_ROS2_course/install/planning/lib:/opt/ros/humble/opt/rviz_ogre_vendor/lib:/opt/ros/humble/lib/x86_64-linux-gnu:/opt/ros/humble/lib /usr/bin/cmake --install /home/x/planning_with_ROS2_course/build/planning
