[0.026s] Invoking command in '/home/x/planning_with_ROS2_course/build/base_msgs': CMAKE_PREFIX_PATH=${CMAKE_PREFIX_PATH}:/home/x/planning_with_ROS2_course/install/data_plot:/opt/ros/humble /usr/bin/cmake --build /home/x/planning_with_ROS2_course/build/base_msgs -- -j8 -l8
[0.168s] [ 12%] Built target base_msgs__rosidl_generator_c
[0.172s] [ 12%] Built target base_msgs__cpp
[0.222s] [ 12%] Built target ament_cmake_python_copy_base_msgs
[0.331s] [ 24%] Built target base_msgs__rosidl_typesupport_fastrtps_c
[0.362s] [ 36%] Built target base_msgs__rosidl_typesupport_fastrtps_cpp
[0.375s] [ 48%] Built target base_msgs__rosidl_typesupport_introspection_c
[0.384s] [ 60%] Built target base_msgs__rosidl_typesupport_introspection_cpp
[0.391s] [ 72%] Built target base_msgs__rosidl_typesupport_cpp
[0.396s] [ 84%] Built target base_msgs__rosidl_typesupport_c
[0.449s] [ 84%] Built target base_msgs
[0.487s] [ 85%] Built target base_msgs__py
[0.556s] [ 96%] Built target base_msgs__rosidl_generator_py
[0.643s] [ 98%] Built target base_msgs__rosidl_typesupport_introspection_c__pyext
[0.648s] [ 99%] Built target base_msgs__rosidl_typesupport_c__pyext
[0.666s] [100%] Built target base_msgs__rosidl_typesupport_fastrtps_c__pyext
[0.881s] running egg_info
[0.882s] writing base_msgs.egg-info/PKG-INFO
[0.882s] writing dependency_links to base_msgs.egg-info/dependency_links.txt
[0.883s] writing top-level names to base_msgs.egg-info/top_level.txt
[0.889s] reading manifest file 'base_msgs.egg-info/SOURCES.txt'
[0.893s] writing manifest file 'base_msgs.egg-info/SOURCES.txt'
[0.956s] [100%] Built target ament_cmake_python_build_base_msgs_egg
[0.986s] Invoked command in '/home/x/planning_with_ROS2_course/build/base_msgs' returned '0': CMAKE_PREFIX_PATH=${CMAKE_PREFIX_PATH}:/home/x/planning_with_ROS2_course/install/data_plot:/opt/ros/humble /usr/bin/cmake --build /home/x/planning_with_ROS2_course/build/base_msgs -- -j8 -l8
[1.010s] Invoking command in '/home/x/planning_with_ROS2_course/build/base_msgs': CMAKE_PREFIX_PATH=${CMAKE_PREFIX_PATH}:/home/x/planning_with_ROS2_course/install/data_plot:/opt/ros/humble /usr/bin/cmake --install /home/x/planning_with_ROS2_course/build/base_msgs
[1.030s] -- Install configuration: ""
[1.031s] -- Up-to-date: /home/x/planning_with_ROS2_course/install/base_msgs/share/ament_index/resource_index/rosidl_interfaces/base_msgs
[1.032s] -- Up-to-date: /home/x/planning_with_ROS2_course/install/base_msgs/include/base_msgs/base_msgs
[1.032s] -- Up-to-date: /home/x/planning_with_ROS2_course/install/base_msgs/include/base_msgs/base_msgs/msg
[1.035s] -- Up-to-date: /home/x/planning_with_ROS2_course/install/base_msgs/include/base_msgs/base_msgs/msg/referline.h
[1.036s] -- Up-to-date: /home/x/planning_with_ROS2_course/install/base_msgs/include/base_msgs/base_msgs/msg/pnc_map.h
[1.036s] -- Up-to-date: /home/x/planning_with_ROS2_course/install/base_msgs/include/base_msgs/base_msgs/msg/local_path.h
[1.036s] -- Up-to-date: /home/x/planning_with_ROS2_course/install/base_msgs/include/base_msgs/base_msgs/msg/referline_point.h
[1.036s] -- Up-to-date: /home/x/planning_with_ROS2_course/install/base_msgs/include/base_msgs/base_msgs/msg/local_speeds.h
[1.036s] -- Up-to-date: /home/x/planning_with_ROS2_course/install/base_msgs/include/base_msgs/base_msgs/msg/detail
[1.037s] -- Up-to-date: /home/x/planning_with_ROS2_course/install/base_msgs/include/base_msgs/base_msgs/msg/detail/referline_point__functions.c
[1.037s] -- Up-to-date: /home/x/planning_with_ROS2_course/install/base_msgs/include/base_msgs/base_msgs/msg/detail/local_speeds__struct.h
[1.037s] -- Up-to-date: /home/x/planning_with_ROS2_course/install/base_msgs/include/base_msgs/base_msgs/msg/detail/local_speeds__functions.h
[1.037s] -- Up-to-date: /home/x/planning_with_ROS2_course/install/base_msgs/include/base_msgs/base_msgs/msg/detail/local_path_point__functions.h
[1.037s] -- Up-to-date: /home/x/planning_with_ROS2_course/install/base_msgs/include/base_msgs/base_msgs/msg/detail/local_path__functions.c
[1.037s] -- Up-to-date: /home/x/planning_with_ROS2_course/install/base_msgs/include/base_msgs/base_msgs/msg/detail/local_speeds_point__functions.c
[1.037s] -- Up-to-date: /home/x/planning_with_ROS2_course/install/base_msgs/include/base_msgs/base_msgs/msg/detail/referline__functions.h
[1.037s] -- Up-to-date: /home/x/planning_with_ROS2_course/install/base_msgs/include/base_msgs/base_msgs/msg/detail/local_trajectory_point__functions.c
[1.037s] -- Up-to-date: /home/x/planning_with_ROS2_course/install/base_msgs/include/base_msgs/base_msgs/msg/detail/local_speeds__type_support.h
[1.037s] -- Up-to-date: /home/x/planning_with_ROS2_course/install/base_msgs/include/base_msgs/base_msgs/msg/detail/plot_info__functions.c
[1.037s] -- Up-to-date: /home/x/planning_with_ROS2_course/install/base_msgs/include/base_msgs/base_msgs/msg/detail/referline__struct.h
[1.038s] -- Up-to-date: /home/x/planning_with_ROS2_course/install/base_msgs/include/base_msgs/base_msgs/msg/detail/pnc_map__functions.h
[1.038s] -- Up-to-date: /home/x/planning_with_ROS2_course/install/base_msgs/include/base_msgs/base_msgs/msg/detail/local_trajectory_point__type_support.h
[1.038s] -- Up-to-date: /home/x/planning_with_ROS2_course/install/base_msgs/include/base_msgs/base_msgs/msg/detail/local_speeds_point__struct.h
[1.038s] -- Up-to-date: /home/x/planning_with_ROS2_course/install/base_msgs/include/base_msgs/base_msgs/msg/detail/pnc_map__functions.c
[1.038s] -- Up-to-date: /home/x/planning_with_ROS2_course/install/base_msgs/include/base_msgs/base_msgs/msg/detail/referline_point__struct.h
[1.038s] -- Up-to-date: /home/x/planning_with_ROS2_course/install/base_msgs/include/base_msgs/base_msgs/msg/detail/obs_info__struct.h
[1.038s] -- Up-to-date: /home/x/planning_with_ROS2_course/install/base_msgs/include/base_msgs/base_msgs/msg/detail/plot_info__functions.h
[1.038s] -- Up-to-date: /home/x/planning_with_ROS2_course/install/base_msgs/include/base_msgs/base_msgs/msg/detail/local_speeds_point__functions.h
[1.038s] -- Up-to-date: /home/x/planning_with_ROS2_course/install/base_msgs/include/base_msgs/base_msgs/msg/detail/local_speeds__functions.c
[1.038s] -- Up-to-date: /home/x/planning_with_ROS2_course/install/base_msgs/include/base_msgs/base_msgs/msg/detail/local_trajectory__struct.h
[1.038s] -- Up-to-date: /home/x/planning_with_ROS2_course/install/base_msgs/include/base_msgs/base_msgs/msg/detail/local_path__struct.h
[1.038s] -- Up-to-date: /home/x/planning_with_ROS2_course/install/base_msgs/include/base_msgs/base_msgs/msg/detail/local_trajectory__type_support.h
[1.038s] -- Up-to-date: /home/x/planning_with_ROS2_course/install/base_msgs/include/base_msgs/base_msgs/msg/detail/local_path__functions.h
[1.039s] -- Up-to-date: /home/x/planning_with_ROS2_course/install/base_msgs/include/base_msgs/base_msgs/msg/detail/local_path_point__type_support.h
[1.039s] -- Up-to-date: /home/x/planning_with_ROS2_course/install/base_msgs/include/base_msgs/base_msgs/msg/detail/plot_info__struct.h
[1.039s] -- Up-to-date: /home/x/planning_with_ROS2_course/install/base_msgs/include/base_msgs/base_msgs/msg/detail/local_path__type_support.h
[1.039s] -- Up-to-date: /home/x/planning_with_ROS2_course/install/base_msgs/include/base_msgs/base_msgs/msg/detail/local_trajectory_point__functions.h
[1.039s] -- Up-to-date: /home/x/planning_with_ROS2_course/install/base_msgs/include/base_msgs/base_msgs/msg/detail/obs_info__type_support.h
[1.040s] -- Up-to-date: /home/x/planning_with_ROS2_course/install/base_msgs/include/base_msgs/base_msgs/msg/detail/referline_point__type_support.h
[1.040s] -- Up-to-date: /home/x/planning_with_ROS2_course/install/base_msgs/include/base_msgs/base_msgs/msg/detail/local_trajectory__functions.c
[1.040s] -- Up-to-date: /home/x/planning_with_ROS2_course/install/base_msgs/include/base_msgs/base_msgs/msg/detail/local_path_point__functions.c
[1.040s] -- Up-to-date: /home/x/planning_with_ROS2_course/install/base_msgs/include/base_msgs/base_msgs/msg/detail/local_path_point__struct.h
[1.040s] -- Up-to-date: /home/x/planning_with_ROS2_course/install/base_msgs/include/base_msgs/base_msgs/msg/detail/plot_info__type_support.h
[1.040s] -- Up-to-date: /home/x/planning_with_ROS2_course/install/base_msgs/include/base_msgs/base_msgs/msg/detail/local_speeds_point__type_support.h
[1.040s] -- Up-to-date: /home/x/planning_with_ROS2_course/install/base_msgs/include/base_msgs/base_msgs/msg/detail/local_trajectory__functions.h
[1.040s] -- Up-to-date: /home/x/planning_with_ROS2_course/install/base_msgs/include/base_msgs/base_msgs/msg/detail/referline__type_support.h
[1.040s] -- Up-to-date: /home/x/planning_with_ROS2_course/install/base_msgs/include/base_msgs/base_msgs/msg/detail/local_trajectory_point__struct.h
[1.040s] -- Up-to-date: /home/x/planning_with_ROS2_course/install/base_msgs/include/base_msgs/base_msgs/msg/detail/referline__functions.c
[1.040s] -- Up-to-date: /home/x/planning_with_ROS2_course/install/base_msgs/include/base_msgs/base_msgs/msg/detail/referline_point__functions.h
[1.040s] -- Up-to-date: /home/x/planning_with_ROS2_course/install/base_msgs/include/base_msgs/base_msgs/msg/detail/pnc_map__type_support.h
[1.040s] -- Up-to-date: /home/x/planning_with_ROS2_course/install/base_msgs/include/base_msgs/base_msgs/msg/detail/obs_info__functions.c
[1.040s] -- Up-to-date: /home/x/planning_with_ROS2_course/install/base_msgs/include/base_msgs/base_msgs/msg/detail/obs_info__functions.h
[1.040s] -- Up-to-date: /home/x/planning_with_ROS2_course/install/base_msgs/include/base_msgs/base_msgs/msg/detail/pnc_map__struct.h
[1.041s] -- Up-to-date: /home/x/planning_with_ROS2_course/install/base_msgs/include/base_msgs/base_msgs/msg/obs_info.h
[1.041s] -- Up-to-date: /home/x/planning_with_ROS2_course/install/base_msgs/include/base_msgs/base_msgs/msg/local_trajectory.h
[1.041s] -- Up-to-date: /home/x/planning_with_ROS2_course/install/base_msgs/include/base_msgs/base_msgs/msg/plot_info.h
[1.041s] -- Up-to-date: /home/x/planning_with_ROS2_course/install/base_msgs/include/base_msgs/base_msgs/msg/local_trajectory_point.h
[1.041s] -- Up-to-date: /home/x/planning_with_ROS2_course/install/base_msgs/include/base_msgs/base_msgs/msg/local_path_point.h
[1.042s] -- Up-to-date: /home/x/planning_with_ROS2_course/install/base_msgs/include/base_msgs/base_msgs/msg/rosidl_generator_c__visibility_control.h
[1.042s] -- Up-to-date: /home/x/planning_with_ROS2_course/install/base_msgs/include/base_msgs/base_msgs/msg/local_speeds_point.h
[1.042s] -- Up-to-date: /home/x/planning_with_ROS2_course/install/base_msgs/include/base_msgs/base_msgs/srv
[1.042s] -- Up-to-date: /home/x/planning_with_ROS2_course/install/base_msgs/include/base_msgs/base_msgs/srv/detail
[1.042s] -- Up-to-date: /home/x/planning_with_ROS2_course/install/base_msgs/include/base_msgs/base_msgs/srv/detail/global_path_service__functions.c
[1.042s] -- Up-to-date: /home/x/planning_with_ROS2_course/install/base_msgs/include/base_msgs/base_msgs/srv/detail/pnc_map_service__struct.h
[1.042s] -- Up-to-date: /home/x/planning_with_ROS2_course/install/base_msgs/include/base_msgs/base_msgs/srv/detail/global_path_service__type_support.h
[1.042s] -- Up-to-date: /home/x/planning_with_ROS2_course/install/base_msgs/include/base_msgs/base_msgs/srv/detail/pnc_map_service__functions.c
[1.042s] -- Up-to-date: /home/x/planning_with_ROS2_course/install/base_msgs/include/base_msgs/base_msgs/srv/detail/global_path_service__functions.h
[1.042s] -- Up-to-date: /home/x/planning_with_ROS2_course/install/base_msgs/include/base_msgs/base_msgs/srv/detail/global_path_service__struct.h
[1.042s] -- Up-to-date: /home/x/planning_with_ROS2_course/install/base_msgs/include/base_msgs/base_msgs/srv/detail/pnc_map_service__type_support.h
[1.042s] -- Up-to-date: /home/x/planning_with_ROS2_course/install/base_msgs/include/base_msgs/base_msgs/srv/detail/pnc_map_service__functions.h
[1.043s] -- Up-to-date: /home/x/planning_with_ROS2_course/install/base_msgs/include/base_msgs/base_msgs/srv/global_path_service.h
[1.043s] -- Up-to-date: /home/x/planning_with_ROS2_course/install/base_msgs/include/base_msgs/base_msgs/srv/pnc_map_service.h
[1.043s] -- Up-to-date: /home/x/planning_with_ROS2_course/install/base_msgs/share/base_msgs/environment/library_path.sh
[1.043s] -- Up-to-date: /home/x/planning_with_ROS2_course/install/base_msgs/share/base_msgs/environment/library_path.dsv
[1.043s] -- Up-to-date: /home/x/planning_with_ROS2_course/install/base_msgs/lib/libbase_msgs__rosidl_generator_c.so
[1.043s] -- Up-to-date: /home/x/planning_with_ROS2_course/install/base_msgs/include/base_msgs/base_msgs
[1.045s] -- Up-to-date: /home/x/planning_with_ROS2_course/install/base_msgs/include/base_msgs/base_msgs/msg
[1.045s] -- Up-to-date: /home/x/planning_with_ROS2_course/install/base_msgs/include/base_msgs/base_msgs/msg/detail
[1.045s] -- Up-to-date: /home/x/planning_with_ROS2_course/install/base_msgs/include/base_msgs/base_msgs/msg/detail/local_trajectory__rosidl_typesupport_fastrtps_c.h
[1.045s] -- Up-to-date: /home/x/planning_with_ROS2_course/install/base_msgs/include/base_msgs/base_msgs/msg/detail/local_speeds__rosidl_typesupport_fastrtps_c.h
[1.045s] -- Up-to-date: /home/x/planning_with_ROS2_course/install/base_msgs/include/base_msgs/base_msgs/msg/detail/local_path_point__rosidl_typesupport_fastrtps_c.h
[1.045s] -- Up-to-date: /home/x/planning_with_ROS2_course/install/base_msgs/include/base_msgs/base_msgs/msg/detail/local_speeds_point__rosidl_typesupport_fastrtps_c.h
[1.045s] -- Up-to-date: /home/x/planning_with_ROS2_course/install/base_msgs/include/base_msgs/base_msgs/msg/detail/referline__rosidl_typesupport_fastrtps_c.h
[1.045s] -- Up-to-date: /home/x/planning_with_ROS2_course/install/base_msgs/include/base_msgs/base_msgs/msg/detail/obs_info__rosidl_typesupport_fastrtps_c.h
[1.045s] -- Up-to-date: /home/x/planning_with_ROS2_course/install/base_msgs/include/base_msgs/base_msgs/msg/detail/plot_info__rosidl_typesupport_fastrtps_c.h
[1.045s] -- Up-to-date: /home/x/planning_with_ROS2_course/install/base_msgs/include/base_msgs/base_msgs/msg/detail/referline_point__rosidl_typesupport_fastrtps_c.h
[1.046s] -- Up-to-date: /home/x/planning_with_ROS2_course/install/base_msgs/include/base_msgs/base_msgs/msg/detail/pnc_map__rosidl_typesupport_fastrtps_c.h
[1.046s] -- Up-to-date: /home/x/planning_with_ROS2_course/install/base_msgs/include/base_msgs/base_msgs/msg/detail/local_trajectory_point__rosidl_typesupport_fastrtps_c.h
[1.046s] -- Up-to-date: /home/x/planning_with_ROS2_course/install/base_msgs/include/base_msgs/base_msgs/msg/detail/local_path__rosidl_typesupport_fastrtps_c.h
[1.046s] -- Up-to-date: /home/x/planning_with_ROS2_course/install/base_msgs/include/base_msgs/base_msgs/msg/rosidl_typesupport_fastrtps_c__visibility_control.h
[1.046s] -- Up-to-date: /home/x/planning_with_ROS2_course/install/base_msgs/include/base_msgs/base_msgs/srv
[1.046s] -- Up-to-date: /home/x/planning_with_ROS2_course/install/base_msgs/include/base_msgs/base_msgs/srv/detail
[1.046s] -- Up-to-date: /home/x/planning_with_ROS2_course/install/base_msgs/include/base_msgs/base_msgs/srv/detail/pnc_map_service__rosidl_typesupport_fastrtps_c.h
[1.046s] -- Up-to-date: /home/x/planning_with_ROS2_course/install/base_msgs/include/base_msgs/base_msgs/srv/detail/global_path_service__rosidl_typesupport_fastrtps_c.h
[1.046s] -- Up-to-date: /home/x/planning_with_ROS2_course/install/base_msgs/lib/libbase_msgs__rosidl_typesupport_fastrtps_c.so
[1.046s] -- Up-to-date: /home/x/planning_with_ROS2_course/install/base_msgs/include/base_msgs/base_msgs
[1.046s] -- Up-to-date: /home/x/planning_with_ROS2_course/install/base_msgs/include/base_msgs/base_msgs/msg
[1.046s] -- Up-to-date: /home/x/planning_with_ROS2_course/install/base_msgs/include/base_msgs/base_msgs/msg/detail
[1.046s] -- Up-to-date: /home/x/planning_with_ROS2_course/install/base_msgs/include/base_msgs/base_msgs/msg/detail/plot_info__type_support.c
[1.046s] -- Up-to-date: /home/x/planning_with_ROS2_course/install/base_msgs/include/base_msgs/base_msgs/msg/detail/obs_info__type_support.c
[1.046s] -- Up-to-date: /home/x/planning_with_ROS2_course/install/base_msgs/include/base_msgs/base_msgs/msg/detail/local_path_point__rosidl_typesupport_introspection_c.h
[1.047s] -- Up-to-date: /home/x/planning_with_ROS2_course/install/base_msgs/include/base_msgs/base_msgs/msg/detail/local_trajectory__rosidl_typesupport_introspection_c.h
[1.047s] -- Up-to-date: /home/x/planning_with_ROS2_course/install/base_msgs/include/base_msgs/base_msgs/msg/detail/obs_info__rosidl_typesupport_introspection_c.h
[1.048s] -- Up-to-date: /home/x/planning_with_ROS2_course/install/base_msgs/include/base_msgs/base_msgs/msg/detail/referline_point__rosidl_typesupport_introspection_c.h
[1.048s] -- Up-to-date: /home/x/planning_with_ROS2_course/install/base_msgs/include/base_msgs/base_msgs/msg/detail/local_path_point__type_support.c
[1.048s] -- Up-to-date: /home/x/planning_with_ROS2_course/install/base_msgs/include/base_msgs/base_msgs/msg/detail/local_path__type_support.c
[1.048s] -- Up-to-date: /home/x/planning_with_ROS2_course/install/base_msgs/include/base_msgs/base_msgs/msg/detail/pnc_map__rosidl_typesupport_introspection_c.h
[1.048s] -- Up-to-date: /home/x/planning_with_ROS2_course/install/base_msgs/include/base_msgs/base_msgs/msg/detail/referline__type_support.c
[1.048s] -- Up-to-date: /home/x/planning_with_ROS2_course/install/base_msgs/include/base_msgs/base_msgs/msg/detail/local_trajectory__type_support.c
[1.048s] -- Up-to-date: /home/x/planning_with_ROS2_course/install/base_msgs/include/base_msgs/base_msgs/msg/detail/referline_point__type_support.c
[1.048s] -- Up-to-date: /home/x/planning_with_ROS2_course/install/base_msgs/include/base_msgs/base_msgs/msg/detail/plot_info__rosidl_typesupport_introspection_c.h
[1.048s] -- Up-to-date: /home/x/planning_with_ROS2_course/install/base_msgs/include/base_msgs/base_msgs/msg/detail/local_speeds_point__rosidl_typesupport_introspection_c.h
[1.048s] -- Up-to-date: /home/x/planning_with_ROS2_course/install/base_msgs/include/base_msgs/base_msgs/msg/detail/referline__rosidl_typesupport_introspection_c.h
[1.048s] -- Up-to-date: /home/x/planning_with_ROS2_course/install/base_msgs/include/base_msgs/base_msgs/msg/detail/local_speeds__rosidl_typesupport_introspection_c.h
[1.048s] -- Up-to-date: /home/x/planning_with_ROS2_course/install/base_msgs/include/base_msgs/base_msgs/msg/detail/local_path__rosidl_typesupport_introspection_c.h
[1.048s] -- Up-to-date: /home/x/planning_with_ROS2_course/install/base_msgs/include/base_msgs/base_msgs/msg/detail/local_speeds_point__type_support.c
[1.048s] -- Up-to-date: /home/x/planning_with_ROS2_course/install/base_msgs/include/base_msgs/base_msgs/msg/detail/pnc_map__type_support.c
[1.048s] -- Up-to-date: /home/x/planning_with_ROS2_course/install/base_msgs/include/base_msgs/base_msgs/msg/detail/local_trajectory_point__type_support.c
[1.048s] -- Up-to-date: /home/x/planning_with_ROS2_course/install/base_msgs/include/base_msgs/base_msgs/msg/detail/local_speeds__type_support.c
[1.049s] -- Up-to-date: /home/x/planning_with_ROS2_course/install/base_msgs/include/base_msgs/base_msgs/msg/detail/local_trajectory_point__rosidl_typesupport_introspection_c.h
[1.049s] -- Up-to-date: /home/x/planning_with_ROS2_course/install/base_msgs/include/base_msgs/base_msgs/msg/rosidl_typesupport_introspection_c__visibility_control.h
[1.049s] -- Up-to-date: /home/x/planning_with_ROS2_course/install/base_msgs/include/base_msgs/base_msgs/srv
[1.049s] -- Up-to-date: /home/x/planning_with_ROS2_course/install/base_msgs/include/base_msgs/base_msgs/srv/detail
[1.049s] -- Up-to-date: /home/x/planning_with_ROS2_course/install/base_msgs/include/base_msgs/base_msgs/srv/detail/global_path_service__type_support.c
[1.049s] -- Up-to-date: /home/x/planning_with_ROS2_course/install/base_msgs/include/base_msgs/base_msgs/srv/detail/pnc_map_service__type_support.c
[1.050s] -- Up-to-date: /home/x/planning_with_ROS2_course/install/base_msgs/include/base_msgs/base_msgs/srv/detail/pnc_map_service__rosidl_typesupport_introspection_c.h
[1.050s] -- Up-to-date: /home/x/planning_with_ROS2_course/install/base_msgs/include/base_msgs/base_msgs/srv/detail/global_path_service__rosidl_typesupport_introspection_c.h
[1.050s] -- Up-to-date: /home/x/planning_with_ROS2_course/install/base_msgs/lib/libbase_msgs__rosidl_typesupport_introspection_c.so
[1.050s] -- Up-to-date: /home/x/planning_with_ROS2_course/install/base_msgs/lib/libbase_msgs__rosidl_typesupport_c.so
[1.053s] -- Up-to-date: /home/x/planning_with_ROS2_course/install/base_msgs/include/base_msgs/base_msgs
[1.054s] -- Up-to-date: /home/x/planning_with_ROS2_course/install/base_msgs/include/base_msgs/base_msgs/msg
[1.054s] -- Up-to-date: /home/x/planning_with_ROS2_course/install/base_msgs/include/base_msgs/base_msgs/msg/rosidl_generator_cpp__visibility_control.hpp
[1.054s] -- Up-to-date: /home/x/planning_with_ROS2_course/install/base_msgs/include/base_msgs/base_msgs/msg/local_path.hpp
[1.054s] -- Up-to-date: /home/x/planning_with_ROS2_course/install/base_msgs/include/base_msgs/base_msgs/msg/detail
[1.054s] -- Up-to-date: /home/x/planning_with_ROS2_course/install/base_msgs/include/base_msgs/base_msgs/msg/detail/pnc_map__traits.hpp
[1.054s] -- Up-to-date: /home/x/planning_with_ROS2_course/install/base_msgs/include/base_msgs/base_msgs/msg/detail/referline__traits.hpp
[1.057s] -- Up-to-date: /home/x/planning_with_ROS2_course/install/base_msgs/include/base_msgs/base_msgs/msg/detail/local_trajectory__traits.hpp
[1.057s] -- Up-to-date: /home/x/planning_with_ROS2_course/install/base_msgs/include/base_msgs/base_msgs/msg/detail/referline__builder.hpp
[1.057s] -- Up-to-date: /home/x/planning_with_ROS2_course/install/base_msgs/include/base_msgs/base_msgs/msg/detail/local_path_point__traits.hpp
[1.057s] -- Up-to-date: /home/x/planning_with_ROS2_course/install/base_msgs/include/base_msgs/base_msgs/msg/detail/local_path__type_support.hpp
[1.057s] -- Up-to-date: /home/x/planning_with_ROS2_course/install/base_msgs/include/base_msgs/base_msgs/msg/detail/local_path_point__builder.hpp
[1.057s] -- Up-to-date: /home/x/planning_with_ROS2_course/install/base_msgs/include/base_msgs/base_msgs/msg/detail/referline__type_support.hpp
[1.057s] -- Up-to-date: /home/x/planning_with_ROS2_course/install/base_msgs/include/base_msgs/base_msgs/msg/detail/local_speeds_point__struct.hpp
[1.057s] -- Up-to-date: /home/x/planning_with_ROS2_course/install/base_msgs/include/base_msgs/base_msgs/msg/detail/referline_point__traits.hpp
[1.057s] -- Up-to-date: /home/x/planning_with_ROS2_course/install/base_msgs/include/base_msgs/base_msgs/msg/detail/obs_info__type_support.hpp
[1.057s] -- Up-to-date: /home/x/planning_with_ROS2_course/install/base_msgs/include/base_msgs/base_msgs/msg/detail/local_speeds__type_support.hpp
[1.057s] -- Up-to-date: /home/x/planning_with_ROS2_course/install/base_msgs/include/base_msgs/base_msgs/msg/detail/local_speeds__struct.hpp
[1.057s] -- Up-to-date: /home/x/planning_with_ROS2_course/install/base_msgs/include/base_msgs/base_msgs/msg/detail/plot_info__builder.hpp
[1.057s] -- Up-to-date: /home/x/planning_with_ROS2_course/install/base_msgs/include/base_msgs/base_msgs/msg/detail/local_speeds__builder.hpp
[1.058s] -- Up-to-date: /home/x/planning_with_ROS2_course/install/base_msgs/include/base_msgs/base_msgs/msg/detail/local_trajectory_point__builder.hpp
[1.058s] -- Up-to-date: /home/x/planning_with_ROS2_course/install/base_msgs/include/base_msgs/base_msgs/msg/detail/plot_info__traits.hpp
[1.058s] -- Up-to-date: /home/x/planning_with_ROS2_course/install/base_msgs/include/base_msgs/base_msgs/msg/detail/local_trajectory_point__traits.hpp
[1.058s] -- Up-to-date: /home/x/planning_with_ROS2_course/install/base_msgs/include/base_msgs/base_msgs/msg/detail/local_path_point__type_support.hpp
[1.058s] -- Up-to-date: /home/x/planning_with_ROS2_course/install/base_msgs/include/base_msgs/base_msgs/msg/detail/local_speeds_point__type_support.hpp
[1.058s] -- Up-to-date: /home/x/planning_with_ROS2_course/install/base_msgs/include/base_msgs/base_msgs/msg/detail/local_path__builder.hpp
[1.058s] -- Up-to-date: /home/x/planning_with_ROS2_course/install/base_msgs/include/base_msgs/base_msgs/msg/detail/local_trajectory_point__struct.hpp
[1.058s] -- Up-to-date: /home/x/planning_with_ROS2_course/install/base_msgs/include/base_msgs/base_msgs/msg/detail/local_speeds__traits.hpp
[1.058s] -- Up-to-date: /home/x/planning_with_ROS2_course/install/base_msgs/include/base_msgs/base_msgs/msg/detail/local_path__struct.hpp
[1.058s] -- Up-to-date: /home/x/planning_with_ROS2_course/install/base_msgs/include/base_msgs/base_msgs/msg/detail/obs_info__builder.hpp
[1.058s] -- Up-to-date: /home/x/planning_with_ROS2_course/install/base_msgs/include/base_msgs/base_msgs/msg/detail/local_speeds_point__traits.hpp
[1.058s] -- Up-to-date: /home/x/planning_with_ROS2_course/install/base_msgs/include/base_msgs/base_msgs/msg/detail/obs_info__traits.hpp
[1.058s] -- Up-to-date: /home/x/planning_with_ROS2_course/install/base_msgs/include/base_msgs/base_msgs/msg/detail/local_trajectory__builder.hpp
[1.058s] -- Up-to-date: /home/x/planning_with_ROS2_course/install/base_msgs/include/base_msgs/base_msgs/msg/detail/local_speeds_point__builder.hpp
[1.058s] -- Up-to-date: /home/x/planning_with_ROS2_course/install/base_msgs/include/base_msgs/base_msgs/msg/detail/local_path_point__struct.hpp
[1.058s] -- Up-to-date: /home/x/planning_with_ROS2_course/install/base_msgs/include/base_msgs/base_msgs/msg/detail/pnc_map__type_support.hpp
[1.059s] -- Up-to-date: /home/x/planning_with_ROS2_course/install/base_msgs/include/base_msgs/base_msgs/msg/detail/local_trajectory__type_support.hpp
[1.059s] -- Up-to-date: /home/x/planning_with_ROS2_course/install/base_msgs/include/base_msgs/base_msgs/msg/detail/referline_point__struct.hpp
[1.060s] -- Up-to-date: /home/x/planning_with_ROS2_course/install/base_msgs/include/base_msgs/base_msgs/msg/detail/referline__struct.hpp
[1.060s] -- Up-to-date: /home/x/planning_with_ROS2_course/install/base_msgs/include/base_msgs/base_msgs/msg/detail/pnc_map__struct.hpp
[1.060s] -- Up-to-date: /home/x/planning_with_ROS2_course/install/base_msgs/include/base_msgs/base_msgs/msg/detail/local_trajectory__struct.hpp
[1.060s] -- Up-to-date: /home/x/planning_with_ROS2_course/install/base_msgs/include/base_msgs/base_msgs/msg/detail/local_path__traits.hpp
[1.060s] -- Up-to-date: /home/x/planning_with_ROS2_course/install/base_msgs/include/base_msgs/base_msgs/msg/detail/plot_info__struct.hpp
[1.060s] -- Up-to-date: /home/x/planning_with_ROS2_course/install/base_msgs/include/base_msgs/base_msgs/msg/detail/referline_point__type_support.hpp
[1.060s] -- Up-to-date: /home/x/planning_with_ROS2_course/install/base_msgs/include/base_msgs/base_msgs/msg/detail/plot_info__type_support.hpp
[1.060s] -- Up-to-date: /home/x/planning_with_ROS2_course/install/base_msgs/include/base_msgs/base_msgs/msg/detail/obs_info__struct.hpp
[1.060s] -- Up-to-date: /home/x/planning_with_ROS2_course/install/base_msgs/include/base_msgs/base_msgs/msg/detail/pnc_map__builder.hpp
[1.061s] -- Up-to-date: /home/x/planning_with_ROS2_course/install/base_msgs/include/base_msgs/base_msgs/msg/detail/referline_point__builder.hpp
[1.061s] -- Up-to-date: /home/x/planning_with_ROS2_course/install/base_msgs/include/base_msgs/base_msgs/msg/detail/local_trajectory_point__type_support.hpp
[1.061s] -- Up-to-date: /home/x/planning_with_ROS2_course/install/base_msgs/include/base_msgs/base_msgs/msg/plot_info.hpp
[1.061s] -- Up-to-date: /home/x/planning_with_ROS2_course/install/base_msgs/include/base_msgs/base_msgs/msg/referline_point.hpp
[1.061s] -- Up-to-date: /home/x/planning_with_ROS2_course/install/base_msgs/include/base_msgs/base_msgs/msg/local_speeds.hpp
[1.061s] -- Up-to-date: /home/x/planning_with_ROS2_course/install/base_msgs/include/base_msgs/base_msgs/msg/pnc_map.hpp
[1.061s] -- Up-to-date: /home/x/planning_with_ROS2_course/install/base_msgs/include/base_msgs/base_msgs/msg/referline.hpp
[1.061s] -- Up-to-date: /home/x/planning_with_ROS2_course/install/base_msgs/include/base_msgs/base_msgs/msg/local_trajectory.hpp
[1.061s] -- Up-to-date: /home/x/planning_with_ROS2_course/install/base_msgs/include/base_msgs/base_msgs/msg/local_speeds_point.hpp
[1.061s] -- Up-to-date: /home/x/planning_with_ROS2_course/install/base_msgs/include/base_msgs/base_msgs/msg/local_path_point.hpp
[1.061s] -- Up-to-date: /home/x/planning_with_ROS2_course/install/base_msgs/include/base_msgs/base_msgs/msg/obs_info.hpp
[1.061s] -- Up-to-date: /home/x/planning_with_ROS2_course/install/base_msgs/include/base_msgs/base_msgs/msg/local_trajectory_point.hpp
[1.061s] -- Up-to-date: /home/x/planning_with_ROS2_course/install/base_msgs/include/base_msgs/base_msgs/srv
[1.061s] -- Up-to-date: /home/x/planning_with_ROS2_course/install/base_msgs/include/base_msgs/base_msgs/srv/global_path_service.hpp
[1.061s] -- Up-to-date: /home/x/planning_with_ROS2_course/install/base_msgs/include/base_msgs/base_msgs/srv/detail
[1.062s] -- Up-to-date: /home/x/planning_with_ROS2_course/install/base_msgs/include/base_msgs/base_msgs/srv/detail/pnc_map_service__type_support.hpp
[1.062s] -- Up-to-date: /home/x/planning_with_ROS2_course/install/base_msgs/include/base_msgs/base_msgs/srv/detail/global_path_service__type_support.hpp
[1.062s] -- Up-to-date: /home/x/planning_with_ROS2_course/install/base_msgs/include/base_msgs/base_msgs/srv/detail/global_path_service__builder.hpp
[1.062s] -- Up-to-date: /home/x/planning_with_ROS2_course/install/base_msgs/include/base_msgs/base_msgs/srv/detail/pnc_map_service__builder.hpp
[1.062s] -- Up-to-date: /home/x/planning_with_ROS2_course/install/base_msgs/include/base_msgs/base_msgs/srv/detail/global_path_service__traits.hpp
[1.062s] -- Up-to-date: /home/x/planning_with_ROS2_course/install/base_msgs/include/base_msgs/base_msgs/srv/detail/global_path_service__struct.hpp
[1.062s] -- Up-to-date: /home/x/planning_with_ROS2_course/install/base_msgs/include/base_msgs/base_msgs/srv/detail/pnc_map_service__traits.hpp
[1.062s] -- Up-to-date: /home/x/planning_with_ROS2_course/install/base_msgs/include/base_msgs/base_msgs/srv/detail/pnc_map_service__struct.hpp
[1.062s] -- Up-to-date: /home/x/planning_with_ROS2_course/install/base_msgs/include/base_msgs/base_msgs/srv/pnc_map_service.hpp
[1.062s] -- Up-to-date: /home/x/planning_with_ROS2_course/install/base_msgs/include/base_msgs/base_msgs
[1.062s] -- Up-to-date: /home/x/planning_with_ROS2_course/install/base_msgs/include/base_msgs/base_msgs/msg
[1.062s] -- Up-to-date: /home/x/planning_with_ROS2_course/install/base_msgs/include/base_msgs/base_msgs/msg/detail
[1.062s] -- Up-to-date: /home/x/planning_with_ROS2_course/install/base_msgs/include/base_msgs/base_msgs/msg/detail/referline__rosidl_typesupport_fastrtps_cpp.hpp
[1.062s] -- Up-to-date: /home/x/planning_with_ROS2_course/install/base_msgs/include/base_msgs/base_msgs/msg/detail/dds_fastrtps
[1.062s] -- Up-to-date: /home/x/planning_with_ROS2_course/install/base_msgs/include/base_msgs/base_msgs/msg/detail/plot_info__rosidl_typesupport_fastrtps_cpp.hpp
[1.062s] -- Up-to-date: /home/x/planning_with_ROS2_course/install/base_msgs/include/base_msgs/base_msgs/msg/detail/local_trajectory_point__rosidl_typesupport_fastrtps_cpp.hpp
[1.063s] -- Up-to-date: /home/x/planning_with_ROS2_course/install/base_msgs/include/base_msgs/base_msgs/msg/detail/referline_point__rosidl_typesupport_fastrtps_cpp.hpp
[1.063s] -- Up-to-date: /home/x/planning_with_ROS2_course/install/base_msgs/include/base_msgs/base_msgs/msg/detail/local_path__rosidl_typesupport_fastrtps_cpp.hpp
[1.063s] -- Up-to-date: /home/x/planning_with_ROS2_course/install/base_msgs/include/base_msgs/base_msgs/msg/detail/local_speeds__rosidl_typesupport_fastrtps_cpp.hpp
[1.063s] -- Up-to-date: /home/x/planning_with_ROS2_course/install/base_msgs/include/base_msgs/base_msgs/msg/detail/local_trajectory__rosidl_typesupport_fastrtps_cpp.hpp
[1.063s] -- Up-to-date: /home/x/planning_with_ROS2_course/install/base_msgs/include/base_msgs/base_msgs/msg/detail/local_speeds_point__rosidl_typesupport_fastrtps_cpp.hpp
[1.063s] -- Up-to-date: /home/x/planning_with_ROS2_course/install/base_msgs/include/base_msgs/base_msgs/msg/detail/pnc_map__rosidl_typesupport_fastrtps_cpp.hpp
[1.065s] -- Up-to-date: /home/x/planning_with_ROS2_course/install/base_msgs/include/base_msgs/base_msgs/msg/detail/local_path_point__rosidl_typesupport_fastrtps_cpp.hpp
[1.065s] -- Up-to-date: /home/x/planning_with_ROS2_course/install/base_msgs/include/base_msgs/base_msgs/msg/detail/obs_info__rosidl_typesupport_fastrtps_cpp.hpp
[1.066s] -- Up-to-date: /home/x/planning_with_ROS2_course/install/base_msgs/include/base_msgs/base_msgs/msg/rosidl_typesupport_fastrtps_cpp__visibility_control.h
[1.066s] -- Up-to-date: /home/x/planning_with_ROS2_course/install/base_msgs/include/base_msgs/base_msgs/srv
[1.066s] -- Up-to-date: /home/x/planning_with_ROS2_course/install/base_msgs/include/base_msgs/base_msgs/srv/detail
[1.066s] -- Up-to-date: /home/x/planning_with_ROS2_course/install/base_msgs/include/base_msgs/base_msgs/srv/detail/dds_fastrtps
[1.066s] -- Up-to-date: /home/x/planning_with_ROS2_course/install/base_msgs/include/base_msgs/base_msgs/srv/detail/pnc_map_service__rosidl_typesupport_fastrtps_cpp.hpp
[1.066s] -- Up-to-date: /home/x/planning_with_ROS2_course/install/base_msgs/include/base_msgs/base_msgs/srv/detail/global_path_service__rosidl_typesupport_fastrtps_cpp.hpp
[1.066s] -- Up-to-date: /home/x/planning_with_ROS2_course/install/base_msgs/lib/libbase_msgs__rosidl_typesupport_fastrtps_cpp.so
[1.066s] -- Up-to-date: /home/x/planning_with_ROS2_course/install/base_msgs/include/base_msgs/base_msgs
[1.066s] -- Up-to-date: /home/x/planning_with_ROS2_course/install/base_msgs/include/base_msgs/base_msgs/msg
[1.066s] -- Up-to-date: /home/x/planning_with_ROS2_course/install/base_msgs/include/base_msgs/base_msgs/msg/detail
[1.066s] -- Up-to-date: /home/x/planning_with_ROS2_course/install/base_msgs/include/base_msgs/base_msgs/msg/detail/local_path_point__type_support.cpp
[1.066s] -- Up-to-date: /home/x/planning_with_ROS2_course/install/base_msgs/include/base_msgs/base_msgs/msg/detail/referline__type_support.cpp
[1.066s] -- Up-to-date: /home/x/planning_with_ROS2_course/install/base_msgs/include/base_msgs/base_msgs/msg/detail/local_speeds__type_support.cpp
[1.066s] -- Up-to-date: /home/x/planning_with_ROS2_course/install/base_msgs/include/base_msgs/base_msgs/msg/detail/obs_info__type_support.cpp
[1.067s] -- Up-to-date: /home/x/planning_with_ROS2_course/install/base_msgs/include/base_msgs/base_msgs/msg/detail/local_path__rosidl_typesupport_introspection_cpp.hpp
[1.067s] -- Up-to-date: /home/x/planning_with_ROS2_course/install/base_msgs/include/base_msgs/base_msgs/msg/detail/local_trajectory__type_support.cpp
[1.067s] -- Up-to-date: /home/x/planning_with_ROS2_course/install/base_msgs/include/base_msgs/base_msgs/msg/detail/local_path_point__rosidl_typesupport_introspection_cpp.hpp
[1.067s] -- Up-to-date: /home/x/planning_with_ROS2_course/install/base_msgs/include/base_msgs/base_msgs/msg/detail/local_speeds_point__rosidl_typesupport_introspection_cpp.hpp
[1.067s] -- Up-to-date: /home/x/planning_with_ROS2_course/install/base_msgs/include/base_msgs/base_msgs/msg/detail/local_path__type_support.cpp
[1.067s] -- Up-to-date: /home/x/planning_with_ROS2_course/install/base_msgs/include/base_msgs/base_msgs/msg/detail/local_trajectory_point__type_support.cpp
[1.067s] -- Up-to-date: /home/x/planning_with_ROS2_course/install/base_msgs/include/base_msgs/base_msgs/msg/detail/plot_info__type_support.cpp
[1.067s] -- Up-to-date: /home/x/planning_with_ROS2_course/install/base_msgs/include/base_msgs/base_msgs/msg/detail/local_speeds__rosidl_typesupport_introspection_cpp.hpp
[1.067s] -- Up-to-date: /home/x/planning_with_ROS2_course/install/base_msgs/include/base_msgs/base_msgs/msg/detail/referline_point__type_support.cpp
[1.067s] -- Up-to-date: /home/x/planning_with_ROS2_course/install/base_msgs/include/base_msgs/base_msgs/msg/detail/local_speeds_point__type_support.cpp
[1.068s] -- Up-to-date: /home/x/planning_with_ROS2_course/install/base_msgs/include/base_msgs/base_msgs/msg/detail/pnc_map__rosidl_typesupport_introspection_cpp.hpp
[1.068s] -- Up-to-date: /home/x/planning_with_ROS2_course/install/base_msgs/include/base_msgs/base_msgs/msg/detail/obs_info__rosidl_typesupport_introspection_cpp.hpp
[1.069s] -- Up-to-date: /home/x/planning_with_ROS2_course/install/base_msgs/include/base_msgs/base_msgs/msg/detail/local_trajectory__rosidl_typesupport_introspection_cpp.hpp
[1.069s] -- Up-to-date: /home/x/planning_with_ROS2_course/install/base_msgs/include/base_msgs/base_msgs/msg/detail/local_trajectory_point__rosidl_typesupport_introspection_cpp.hpp
[1.069s] -- Up-to-date: /home/x/planning_with_ROS2_course/install/base_msgs/include/base_msgs/base_msgs/msg/detail/referline__rosidl_typesupport_introspection_cpp.hpp
[1.069s] -- Up-to-date: /home/x/planning_with_ROS2_course/install/base_msgs/include/base_msgs/base_msgs/msg/detail/plot_info__rosidl_typesupport_introspection_cpp.hpp
[1.069s] -- Up-to-date: /home/x/planning_with_ROS2_course/install/base_msgs/include/base_msgs/base_msgs/msg/detail/referline_point__rosidl_typesupport_introspection_cpp.hpp
[1.069s] -- Up-to-date: /home/x/planning_with_ROS2_course/install/base_msgs/include/base_msgs/base_msgs/msg/detail/pnc_map__type_support.cpp
[1.070s] -- Up-to-date: /home/x/planning_with_ROS2_course/install/base_msgs/include/base_msgs/base_msgs/srv
[1.071s] -- Up-to-date: /home/x/planning_with_ROS2_course/install/base_msgs/include/base_msgs/base_msgs/srv/detail
[1.071s] -- Up-to-date: /home/x/planning_with_ROS2_course/install/base_msgs/include/base_msgs/base_msgs/srv/detail/pnc_map_service__type_support.cpp
[1.071s] -- Up-to-date: /home/x/planning_with_ROS2_course/install/base_msgs/include/base_msgs/base_msgs/srv/detail/pnc_map_service__rosidl_typesupport_introspection_cpp.hpp
[1.071s] -- Up-to-date: /home/x/planning_with_ROS2_course/install/base_msgs/include/base_msgs/base_msgs/srv/detail/global_path_service__type_support.cpp
[1.071s] -- Up-to-date: /home/x/planning_with_ROS2_course/install/base_msgs/include/base_msgs/base_msgs/srv/detail/global_path_service__rosidl_typesupport_introspection_cpp.hpp
[1.071s] -- Up-to-date: /home/x/planning_with_ROS2_course/install/base_msgs/lib/libbase_msgs__rosidl_typesupport_introspection_cpp.so
[1.071s] -- Up-to-date: /home/x/planning_with_ROS2_course/install/base_msgs/lib/libbase_msgs__rosidl_typesupport_cpp.so
[1.071s] -- Up-to-date: /home/x/planning_with_ROS2_course/install/base_msgs/share/base_msgs/environment/pythonpath.sh
[1.071s] -- Up-to-date: /home/x/planning_with_ROS2_course/install/base_msgs/share/base_msgs/environment/pythonpath.dsv
[1.072s] -- Up-to-date: /home/x/planning_with_ROS2_course/install/base_msgs/local/lib/python3.10/dist-packages/base_msgs-0.0.0-py3.10.egg-info
[1.072s] -- Installing: /home/x/planning_with_ROS2_course/install/base_msgs/local/lib/python3.10/dist-packages/base_msgs-0.0.0-py3.10.egg-info/PKG-INFO
[1.072s] -- Installing: /home/x/planning_with_ROS2_course/install/base_msgs/local/lib/python3.10/dist-packages/base_msgs-0.0.0-py3.10.egg-info/top_level.txt
[1.072s] -- Installing: /home/x/planning_with_ROS2_course/install/base_msgs/local/lib/python3.10/dist-packages/base_msgs-0.0.0-py3.10.egg-info/dependency_links.txt
[1.072s] -- Installing: /home/x/planning_with_ROS2_course/install/base_msgs/local/lib/python3.10/dist-packages/base_msgs-0.0.0-py3.10.egg-info/SOURCES.txt
[1.072s] -- Up-to-date: /home/x/planning_with_ROS2_course/install/base_msgs/local/lib/python3.10/dist-packages/base_msgs
[1.073s] -- Up-to-date: /home/x/planning_with_ROS2_course/install/base_msgs/local/lib/python3.10/dist-packages/base_msgs/msg
[1.073s] -- Up-to-date: /home/x/planning_with_ROS2_course/install/base_msgs/local/lib/python3.10/dist-packages/base_msgs/msg/_referline_point.py
[1.073s] -- Up-to-date: /home/x/planning_with_ROS2_course/install/base_msgs/local/lib/python3.10/dist-packages/base_msgs/msg/_pnc_map.py
[1.073s] -- Up-to-date: /home/x/planning_with_ROS2_course/install/base_msgs/local/lib/python3.10/dist-packages/base_msgs/msg/_obs_info_s.c
[1.073s] -- Up-to-date: /home/x/planning_with_ROS2_course/install/base_msgs/local/lib/python3.10/dist-packages/base_msgs/msg/_local_speeds_point_s.c
[1.073s] -- Up-to-date: /home/x/planning_with_ROS2_course/install/base_msgs/local/lib/python3.10/dist-packages/base_msgs/msg/__init__.py
[1.073s] -- Up-to-date: /home/x/planning_with_ROS2_course/install/base_msgs/local/lib/python3.10/dist-packages/base_msgs/msg/_local_trajectory_s.c
[1.073s] -- Up-to-date: /home/x/planning_with_ROS2_course/install/base_msgs/local/lib/python3.10/dist-packages/base_msgs/msg/_local_speeds_s.c
[1.073s] -- Up-to-date: /home/x/planning_with_ROS2_course/install/base_msgs/local/lib/python3.10/dist-packages/base_msgs/msg/_local_trajectory_point.py
[1.073s] -- Up-to-date: /home/x/planning_with_ROS2_course/install/base_msgs/local/lib/python3.10/dist-packages/base_msgs/msg/_plot_info_s.c
[1.073s] -- Up-to-date: /home/x/planning_with_ROS2_course/install/base_msgs/local/lib/python3.10/dist-packages/base_msgs/msg/_local_path.py
[1.073s] -- Up-to-date: /home/x/planning_with_ROS2_course/install/base_msgs/local/lib/python3.10/dist-packages/base_msgs/msg/_plot_info.py
[1.074s] -- Up-to-date: /home/x/planning_with_ROS2_course/install/base_msgs/local/lib/python3.10/dist-packages/base_msgs/msg/_referline_s.c
[1.074s] -- Up-to-date: /home/x/planning_with_ROS2_course/install/base_msgs/local/lib/python3.10/dist-packages/base_msgs/msg/_referline.py
[1.074s] -- Up-to-date: /home/x/planning_with_ROS2_course/install/base_msgs/local/lib/python3.10/dist-packages/base_msgs/msg/_local_trajectory.py
[1.074s] -- Up-to-date: /home/x/planning_with_ROS2_course/install/base_msgs/local/lib/python3.10/dist-packages/base_msgs/msg/_referline_point_s.c
[1.074s] -- Up-to-date: /home/x/planning_with_ROS2_course/install/base_msgs/local/lib/python3.10/dist-packages/base_msgs/msg/_obs_info.py
[1.074s] -- Up-to-date: /home/x/planning_with_ROS2_course/install/base_msgs/local/lib/python3.10/dist-packages/base_msgs/msg/_pnc_map_s.c
[1.074s] -- Up-to-date: /home/x/planning_with_ROS2_course/install/base_msgs/local/lib/python3.10/dist-packages/base_msgs/msg/_local_path_point_s.c
[1.074s] -- Up-to-date: /home/x/planning_with_ROS2_course/install/base_msgs/local/lib/python3.10/dist-packages/base_msgs/msg/_local_path_s.c
[1.074s] -- Up-to-date: /home/x/planning_with_ROS2_course/install/base_msgs/local/lib/python3.10/dist-packages/base_msgs/msg/_local_speeds.py
[1.074s] -- Up-to-date: /home/x/planning_with_ROS2_course/install/base_msgs/local/lib/python3.10/dist-packages/base_msgs/msg/_local_speeds_point.py
[1.074s] -- Up-to-date: /home/x/planning_with_ROS2_course/install/base_msgs/local/lib/python3.10/dist-packages/base_msgs/msg/_local_trajectory_point_s.c
[1.074s] -- Up-to-date: /home/x/planning_with_ROS2_course/install/base_msgs/local/lib/python3.10/dist-packages/base_msgs/msg/_local_path_point.py
[1.074s] -- Up-to-date: /home/x/planning_with_ROS2_course/install/base_msgs/local/lib/python3.10/dist-packages/base_msgs/base_msgs_s__rosidl_typesupport_introspection_c.cpython-310-x86_64-linux-gnu.so
[1.074s] -- Up-to-date: /home/x/planning_with_ROS2_course/install/base_msgs/local/lib/python3.10/dist-packages/base_msgs/__init__.py
[1.077s] -- Up-to-date: /home/x/planning_with_ROS2_course/install/base_msgs/local/lib/python3.10/dist-packages/base_msgs/_base_msgs_s.ep.rosidl_typesupport_introspection_c.c
[1.077s] -- Up-to-date: /home/x/planning_with_ROS2_course/install/base_msgs/local/lib/python3.10/dist-packages/base_msgs/libbase_msgs__rosidl_generator_py.so
[1.077s] -- Up-to-date: /home/x/planning_with_ROS2_course/install/base_msgs/local/lib/python3.10/dist-packages/base_msgs/base_msgs_s__rosidl_typesupport_c.cpython-310-x86_64-linux-gnu.so
[1.077s] -- Up-to-date: /home/x/planning_with_ROS2_course/install/base_msgs/local/lib/python3.10/dist-packages/base_msgs/base_msgs_s__rosidl_typesupport_fastrtps_c.cpython-310-x86_64-linux-gnu.so
[1.077s] -- Up-to-date: /home/x/planning_with_ROS2_course/install/base_msgs/local/lib/python3.10/dist-packages/base_msgs/_base_msgs_s.ep.rosidl_typesupport_c.c
[1.077s] -- Up-to-date: /home/x/planning_with_ROS2_course/install/base_msgs/local/lib/python3.10/dist-packages/base_msgs/_base_msgs_s.ep.rosidl_typesupport_fastrtps_c.c
[1.077s] -- Up-to-date: /home/x/planning_with_ROS2_course/install/base_msgs/local/lib/python3.10/dist-packages/base_msgs/srv
[1.077s] -- Up-to-date: /home/x/planning_with_ROS2_course/install/base_msgs/local/lib/python3.10/dist-packages/base_msgs/srv/_global_path_service_s.c
[1.077s] -- Up-to-date: /home/x/planning_with_ROS2_course/install/base_msgs/local/lib/python3.10/dist-packages/base_msgs/srv/_pnc_map_service_s.c
[1.077s] -- Up-to-date: /home/x/planning_with_ROS2_course/install/base_msgs/local/lib/python3.10/dist-packages/base_msgs/srv/_global_path_service.py
[1.077s] -- Up-to-date: /home/x/planning_with_ROS2_course/install/base_msgs/local/lib/python3.10/dist-packages/base_msgs/srv/__init__.py
[1.077s] -- Up-to-date: /home/x/planning_with_ROS2_course/install/base_msgs/local/lib/python3.10/dist-packages/base_msgs/srv/_pnc_map_service.py
[1.122s] Listing '/home/x/planning_with_ROS2_course/install/base_msgs/local/lib/python3.10/dist-packages/base_msgs'...
[1.122s] Listing '/home/x/planning_with_ROS2_course/install/base_msgs/local/lib/python3.10/dist-packages/base_msgs/msg'...
[1.122s] Listing '/home/x/planning_with_ROS2_course/install/base_msgs/local/lib/python3.10/dist-packages/base_msgs/srv'...
[1.132s] -- Up-to-date: /home/x/planning_with_ROS2_course/install/base_msgs/local/lib/python3.10/dist-packages/base_msgs/base_msgs_s__rosidl_typesupport_fastrtps_c.cpython-310-x86_64-linux-gnu.so
[1.132s] -- Up-to-date: /home/x/planning_with_ROS2_course/install/base_msgs/local/lib/python3.10/dist-packages/base_msgs/base_msgs_s__rosidl_typesupport_introspection_c.cpython-310-x86_64-linux-gnu.so
[1.132s] -- Up-to-date: /home/x/planning_with_ROS2_course/install/base_msgs/local/lib/python3.10/dist-packages/base_msgs/base_msgs_s__rosidl_typesupport_c.cpython-310-x86_64-linux-gnu.so
[1.134s] -- Up-to-date: /home/x/planning_with_ROS2_course/install/base_msgs/lib/libbase_msgs__rosidl_generator_py.so
[1.134s] -- Up-to-date: /home/x/planning_with_ROS2_course/install/base_msgs/share/base_msgs/srv/GlobalPathService.idl
[1.134s] -- Up-to-date: /home/x/planning_with_ROS2_course/install/base_msgs/share/base_msgs/srv/PNCMapService.idl
[1.135s] -- Up-to-date: /home/x/planning_with_ROS2_course/install/base_msgs/share/base_msgs/msg/PNCMap.idl
[1.135s] -- Up-to-date: /home/x/planning_with_ROS2_course/install/base_msgs/share/base_msgs/msg/ReferlinePoint.idl
[1.135s] -- Up-to-date: /home/x/planning_with_ROS2_course/install/base_msgs/share/base_msgs/msg/Referline.idl
[1.135s] -- Up-to-date: /home/x/planning_with_ROS2_course/install/base_msgs/share/base_msgs/msg/LocalPathPoint.idl
[1.139s] -- Up-to-date: /home/x/planning_with_ROS2_course/install/base_msgs/share/base_msgs/msg/LocalPath.idl
[1.139s] -- Up-to-date: /home/x/planning_with_ROS2_course/install/base_msgs/share/base_msgs/msg/LocalSpeedsPoint.idl
[1.139s] -- Up-to-date: /home/x/planning_with_ROS2_course/install/base_msgs/share/base_msgs/msg/LocalSpeeds.idl
[1.140s] -- Up-to-date: /home/x/planning_with_ROS2_course/install/base_msgs/share/base_msgs/msg/LocalTrajectoryPoint.idl
[1.140s] -- Up-to-date: /home/x/planning_with_ROS2_course/install/base_msgs/share/base_msgs/msg/LocalTrajectory.idl
[1.140s] -- Up-to-date: /home/x/planning_with_ROS2_course/install/base_msgs/share/base_msgs/msg/ObsInfo.idl
[1.140s] -- Up-to-date: /home/x/planning_with_ROS2_course/install/base_msgs/share/base_msgs/msg/PlotInfo.idl
[1.140s] -- Up-to-date: /home/x/planning_with_ROS2_course/install/base_msgs/share/base_msgs/srv/GlobalPathService.srv
[1.140s] -- Up-to-date: /home/x/planning_with_ROS2_course/install/base_msgs/share/base_msgs/srv/GlobalPathService_Request.msg
[1.140s] -- Up-to-date: /home/x/planning_with_ROS2_course/install/base_msgs/share/base_msgs/srv/GlobalPathService_Response.msg
[1.140s] -- Up-to-date: /home/x/planning_with_ROS2_course/install/base_msgs/share/base_msgs/srv/PNCMapService.srv
[1.140s] -- Up-to-date: /home/x/planning_with_ROS2_course/install/base_msgs/share/base_msgs/srv/PNCMapService_Request.msg
[1.140s] -- Up-to-date: /home/x/planning_with_ROS2_course/install/base_msgs/share/base_msgs/srv/PNCMapService_Response.msg
[1.140s] -- Up-to-date: /home/x/planning_with_ROS2_course/install/base_msgs/share/base_msgs/msg/PNCMap.msg
[1.140s] -- Up-to-date: /home/x/planning_with_ROS2_course/install/base_msgs/share/base_msgs/msg/ReferlinePoint.msg
[1.141s] -- Up-to-date: /home/x/planning_with_ROS2_course/install/base_msgs/share/base_msgs/msg/Referline.msg
[1.141s] -- Up-to-date: /home/x/planning_with_ROS2_course/install/base_msgs/share/base_msgs/msg/LocalPathPoint.msg
[1.142s] -- Up-to-date: /home/x/planning_with_ROS2_course/install/base_msgs/share/base_msgs/msg/LocalPath.msg
[1.142s] -- Up-to-date: /home/x/planning_with_ROS2_course/install/base_msgs/share/base_msgs/msg/LocalSpeedsPoint.msg
[1.142s] -- Up-to-date: /home/x/planning_with_ROS2_course/install/base_msgs/share/base_msgs/msg/LocalSpeeds.msg
[1.142s] -- Up-to-date: /home/x/planning_with_ROS2_course/install/base_msgs/share/base_msgs/msg/LocalTrajectoryPoint.msg
[1.142s] -- Up-to-date: /home/x/planning_with_ROS2_course/install/base_msgs/share/base_msgs/msg/LocalTrajectory.msg
[1.142s] -- Up-to-date: /home/x/planning_with_ROS2_course/install/base_msgs/share/base_msgs/msg/ObsInfo.msg
[1.142s] -- Up-to-date: /home/x/planning_with_ROS2_course/install/base_msgs/share/base_msgs/msg/PlotInfo.msg
[1.143s] -- Up-to-date: /home/x/planning_with_ROS2_course/install/base_msgs/share/ament_index/resource_index/package_run_dependencies/base_msgs
[1.143s] -- Up-to-date: /home/x/planning_with_ROS2_course/install/base_msgs/share/ament_index/resource_index/parent_prefix_path/base_msgs
[1.143s] -- Up-to-date: /home/x/planning_with_ROS2_course/install/base_msgs/share/base_msgs/environment/ament_prefix_path.sh
[1.143s] -- Up-to-date: /home/x/planning_with_ROS2_course/install/base_msgs/share/base_msgs/environment/ament_prefix_path.dsv
[1.143s] -- Up-to-date: /home/x/planning_with_ROS2_course/install/base_msgs/share/base_msgs/environment/path.sh
[1.143s] -- Up-to-date: /home/x/planning_with_ROS2_course/install/base_msgs/share/base_msgs/environment/path.dsv
[1.143s] -- Up-to-date: /home/x/planning_with_ROS2_course/install/base_msgs/share/base_msgs/local_setup.bash
[1.143s] -- Up-to-date: /home/x/planning_with_ROS2_course/install/base_msgs/share/base_msgs/local_setup.sh
[1.143s] -- Up-to-date: /home/x/planning_with_ROS2_course/install/base_msgs/share/base_msgs/local_setup.zsh
[1.143s] -- Up-to-date: /home/x/planning_with_ROS2_course/install/base_msgs/share/base_msgs/local_setup.dsv
[1.143s] -- Installing: /home/x/planning_with_ROS2_course/install/base_msgs/share/base_msgs/package.dsv
[1.152s] -- Up-to-date: /home/x/planning_with_ROS2_course/install/base_msgs/share/ament_index/resource_index/packages/base_msgs
[1.153s] -- Up-to-date: /home/x/planning_with_ROS2_course/install/base_msgs/share/base_msgs/cmake/export_base_msgs__rosidl_generator_cExport.cmake
[1.153s] -- Up-to-date: /home/x/planning_with_ROS2_course/install/base_msgs/share/base_msgs/cmake/export_base_msgs__rosidl_generator_cExport-noconfig.cmake
[1.153s] -- Up-to-date: /home/x/planning_with_ROS2_course/install/base_msgs/share/base_msgs/cmake/export_base_msgs__rosidl_typesupport_fastrtps_cExport.cmake
[1.153s] -- Up-to-date: /home/x/planning_with_ROS2_course/install/base_msgs/share/base_msgs/cmake/export_base_msgs__rosidl_typesupport_fastrtps_cExport-noconfig.cmake
[1.153s] -- Up-to-date: /home/x/planning_with_ROS2_course/install/base_msgs/share/base_msgs/cmake/base_msgs__rosidl_typesupport_introspection_cExport.cmake
[1.153s] -- Up-to-date: /home/x/planning_with_ROS2_course/install/base_msgs/share/base_msgs/cmake/base_msgs__rosidl_typesupport_introspection_cExport-noconfig.cmake
[1.153s] -- Up-to-date: /home/x/planning_with_ROS2_course/install/base_msgs/share/base_msgs/cmake/base_msgs__rosidl_typesupport_cExport.cmake
[1.154s] -- Up-to-date: /home/x/planning_with_ROS2_course/install/base_msgs/share/base_msgs/cmake/base_msgs__rosidl_typesupport_cExport-noconfig.cmake
[1.154s] -- Up-to-date: /home/x/planning_with_ROS2_course/install/base_msgs/share/base_msgs/cmake/export_base_msgs__rosidl_generator_cppExport.cmake
[1.154s] -- Up-to-date: /home/x/planning_with_ROS2_course/install/base_msgs/share/base_msgs/cmake/export_base_msgs__rosidl_typesupport_fastrtps_cppExport.cmake
[1.154s] -- Up-to-date: /home/x/planning_with_ROS2_course/install/base_msgs/share/base_msgs/cmake/export_base_msgs__rosidl_typesupport_fastrtps_cppExport-noconfig.cmake
[1.154s] -- Up-to-date: /home/x/planning_with_ROS2_course/install/base_msgs/share/base_msgs/cmake/base_msgs__rosidl_typesupport_introspection_cppExport.cmake
[1.154s] -- Up-to-date: /home/x/planning_with_ROS2_course/install/base_msgs/share/base_msgs/cmake/base_msgs__rosidl_typesupport_introspection_cppExport-noconfig.cmake
[1.154s] -- Up-to-date: /home/x/planning_with_ROS2_course/install/base_msgs/share/base_msgs/cmake/base_msgs__rosidl_typesupport_cppExport.cmake
[1.154s] -- Up-to-date: /home/x/planning_with_ROS2_course/install/base_msgs/share/base_msgs/cmake/base_msgs__rosidl_typesupport_cppExport-noconfig.cmake
[1.154s] -- Up-to-date: /home/x/planning_with_ROS2_course/install/base_msgs/share/base_msgs/cmake/export_base_msgs__rosidl_generator_pyExport.cmake
[1.154s] -- Up-to-date: /home/x/planning_with_ROS2_course/install/base_msgs/share/base_msgs/cmake/export_base_msgs__rosidl_generator_pyExport-noconfig.cmake
[1.154s] -- Up-to-date: /home/x/planning_with_ROS2_course/install/base_msgs/share/base_msgs/cmake/rosidl_cmake-extras.cmake
[1.154s] -- Up-to-date: /home/x/planning_with_ROS2_course/install/base_msgs/share/base_msgs/cmake/ament_cmake_export_dependencies-extras.cmake
[1.154s] -- Up-to-date: /home/x/planning_with_ROS2_course/install/base_msgs/share/base_msgs/cmake/ament_cmake_export_include_directories-extras.cmake
[1.154s] -- Up-to-date: /home/x/planning_with_ROS2_course/install/base_msgs/share/base_msgs/cmake/ament_cmake_export_libraries-extras.cmake
[1.154s] -- Up-to-date: /home/x/planning_with_ROS2_course/install/base_msgs/share/base_msgs/cmake/ament_cmake_export_targets-extras.cmake
[1.155s] -- Up-to-date: /home/x/planning_with_ROS2_course/install/base_msgs/share/base_msgs/cmake/rosidl_cmake_export_typesupport_targets-extras.cmake
[1.155s] -- Up-to-date: /home/x/planning_with_ROS2_course/install/base_msgs/share/base_msgs/cmake/rosidl_cmake_export_typesupport_libraries-extras.cmake
[1.155s] -- Up-to-date: /home/x/planning_with_ROS2_course/install/base_msgs/share/base_msgs/cmake/base_msgsConfig.cmake
[1.155s] -- Up-to-date: /home/x/planning_with_ROS2_course/install/base_msgs/share/base_msgs/cmake/base_msgsConfig-version.cmake
[1.156s] -- Up-to-date: /home/x/planning_with_ROS2_course/install/base_msgs/share/base_msgs/package.xml
[1.156s] Invoked command in '/home/x/planning_with_ROS2_course/build/base_msgs' returned '0': CMAKE_PREFIX_PATH=${CMAKE_PREFIX_PATH}:/home/x/planning_with_ROS2_course/install/data_plot:/opt/ros/humble /usr/bin/cmake --install /home/x/planning_with_ROS2_course/build/base_msgs
