[0.193s] DEBUG:colcon:Command line arguments: ['/usr/bin/colcon', 'build']
[0.194s] DEBUG:colcon:Parsed command line arguments: Namespace(log_base=None, log_level=None, verb_name='build', build_base='build', install_base='install', merge_install=False, symlink_install=False, test_result_base=None, continue_on_error=False, executor='parallel', parallel_workers=8, event_handlers=None, ignore_user_meta=False, metas=['./colcon.meta'], base_paths=['.'], packages_ignore=None, packages_ignore_regex=None, paths=None, packages_up_to=None, packages_up_to_regex=None, packages_above=None, packages_above_and_dependencies=None, packages_above_depth=None, packages_select_by_dep=None, packages_skip_by_dep=None, packages_skip_up_to=None, packages_select_build_failed=False, packages_skip_build_finished=False, packages_select_test_failures=False, packages_skip_test_passed=False, packages_select=None, packages_skip=None, packages_select_regex=None, packages_skip_regex=None, packages_start=None, packages_end=None, allow_overriding=[], cmake_args=None, cmake_target=None, cmake_target_skip_unavailable=False, cmake_clean_cache=False, cmake_clean_first=False, cmake_force_configure=False, ament_cmake_args=None, catkin_cmake_args=None, catkin_skip_building_tests=False, verb_parser=<colcon_defaults.argument_parser.defaults.DefaultArgumentsDecorator object at 0x71a8fad27b80>, verb_extension=<colcon_core.verb.build.BuildVerb object at 0x71a8fae5c400>, main=<bound method BuildVerb.main of <colcon_core.verb.build.BuildVerb object at 0x71a8fae5c400>>)
[0.436s] Level 1:colcon.colcon_core.package_discovery:discover_packages(colcon_meta) check parameters
[0.436s] Level 1:colcon.colcon_core.package_discovery:discover_packages(recursive) check parameters
[0.436s] Level 1:colcon.colcon_core.package_discovery:discover_packages(ignore) check parameters
[0.436s] Level 1:colcon.colcon_core.package_discovery:discover_packages(path) check parameters
[0.436s] Level 1:colcon.colcon_core.package_discovery:discover_packages(colcon_meta) discover
[0.436s] Level 1:colcon.colcon_core.package_discovery:discover_packages(recursive) discover
[0.436s] INFO:colcon.colcon_core.package_discovery:Crawling recursively for packages in '/home/x/planning_with_ROS2_course'
[0.437s] Level 1:colcon.colcon_core.package_identification:_identify(.) by extensions ['ignore', 'ignore_ament_install']
[0.437s] Level 1:colcon.colcon_core.package_identification:_identify(.) by extension 'ignore'
[0.437s] Level 1:colcon.colcon_core.package_identification:_identify(.) by extension 'ignore_ament_install'
[0.437s] Level 1:colcon.colcon_core.package_identification:_identify(.) by extensions ['colcon_pkg']
[0.437s] Level 1:colcon.colcon_core.package_identification:_identify(.) by extension 'colcon_pkg'
[0.437s] Level 1:colcon.colcon_core.package_identification:_identify(.) by extensions ['colcon_meta']
[0.437s] Level 1:colcon.colcon_core.package_identification:_identify(.) by extension 'colcon_meta'
[0.437s] Level 1:colcon.colcon_core.package_identification:_identify(.) by extensions ['ros']
[0.437s] Level 1:colcon.colcon_core.package_identification:_identify(.) by extension 'ros'
[0.455s] Level 1:colcon.colcon_core.package_identification:_identify(.) by extensions ['cmake', 'python']
[0.455s] Level 1:colcon.colcon_core.package_identification:_identify(.) by extension 'cmake'
[0.455s] Level 1:colcon.colcon_core.package_identification:_identify(.) by extension 'python'
[0.455s] Level 1:colcon.colcon_core.package_identification:_identify(.) by extensions ['python_setup_py']
[0.455s] Level 1:colcon.colcon_core.package_identification:_identify(.) by extension 'python_setup_py'
[0.456s] Level 1:colcon.colcon_core.package_identification:_identify(build) by extensions ['ignore', 'ignore_ament_install']
[0.456s] Level 1:colcon.colcon_core.package_identification:_identify(build) by extension 'ignore'
[0.456s] Level 1:colcon.colcon_core.package_identification:_identify(build) ignored
[0.456s] Level 1:colcon.colcon_core.package_identification:_identify(install) by extensions ['ignore', 'ignore_ament_install']
[0.456s] Level 1:colcon.colcon_core.package_identification:_identify(install) by extension 'ignore'
[0.457s] Level 1:colcon.colcon_core.package_identification:_identify(install) ignored
[0.457s] Level 1:colcon.colcon_core.package_identification:_identify(log) by extensions ['ignore', 'ignore_ament_install']
[0.459s] Level 1:colcon.colcon_core.package_identification:_identify(log) by extension 'ignore'
[0.459s] Level 1:colcon.colcon_core.package_identification:_identify(log) ignored
[0.459s] Level 1:colcon.colcon_core.package_identification:_identify(src) by extensions ['ignore', 'ignore_ament_install']
[0.459s] Level 1:colcon.colcon_core.package_identification:_identify(src) by extension 'ignore'
[0.459s] Level 1:colcon.colcon_core.package_identification:_identify(src) by extension 'ignore_ament_install'
[0.459s] Level 1:colcon.colcon_core.package_identification:_identify(src) by extensions ['colcon_pkg']
[0.459s] Level 1:colcon.colcon_core.package_identification:_identify(src) by extension 'colcon_pkg'
[0.459s] Level 1:colcon.colcon_core.package_identification:_identify(src) by extensions ['colcon_meta']
[0.459s] Level 1:colcon.colcon_core.package_identification:_identify(src) by extension 'colcon_meta'
[0.460s] Level 1:colcon.colcon_core.package_identification:_identify(src) by extensions ['ros']
[0.460s] Level 1:colcon.colcon_core.package_identification:_identify(src) by extension 'ros'
[0.460s] Level 1:colcon.colcon_core.package_identification:_identify(src) by extensions ['cmake', 'python']
[0.460s] Level 1:colcon.colcon_core.package_identification:_identify(src) by extension 'cmake'
[0.460s] Level 1:colcon.colcon_core.package_identification:_identify(src) by extension 'python'
[0.461s] Level 1:colcon.colcon_core.package_identification:_identify(src) by extensions ['python_setup_py']
[0.461s] Level 1:colcon.colcon_core.package_identification:_identify(src) by extension 'python_setup_py'
[0.461s] Level 1:colcon.colcon_core.package_identification:_identify(src/base_msgs) by extensions ['ignore', 'ignore_ament_install']
[0.462s] Level 1:colcon.colcon_core.package_identification:_identify(src/base_msgs) by extension 'ignore'
[0.462s] Level 1:colcon.colcon_core.package_identification:_identify(src/base_msgs) by extension 'ignore_ament_install'
[0.463s] Level 1:colcon.colcon_core.package_identification:_identify(src/base_msgs) by extensions ['colcon_pkg']
[0.463s] Level 1:colcon.colcon_core.package_identification:_identify(src/base_msgs) by extension 'colcon_pkg'
[0.463s] Level 1:colcon.colcon_core.package_identification:_identify(src/base_msgs) by extensions ['colcon_meta']
[0.463s] Level 1:colcon.colcon_core.package_identification:_identify(src/base_msgs) by extension 'colcon_meta'
[0.463s] Level 1:colcon.colcon_core.package_identification:_identify(src/base_msgs) by extensions ['ros']
[0.463s] Level 1:colcon.colcon_core.package_identification:_identify(src/base_msgs) by extension 'ros'
[0.467s] DEBUG:colcon.colcon_core.package_identification:Package 'src/base_msgs' with type 'ros.ament_cmake' and name 'base_msgs'
[0.468s] Level 1:colcon.colcon_core.package_identification:_identify(src/data_plot) by extensions ['ignore', 'ignore_ament_install']
[0.468s] Level 1:colcon.colcon_core.package_identification:_identify(src/data_plot) by extension 'ignore'
[0.470s] Level 1:colcon.colcon_core.package_identification:_identify(src/data_plot) by extension 'ignore_ament_install'
[0.474s] Level 1:colcon.colcon_core.package_identification:_identify(src/data_plot) by extensions ['colcon_pkg']
[0.475s] Level 1:colcon.colcon_core.package_identification:_identify(src/data_plot) by extension 'colcon_pkg'
[0.476s] Level 1:colcon.colcon_core.package_identification:_identify(src/data_plot) by extensions ['colcon_meta']
[0.476s] Level 1:colcon.colcon_core.package_identification:_identify(src/data_plot) by extension 'colcon_meta'
[0.477s] Level 1:colcon.colcon_core.package_identification:_identify(src/data_plot) by extensions ['ros']
[0.477s] Level 1:colcon.colcon_core.package_identification:_identify(src/data_plot) by extension 'ros'
[0.479s] DEBUG:colcon.colcon_core.package_identification:Package 'src/data_plot' with type 'ros.ament_python' and name 'data_plot'
[0.479s] Level 1:colcon.colcon_core.package_identification:_identify(src/planning) by extensions ['ignore', 'ignore_ament_install']
[0.479s] Level 1:colcon.colcon_core.package_identification:_identify(src/planning) by extension 'ignore'
[0.480s] Level 1:colcon.colcon_core.package_identification:_identify(src/planning) by extension 'ignore_ament_install'
[0.480s] Level 1:colcon.colcon_core.package_identification:_identify(src/planning) by extensions ['colcon_pkg']
[0.480s] Level 1:colcon.colcon_core.package_identification:_identify(src/planning) by extension 'colcon_pkg'
[0.480s] Level 1:colcon.colcon_core.package_identification:_identify(src/planning) by extensions ['colcon_meta']
[0.480s] Level 1:colcon.colcon_core.package_identification:_identify(src/planning) by extension 'colcon_meta'
[0.481s] Level 1:colcon.colcon_core.package_identification:_identify(src/planning) by extensions ['ros']
[0.481s] Level 1:colcon.colcon_core.package_identification:_identify(src/planning) by extension 'ros'
[0.483s] DEBUG:colcon.colcon_core.package_identification:Package 'src/planning' with type 'ros.ament_cmake' and name 'planning'
[0.483s] Level 1:colcon.colcon_core.package_discovery:discover_packages(recursive) using defaults
[0.483s] Level 1:colcon.colcon_core.package_discovery:discover_packages(ignore) discover
[0.485s] Level 1:colcon.colcon_core.package_discovery:discover_packages(ignore) using defaults
[0.485s] Level 1:colcon.colcon_core.package_discovery:discover_packages(path) discover
[0.485s] Level 1:colcon.colcon_core.package_discovery:discover_packages(path) using defaults
[0.517s] Level 1:colcon.colcon_core.package_discovery:discover_packages(prefix_path) check parameters
[0.517s] Level 1:colcon.colcon_core.package_discovery:discover_packages(prefix_path) discover
[0.519s] DEBUG:colcon.colcon_installed_package_information.package_discovery:Found 3 installed packages in /home/x/planning_with_ROS2_course/install
[0.521s] DEBUG:colcon.colcon_installed_package_information.package_discovery:Found 275 installed packages in /opt/ros/humble
[0.540s] Level 1:colcon.colcon_core.package_discovery:discover_packages(prefix_path) using defaults
[0.596s] Level 5:colcon.colcon_core.verb:set package 'base_msgs' build argument 'cmake_args' from command line to 'None'
[0.596s] Level 5:colcon.colcon_core.verb:set package 'base_msgs' build argument 'cmake_target' from command line to 'None'
[0.596s] Level 5:colcon.colcon_core.verb:set package 'base_msgs' build argument 'cmake_target_skip_unavailable' from command line to 'False'
[0.596s] Level 5:colcon.colcon_core.verb:set package 'base_msgs' build argument 'cmake_clean_cache' from command line to 'False'
[0.596s] Level 5:colcon.colcon_core.verb:set package 'base_msgs' build argument 'cmake_clean_first' from command line to 'False'
[0.596s] Level 5:colcon.colcon_core.verb:set package 'base_msgs' build argument 'cmake_force_configure' from command line to 'False'
[0.596s] Level 5:colcon.colcon_core.verb:set package 'base_msgs' build argument 'ament_cmake_args' from command line to 'None'
[0.597s] Level 5:colcon.colcon_core.verb:set package 'base_msgs' build argument 'catkin_cmake_args' from command line to 'None'
[0.597s] Level 5:colcon.colcon_core.verb:set package 'base_msgs' build argument 'catkin_skip_building_tests' from command line to 'False'
[0.597s] DEBUG:colcon.colcon_core.verb:Building package 'base_msgs' with the following arguments: {'ament_cmake_args': None, 'build_base': '/home/x/planning_with_ROS2_course/build/base_msgs', 'catkin_cmake_args': None, 'catkin_skip_building_tests': False, 'cmake_args': None, 'cmake_clean_cache': False, 'cmake_clean_first': False, 'cmake_force_configure': False, 'cmake_target': None, 'cmake_target_skip_unavailable': False, 'install_base': '/home/x/planning_with_ROS2_course/install/base_msgs', 'merge_install': False, 'path': '/home/x/planning_with_ROS2_course/src/base_msgs', 'symlink_install': False, 'test_result_base': None}
[0.597s] Level 5:colcon.colcon_core.verb:set package 'data_plot' build argument 'cmake_args' from command line to 'None'
[0.598s] Level 5:colcon.colcon_core.verb:set package 'data_plot' build argument 'cmake_target' from command line to 'None'
[0.598s] Level 5:colcon.colcon_core.verb:set package 'data_plot' build argument 'cmake_target_skip_unavailable' from command line to 'False'
[0.598s] Level 5:colcon.colcon_core.verb:set package 'data_plot' build argument 'cmake_clean_cache' from command line to 'False'
[0.598s] Level 5:colcon.colcon_core.verb:set package 'data_plot' build argument 'cmake_clean_first' from command line to 'False'
[0.599s] Level 5:colcon.colcon_core.verb:set package 'data_plot' build argument 'cmake_force_configure' from command line to 'False'
[0.599s] Level 5:colcon.colcon_core.verb:set package 'data_plot' build argument 'ament_cmake_args' from command line to 'None'
[0.599s] Level 5:colcon.colcon_core.verb:set package 'data_plot' build argument 'catkin_cmake_args' from command line to 'None'
[0.599s] Level 5:colcon.colcon_core.verb:set package 'data_plot' build argument 'catkin_skip_building_tests' from command line to 'False'
[0.599s] DEBUG:colcon.colcon_core.verb:Building package 'data_plot' with the following arguments: {'ament_cmake_args': None, 'build_base': '/home/x/planning_with_ROS2_course/build/data_plot', 'catkin_cmake_args': None, 'catkin_skip_building_tests': False, 'cmake_args': None, 'cmake_clean_cache': False, 'cmake_clean_first': False, 'cmake_force_configure': False, 'cmake_target': None, 'cmake_target_skip_unavailable': False, 'install_base': '/home/x/planning_with_ROS2_course/install/data_plot', 'merge_install': False, 'path': '/home/x/planning_with_ROS2_course/src/data_plot', 'symlink_install': False, 'test_result_base': None}
[0.601s] Level 5:colcon.colcon_core.verb:set package 'planning' build argument 'cmake_args' from command line to 'None'
[0.601s] Level 5:colcon.colcon_core.verb:set package 'planning' build argument 'cmake_target' from command line to 'None'
[0.601s] Level 5:colcon.colcon_core.verb:set package 'planning' build argument 'cmake_target_skip_unavailable' from command line to 'False'
[0.602s] Level 5:colcon.colcon_core.verb:set package 'planning' build argument 'cmake_clean_cache' from command line to 'False'
[0.602s] Level 5:colcon.colcon_core.verb:set package 'planning' build argument 'cmake_clean_first' from command line to 'False'
[0.602s] Level 5:colcon.colcon_core.verb:set package 'planning' build argument 'cmake_force_configure' from command line to 'False'
[0.602s] Level 5:colcon.colcon_core.verb:set package 'planning' build argument 'ament_cmake_args' from command line to 'None'
[0.602s] Level 5:colcon.colcon_core.verb:set package 'planning' build argument 'catkin_cmake_args' from command line to 'None'
[0.602s] Level 5:colcon.colcon_core.verb:set package 'planning' build argument 'catkin_skip_building_tests' from command line to 'False'
[0.602s] DEBUG:colcon.colcon_core.verb:Building package 'planning' with the following arguments: {'ament_cmake_args': None, 'build_base': '/home/x/planning_with_ROS2_course/build/planning', 'catkin_cmake_args': None, 'catkin_skip_building_tests': False, 'cmake_args': None, 'cmake_clean_cache': False, 'cmake_clean_first': False, 'cmake_force_configure': False, 'cmake_target': None, 'cmake_target_skip_unavailable': False, 'install_base': '/home/x/planning_with_ROS2_course/install/planning', 'merge_install': False, 'path': '/home/x/planning_with_ROS2_course/src/planning', 'symlink_install': False, 'test_result_base': None}
[0.602s] INFO:colcon.colcon_core.executor:Executing jobs using 'parallel' executor
[0.605s] DEBUG:colcon.colcon_parallel_executor.executor.parallel:run_until_complete
[0.605s] INFO:colcon.colcon_ros.task.ament_cmake.build:Building ROS package in '/home/x/planning_with_ROS2_course/src/base_msgs' with build type 'ament_cmake'
[0.606s] INFO:colcon.colcon_cmake.task.cmake.build:Building CMake package in '/home/x/planning_with_ROS2_course/src/base_msgs'
[0.610s] INFO:colcon.colcon_core.plugin_system:Skipping extension 'colcon_core.shell.bat': Not used on non-Windows systems
[0.610s] INFO:colcon.colcon_core.shell:Skip shell extension 'powershell' for command environment: Not usable outside of PowerShell
[0.610s] DEBUG:colcon.colcon_core.shell:Skip shell extension 'dsv' for command environment
[0.624s] DEBUG:colcon.colcon_core.event_handler.log_command:Invoking command in '/home/x/planning_with_ROS2_course/build/base_msgs': CMAKE_PREFIX_PATH=${CMAKE_PREFIX_PATH}:/home/x/planning_with_ROS2_course/install/data_plot:/opt/ros/humble /usr/bin/cmake --build /home/x/planning_with_ROS2_course/build/base_msgs -- -j8 -l8
[1.387s] DEBUG:colcon.colcon_core.event_handler.log_command:Invoked command in '/home/x/planning_with_ROS2_course/build/base_msgs' returned '0': CMAKE_PREFIX_PATH=${CMAKE_PREFIX_PATH}:/home/x/planning_with_ROS2_course/install/data_plot:/opt/ros/humble /usr/bin/cmake --build /home/x/planning_with_ROS2_course/build/base_msgs -- -j8 -l8
[1.407s] DEBUG:colcon.colcon_core.event_handler.log_command:Invoking command in '/home/x/planning_with_ROS2_course/build/base_msgs': CMAKE_PREFIX_PATH=${CMAKE_PREFIX_PATH}:/home/x/planning_with_ROS2_course/install/data_plot:/opt/ros/humble /usr/bin/cmake --install /home/x/planning_with_ROS2_course/build/base_msgs
[1.543s] Level 1:colcon.colcon_core.environment:create_environment_scripts_only(base_msgs)
[1.546s] DEBUG:colcon.colcon_core.event_handler.log_command:Invoked command in '/home/x/planning_with_ROS2_course/build/base_msgs' returned '0': CMAKE_PREFIX_PATH=${CMAKE_PREFIX_PATH}:/home/x/planning_with_ROS2_course/install/data_plot:/opt/ros/humble /usr/bin/cmake --install /home/x/planning_with_ROS2_course/build/base_msgs
[1.549s] Level 1:colcon.colcon_core.environment:checking '/home/x/planning_with_ROS2_course/install/base_msgs' for CMake module files
[1.551s] Level 1:colcon.colcon_core.environment:checking '/home/x/planning_with_ROS2_course/install/base_msgs' for CMake config files
[1.552s] Level 1:colcon.colcon_core.shell:create_environment_hook('base_msgs', 'cmake_prefix_path')
[1.552s] INFO:colcon.colcon_core.shell:Creating environment hook '/home/x/planning_with_ROS2_course/install/base_msgs/share/base_msgs/hook/cmake_prefix_path.ps1'
[1.555s] INFO:colcon.colcon_core.shell:Creating environment descriptor '/home/x/planning_with_ROS2_course/install/base_msgs/share/base_msgs/hook/cmake_prefix_path.dsv'
[1.556s] INFO:colcon.colcon_core.shell:Creating environment hook '/home/x/planning_with_ROS2_course/install/base_msgs/share/base_msgs/hook/cmake_prefix_path.sh'
[1.557s] Level 1:colcon.colcon_core.environment:checking '/home/x/planning_with_ROS2_course/install/base_msgs/lib'
[1.557s] Level 1:colcon.colcon_core.shell:create_environment_hook('base_msgs', 'ld_library_path_lib')
[1.558s] INFO:colcon.colcon_core.shell:Creating environment hook '/home/x/planning_with_ROS2_course/install/base_msgs/share/base_msgs/hook/ld_library_path_lib.ps1'
[1.558s] INFO:colcon.colcon_core.shell:Creating environment descriptor '/home/x/planning_with_ROS2_course/install/base_msgs/share/base_msgs/hook/ld_library_path_lib.dsv'
[1.559s] INFO:colcon.colcon_core.shell:Creating environment hook '/home/x/planning_with_ROS2_course/install/base_msgs/share/base_msgs/hook/ld_library_path_lib.sh'
[1.561s] Level 1:colcon.colcon_core.environment:checking '/home/x/planning_with_ROS2_course/install/base_msgs/bin'
[1.561s] Level 1:colcon.colcon_core.environment:checking '/home/x/planning_with_ROS2_course/install/base_msgs/lib/pkgconfig/base_msgs.pc'
[1.561s] Level 1:colcon.colcon_core.environment:checking '/home/x/planning_with_ROS2_course/install/base_msgs/lib/python3.10/site-packages'
[1.562s] Level 1:colcon.colcon_core.environment:checking '/home/x/planning_with_ROS2_course/install/base_msgs/bin'
[1.562s] INFO:colcon.colcon_core.shell:Creating package script '/home/x/planning_with_ROS2_course/install/base_msgs/share/base_msgs/package.ps1'
[1.564s] INFO:colcon.colcon_core.shell:Creating package descriptor '/home/x/planning_with_ROS2_course/install/base_msgs/share/base_msgs/package.dsv'
[1.565s] INFO:colcon.colcon_core.shell:Creating package script '/home/x/planning_with_ROS2_course/install/base_msgs/share/base_msgs/package.sh'
[1.568s] INFO:colcon.colcon_core.shell:Creating package script '/home/x/planning_with_ROS2_course/install/base_msgs/share/base_msgs/package.bash'
[1.570s] INFO:colcon.colcon_core.shell:Creating package script '/home/x/planning_with_ROS2_course/install/base_msgs/share/base_msgs/package.zsh'
[1.571s] Level 1:colcon.colcon_core.environment:create_file_with_runtime_dependencies(/home/x/planning_with_ROS2_course/install/base_msgs/share/colcon-core/packages/base_msgs)
[1.573s] Level 1:colcon.colcon_core.environment:create_environment_scripts_only(base_msgs)
[1.573s] Level 1:colcon.colcon_core.environment:checking '/home/x/planning_with_ROS2_course/install/base_msgs' for CMake module files
[1.574s] Level 1:colcon.colcon_core.environment:checking '/home/x/planning_with_ROS2_course/install/base_msgs' for CMake config files
[1.574s] Level 1:colcon.colcon_core.shell:create_environment_hook('base_msgs', 'cmake_prefix_path')
[1.574s] INFO:colcon.colcon_core.shell:Creating environment hook '/home/x/planning_with_ROS2_course/install/base_msgs/share/base_msgs/hook/cmake_prefix_path.ps1'
[1.575s] INFO:colcon.colcon_core.shell:Creating environment descriptor '/home/x/planning_with_ROS2_course/install/base_msgs/share/base_msgs/hook/cmake_prefix_path.dsv'
[1.576s] INFO:colcon.colcon_core.shell:Creating environment hook '/home/x/planning_with_ROS2_course/install/base_msgs/share/base_msgs/hook/cmake_prefix_path.sh'
[1.577s] Level 1:colcon.colcon_core.environment:checking '/home/x/planning_with_ROS2_course/install/base_msgs/lib'
[1.577s] Level 1:colcon.colcon_core.shell:create_environment_hook('base_msgs', 'ld_library_path_lib')
[1.577s] INFO:colcon.colcon_core.shell:Creating environment hook '/home/x/planning_with_ROS2_course/install/base_msgs/share/base_msgs/hook/ld_library_path_lib.ps1'
[1.578s] INFO:colcon.colcon_core.shell:Creating environment descriptor '/home/x/planning_with_ROS2_course/install/base_msgs/share/base_msgs/hook/ld_library_path_lib.dsv'
[1.579s] INFO:colcon.colcon_core.shell:Creating environment hook '/home/x/planning_with_ROS2_course/install/base_msgs/share/base_msgs/hook/ld_library_path_lib.sh'
[1.580s] Level 1:colcon.colcon_core.environment:checking '/home/x/planning_with_ROS2_course/install/base_msgs/bin'
[1.580s] Level 1:colcon.colcon_core.environment:checking '/home/x/planning_with_ROS2_course/install/base_msgs/lib/pkgconfig/base_msgs.pc'
[1.581s] Level 1:colcon.colcon_core.environment:checking '/home/x/planning_with_ROS2_course/install/base_msgs/lib/python3.10/site-packages'
[1.581s] Level 1:colcon.colcon_core.environment:checking '/home/x/planning_with_ROS2_course/install/base_msgs/bin'
[1.581s] INFO:colcon.colcon_core.shell:Creating package script '/home/x/planning_with_ROS2_course/install/base_msgs/share/base_msgs/package.ps1'
[1.583s] INFO:colcon.colcon_core.shell:Creating package descriptor '/home/x/planning_with_ROS2_course/install/base_msgs/share/base_msgs/package.dsv'
[1.584s] INFO:colcon.colcon_core.shell:Creating package script '/home/x/planning_with_ROS2_course/install/base_msgs/share/base_msgs/package.sh'
[1.586s] INFO:colcon.colcon_core.shell:Creating package script '/home/x/planning_with_ROS2_course/install/base_msgs/share/base_msgs/package.bash'
[1.587s] INFO:colcon.colcon_core.shell:Creating package script '/home/x/planning_with_ROS2_course/install/base_msgs/share/base_msgs/package.zsh'
[1.587s] Level 1:colcon.colcon_core.environment:create_file_with_runtime_dependencies(/home/x/planning_with_ROS2_course/install/base_msgs/share/colcon-core/packages/base_msgs)
[1.589s] INFO:colcon.colcon_ros.task.ament_python.build:Building ROS package in '/home/x/planning_with_ROS2_course/src/data_plot' with build type 'ament_python'
[1.590s] Level 1:colcon.colcon_core.shell:create_environment_hook('data_plot', 'ament_prefix_path')
[1.590s] INFO:colcon.colcon_core.shell:Creating environment hook '/home/x/planning_with_ROS2_course/install/data_plot/share/data_plot/hook/ament_prefix_path.ps1'
[1.591s] INFO:colcon.colcon_core.shell:Creating environment descriptor '/home/x/planning_with_ROS2_course/install/data_plot/share/data_plot/hook/ament_prefix_path.dsv'
[1.592s] INFO:colcon.colcon_core.shell:Creating environment hook '/home/x/planning_with_ROS2_course/install/data_plot/share/data_plot/hook/ament_prefix_path.sh'
[1.592s] INFO:colcon.colcon_core.shell:Skip shell extension 'powershell' for command environment: Not usable outside of PowerShell
[1.593s] DEBUG:colcon.colcon_core.shell:Skip shell extension 'dsv' for command environment
[1.599s] INFO:colcon.colcon_ros.task.ament_cmake.build:Building ROS package in '/home/x/planning_with_ROS2_course/src/planning' with build type 'ament_cmake'
[1.599s] INFO:colcon.colcon_cmake.task.cmake.build:Building CMake package in '/home/x/planning_with_ROS2_course/src/planning'
[1.600s] INFO:colcon.colcon_core.shell:Skip shell extension 'powershell' for command environment: Not usable outside of PowerShell
[1.600s] DEBUG:colcon.colcon_core.shell:Skip shell extension 'dsv' for command environment
[2.102s] INFO:colcon.colcon_core.task.python.build:Building Python package in '/home/x/planning_with_ROS2_course/src/data_plot'
[2.102s] INFO:colcon.colcon_core.shell:Skip shell extension 'powershell' for command environment: Not usable outside of PowerShell
[2.102s] DEBUG:colcon.colcon_core.shell:Skip shell extension 'dsv' for command environment
[2.125s] DEBUG:colcon.colcon_core.event_handler.log_command:Invoking command in '/home/x/planning_with_ROS2_course/build/planning': CMAKE_PREFIX_PATH=/home/x/planning_with_ROS2_course/install/base_msgs:/home/x/planning_with_ROS2_course/install/planning:/home/x/planning_with_ROS2_course/install/data_plot:/opt/ros/humble LD_LIBRARY_PATH=/home/x/planning_with_ROS2_course/install/base_msgs/lib:/home/x/planning_with_ROS2_course/install/planning/lib:/home/x/planning_with_ROS2_course/install/planning/lib:/home/x/planning_with_ROS2_course/install/planning/lib:/opt/ros/humble/opt/rviz_ogre_vendor/lib:/opt/ros/humble/lib/x86_64-linux-gnu:/opt/ros/humble/lib /usr/bin/cmake --build /home/x/planning_with_ROS2_course/build/planning -- -j8 -l8
[2.604s] DEBUG:colcon.colcon_core.event_handler.log_command:Invoked command in '/home/x/planning_with_ROS2_course/build/planning' returned '0': CMAKE_PREFIX_PATH=/home/x/planning_with_ROS2_course/install/base_msgs:/home/x/planning_with_ROS2_course/install/planning:/home/x/planning_with_ROS2_course/install/data_plot:/opt/ros/humble LD_LIBRARY_PATH=/home/x/planning_with_ROS2_course/install/base_msgs/lib:/home/x/planning_with_ROS2_course/install/planning/lib:/home/x/planning_with_ROS2_course/install/planning/lib:/home/x/planning_with_ROS2_course/install/planning/lib:/opt/ros/humble/opt/rviz_ogre_vendor/lib:/opt/ros/humble/lib/x86_64-linux-gnu:/opt/ros/humble/lib /usr/bin/cmake --build /home/x/planning_with_ROS2_course/build/planning -- -j8 -l8
[2.604s] DEBUG:colcon.colcon_core.event_handler.log_command:Invoking command in '/home/x/planning_with_ROS2_course/build/planning': CMAKE_PREFIX_PATH=/home/x/planning_with_ROS2_course/install/base_msgs:/home/x/planning_with_ROS2_course/install/planning:/home/x/planning_with_ROS2_course/install/data_plot:/opt/ros/humble LD_LIBRARY_PATH=/home/x/planning_with_ROS2_course/install/base_msgs/lib:/home/x/planning_with_ROS2_course/install/planning/lib:/home/x/planning_with_ROS2_course/install/planning/lib:/home/x/planning_with_ROS2_course/install/planning/lib:/opt/ros/humble/opt/rviz_ogre_vendor/lib:/opt/ros/humble/lib/x86_64-linux-gnu:/opt/ros/humble/lib /usr/bin/cmake --install /home/x/planning_with_ROS2_course/build/planning
[2.637s] Level 1:colcon.colcon_core.environment:create_environment_scripts_only(planning)
[2.638s] Level 1:colcon.colcon_core.environment:checking '/home/x/planning_with_ROS2_course/install/planning' for CMake module files
[2.638s] DEBUG:colcon.colcon_core.event_handler.log_command:Invoked command in '/home/x/planning_with_ROS2_course/build/planning' returned '0': CMAKE_PREFIX_PATH=/home/x/planning_with_ROS2_course/install/base_msgs:/home/x/planning_with_ROS2_course/install/planning:/home/x/planning_with_ROS2_course/install/data_plot:/opt/ros/humble LD_LIBRARY_PATH=/home/x/planning_with_ROS2_course/install/base_msgs/lib:/home/x/planning_with_ROS2_course/install/planning/lib:/home/x/planning_with_ROS2_course/install/planning/lib:/home/x/planning_with_ROS2_course/install/planning/lib:/opt/ros/humble/opt/rviz_ogre_vendor/lib:/opt/ros/humble/lib/x86_64-linux-gnu:/opt/ros/humble/lib /usr/bin/cmake --install /home/x/planning_with_ROS2_course/build/planning
[2.639s] Level 1:colcon.colcon_core.environment:checking '/home/x/planning_with_ROS2_course/install/planning' for CMake config files
[2.640s] Level 1:colcon.colcon_core.shell:create_environment_hook('planning', 'cmake_prefix_path')
[2.640s] INFO:colcon.colcon_core.shell:Creating environment hook '/home/x/planning_with_ROS2_course/install/planning/share/planning/hook/cmake_prefix_path.ps1'
[2.642s] INFO:colcon.colcon_core.shell:Creating environment descriptor '/home/x/planning_with_ROS2_course/install/planning/share/planning/hook/cmake_prefix_path.dsv'
[2.643s] INFO:colcon.colcon_core.shell:Creating environment hook '/home/x/planning_with_ROS2_course/install/planning/share/planning/hook/cmake_prefix_path.sh'
[2.644s] Level 1:colcon.colcon_core.environment:checking '/home/x/planning_with_ROS2_course/install/planning/lib'
[2.645s] Level 1:colcon.colcon_core.shell:create_environment_hook('planning', 'ld_library_path_lib')
[2.646s] INFO:colcon.colcon_core.shell:Creating environment hook '/home/x/planning_with_ROS2_course/install/planning/share/planning/hook/ld_library_path_lib.ps1'
[2.646s] INFO:colcon.colcon_core.shell:Creating environment descriptor '/home/x/planning_with_ROS2_course/install/planning/share/planning/hook/ld_library_path_lib.dsv'
[2.652s] INFO:colcon.colcon_core.shell:Creating environment hook '/home/x/planning_with_ROS2_course/install/planning/share/planning/hook/ld_library_path_lib.sh'
[2.653s] Level 1:colcon.colcon_core.environment:checking '/home/x/planning_with_ROS2_course/install/planning/bin'
[2.653s] Level 1:colcon.colcon_core.environment:checking '/home/x/planning_with_ROS2_course/install/planning/lib/pkgconfig/planning.pc'
[2.653s] Level 1:colcon.colcon_core.environment:checking '/home/x/planning_with_ROS2_course/install/planning/lib/python3.10/site-packages'
[2.655s] Level 1:colcon.colcon_core.environment:checking '/home/x/planning_with_ROS2_course/install/planning/bin'
[2.656s] INFO:colcon.colcon_core.shell:Creating package script '/home/x/planning_with_ROS2_course/install/planning/share/planning/package.ps1'
[2.660s] INFO:colcon.colcon_core.shell:Creating package descriptor '/home/x/planning_with_ROS2_course/install/planning/share/planning/package.dsv'
[2.660s] INFO:colcon.colcon_core.shell:Creating package script '/home/x/planning_with_ROS2_course/install/planning/share/planning/package.sh'
[2.661s] INFO:colcon.colcon_core.shell:Creating package script '/home/x/planning_with_ROS2_course/install/planning/share/planning/package.bash'
[2.663s] INFO:colcon.colcon_core.shell:Creating package script '/home/x/planning_with_ROS2_course/install/planning/share/planning/package.zsh'
[2.664s] Level 1:colcon.colcon_core.environment:create_file_with_runtime_dependencies(/home/x/planning_with_ROS2_course/install/planning/share/colcon-core/packages/planning)
[2.670s] Level 1:colcon.colcon_core.environment:create_environment_scripts_only(planning)
[2.671s] Level 1:colcon.colcon_core.environment:checking '/home/x/planning_with_ROS2_course/install/planning' for CMake module files
[2.671s] Level 1:colcon.colcon_core.environment:checking '/home/x/planning_with_ROS2_course/install/planning' for CMake config files
[2.672s] Level 1:colcon.colcon_core.shell:create_environment_hook('planning', 'cmake_prefix_path')
[2.672s] INFO:colcon.colcon_core.shell:Creating environment hook '/home/x/planning_with_ROS2_course/install/planning/share/planning/hook/cmake_prefix_path.ps1'
[2.673s] INFO:colcon.colcon_core.shell:Creating environment descriptor '/home/x/planning_with_ROS2_course/install/planning/share/planning/hook/cmake_prefix_path.dsv'
[2.674s] INFO:colcon.colcon_core.shell:Creating environment hook '/home/x/planning_with_ROS2_course/install/planning/share/planning/hook/cmake_prefix_path.sh'
[2.675s] Level 1:colcon.colcon_core.environment:checking '/home/x/planning_with_ROS2_course/install/planning/lib'
[2.675s] Level 1:colcon.colcon_core.shell:create_environment_hook('planning', 'ld_library_path_lib')
[2.676s] INFO:colcon.colcon_core.shell:Creating environment hook '/home/x/planning_with_ROS2_course/install/planning/share/planning/hook/ld_library_path_lib.ps1'
[2.677s] INFO:colcon.colcon_core.shell:Creating environment descriptor '/home/x/planning_with_ROS2_course/install/planning/share/planning/hook/ld_library_path_lib.dsv'
[2.677s] INFO:colcon.colcon_core.shell:Creating environment hook '/home/x/planning_with_ROS2_course/install/planning/share/planning/hook/ld_library_path_lib.sh'
[2.678s] Level 1:colcon.colcon_core.environment:checking '/home/x/planning_with_ROS2_course/install/planning/bin'
[2.678s] Level 1:colcon.colcon_core.environment:checking '/home/x/planning_with_ROS2_course/install/planning/lib/pkgconfig/planning.pc'
[2.679s] Level 1:colcon.colcon_core.environment:checking '/home/x/planning_with_ROS2_course/install/planning/lib/python3.10/site-packages'
[2.679s] Level 1:colcon.colcon_core.environment:checking '/home/x/planning_with_ROS2_course/install/planning/bin'
[2.679s] INFO:colcon.colcon_core.shell:Creating package script '/home/x/planning_with_ROS2_course/install/planning/share/planning/package.ps1'
[2.681s] INFO:colcon.colcon_core.shell:Creating package descriptor '/home/x/planning_with_ROS2_course/install/planning/share/planning/package.dsv'
[2.682s] INFO:colcon.colcon_core.shell:Creating package script '/home/x/planning_with_ROS2_course/install/planning/share/planning/package.sh'
[2.682s] INFO:colcon.colcon_core.shell:Creating package script '/home/x/planning_with_ROS2_course/install/planning/share/planning/package.bash'
[2.685s] INFO:colcon.colcon_core.shell:Creating package script '/home/x/planning_with_ROS2_course/install/planning/share/planning/package.zsh'
[2.688s] Level 1:colcon.colcon_core.environment:create_file_with_runtime_dependencies(/home/x/planning_with_ROS2_course/install/planning/share/colcon-core/packages/planning)
[2.870s] DEBUG:colcon.colcon_core.event_handler.log_command:Invoking command in '/home/x/planning_with_ROS2_course/src/data_plot': CMAKE_PREFIX_PATH=/home/x/planning_with_ROS2_course/install/base_msgs:/home/x/planning_with_ROS2_course/install/planning LD_LIBRARY_PATH=/home/x/planning_with_ROS2_course/install/base_msgs/lib:/home/x/planning_with_ROS2_course/install/planning/lib:/home/x/planning_with_ROS2_course/install/planning/lib:/home/x/planning_with_ROS2_course/install/planning/lib:/opt/ros/humble/opt/rviz_ogre_vendor/lib:/opt/ros/humble/lib/x86_64-linux-gnu:/opt/ros/humble/lib PYTHONPATH=/home/x/planning_with_ROS2_course/build/data_plot/prefix_override:/usr/lib/python3/dist-packages/colcon_core/task/python/colcon_distutils_commands:/home/x/planning_with_ROS2_course/install/data_plot/lib/python3.10/site-packages:${PYTHONPATH} /usr/bin/python3 -W ignore:setup.py install is deprecated -W ignore:easy_install command is deprecated setup.py egg_info --egg-base ../../build/data_plot build --build-base /home/x/planning_with_ROS2_course/build/data_plot/build install --record /home/x/planning_with_ROS2_course/build/data_plot/install.log --single-version-externally-managed install_data
[3.535s] Level 1:colcon.colcon_core.environment:checking '/home/x/planning_with_ROS2_course/install/data_plot' for CMake module files
[3.536s] Level 1:colcon.colcon_core.environment:checking '/home/x/planning_with_ROS2_course/install/data_plot' for CMake config files
[3.539s] DEBUG:colcon.colcon_core.event_handler.log_command:Invoked command in '/home/x/planning_with_ROS2_course/src/data_plot' returned '0': CMAKE_PREFIX_PATH=/home/x/planning_with_ROS2_course/install/base_msgs:/home/x/planning_with_ROS2_course/install/planning LD_LIBRARY_PATH=/home/x/planning_with_ROS2_course/install/base_msgs/lib:/home/x/planning_with_ROS2_course/install/planning/lib:/home/x/planning_with_ROS2_course/install/planning/lib:/home/x/planning_with_ROS2_course/install/planning/lib:/opt/ros/humble/opt/rviz_ogre_vendor/lib:/opt/ros/humble/lib/x86_64-linux-gnu:/opt/ros/humble/lib PYTHONPATH=/home/x/planning_with_ROS2_course/build/data_plot/prefix_override:/usr/lib/python3/dist-packages/colcon_core/task/python/colcon_distutils_commands:/home/x/planning_with_ROS2_course/install/data_plot/lib/python3.10/site-packages:${PYTHONPATH} /usr/bin/python3 -W ignore:setup.py install is deprecated -W ignore:easy_install command is deprecated setup.py egg_info --egg-base ../../build/data_plot build --build-base /home/x/planning_with_ROS2_course/build/data_plot/build install --record /home/x/planning_with_ROS2_course/build/data_plot/install.log --single-version-externally-managed install_data
[3.541s] Level 1:colcon.colcon_core.environment:checking '/home/x/planning_with_ROS2_course/install/data_plot/lib'
[3.541s] Level 1:colcon.colcon_core.environment:checking '/home/x/planning_with_ROS2_course/install/data_plot/bin'
[3.541s] Level 1:colcon.colcon_core.environment:checking '/home/x/planning_with_ROS2_course/install/data_plot/lib/pkgconfig/data_plot.pc'
[3.541s] Level 1:colcon.colcon_core.environment:checking '/home/x/planning_with_ROS2_course/install/data_plot/lib/python3.10/site-packages'
[3.542s] Level 1:colcon.colcon_core.shell:create_environment_hook('data_plot', 'pythonpath')
[3.542s] INFO:colcon.colcon_core.shell:Creating environment hook '/home/x/planning_with_ROS2_course/install/data_plot/share/data_plot/hook/pythonpath.ps1'
[3.543s] INFO:colcon.colcon_core.shell:Creating environment descriptor '/home/x/planning_with_ROS2_course/install/data_plot/share/data_plot/hook/pythonpath.dsv'
[3.547s] INFO:colcon.colcon_core.shell:Creating environment hook '/home/x/planning_with_ROS2_course/install/data_plot/share/data_plot/hook/pythonpath.sh'
[3.552s] Level 1:colcon.colcon_core.environment:checking '/home/x/planning_with_ROS2_course/install/data_plot/bin'
[3.552s] Level 1:colcon.colcon_core.environment:create_environment_scripts_only(data_plot)
[3.553s] INFO:colcon.colcon_core.shell:Creating package script '/home/x/planning_with_ROS2_course/install/data_plot/share/data_plot/package.ps1'
[3.555s] INFO:colcon.colcon_core.shell:Creating package descriptor '/home/x/planning_with_ROS2_course/install/data_plot/share/data_plot/package.dsv'
[3.560s] INFO:colcon.colcon_core.shell:Creating package script '/home/x/planning_with_ROS2_course/install/data_plot/share/data_plot/package.sh'
[3.561s] INFO:colcon.colcon_core.shell:Creating package script '/home/x/planning_with_ROS2_course/install/data_plot/share/data_plot/package.bash'
[3.561s] INFO:colcon.colcon_core.shell:Creating package script '/home/x/planning_with_ROS2_course/install/data_plot/share/data_plot/package.zsh'
[3.562s] Level 1:colcon.colcon_core.environment:create_file_with_runtime_dependencies(/home/x/planning_with_ROS2_course/install/data_plot/share/colcon-core/packages/data_plot)
[3.565s] DEBUG:colcon.colcon_parallel_executor.executor.parallel:closing loop
[3.567s] DEBUG:colcon.colcon_parallel_executor.executor.parallel:loop closed
[3.567s] DEBUG:colcon.colcon_parallel_executor.executor.parallel:run_until_complete finished with '0'
[3.568s] DEBUG:colcon.colcon_core.event_reactor:joining thread
[3.578s] INFO:colcon.colcon_core.plugin_system:Skipping extension 'colcon_notification.desktop_notification.terminal_notifier': Not used on non-Darwin systems
[3.578s] INFO:colcon.colcon_core.plugin_system:Skipping extension 'colcon_notification.desktop_notification.win32': Not used on non-Windows systems
[3.578s] INFO:colcon.colcon_notification.desktop_notification:Sending desktop notification using 'notify2'
[3.619s] DEBUG:colcon.colcon_core.event_reactor:joined thread
[3.620s] INFO:colcon.colcon_core.shell:Creating prefix script '/home/x/planning_with_ROS2_course/install/local_setup.ps1'
[3.626s] INFO:colcon.colcon_core.shell:Creating prefix util module '/home/x/planning_with_ROS2_course/install/_local_setup_util_ps1.py'
[3.628s] INFO:colcon.colcon_core.shell:Creating prefix chain script '/home/x/planning_with_ROS2_course/install/setup.ps1'
[3.630s] INFO:colcon.colcon_core.shell:Creating prefix script '/home/x/planning_with_ROS2_course/install/local_setup.sh'
[3.632s] INFO:colcon.colcon_core.shell:Creating prefix util module '/home/x/planning_with_ROS2_course/install/_local_setup_util_sh.py'
[3.635s] INFO:colcon.colcon_core.shell:Creating prefix chain script '/home/x/planning_with_ROS2_course/install/setup.sh'
[3.639s] INFO:colcon.colcon_core.shell:Creating prefix script '/home/x/planning_with_ROS2_course/install/local_setup.bash'
[3.640s] INFO:colcon.colcon_core.shell:Creating prefix chain script '/home/x/planning_with_ROS2_course/install/setup.bash'
[3.642s] INFO:colcon.colcon_core.shell:Creating prefix script '/home/x/planning_with_ROS2_course/install/local_setup.zsh'
[3.643s] INFO:colcon.colcon_core.shell:Creating prefix chain script '/home/x/planning_with_ROS2_course/install/setup.zsh'
