[0.432s] DEBUG:colcon:Command line arguments: ['/usr/bin/colcon', 'build']
[0.433s] DEBUG:colcon:Parsed command line arguments: Namespace(log_base=None, log_level=None, verb_name='build', build_base='build', install_base='install', merge_install=False, symlink_install=False, test_result_base=None, continue_on_error=False, executor='parallel', parallel_workers=8, event_handlers=None, ignore_user_meta=False, metas=['./colcon.meta'], base_paths=['.'], packages_ignore=None, packages_ignore_regex=None, paths=None, packages_up_to=None, packages_up_to_regex=None, packages_above=None, packages_above_and_dependencies=None, packages_above_depth=None, packages_select_by_dep=None, packages_skip_by_dep=None, packages_skip_up_to=None, packages_select_build_failed=False, packages_skip_build_finished=False, packages_select_test_failures=False, packages_skip_test_passed=False, packages_select=None, packages_skip=None, packages_select_regex=None, packages_skip_regex=None, packages_start=None, packages_end=None, allow_overriding=[], cmake_args=None, cmake_target=None, cmake_target_skip_unavailable=False, cmake_clean_cache=False, cmake_clean_first=False, cmake_force_configure=False, ament_cmake_args=None, catkin_cmake_args=None, catkin_skip_building_tests=False, verb_parser=<colcon_defaults.argument_parser.defaults.DefaultArgumentsDecorator object at 0x7ba612c23b80>, verb_extension=<colcon_core.verb.build.BuildVerb object at 0x7ba612d58400>, main=<bound method BuildVerb.main of <colcon_core.verb.build.BuildVerb object at 0x7ba612d58400>>)
[0.929s] Level 1:colcon.colcon_core.package_discovery:discover_packages(colcon_meta) check parameters
[0.929s] Level 1:colcon.colcon_core.package_discovery:discover_packages(recursive) check parameters
[0.929s] Level 1:colcon.colcon_core.package_discovery:discover_packages(ignore) check parameters
[0.930s] Level 1:colcon.colcon_core.package_discovery:discover_packages(path) check parameters
[0.930s] Level 1:colcon.colcon_core.package_discovery:discover_packages(colcon_meta) discover
[0.930s] Level 1:colcon.colcon_core.package_discovery:discover_packages(recursive) discover
[0.930s] INFO:colcon.colcon_core.package_discovery:Crawling recursively for packages in '/home/x/planning_with_ROS2_course'
[0.931s] Level 1:colcon.colcon_core.package_identification:_identify(.) by extensions ['ignore', 'ignore_ament_install']
[0.931s] Level 1:colcon.colcon_core.package_identification:_identify(.) by extension 'ignore'
[0.931s] Level 1:colcon.colcon_core.package_identification:_identify(.) by extension 'ignore_ament_install'
[0.932s] Level 1:colcon.colcon_core.package_identification:_identify(.) by extensions ['colcon_pkg']
[0.932s] Level 1:colcon.colcon_core.package_identification:_identify(.) by extension 'colcon_pkg'
[0.932s] Level 1:colcon.colcon_core.package_identification:_identify(.) by extensions ['colcon_meta']
[0.932s] Level 1:colcon.colcon_core.package_identification:_identify(.) by extension 'colcon_meta'
[0.932s] Level 1:colcon.colcon_core.package_identification:_identify(.) by extensions ['ros']
[0.932s] Level 1:colcon.colcon_core.package_identification:_identify(.) by extension 'ros'
[0.963s] Level 1:colcon.colcon_core.package_identification:_identify(.) by extensions ['cmake', 'python']
[0.964s] Level 1:colcon.colcon_core.package_identification:_identify(.) by extension 'cmake'
[0.964s] Level 1:colcon.colcon_core.package_identification:_identify(.) by extension 'python'
[0.965s] Level 1:colcon.colcon_core.package_identification:_identify(.) by extensions ['python_setup_py']
[0.965s] Level 1:colcon.colcon_core.package_identification:_identify(.) by extension 'python_setup_py'
[0.965s] Level 1:colcon.colcon_core.package_identification:_identify(build) by extensions ['ignore', 'ignore_ament_install']
[0.967s] Level 1:colcon.colcon_core.package_identification:_identify(build) by extension 'ignore'
[0.967s] Level 1:colcon.colcon_core.package_identification:_identify(build) ignored
[0.968s] Level 1:colcon.colcon_core.package_identification:_identify(install) by extensions ['ignore', 'ignore_ament_install']
[0.968s] Level 1:colcon.colcon_core.package_identification:_identify(install) by extension 'ignore'
[0.969s] Level 1:colcon.colcon_core.package_identification:_identify(install) ignored
[0.969s] Level 1:colcon.colcon_core.package_identification:_identify(log) by extensions ['ignore', 'ignore_ament_install']
[0.970s] Level 1:colcon.colcon_core.package_identification:_identify(log) by extension 'ignore'
[0.970s] Level 1:colcon.colcon_core.package_identification:_identify(log) ignored
[0.970s] Level 1:colcon.colcon_core.package_identification:_identify(src) by extensions ['ignore', 'ignore_ament_install']
[0.971s] Level 1:colcon.colcon_core.package_identification:_identify(src) by extension 'ignore'
[0.971s] Level 1:colcon.colcon_core.package_identification:_identify(src) by extension 'ignore_ament_install'
[0.972s] Level 1:colcon.colcon_core.package_identification:_identify(src) by extensions ['colcon_pkg']
[0.972s] Level 1:colcon.colcon_core.package_identification:_identify(src) by extension 'colcon_pkg'
[0.972s] Level 1:colcon.colcon_core.package_identification:_identify(src) by extensions ['colcon_meta']
[0.972s] Level 1:colcon.colcon_core.package_identification:_identify(src) by extension 'colcon_meta'
[0.972s] Level 1:colcon.colcon_core.package_identification:_identify(src) by extensions ['ros']
[0.972s] Level 1:colcon.colcon_core.package_identification:_identify(src) by extension 'ros'
[0.973s] Level 1:colcon.colcon_core.package_identification:_identify(src) by extensions ['cmake', 'python']
[0.973s] Level 1:colcon.colcon_core.package_identification:_identify(src) by extension 'cmake'
[0.973s] Level 1:colcon.colcon_core.package_identification:_identify(src) by extension 'python'
[0.973s] Level 1:colcon.colcon_core.package_identification:_identify(src) by extensions ['python_setup_py']
[0.973s] Level 1:colcon.colcon_core.package_identification:_identify(src) by extension 'python_setup_py'
[0.973s] Level 1:colcon.colcon_core.package_identification:_identify(src/base_msgs) by extensions ['ignore', 'ignore_ament_install']
[0.973s] Level 1:colcon.colcon_core.package_identification:_identify(src/base_msgs) by extension 'ignore'
[0.973s] Level 1:colcon.colcon_core.package_identification:_identify(src/base_msgs) by extension 'ignore_ament_install'
[0.973s] Level 1:colcon.colcon_core.package_identification:_identify(src/base_msgs) by extensions ['colcon_pkg']
[0.973s] Level 1:colcon.colcon_core.package_identification:_identify(src/base_msgs) by extension 'colcon_pkg'
[0.973s] Level 1:colcon.colcon_core.package_identification:_identify(src/base_msgs) by extensions ['colcon_meta']
[0.973s] Level 1:colcon.colcon_core.package_identification:_identify(src/base_msgs) by extension 'colcon_meta'
[0.973s] Level 1:colcon.colcon_core.package_identification:_identify(src/base_msgs) by extensions ['ros']
[0.974s] Level 1:colcon.colcon_core.package_identification:_identify(src/base_msgs) by extension 'ros'
[0.982s] DEBUG:colcon.colcon_core.package_identification:Package 'src/base_msgs' with type 'ros.ament_cmake' and name 'base_msgs'
[0.982s] Level 1:colcon.colcon_core.package_identification:_identify(src/data_plot) by extensions ['ignore', 'ignore_ament_install']
[0.983s] Level 1:colcon.colcon_core.package_identification:_identify(src/data_plot) by extension 'ignore'
[0.983s] Level 1:colcon.colcon_core.package_identification:_identify(src/data_plot) by extension 'ignore_ament_install'
[0.983s] Level 1:colcon.colcon_core.package_identification:_identify(src/data_plot) by extensions ['colcon_pkg']
[0.983s] Level 1:colcon.colcon_core.package_identification:_identify(src/data_plot) by extension 'colcon_pkg'
[0.983s] Level 1:colcon.colcon_core.package_identification:_identify(src/data_plot) by extensions ['colcon_meta']
[0.983s] Level 1:colcon.colcon_core.package_identification:_identify(src/data_plot) by extension 'colcon_meta'
[0.983s] Level 1:colcon.colcon_core.package_identification:_identify(src/data_plot) by extensions ['ros']
[0.983s] Level 1:colcon.colcon_core.package_identification:_identify(src/data_plot) by extension 'ros'
[0.985s] DEBUG:colcon.colcon_core.package_identification:Package 'src/data_plot' with type 'ros.ament_python' and name 'data_plot'
[0.985s] Level 1:colcon.colcon_core.package_identification:_identify(src/planning) by extensions ['ignore', 'ignore_ament_install']
[0.985s] Level 1:colcon.colcon_core.package_identification:_identify(src/planning) by extension 'ignore'
[0.986s] Level 1:colcon.colcon_core.package_identification:_identify(src/planning) by extension 'ignore_ament_install'
[0.986s] Level 1:colcon.colcon_core.package_identification:_identify(src/planning) by extensions ['colcon_pkg']
[0.986s] Level 1:colcon.colcon_core.package_identification:_identify(src/planning) by extension 'colcon_pkg'
[0.986s] Level 1:colcon.colcon_core.package_identification:_identify(src/planning) by extensions ['colcon_meta']
[0.986s] Level 1:colcon.colcon_core.package_identification:_identify(src/planning) by extension 'colcon_meta'
[0.987s] Level 1:colcon.colcon_core.package_identification:_identify(src/planning) by extensions ['ros']
[0.987s] Level 1:colcon.colcon_core.package_identification:_identify(src/planning) by extension 'ros'
[0.990s] DEBUG:colcon.colcon_core.package_identification:Package 'src/planning' with type 'ros.ament_cmake' and name 'planning'
[0.991s] Level 1:colcon.colcon_core.package_discovery:discover_packages(recursive) using defaults
[0.991s] Level 1:colcon.colcon_core.package_discovery:discover_packages(ignore) discover
[0.991s] Level 1:colcon.colcon_core.package_discovery:discover_packages(ignore) using defaults
[0.991s] Level 1:colcon.colcon_core.package_discovery:discover_packages(path) discover
[0.991s] Level 1:colcon.colcon_core.package_discovery:discover_packages(path) using defaults
[1.068s] Level 1:colcon.colcon_core.package_discovery:discover_packages(prefix_path) check parameters
[1.068s] Level 1:colcon.colcon_core.package_discovery:discover_packages(prefix_path) discover
[1.076s] DEBUG:colcon.colcon_installed_package_information.package_discovery:Found 3 installed packages in /home/x/planning_with_ROS2_course/install
[1.085s] DEBUG:colcon.colcon_installed_package_information.package_discovery:Found 275 installed packages in /opt/ros/humble
[1.150s] Level 1:colcon.colcon_core.package_discovery:discover_packages(prefix_path) using defaults
[1.325s] Level 5:colcon.colcon_core.verb:set package 'base_msgs' build argument 'cmake_args' from command line to 'None'
[1.326s] Level 5:colcon.colcon_core.verb:set package 'base_msgs' build argument 'cmake_target' from command line to 'None'
[1.326s] Level 5:colcon.colcon_core.verb:set package 'base_msgs' build argument 'cmake_target_skip_unavailable' from command line to 'False'
[1.326s] Level 5:colcon.colcon_core.verb:set package 'base_msgs' build argument 'cmake_clean_cache' from command line to 'False'
[1.326s] Level 5:colcon.colcon_core.verb:set package 'base_msgs' build argument 'cmake_clean_first' from command line to 'False'
[1.326s] Level 5:colcon.colcon_core.verb:set package 'base_msgs' build argument 'cmake_force_configure' from command line to 'False'
[1.326s] Level 5:colcon.colcon_core.verb:set package 'base_msgs' build argument 'ament_cmake_args' from command line to 'None'
[1.326s] Level 5:colcon.colcon_core.verb:set package 'base_msgs' build argument 'catkin_cmake_args' from command line to 'None'
[1.326s] Level 5:colcon.colcon_core.verb:set package 'base_msgs' build argument 'catkin_skip_building_tests' from command line to 'False'
[1.326s] DEBUG:colcon.colcon_core.verb:Building package 'base_msgs' with the following arguments: {'ament_cmake_args': None, 'build_base': '/home/x/planning_with_ROS2_course/build/base_msgs', 'catkin_cmake_args': None, 'catkin_skip_building_tests': False, 'cmake_args': None, 'cmake_clean_cache': False, 'cmake_clean_first': False, 'cmake_force_configure': False, 'cmake_target': None, 'cmake_target_skip_unavailable': False, 'install_base': '/home/x/planning_with_ROS2_course/install/base_msgs', 'merge_install': False, 'path': '/home/x/planning_with_ROS2_course/src/base_msgs', 'symlink_install': False, 'test_result_base': None}
[1.327s] Level 5:colcon.colcon_core.verb:set package 'data_plot' build argument 'cmake_args' from command line to 'None'
[1.327s] Level 5:colcon.colcon_core.verb:set package 'data_plot' build argument 'cmake_target' from command line to 'None'
[1.327s] Level 5:colcon.colcon_core.verb:set package 'data_plot' build argument 'cmake_target_skip_unavailable' from command line to 'False'
[1.327s] Level 5:colcon.colcon_core.verb:set package 'data_plot' build argument 'cmake_clean_cache' from command line to 'False'
[1.327s] Level 5:colcon.colcon_core.verb:set package 'data_plot' build argument 'cmake_clean_first' from command line to 'False'
[1.327s] Level 5:colcon.colcon_core.verb:set package 'data_plot' build argument 'cmake_force_configure' from command line to 'False'
[1.327s] Level 5:colcon.colcon_core.verb:set package 'data_plot' build argument 'ament_cmake_args' from command line to 'None'
[1.327s] Level 5:colcon.colcon_core.verb:set package 'data_plot' build argument 'catkin_cmake_args' from command line to 'None'
[1.327s] Level 5:colcon.colcon_core.verb:set package 'data_plot' build argument 'catkin_skip_building_tests' from command line to 'False'
[1.327s] DEBUG:colcon.colcon_core.verb:Building package 'data_plot' with the following arguments: {'ament_cmake_args': None, 'build_base': '/home/x/planning_with_ROS2_course/build/data_plot', 'catkin_cmake_args': None, 'catkin_skip_building_tests': False, 'cmake_args': None, 'cmake_clean_cache': False, 'cmake_clean_first': False, 'cmake_force_configure': False, 'cmake_target': None, 'cmake_target_skip_unavailable': False, 'install_base': '/home/x/planning_with_ROS2_course/install/data_plot', 'merge_install': False, 'path': '/home/x/planning_with_ROS2_course/src/data_plot', 'symlink_install': False, 'test_result_base': None}
[1.327s] Level 5:colcon.colcon_core.verb:set package 'planning' build argument 'cmake_args' from command line to 'None'
[1.327s] Level 5:colcon.colcon_core.verb:set package 'planning' build argument 'cmake_target' from command line to 'None'
[1.329s] Level 5:colcon.colcon_core.verb:set package 'planning' build argument 'cmake_target_skip_unavailable' from command line to 'False'
[1.329s] Level 5:colcon.colcon_core.verb:set package 'planning' build argument 'cmake_clean_cache' from command line to 'False'
[1.329s] Level 5:colcon.colcon_core.verb:set package 'planning' build argument 'cmake_clean_first' from command line to 'False'
[1.329s] Level 5:colcon.colcon_core.verb:set package 'planning' build argument 'cmake_force_configure' from command line to 'False'
[1.329s] Level 5:colcon.colcon_core.verb:set package 'planning' build argument 'ament_cmake_args' from command line to 'None'
[1.330s] Level 5:colcon.colcon_core.verb:set package 'planning' build argument 'catkin_cmake_args' from command line to 'None'
[1.330s] Level 5:colcon.colcon_core.verb:set package 'planning' build argument 'catkin_skip_building_tests' from command line to 'False'
[1.330s] DEBUG:colcon.colcon_core.verb:Building package 'planning' with the following arguments: {'ament_cmake_args': None, 'build_base': '/home/x/planning_with_ROS2_course/build/planning', 'catkin_cmake_args': None, 'catkin_skip_building_tests': False, 'cmake_args': None, 'cmake_clean_cache': False, 'cmake_clean_first': False, 'cmake_force_configure': False, 'cmake_target': None, 'cmake_target_skip_unavailable': False, 'install_base': '/home/x/planning_with_ROS2_course/install/planning', 'merge_install': False, 'path': '/home/x/planning_with_ROS2_course/src/planning', 'symlink_install': False, 'test_result_base': None}
[1.330s] INFO:colcon.colcon_core.executor:Executing jobs using 'parallel' executor
[1.339s] DEBUG:colcon.colcon_parallel_executor.executor.parallel:run_until_complete
[1.345s] INFO:colcon.colcon_ros.task.ament_cmake.build:Building ROS package in '/home/x/planning_with_ROS2_course/src/base_msgs' with build type 'ament_cmake'
[1.345s] INFO:colcon.colcon_cmake.task.cmake.build:Building CMake package in '/home/x/planning_with_ROS2_course/src/base_msgs'
[1.349s] INFO:colcon.colcon_core.plugin_system:Skipping extension 'colcon_core.shell.bat': Not used on non-Windows systems
[1.350s] INFO:colcon.colcon_core.shell:Skip shell extension 'powershell' for command environment: Not usable outside of PowerShell
[1.351s] DEBUG:colcon.colcon_core.shell:Skip shell extension 'dsv' for command environment
[1.373s] DEBUG:colcon.colcon_core.event_handler.log_command:Invoking command in '/home/x/planning_with_ROS2_course/build/base_msgs': CMAKE_PREFIX_PATH=${CMAKE_PREFIX_PATH}:/home/x/planning_with_ROS2_course/install/data_plot:/opt/ros/humble /usr/bin/cmake --build /home/x/planning_with_ROS2_course/build/base_msgs -- -j8 -l8
[2.870s] DEBUG:colcon.colcon_core.event_handler.log_command:Invoked command in '/home/x/planning_with_ROS2_course/build/base_msgs' returned '0': CMAKE_PREFIX_PATH=${CMAKE_PREFIX_PATH}:/home/x/planning_with_ROS2_course/install/data_plot:/opt/ros/humble /usr/bin/cmake --build /home/x/planning_with_ROS2_course/build/base_msgs -- -j8 -l8
[2.904s] DEBUG:colcon.colcon_core.event_handler.log_command:Invoking command in '/home/x/planning_with_ROS2_course/build/base_msgs': CMAKE_PREFIX_PATH=${CMAKE_PREFIX_PATH}:/home/x/planning_with_ROS2_course/install/data_plot:/opt/ros/humble /usr/bin/cmake --install /home/x/planning_with_ROS2_course/build/base_msgs
[3.217s] Level 1:colcon.colcon_core.environment:create_environment_scripts_only(base_msgs)
[3.218s] DEBUG:colcon.colcon_core.event_handler.log_command:Invoked command in '/home/x/planning_with_ROS2_course/build/base_msgs' returned '0': CMAKE_PREFIX_PATH=${CMAKE_PREFIX_PATH}:/home/x/planning_with_ROS2_course/install/data_plot:/opt/ros/humble /usr/bin/cmake --install /home/x/planning_with_ROS2_course/build/base_msgs
[3.226s] Level 1:colcon.colcon_core.environment:checking '/home/x/planning_with_ROS2_course/install/base_msgs' for CMake module files
[3.229s] Level 1:colcon.colcon_core.environment:checking '/home/x/planning_with_ROS2_course/install/base_msgs' for CMake config files
[3.231s] Level 1:colcon.colcon_core.shell:create_environment_hook('base_msgs', 'cmake_prefix_path')
[3.233s] INFO:colcon.colcon_core.shell:Creating environment hook '/home/x/planning_with_ROS2_course/install/base_msgs/share/base_msgs/hook/cmake_prefix_path.ps1'
[3.240s] INFO:colcon.colcon_core.shell:Creating environment descriptor '/home/x/planning_with_ROS2_course/install/base_msgs/share/base_msgs/hook/cmake_prefix_path.dsv'
[3.242s] INFO:colcon.colcon_core.shell:Creating environment hook '/home/x/planning_with_ROS2_course/install/base_msgs/share/base_msgs/hook/cmake_prefix_path.sh'
[3.244s] Level 1:colcon.colcon_core.environment:checking '/home/x/planning_with_ROS2_course/install/base_msgs/lib'
[3.246s] Level 1:colcon.colcon_core.shell:create_environment_hook('base_msgs', 'ld_library_path_lib')
[3.246s] INFO:colcon.colcon_core.shell:Creating environment hook '/home/x/planning_with_ROS2_course/install/base_msgs/share/base_msgs/hook/ld_library_path_lib.ps1'
[3.248s] INFO:colcon.colcon_core.shell:Creating environment descriptor '/home/x/planning_with_ROS2_course/install/base_msgs/share/base_msgs/hook/ld_library_path_lib.dsv'
[3.250s] INFO:colcon.colcon_core.shell:Creating environment hook '/home/x/planning_with_ROS2_course/install/base_msgs/share/base_msgs/hook/ld_library_path_lib.sh'
[3.252s] Level 1:colcon.colcon_core.environment:checking '/home/x/planning_with_ROS2_course/install/base_msgs/bin'
[3.252s] Level 1:colcon.colcon_core.environment:checking '/home/x/planning_with_ROS2_course/install/base_msgs/lib/pkgconfig/base_msgs.pc'
[3.252s] Level 1:colcon.colcon_core.environment:checking '/home/x/planning_with_ROS2_course/install/base_msgs/lib/python3.10/site-packages'
[3.253s] Level 1:colcon.colcon_core.environment:checking '/home/x/planning_with_ROS2_course/install/base_msgs/bin'
[3.253s] INFO:colcon.colcon_core.shell:Creating package script '/home/x/planning_with_ROS2_course/install/base_msgs/share/base_msgs/package.ps1'
[3.256s] INFO:colcon.colcon_core.shell:Creating package descriptor '/home/x/planning_with_ROS2_course/install/base_msgs/share/base_msgs/package.dsv'
[3.258s] INFO:colcon.colcon_core.shell:Creating package script '/home/x/planning_with_ROS2_course/install/base_msgs/share/base_msgs/package.sh'
[3.266s] INFO:colcon.colcon_core.shell:Creating package script '/home/x/planning_with_ROS2_course/install/base_msgs/share/base_msgs/package.bash'
[3.269s] INFO:colcon.colcon_core.shell:Creating package script '/home/x/planning_with_ROS2_course/install/base_msgs/share/base_msgs/package.zsh'
[3.275s] Level 1:colcon.colcon_core.environment:create_file_with_runtime_dependencies(/home/x/planning_with_ROS2_course/install/base_msgs/share/colcon-core/packages/base_msgs)
[3.283s] Level 1:colcon.colcon_core.environment:create_environment_scripts_only(base_msgs)
[3.284s] Level 1:colcon.colcon_core.environment:checking '/home/x/planning_with_ROS2_course/install/base_msgs' for CMake module files
[3.285s] Level 1:colcon.colcon_core.environment:checking '/home/x/planning_with_ROS2_course/install/base_msgs' for CMake config files
[3.288s] Level 1:colcon.colcon_core.shell:create_environment_hook('base_msgs', 'cmake_prefix_path')
[3.291s] INFO:colcon.colcon_core.shell:Creating environment hook '/home/x/planning_with_ROS2_course/install/base_msgs/share/base_msgs/hook/cmake_prefix_path.ps1'
[3.297s] INFO:colcon.colcon_core.shell:Creating environment descriptor '/home/x/planning_with_ROS2_course/install/base_msgs/share/base_msgs/hook/cmake_prefix_path.dsv'
[3.299s] INFO:colcon.colcon_core.shell:Creating environment hook '/home/x/planning_with_ROS2_course/install/base_msgs/share/base_msgs/hook/cmake_prefix_path.sh'
[3.302s] Level 1:colcon.colcon_core.environment:checking '/home/x/planning_with_ROS2_course/install/base_msgs/lib'
[3.305s] Level 1:colcon.colcon_core.shell:create_environment_hook('base_msgs', 'ld_library_path_lib')
[3.307s] INFO:colcon.colcon_core.shell:Creating environment hook '/home/x/planning_with_ROS2_course/install/base_msgs/share/base_msgs/hook/ld_library_path_lib.ps1'
[3.308s] INFO:colcon.colcon_core.shell:Creating environment descriptor '/home/x/planning_with_ROS2_course/install/base_msgs/share/base_msgs/hook/ld_library_path_lib.dsv'
[3.312s] INFO:colcon.colcon_core.shell:Creating environment hook '/home/x/planning_with_ROS2_course/install/base_msgs/share/base_msgs/hook/ld_library_path_lib.sh'
[3.313s] Level 1:colcon.colcon_core.environment:checking '/home/x/planning_with_ROS2_course/install/base_msgs/bin'
[3.316s] Level 1:colcon.colcon_core.environment:checking '/home/x/planning_with_ROS2_course/install/base_msgs/lib/pkgconfig/base_msgs.pc'
[3.317s] Level 1:colcon.colcon_core.environment:checking '/home/x/planning_with_ROS2_course/install/base_msgs/lib/python3.10/site-packages'
[3.319s] Level 1:colcon.colcon_core.environment:checking '/home/x/planning_with_ROS2_course/install/base_msgs/bin'
[3.322s] INFO:colcon.colcon_core.shell:Creating package script '/home/x/planning_with_ROS2_course/install/base_msgs/share/base_msgs/package.ps1'
[3.327s] INFO:colcon.colcon_core.shell:Creating package descriptor '/home/x/planning_with_ROS2_course/install/base_msgs/share/base_msgs/package.dsv'
[3.328s] INFO:colcon.colcon_core.shell:Creating package script '/home/x/planning_with_ROS2_course/install/base_msgs/share/base_msgs/package.sh'
[3.330s] INFO:colcon.colcon_core.shell:Creating package script '/home/x/planning_with_ROS2_course/install/base_msgs/share/base_msgs/package.bash'
[3.331s] INFO:colcon.colcon_core.shell:Creating package script '/home/x/planning_with_ROS2_course/install/base_msgs/share/base_msgs/package.zsh'
[3.335s] Level 1:colcon.colcon_core.environment:create_file_with_runtime_dependencies(/home/x/planning_with_ROS2_course/install/base_msgs/share/colcon-core/packages/base_msgs)
[3.338s] INFO:colcon.colcon_ros.task.ament_python.build:Building ROS package in '/home/x/planning_with_ROS2_course/src/data_plot' with build type 'ament_python'
[3.341s] Level 1:colcon.colcon_core.shell:create_environment_hook('data_plot', 'ament_prefix_path')
[3.342s] INFO:colcon.colcon_core.shell:Creating environment hook '/home/x/planning_with_ROS2_course/install/data_plot/share/data_plot/hook/ament_prefix_path.ps1'
[3.342s] INFO:colcon.colcon_core.shell:Creating environment descriptor '/home/x/planning_with_ROS2_course/install/data_plot/share/data_plot/hook/ament_prefix_path.dsv'
[3.343s] INFO:colcon.colcon_core.shell:Creating environment hook '/home/x/planning_with_ROS2_course/install/data_plot/share/data_plot/hook/ament_prefix_path.sh'
[3.347s] INFO:colcon.colcon_core.shell:Skip shell extension 'powershell' for command environment: Not usable outside of PowerShell
[3.347s] DEBUG:colcon.colcon_core.shell:Skip shell extension 'dsv' for command environment
[3.364s] INFO:colcon.colcon_ros.task.ament_cmake.build:Building ROS package in '/home/x/planning_with_ROS2_course/src/planning' with build type 'ament_cmake'
[3.364s] INFO:colcon.colcon_cmake.task.cmake.build:Building CMake package in '/home/x/planning_with_ROS2_course/src/planning'
[3.365s] INFO:colcon.colcon_core.shell:Skip shell extension 'powershell' for command environment: Not usable outside of PowerShell
[3.365s] DEBUG:colcon.colcon_core.shell:Skip shell extension 'dsv' for command environment
[4.245s] INFO:colcon.colcon_core.task.python.build:Building Python package in '/home/x/planning_with_ROS2_course/src/data_plot'
[4.246s] INFO:colcon.colcon_core.shell:Skip shell extension 'powershell' for command environment: Not usable outside of PowerShell
[4.246s] DEBUG:colcon.colcon_core.shell:Skip shell extension 'dsv' for command environment
[4.268s] DEBUG:colcon.colcon_core.event_handler.log_command:Invoking command in '/home/x/planning_with_ROS2_course/build/planning': CMAKE_PREFIX_PATH=/home/x/planning_with_ROS2_course/install/base_msgs:/home/x/planning_with_ROS2_course/install/planning:/home/x/planning_with_ROS2_course/install/data_plot:/opt/ros/humble LD_LIBRARY_PATH=/home/x/planning_with_ROS2_course/install/base_msgs/lib:/home/x/planning_with_ROS2_course/install/planning/lib:/home/x/planning_with_ROS2_course/install/planning/lib:/home/x/planning_with_ROS2_course/install/planning/lib:/opt/ros/humble/opt/rviz_ogre_vendor/lib:/opt/ros/humble/lib/x86_64-linux-gnu:/opt/ros/humble/lib /usr/bin/cmake --build /home/x/planning_with_ROS2_course/build/planning -- -j8 -l8
[4.953s] DEBUG:colcon.colcon_core.event_handler.log_command:Invoked command in '/home/x/planning_with_ROS2_course/build/planning' returned '0': CMAKE_PREFIX_PATH=/home/x/planning_with_ROS2_course/install/base_msgs:/home/x/planning_with_ROS2_course/install/planning:/home/x/planning_with_ROS2_course/install/data_plot:/opt/ros/humble LD_LIBRARY_PATH=/home/x/planning_with_ROS2_course/install/base_msgs/lib:/home/x/planning_with_ROS2_course/install/planning/lib:/home/x/planning_with_ROS2_course/install/planning/lib:/home/x/planning_with_ROS2_course/install/planning/lib:/opt/ros/humble/opt/rviz_ogre_vendor/lib:/opt/ros/humble/lib/x86_64-linux-gnu:/opt/ros/humble/lib /usr/bin/cmake --build /home/x/planning_with_ROS2_course/build/planning -- -j8 -l8
[4.954s] DEBUG:colcon.colcon_core.event_handler.log_command:Invoking command in '/home/x/planning_with_ROS2_course/build/planning': CMAKE_PREFIX_PATH=/home/x/planning_with_ROS2_course/install/base_msgs:/home/x/planning_with_ROS2_course/install/planning:/home/x/planning_with_ROS2_course/install/data_plot:/opt/ros/humble LD_LIBRARY_PATH=/home/x/planning_with_ROS2_course/install/base_msgs/lib:/home/x/planning_with_ROS2_course/install/planning/lib:/home/x/planning_with_ROS2_course/install/planning/lib:/home/x/planning_with_ROS2_course/install/planning/lib:/opt/ros/humble/opt/rviz_ogre_vendor/lib:/opt/ros/humble/lib/x86_64-linux-gnu:/opt/ros/humble/lib /usr/bin/cmake --install /home/x/planning_with_ROS2_course/build/planning
[5.004s] Level 1:colcon.colcon_core.environment:create_environment_scripts_only(planning)
[5.004s] Level 1:colcon.colcon_core.environment:checking '/home/x/planning_with_ROS2_course/install/planning' for CMake module files
[5.010s] Level 1:colcon.colcon_core.environment:checking '/home/x/planning_with_ROS2_course/install/planning' for CMake config files
[5.017s] Level 1:colcon.colcon_core.shell:create_environment_hook('planning', 'cmake_prefix_path')
[5.018s] INFO:colcon.colcon_core.shell:Creating environment hook '/home/x/planning_with_ROS2_course/install/planning/share/planning/hook/cmake_prefix_path.ps1'
[5.027s] INFO:colcon.colcon_core.shell:Creating environment descriptor '/home/x/planning_with_ROS2_course/install/planning/share/planning/hook/cmake_prefix_path.dsv'
[5.029s] DEBUG:colcon.colcon_core.event_handler.log_command:Invoked command in '/home/x/planning_with_ROS2_course/build/planning' returned '0': CMAKE_PREFIX_PATH=/home/x/planning_with_ROS2_course/install/base_msgs:/home/x/planning_with_ROS2_course/install/planning:/home/x/planning_with_ROS2_course/install/data_plot:/opt/ros/humble LD_LIBRARY_PATH=/home/x/planning_with_ROS2_course/install/base_msgs/lib:/home/x/planning_with_ROS2_course/install/planning/lib:/home/x/planning_with_ROS2_course/install/planning/lib:/home/x/planning_with_ROS2_course/install/planning/lib:/opt/ros/humble/opt/rviz_ogre_vendor/lib:/opt/ros/humble/lib/x86_64-linux-gnu:/opt/ros/humble/lib /usr/bin/cmake --install /home/x/planning_with_ROS2_course/build/planning
[5.033s] INFO:colcon.colcon_core.shell:Creating environment hook '/home/x/planning_with_ROS2_course/install/planning/share/planning/hook/cmake_prefix_path.sh'
[5.034s] Level 1:colcon.colcon_core.environment:checking '/home/x/planning_with_ROS2_course/install/planning/lib'
[5.034s] Level 1:colcon.colcon_core.shell:create_environment_hook('planning', 'ld_library_path_lib')
[5.035s] INFO:colcon.colcon_core.shell:Creating environment hook '/home/x/planning_with_ROS2_course/install/planning/share/planning/hook/ld_library_path_lib.ps1'
[5.041s] INFO:colcon.colcon_core.shell:Creating environment descriptor '/home/x/planning_with_ROS2_course/install/planning/share/planning/hook/ld_library_path_lib.dsv'
[5.047s] INFO:colcon.colcon_core.shell:Creating environment hook '/home/x/planning_with_ROS2_course/install/planning/share/planning/hook/ld_library_path_lib.sh'
[5.048s] Level 1:colcon.colcon_core.environment:checking '/home/x/planning_with_ROS2_course/install/planning/bin'
[5.049s] Level 1:colcon.colcon_core.environment:checking '/home/x/planning_with_ROS2_course/install/planning/lib/pkgconfig/planning.pc'
[5.049s] Level 1:colcon.colcon_core.environment:checking '/home/x/planning_with_ROS2_course/install/planning/lib/python3.10/site-packages'
[5.052s] Level 1:colcon.colcon_core.environment:checking '/home/x/planning_with_ROS2_course/install/planning/bin'
[5.054s] INFO:colcon.colcon_core.shell:Creating package script '/home/x/planning_with_ROS2_course/install/planning/share/planning/package.ps1'
[5.061s] INFO:colcon.colcon_core.shell:Creating package descriptor '/home/x/planning_with_ROS2_course/install/planning/share/planning/package.dsv'
[5.066s] INFO:colcon.colcon_core.shell:Creating package script '/home/x/planning_with_ROS2_course/install/planning/share/planning/package.sh'
[5.068s] INFO:colcon.colcon_core.shell:Creating package script '/home/x/planning_with_ROS2_course/install/planning/share/planning/package.bash'
[5.071s] INFO:colcon.colcon_core.shell:Creating package script '/home/x/planning_with_ROS2_course/install/planning/share/planning/package.zsh'
[5.074s] Level 1:colcon.colcon_core.environment:create_file_with_runtime_dependencies(/home/x/planning_with_ROS2_course/install/planning/share/colcon-core/packages/planning)
[5.076s] Level 1:colcon.colcon_core.environment:create_environment_scripts_only(planning)
[5.076s] Level 1:colcon.colcon_core.environment:checking '/home/x/planning_with_ROS2_course/install/planning' for CMake module files
[5.077s] Level 1:colcon.colcon_core.environment:checking '/home/x/planning_with_ROS2_course/install/planning' for CMake config files
[5.082s] Level 1:colcon.colcon_core.shell:create_environment_hook('planning', 'cmake_prefix_path')
[5.082s] INFO:colcon.colcon_core.shell:Creating environment hook '/home/x/planning_with_ROS2_course/install/planning/share/planning/hook/cmake_prefix_path.ps1'
[5.085s] INFO:colcon.colcon_core.shell:Creating environment descriptor '/home/x/planning_with_ROS2_course/install/planning/share/planning/hook/cmake_prefix_path.dsv'
[5.086s] INFO:colcon.colcon_core.shell:Creating environment hook '/home/x/planning_with_ROS2_course/install/planning/share/planning/hook/cmake_prefix_path.sh'
[5.087s] Level 1:colcon.colcon_core.environment:checking '/home/x/planning_with_ROS2_course/install/planning/lib'
[5.087s] Level 1:colcon.colcon_core.shell:create_environment_hook('planning', 'ld_library_path_lib')
[5.087s] INFO:colcon.colcon_core.shell:Creating environment hook '/home/x/planning_with_ROS2_course/install/planning/share/planning/hook/ld_library_path_lib.ps1'
[5.091s] INFO:colcon.colcon_core.shell:Creating environment descriptor '/home/x/planning_with_ROS2_course/install/planning/share/planning/hook/ld_library_path_lib.dsv'
[5.091s] INFO:colcon.colcon_core.shell:Creating environment hook '/home/x/planning_with_ROS2_course/install/planning/share/planning/hook/ld_library_path_lib.sh'
[5.092s] Level 1:colcon.colcon_core.environment:checking '/home/x/planning_with_ROS2_course/install/planning/bin'
[5.092s] Level 1:colcon.colcon_core.environment:checking '/home/x/planning_with_ROS2_course/install/planning/lib/pkgconfig/planning.pc'
[5.097s] Level 1:colcon.colcon_core.environment:checking '/home/x/planning_with_ROS2_course/install/planning/lib/python3.10/site-packages'
[5.097s] Level 1:colcon.colcon_core.environment:checking '/home/x/planning_with_ROS2_course/install/planning/bin'
[5.098s] INFO:colcon.colcon_core.shell:Creating package script '/home/x/planning_with_ROS2_course/install/planning/share/planning/package.ps1'
[5.103s] INFO:colcon.colcon_core.shell:Creating package descriptor '/home/x/planning_with_ROS2_course/install/planning/share/planning/package.dsv'
[5.123s] INFO:colcon.colcon_core.shell:Creating package script '/home/x/planning_with_ROS2_course/install/planning/share/planning/package.sh'
[5.128s] INFO:colcon.colcon_core.shell:Creating package script '/home/x/planning_with_ROS2_course/install/planning/share/planning/package.bash'
[5.135s] INFO:colcon.colcon_core.shell:Creating package script '/home/x/planning_with_ROS2_course/install/planning/share/planning/package.zsh'
[5.138s] Level 1:colcon.colcon_core.environment:create_file_with_runtime_dependencies(/home/x/planning_with_ROS2_course/install/planning/share/colcon-core/packages/planning)
[5.667s] DEBUG:colcon.colcon_core.event_handler.log_command:Invoking command in '/home/x/planning_with_ROS2_course/src/data_plot': CMAKE_PREFIX_PATH=/home/x/planning_with_ROS2_course/install/base_msgs:/home/x/planning_with_ROS2_course/install/planning LD_LIBRARY_PATH=/home/x/planning_with_ROS2_course/install/base_msgs/lib:/home/x/planning_with_ROS2_course/install/planning/lib:/home/x/planning_with_ROS2_course/install/planning/lib:/home/x/planning_with_ROS2_course/install/planning/lib:/opt/ros/humble/opt/rviz_ogre_vendor/lib:/opt/ros/humble/lib/x86_64-linux-gnu:/opt/ros/humble/lib PYTHONPATH=/home/x/planning_with_ROS2_course/build/data_plot/prefix_override:/usr/lib/python3/dist-packages/colcon_core/task/python/colcon_distutils_commands:/home/x/planning_with_ROS2_course/install/data_plot/lib/python3.10/site-packages:${PYTHONPATH} /usr/bin/python3 -W ignore:setup.py install is deprecated -W ignore:easy_install command is deprecated setup.py egg_info --egg-base ../../build/data_plot build --build-base /home/x/planning_with_ROS2_course/build/data_plot/build install --record /home/x/planning_with_ROS2_course/build/data_plot/install.log --single-version-externally-managed install_data
[6.680s] Level 1:colcon.colcon_core.environment:checking '/home/x/planning_with_ROS2_course/install/data_plot' for CMake module files
[6.681s] Level 1:colcon.colcon_core.environment:checking '/home/x/planning_with_ROS2_course/install/data_plot' for CMake config files
[6.691s] DEBUG:colcon.colcon_core.event_handler.log_command:Invoked command in '/home/x/planning_with_ROS2_course/src/data_plot' returned '0': CMAKE_PREFIX_PATH=/home/x/planning_with_ROS2_course/install/base_msgs:/home/x/planning_with_ROS2_course/install/planning LD_LIBRARY_PATH=/home/x/planning_with_ROS2_course/install/base_msgs/lib:/home/x/planning_with_ROS2_course/install/planning/lib:/home/x/planning_with_ROS2_course/install/planning/lib:/home/x/planning_with_ROS2_course/install/planning/lib:/opt/ros/humble/opt/rviz_ogre_vendor/lib:/opt/ros/humble/lib/x86_64-linux-gnu:/opt/ros/humble/lib PYTHONPATH=/home/x/planning_with_ROS2_course/build/data_plot/prefix_override:/usr/lib/python3/dist-packages/colcon_core/task/python/colcon_distutils_commands:/home/x/planning_with_ROS2_course/install/data_plot/lib/python3.10/site-packages:${PYTHONPATH} /usr/bin/python3 -W ignore:setup.py install is deprecated -W ignore:easy_install command is deprecated setup.py egg_info --egg-base ../../build/data_plot build --build-base /home/x/planning_with_ROS2_course/build/data_plot/build install --record /home/x/planning_with_ROS2_course/build/data_plot/install.log --single-version-externally-managed install_data
[6.695s] Level 1:colcon.colcon_core.environment:checking '/home/x/planning_with_ROS2_course/install/data_plot/lib'
[6.695s] Level 1:colcon.colcon_core.environment:checking '/home/x/planning_with_ROS2_course/install/data_plot/bin'
[6.695s] Level 1:colcon.colcon_core.environment:checking '/home/x/planning_with_ROS2_course/install/data_plot/lib/pkgconfig/data_plot.pc'
[6.696s] Level 1:colcon.colcon_core.environment:checking '/home/x/planning_with_ROS2_course/install/data_plot/lib/python3.10/site-packages'
[6.696s] Level 1:colcon.colcon_core.shell:create_environment_hook('data_plot', 'pythonpath')
[6.700s] INFO:colcon.colcon_core.shell:Creating environment hook '/home/x/planning_with_ROS2_course/install/data_plot/share/data_plot/hook/pythonpath.ps1'
[6.702s] INFO:colcon.colcon_core.shell:Creating environment descriptor '/home/x/planning_with_ROS2_course/install/data_plot/share/data_plot/hook/pythonpath.dsv'
[6.711s] INFO:colcon.colcon_core.shell:Creating environment hook '/home/x/planning_with_ROS2_course/install/data_plot/share/data_plot/hook/pythonpath.sh'
[6.716s] Level 1:colcon.colcon_core.environment:checking '/home/x/planning_with_ROS2_course/install/data_plot/bin'
[6.718s] Level 1:colcon.colcon_core.environment:create_environment_scripts_only(data_plot)
[6.719s] INFO:colcon.colcon_core.shell:Creating package script '/home/x/planning_with_ROS2_course/install/data_plot/share/data_plot/package.ps1'
[6.723s] INFO:colcon.colcon_core.shell:Creating package descriptor '/home/x/planning_with_ROS2_course/install/data_plot/share/data_plot/package.dsv'
[6.724s] INFO:colcon.colcon_core.shell:Creating package script '/home/x/planning_with_ROS2_course/install/data_plot/share/data_plot/package.sh'
[6.725s] INFO:colcon.colcon_core.shell:Creating package script '/home/x/planning_with_ROS2_course/install/data_plot/share/data_plot/package.bash'
[6.730s] INFO:colcon.colcon_core.shell:Creating package script '/home/x/planning_with_ROS2_course/install/data_plot/share/data_plot/package.zsh'
[6.732s] Level 1:colcon.colcon_core.environment:create_file_with_runtime_dependencies(/home/x/planning_with_ROS2_course/install/data_plot/share/colcon-core/packages/data_plot)
[6.735s] DEBUG:colcon.colcon_parallel_executor.executor.parallel:closing loop
[6.736s] DEBUG:colcon.colcon_parallel_executor.executor.parallel:loop closed
[6.737s] DEBUG:colcon.colcon_parallel_executor.executor.parallel:run_until_complete finished with '0'
[6.738s] DEBUG:colcon.colcon_core.event_reactor:joining thread
[6.762s] INFO:colcon.colcon_core.plugin_system:Skipping extension 'colcon_notification.desktop_notification.terminal_notifier': Not used on non-Darwin systems
[6.762s] INFO:colcon.colcon_core.plugin_system:Skipping extension 'colcon_notification.desktop_notification.win32': Not used on non-Windows systems
[6.762s] INFO:colcon.colcon_notification.desktop_notification:Sending desktop notification using 'notify2'
[6.788s] DEBUG:colcon.colcon_core.event_reactor:joined thread
[6.788s] INFO:colcon.colcon_core.shell:Creating prefix script '/home/x/planning_with_ROS2_course/install/local_setup.ps1'
[6.797s] INFO:colcon.colcon_core.shell:Creating prefix util module '/home/x/planning_with_ROS2_course/install/_local_setup_util_ps1.py'
[6.801s] INFO:colcon.colcon_core.shell:Creating prefix chain script '/home/x/planning_with_ROS2_course/install/setup.ps1'
[6.804s] INFO:colcon.colcon_core.shell:Creating prefix script '/home/x/planning_with_ROS2_course/install/local_setup.sh'
[6.806s] INFO:colcon.colcon_core.shell:Creating prefix util module '/home/x/planning_with_ROS2_course/install/_local_setup_util_sh.py'
[6.810s] INFO:colcon.colcon_core.shell:Creating prefix chain script '/home/x/planning_with_ROS2_course/install/setup.sh'
[6.819s] INFO:colcon.colcon_core.shell:Creating prefix script '/home/x/planning_with_ROS2_course/install/local_setup.bash'
[6.826s] INFO:colcon.colcon_core.shell:Creating prefix chain script '/home/x/planning_with_ROS2_course/install/setup.bash'
[6.833s] INFO:colcon.colcon_core.shell:Creating prefix script '/home/x/planning_with_ROS2_course/install/local_setup.zsh'
[6.836s] INFO:colcon.colcon_core.shell:Creating prefix chain script '/home/x/planning_with_ROS2_course/install/setup.zsh'
