[0.445s] Invoking command in '/home/x/planning_with_ROS2_course/build/planning': CMAKE_PREFIX_PATH=/home/x/planning_with_ROS2_course/install/base_msgs:/home/x/planning_with_ROS2_course/install/planning:/home/x/planning_with_ROS2_course/install/data_plot:/opt/ros/humble LD_LIBRARY_PATH=/home/x/planning_with_ROS2_course/install/base_msgs/lib:/home/x/planning_with_ROS2_course/install/planning/lib:/home/x/planning_with_ROS2_course/install/planning/lib:/home/x/planning_with_ROS2_course/install/planning/lib:/opt/ros/humble/opt/rviz_ogre_vendor/lib:/opt/ros/humble/lib/x86_64-linux-gnu:/opt/ros/humble/lib /usr/bin/cmake --build /home/x/planning_with_ROS2_course/build/planning -- -j8 -l8
[0.512s] -- Found ament_cmake: 1.3.12 (/opt/ros/humble/share/ament_cmake/cmake)
[0.856s] -- Found rclcpp: 16.0.15 (/opt/ros/humble/share/rclcpp/cmake)
[0.963s] -- Found rosidl_generator_c: 3.1.7 (/opt/ros/humble/share/rosidl_generator_c/cmake)
[0.972s] -- Found rosidl_adapter: 3.1.7 (/opt/ros/humble/share/rosidl_adapter/cmake)
[1.001s] -- Found rosidl_generator_cpp: 3.1.7 (/opt/ros/humble/share/rosidl_generator_cpp/cmake)
[1.041s] -- Using all available rosidl_typesupport_c: rosidl_typesupport_fastrtps_c;rosidl_typesupport_introspection_c
[1.074s] -- Using all available rosidl_typesupport_cpp: rosidl_typesupport_fastrtps_cpp;rosidl_typesupport_introspection_cpp
[1.176s] -- Found rmw_implementation_cmake: 6.1.2 (/opt/ros/humble/share/rmw_implementation_cmake/cmake)
[1.181s] -- Found rmw_fastrtps_cpp: 6.2.8 (/opt/ros/humble/share/rmw_fastrtps_cpp/cmake)
[1.387s] -- Using RMW implementation 'rmw_fastrtps_cpp' as default
[1.577s] -- Found tf2: 0.25.16 (/opt/ros/humble/share/tf2/cmake)
[1.639s] -- Found tf2_ros: 0.25.16 (/opt/ros/humble/share/tf2_ros/cmake)
[1.836s] -- Found nav_msgs: 4.9.0 (/opt/ros/humble/share/nav_msgs/cmake)
[1.867s] -- Found visualization_msgs: 4.9.0 (/opt/ros/humble/share/visualization_msgs/cmake)
[1.945s] -- Found base_msgs: 0.0.0 (/home/x/planning_with_ROS2_course/install/base_msgs/share/base_msgs/cmake)
[2.029s] -- Found ament_lint_auto: 0.12.14 (/opt/ros/humble/share/ament_lint_auto/cmake)
[2.167s] -- Added test 'cppcheck' to perform static code analysis on C / C++ code
[2.169s] -- Configured cppcheck include dirs: /home/x/planning_with_ROS2_course/src/planning/src/common/config_reader;/home/x/planning_with_ROS2_course/src/planning/src/common/math;/home/x/planning_with_ROS2_course/src/planning/src/decision_center;/home/x/planning_with_ROS2_course/src/planning/src/pnc_map_creator;/home/x/planning_with_ROS2_course/src/planning/src/pnc_map_creator/pnc_map_straight;/home/x/planning_with_ROS2_course/src/planning/src/pnc_map_creator/pnc_map_sturn;/home/x/planning_with_ROS2_course/src/planning/src/global_planner;/home/x/planning_with_ROS2_course/src/planning/src/global_planner/global_planner_normal;/home/x/planning_with_ROS2_course/src/planning/src/local_planner;/home/x/planning_with_ROS2_course/src/planning/src/local_planner/local_path;/home/x/planning_with_ROS2_course/src/planning/src/local_planner/local_speeds;/home/x/planning_with_ROS2_course/src/planning/src/reference_line;/home/x/planning_with_ROS2_course/src/planning/src/vehicle_info;/home/x/planning_with_ROS2_course/src/planning/src/vehicle_info/main_car;/home/x/planning_with_ROS2_course/src/planning/src/vehicle_info/obs_car;/home/x/planning_with_ROS2_course/src/planning/src/planning_process;/home/x/planning_with_ROS2_course/src/planning/src/move_cmd
[2.169s] -- Configured cppcheck exclude dirs and/or files: 
[2.171s] -- Added test 'flake8' to check Python code syntax and style conventions
[2.172s] -- Added test 'lint_cmake' to check CMake code style
[2.174s] -- Added test 'pep257' to check Python code against some of the docstring style conventions in PEP 257
[2.178s] -- Added test 'uncrustify' to check C / C++ code style
[2.178s] -- Configured uncrustify additional arguments: 
[2.179s] -- Added test 'xmllint' to check XML markup files
[2.182s] -- Configuring done
[2.327s] -- Generating done
[2.389s] -- Build files have been written to: /home/x/planning_with_ROS2_course/build/planning
[2.454s] [35m[1mConsolidate compiler generated dependencies of target config_reader[0m
[2.455s] [35m[1mConsolidate compiler generated dependencies of target mathlibs[0m
[2.490s] [  5%] Built target config_reader
[2.490s] [ 14%] Built target mathlibs
[2.512s] [35m[1mConsolidate compiler generated dependencies of target pnc_map_creator[0m
[2.517s] [35m[1mConsolidate compiler generated dependencies of target vehicle_info[0m
[2.523s] [35m[1mConsolidate compiler generated dependencies of target reference_line[0m
[2.530s] [35m[1mConsolidate compiler generated dependencies of target global_planner[0m
[2.576s] [ 17%] [32mBuilding CXX object src/vehicle_info/CMakeFiles/vehicle_info.dir/main_car/main_car_info.cpp.o[0m
[2.595s] [ 25%] Built target pnc_map_creator
[2.596s] [ 28%] [32mBuilding CXX object src/vehicle_info/CMakeFiles/vehicle_info.dir/obs_car/obs_car_info.cpp.o[0m
[2.601s] [ 34%] Built target global_planner
[2.632s] [ 42%] Built target reference_line
[2.671s] [35m[1mConsolidate compiler generated dependencies of target global_path_server[0m
[2.671s] [35m[1mConsolidate compiler generated dependencies of target pnc_map_server[0m
[2.712s] [ 48%] Built target global_path_server
[2.720s] [ 54%] Built target pnc_map_server
[9.422s] [ 57%] [32m[1mLinking CXX shared library libvehicle_info.so[0m
[9.637s] [ 57%] Built target vehicle_info
[9.657s] [35m[1mConsolidate compiler generated dependencies of target decision_center[0m
[9.667s] [35m[1mConsolidate compiler generated dependencies of target car_move_cmd[0m
[9.667s] [35m[1mConsolidate compiler generated dependencies of target obs_move_cmd[0m
[9.696s] [ 60%] [32mBuilding CXX object src/decision_center/CMakeFiles/decision_center.dir/decision_center.cpp.o[0m
[9.703s] [ 62%] [32mBuilding CXX object src/move_cmd/CMakeFiles/car_move_cmd.dir/car_move_cmd.cpp.o[0m
[9.709s] [ 65%] [32mBuilding CXX object src/move_cmd/CMakeFiles/obs_move_cmd.dir/obs_move_cmd.cpp.o[0m
[17.705s] [ 68%] [32m[1mLinking CXX shared library libdecision_center.so[0m
[17.832s] [ 71%] [32m[1mLinking CXX executable car_move_cmd[0m
[17.845s] [ 74%] [32m[1mLinking CXX executable obs_move_cmd[0m
[18.063s] [ 74%] Built target decision_center
[18.095s] [35m[1mConsolidate compiler generated dependencies of target local_planner[0m
[18.158s] [ 77%] [32mBuilding CXX object src/local_planner/CMakeFiles/local_planner.dir/local_path/local_path_planner.cpp.o[0m
[18.158s] [ 80%] [32mBuilding CXX object src/local_planner/CMakeFiles/local_planner.dir/local_speeds/local_speeds_planner.cpp.o[0m
[18.247s] [ 80%] Built target obs_move_cmd
[18.250s] [ 80%] Built target car_move_cmd
[25.764s] [ 82%] [32m[1mLinking CXX shared library liblocal_planner.so[0m
[25.983s] [ 91%] Built target local_planner
[26.001s] [35m[1mConsolidate compiler generated dependencies of target planning_process[0m
[26.047s] [ 94%] [32mBuilding CXX object src/planning_process/CMakeFiles/planning_process.dir/planning_process_main.cpp.o[0m
[26.053s] [ 97%] [32mBuilding CXX object src/planning_process/CMakeFiles/planning_process.dir/planning_process.cpp.o[0m
[38.501s] [100%] [32m[1mLinking CXX executable planning_process[0m
[38.981s] [100%] Built target planning_process
[39.004s] Invoked command in '/home/x/planning_with_ROS2_course/build/planning' returned '0': CMAKE_PREFIX_PATH=/home/x/planning_with_ROS2_course/install/base_msgs:/home/x/planning_with_ROS2_course/install/planning:/home/x/planning_with_ROS2_course/install/data_plot:/opt/ros/humble LD_LIBRARY_PATH=/home/x/planning_with_ROS2_course/install/base_msgs/lib:/home/x/planning_with_ROS2_course/install/planning/lib:/home/x/planning_with_ROS2_course/install/planning/lib:/home/x/planning_with_ROS2_course/install/planning/lib:/opt/ros/humble/opt/rviz_ogre_vendor/lib:/opt/ros/humble/lib/x86_64-linux-gnu:/opt/ros/humble/lib /usr/bin/cmake --build /home/x/planning_with_ROS2_course/build/planning -- -j8 -l8
[39.006s] Invoking command in '/home/x/planning_with_ROS2_course/build/planning': CMAKE_PREFIX_PATH=/home/x/planning_with_ROS2_course/install/base_msgs:/home/x/planning_with_ROS2_course/install/planning:/home/x/planning_with_ROS2_course/install/data_plot:/opt/ros/humble LD_LIBRARY_PATH=/home/x/planning_with_ROS2_course/install/base_msgs/lib:/home/x/planning_with_ROS2_course/install/planning/lib:/home/x/planning_with_ROS2_course/install/planning/lib:/home/x/planning_with_ROS2_course/install/planning/lib:/opt/ros/humble/opt/rviz_ogre_vendor/lib:/opt/ros/humble/lib/x86_64-linux-gnu:/opt/ros/humble/lib /usr/bin/cmake --install /home/x/planning_with_ROS2_course/build/planning
[39.017s] -- Install configuration: ""
[39.020s] -- Up-to-date: /home/x/planning_with_ROS2_course/install/planning/lib/libconfig_reader.so
[39.022s] -- Up-to-date: /home/x/planning_with_ROS2_course/install/planning/lib/libmathlibs.so
[39.022s] -- Installing: /home/x/planning_with_ROS2_course/install/planning/lib/libdecision_center.so
[39.022s] -- Set runtime path of "/home/x/planning_with_ROS2_course/install/planning/lib/libdecision_center.so" to ""
[39.024s] -- Up-to-date: /home/x/planning_with_ROS2_course/install/planning/lib/libpnc_map_creator.so
[39.024s] -- Up-to-date: /home/x/planning_with_ROS2_course/install/planning/lib/planning/pnc_map_server
[39.024s] -- Up-to-date: /home/x/planning_with_ROS2_course/install/planning/lib/libglobal_planner.so
[39.026s] -- Up-to-date: /home/x/planning_with_ROS2_course/install/planning/lib/planning/global_path_server
[39.028s] -- Installing: /home/x/planning_with_ROS2_course/install/planning/lib/liblocal_planner.so
[39.028s] -- Set runtime path of "/home/x/planning_with_ROS2_course/install/planning/lib/liblocal_planner.so" to ""
[39.029s] -- Up-to-date: /home/x/planning_with_ROS2_course/install/planning/lib/libreference_line.so
[39.030s] -- Installing: /home/x/planning_with_ROS2_course/install/planning/lib/libvehicle_info.so
[39.030s] -- Set runtime path of "/home/x/planning_with_ROS2_course/install/planning/lib/libvehicle_info.so" to ""
[39.031s] -- Installing: /home/x/planning_with_ROS2_course/install/planning/lib/planning/planning_process
[39.036s] -- Set runtime path of "/home/x/planning_with_ROS2_course/install/planning/lib/planning/planning_process" to ""
[39.038s] -- Installing: /home/x/planning_with_ROS2_course/install/planning/lib/planning/car_move_cmd
[39.038s] -- Set runtime path of "/home/x/planning_with_ROS2_course/install/planning/lib/planning/car_move_cmd" to ""
[39.044s] -- Installing: /home/x/planning_with_ROS2_course/install/planning/lib/planning/obs_move_cmd
[39.045s] -- Set runtime path of "/home/x/planning_with_ROS2_course/install/planning/lib/planning/obs_move_cmd" to ""
[39.045s] -- Up-to-date: /home/x/planning_with_ROS2_course/install/planning/share/planning/config
[39.045s] -- Up-to-date: /home/x/planning_with_ROS2_course/install/planning/share/planning/config/planning_static_obs_config.yaml
[39.045s] -- Up-to-date: /home/x/planning_with_ROS2_course/install/planning/share/planning/launch
[39.045s] -- Up-to-date: /home/x/planning_with_ROS2_course/install/planning/share/planning/launch/planning_launch.py
[39.045s] -- Up-to-date: /home/x/planning_with_ROS2_course/install/planning/share/planning/urdf
[39.045s] -- Up-to-date: /home/x/planning_with_ROS2_course/install/planning/share/planning/urdf/obs_car
[39.045s] -- Up-to-date: /home/x/planning_with_ROS2_course/install/planning/share/planning/urdf/obs_car/obs_car.xacro
[39.045s] -- Up-to-date: /home/x/planning_with_ROS2_course/install/planning/share/planning/urdf/main_car
[39.045s] -- Up-to-date: /home/x/planning_with_ROS2_course/install/planning/share/planning/urdf/main_car/car.xacro
[39.045s] -- Up-to-date: /home/x/planning_with_ROS2_course/install/planning/share/planning/urdf/main_car/car_radar.xacro
[39.045s] -- Up-to-date: /home/x/planning_with_ROS2_course/install/planning/share/planning/urdf/main_car/car_wheels.xacro
[39.045s] -- Up-to-date: /home/x/planning_with_ROS2_course/install/planning/share/planning/urdf/main_car/car_camera.xacro
[39.046s] -- Up-to-date: /home/x/planning_with_ROS2_course/install/planning/share/planning/urdf/main_car/car_base.xacro
[39.046s] -- Up-to-date: /home/x/planning_with_ROS2_course/install/planning/share/planning/rviz
[39.046s] -- Up-to-date: /home/x/planning_with_ROS2_course/install/planning/share/planning/rviz/planning.rviz
[39.046s] -- Up-to-date: /home/x/planning_with_ROS2_course/install/planning/share/ament_index/resource_index/package_run_dependencies/planning
[39.046s] -- Up-to-date: /home/x/planning_with_ROS2_course/install/planning/share/ament_index/resource_index/parent_prefix_path/planning
[39.046s] -- Up-to-date: /home/x/planning_with_ROS2_course/install/planning/share/planning/environment/ament_prefix_path.sh
[39.046s] -- Installing: /home/x/planning_with_ROS2_course/install/planning/share/planning/environment/ament_prefix_path.dsv
[39.046s] -- Up-to-date: /home/x/planning_with_ROS2_course/install/planning/share/planning/environment/path.sh
[39.046s] -- Installing: /home/x/planning_with_ROS2_course/install/planning/share/planning/environment/path.dsv
[39.046s] -- Up-to-date: /home/x/planning_with_ROS2_course/install/planning/share/planning/local_setup.bash
[39.046s] -- Up-to-date: /home/x/planning_with_ROS2_course/install/planning/share/planning/local_setup.sh
[39.046s] -- Up-to-date: /home/x/planning_with_ROS2_course/install/planning/share/planning/local_setup.zsh
[39.047s] -- Installing: /home/x/planning_with_ROS2_course/install/planning/share/planning/local_setup.dsv
[39.047s] -- Installing: /home/x/planning_with_ROS2_course/install/planning/share/planning/package.dsv
[39.047s] -- Up-to-date: /home/x/planning_with_ROS2_course/install/planning/share/ament_index/resource_index/packages/planning
[39.047s] -- Up-to-date: /home/x/planning_with_ROS2_course/install/planning/share/planning/cmake/planningConfig.cmake
[39.047s] -- Up-to-date: /home/x/planning_with_ROS2_course/install/planning/share/planning/cmake/planningConfig-version.cmake
[39.047s] -- Up-to-date: /home/x/planning_with_ROS2_course/install/planning/share/planning/package.xml
[39.055s] Invoked command in '/home/x/planning_with_ROS2_course/build/planning' returned '0': CMAKE_PREFIX_PATH=/home/x/planning_with_ROS2_course/install/base_msgs:/home/x/planning_with_ROS2_course/install/planning:/home/x/planning_with_ROS2_course/install/data_plot:/opt/ros/humble LD_LIBRARY_PATH=/home/x/planning_with_ROS2_course/install/base_msgs/lib:/home/x/planning_with_ROS2_course/install/planning/lib:/home/x/planning_with_ROS2_course/install/planning/lib:/home/x/planning_with_ROS2_course/install/planning/lib:/opt/ros/humble/opt/rviz_ogre_vendor/lib:/opt/ros/humble/lib/x86_64-linux-gnu:/opt/ros/humble/lib /usr/bin/cmake --install /home/x/planning_with_ROS2_course/build/planning
