[0.414s] Invoking command in '/home/x/planning_with_ROS2_course/build/planning': CMAKE_PREFIX_PATH=/home/x/planning_with_ROS2_course/install/base_msgs:/home/x/planning_with_ROS2_course/install/planning:/home/x/planning_with_ROS2_course/install/data_plot:/opt/ros/humble LD_LIBRARY_PATH=/home/x/planning_with_ROS2_course/install/base_msgs/lib:/home/x/planning_with_ROS2_course/install/planning/lib:/home/x/planning_with_ROS2_course/install/planning/lib:/home/x/planning_with_ROS2_course/install/planning/lib:/opt/ros/humble/opt/rviz_ogre_vendor/lib:/opt/ros/humble/lib/x86_64-linux-gnu:/opt/ros/humble/lib /usr/bin/cmake --build /home/x/planning_with_ROS2_course/build/planning -- -j8 -l8
[0.453s] -- Found ament_cmake: 1.3.12 (/opt/ros/humble/share/ament_cmake/cmake)
[0.668s] -- Found rclcpp: 16.0.15 (/opt/ros/humble/share/rclcpp/cmake)
[0.706s] -- Found rosidl_generator_c: 3.1.7 (/opt/ros/humble/share/rosidl_generator_c/cmake)
[0.708s] -- Found rosidl_adapter: 3.1.7 (/opt/ros/humble/share/rosidl_adapter/cmake)
[0.723s] -- Found rosidl_generator_cpp: 3.1.7 (/opt/ros/humble/share/rosidl_generator_cpp/cmake)
[0.736s] -- Using all available rosidl_typesupport_c: rosidl_typesupport_fastrtps_c;rosidl_typesupport_introspection_c
[0.753s] -- Using all available rosidl_typesupport_cpp: rosidl_typesupport_fastrtps_cpp;rosidl_typesupport_introspection_cpp
[0.797s] -- Found rmw_implementation_cmake: 6.1.2 (/opt/ros/humble/share/rmw_implementation_cmake/cmake)
[0.798s] -- Found rmw_fastrtps_cpp: 6.2.8 (/opt/ros/humble/share/rmw_fastrtps_cpp/cmake)
[0.941s] -- Using RMW implementation 'rmw_fastrtps_cpp' as default
[1.014s] -- Found tf2: 0.25.16 (/opt/ros/humble/share/tf2/cmake)
[1.038s] -- Found tf2_ros: 0.25.16 (/opt/ros/humble/share/tf2_ros/cmake)
[1.151s] -- Found nav_msgs: 4.9.0 (/opt/ros/humble/share/nav_msgs/cmake)
[1.172s] -- Found visualization_msgs: 4.9.0 (/opt/ros/humble/share/visualization_msgs/cmake)
[1.226s] -- Found base_msgs: 0.0.0 (/home/x/planning_with_ROS2_course/install/base_msgs/share/base_msgs/cmake)
[1.322s] -- Found ament_lint_auto: 0.12.14 (/opt/ros/humble/share/ament_lint_auto/cmake)
[1.472s] -- Added test 'cppcheck' to perform static code analysis on C / C++ code
[1.472s] -- Configured cppcheck include dirs: /home/x/planning_with_ROS2_course/src/planning/src/common/config_reader;/home/x/planning_with_ROS2_course/src/planning/src/common/math;/home/x/planning_with_ROS2_course/src/planning/src/decision_center;/home/x/planning_with_ROS2_course/src/planning/src/pnc_map_creator;/home/x/planning_with_ROS2_course/src/planning/src/pnc_map_creator/pnc_map_straight;/home/x/planning_with_ROS2_course/src/planning/src/pnc_map_creator/pnc_map_sturn;/home/x/planning_with_ROS2_course/src/planning/src/global_planner;/home/x/planning_with_ROS2_course/src/planning/src/global_planner/global_planner_normal;/home/x/planning_with_ROS2_course/src/planning/src/local_planner;/home/x/planning_with_ROS2_course/src/planning/src/local_planner/local_path;/home/x/planning_with_ROS2_course/src/planning/src/local_planner/local_speeds;/home/x/planning_with_ROS2_course/src/planning/src/reference_line;/home/x/planning_with_ROS2_course/src/planning/src/vehicle_info;/home/x/planning_with_ROS2_course/src/planning/src/vehicle_info/main_car;/home/x/planning_with_ROS2_course/src/planning/src/vehicle_info/obs_car;/home/x/planning_with_ROS2_course/src/planning/src/planning_process;/home/x/planning_with_ROS2_course/src/planning/src/move_cmd
[1.472s] -- Configured cppcheck exclude dirs and/or files: 
[1.474s] -- Added test 'flake8' to check Python code syntax and style conventions
[1.474s] -- Added test 'lint_cmake' to check CMake code style
[1.476s] -- Added test 'pep257' to check Python code against some of the docstring style conventions in PEP 257
[1.479s] -- Added test 'uncrustify' to check C / C++ code style
[1.479s] -- Configured uncrustify additional arguments: 
[1.480s] -- Added test 'xmllint' to check XML markup files
[1.484s] -- Configuring done
[1.616s] -- Generating done
[1.666s] -- Build files have been written to: /home/x/planning_with_ROS2_course/build/planning
[1.729s] [35m[1mConsolidate compiler generated dependencies of target config_reader[0m
[1.735s] [35m[1mConsolidate compiler generated dependencies of target mathlibs[0m
[1.761s] [  5%] Built target config_reader
[1.774s] [ 14%] Built target mathlibs
[1.784s] [35m[1mConsolidate compiler generated dependencies of target pnc_map_creator[0m
[1.787s] [35m[1mConsolidate compiler generated dependencies of target global_planner[0m
[1.801s] [35m[1mConsolidate compiler generated dependencies of target vehicle_info[0m
[1.819s] [35m[1mConsolidate compiler generated dependencies of target reference_line[0m
[1.841s] [ 25%] Built target global_planner
[1.842s] [ 28%] Built target pnc_map_creator
[1.865s] [ 31%] [32mBuilding CXX object src/vehicle_info/CMakeFiles/vehicle_info.dir/main_car/main_car_info.cpp.o[0m
[1.880s] [35m[1mConsolidate compiler generated dependencies of target pnc_map_server[0m
[1.880s] [35m[1mConsolidate compiler generated dependencies of target global_path_server[0m
[1.880s] [ 42%] Built target reference_line
[1.882s] [ 42%] [32mBuilding CXX object src/vehicle_info/CMakeFiles/vehicle_info.dir/obs_car/obs_car_info.cpp.o[0m
[1.928s] [ 48%] Built target global_path_server
[1.952s] [ 54%] Built target pnc_map_server
[8.824s] [ 57%] [32m[1mLinking CXX shared library libvehicle_info.so[0m
[9.037s] [ 57%] Built target vehicle_info
[9.064s] [35m[1mConsolidate compiler generated dependencies of target decision_center[0m
[9.074s] [35m[1mConsolidate compiler generated dependencies of target car_move_cmd[0m
[9.082s] [35m[1mConsolidate compiler generated dependencies of target obs_move_cmd[0m
[9.100s] [ 60%] [32mBuilding CXX object src/decision_center/CMakeFiles/decision_center.dir/decision_center.cpp.o[0m
[9.112s] [ 62%] [32m[1mLinking CXX executable car_move_cmd[0m
[9.127s] [ 65%] [32m[1mLinking CXX executable obs_move_cmd[0m
[9.473s] [ 68%] Built target obs_move_cmd
[9.489s] [ 71%] Built target car_move_cmd
[14.905s] [ 74%] [32m[1mLinking CXX shared library libdecision_center.so[0m
[15.114s] [ 74%] Built target decision_center
[15.138s] [35m[1mConsolidate compiler generated dependencies of target local_planner[0m
[15.183s] [ 77%] [32m[1mLinking CXX shared library liblocal_planner.so[0m
[15.385s] [ 91%] Built target local_planner
[15.405s] [35m[1mConsolidate compiler generated dependencies of target planning_process[0m
[15.443s] [ 94%] [32m[1mLinking CXX executable planning_process[0m
[15.917s] [100%] Built target planning_process
[15.937s] Invoked command in '/home/x/planning_with_ROS2_course/build/planning' returned '0': CMAKE_PREFIX_PATH=/home/x/planning_with_ROS2_course/install/base_msgs:/home/x/planning_with_ROS2_course/install/planning:/home/x/planning_with_ROS2_course/install/data_plot:/opt/ros/humble LD_LIBRARY_PATH=/home/x/planning_with_ROS2_course/install/base_msgs/lib:/home/x/planning_with_ROS2_course/install/planning/lib:/home/x/planning_with_ROS2_course/install/planning/lib:/home/x/planning_with_ROS2_course/install/planning/lib:/opt/ros/humble/opt/rviz_ogre_vendor/lib:/opt/ros/humble/lib/x86_64-linux-gnu:/opt/ros/humble/lib /usr/bin/cmake --build /home/x/planning_with_ROS2_course/build/planning -- -j8 -l8
[15.940s] Invoking command in '/home/x/planning_with_ROS2_course/build/planning': CMAKE_PREFIX_PATH=/home/x/planning_with_ROS2_course/install/base_msgs:/home/x/planning_with_ROS2_course/install/planning:/home/x/planning_with_ROS2_course/install/data_plot:/opt/ros/humble LD_LIBRARY_PATH=/home/x/planning_with_ROS2_course/install/base_msgs/lib:/home/x/planning_with_ROS2_course/install/planning/lib:/home/x/planning_with_ROS2_course/install/planning/lib:/home/x/planning_with_ROS2_course/install/planning/lib:/opt/ros/humble/opt/rviz_ogre_vendor/lib:/opt/ros/humble/lib/x86_64-linux-gnu:/opt/ros/humble/lib /usr/bin/cmake --install /home/x/planning_with_ROS2_course/build/planning
[15.951s] -- Install configuration: ""
[15.952s] -- Up-to-date: /home/x/planning_with_ROS2_course/install/planning/lib/libconfig_reader.so
[15.952s] -- Up-to-date: /home/x/planning_with_ROS2_course/install/planning/lib/libmathlibs.so
[15.953s] -- Installing: /home/x/planning_with_ROS2_course/install/planning/lib/libdecision_center.so
[15.953s] -- Set runtime path of "/home/x/planning_with_ROS2_course/install/planning/lib/libdecision_center.so" to ""
[15.954s] -- Up-to-date: /home/x/planning_with_ROS2_course/install/planning/lib/libpnc_map_creator.so
[15.954s] -- Up-to-date: /home/x/planning_with_ROS2_course/install/planning/lib/planning/pnc_map_server
[15.955s] -- Up-to-date: /home/x/planning_with_ROS2_course/install/planning/lib/libglobal_planner.so
[15.955s] -- Up-to-date: /home/x/planning_with_ROS2_course/install/planning/lib/planning/global_path_server
[15.956s] -- Installing: /home/x/planning_with_ROS2_course/install/planning/lib/liblocal_planner.so
[15.956s] -- Set runtime path of "/home/x/planning_with_ROS2_course/install/planning/lib/liblocal_planner.so" to ""
[15.957s] -- Up-to-date: /home/x/planning_with_ROS2_course/install/planning/lib/libreference_line.so
[15.959s] -- Installing: /home/x/planning_with_ROS2_course/install/planning/lib/libvehicle_info.so
[15.959s] -- Set runtime path of "/home/x/planning_with_ROS2_course/install/planning/lib/libvehicle_info.so" to ""
[15.959s] -- Installing: /home/x/planning_with_ROS2_course/install/planning/lib/planning/planning_process
[15.962s] -- Set runtime path of "/home/x/planning_with_ROS2_course/install/planning/lib/planning/planning_process" to ""
[15.962s] -- Installing: /home/x/planning_with_ROS2_course/install/planning/lib/planning/car_move_cmd
[15.963s] -- Set runtime path of "/home/x/planning_with_ROS2_course/install/planning/lib/planning/car_move_cmd" to ""
[15.963s] -- Installing: /home/x/planning_with_ROS2_course/install/planning/lib/planning/obs_move_cmd
[15.964s] -- Set runtime path of "/home/x/planning_with_ROS2_course/install/planning/lib/planning/obs_move_cmd" to ""
[15.964s] -- Up-to-date: /home/x/planning_with_ROS2_course/install/planning/share/planning/config
[15.965s] -- Up-to-date: /home/x/planning_with_ROS2_course/install/planning/share/planning/config/planning_static_obs_config.yaml
[15.965s] -- Up-to-date: /home/x/planning_with_ROS2_course/install/planning/share/planning/launch
[15.965s] -- Up-to-date: /home/x/planning_with_ROS2_course/install/planning/share/planning/launch/planning_launch.py
[15.965s] -- Up-to-date: /home/x/planning_with_ROS2_course/install/planning/share/planning/urdf
[15.965s] -- Up-to-date: /home/x/planning_with_ROS2_course/install/planning/share/planning/urdf/obs_car
[15.965s] -- Up-to-date: /home/x/planning_with_ROS2_course/install/planning/share/planning/urdf/obs_car/obs_car.xacro
[15.966s] -- Up-to-date: /home/x/planning_with_ROS2_course/install/planning/share/planning/urdf/main_car
[15.966s] -- Up-to-date: /home/x/planning_with_ROS2_course/install/planning/share/planning/urdf/main_car/car.xacro
[15.968s] -- Up-to-date: /home/x/planning_with_ROS2_course/install/planning/share/planning/urdf/main_car/car_radar.xacro
[15.969s] -- Up-to-date: /home/x/planning_with_ROS2_course/install/planning/share/planning/urdf/main_car/car_wheels.xacro
[15.969s] -- Up-to-date: /home/x/planning_with_ROS2_course/install/planning/share/planning/urdf/main_car/car_camera.xacro
[15.969s] -- Up-to-date: /home/x/planning_with_ROS2_course/install/planning/share/planning/urdf/main_car/car_base.xacro
[15.969s] -- Up-to-date: /home/x/planning_with_ROS2_course/install/planning/share/planning/rviz
[15.969s] -- Up-to-date: /home/x/planning_with_ROS2_course/install/planning/share/planning/rviz/planning.rviz
[15.969s] -- Up-to-date: /home/x/planning_with_ROS2_course/install/planning/share/ament_index/resource_index/package_run_dependencies/planning
[15.969s] -- Up-to-date: /home/x/planning_with_ROS2_course/install/planning/share/ament_index/resource_index/parent_prefix_path/planning
[15.969s] -- Up-to-date: /home/x/planning_with_ROS2_course/install/planning/share/planning/environment/ament_prefix_path.sh
[15.969s] -- Installing: /home/x/planning_with_ROS2_course/install/planning/share/planning/environment/ament_prefix_path.dsv
[15.970s] -- Up-to-date: /home/x/planning_with_ROS2_course/install/planning/share/planning/environment/path.sh
[15.970s] -- Installing: /home/x/planning_with_ROS2_course/install/planning/share/planning/environment/path.dsv
[15.970s] -- Up-to-date: /home/x/planning_with_ROS2_course/install/planning/share/planning/local_setup.bash
[15.971s] -- Up-to-date: /home/x/planning_with_ROS2_course/install/planning/share/planning/local_setup.sh
[15.971s] -- Up-to-date: /home/x/planning_with_ROS2_course/install/planning/share/planning/local_setup.zsh
[15.971s] -- Installing: /home/x/planning_with_ROS2_course/install/planning/share/planning/local_setup.dsv
[15.971s] -- Installing: /home/x/planning_with_ROS2_course/install/planning/share/planning/package.dsv
[15.972s] -- Up-to-date: /home/x/planning_with_ROS2_course/install/planning/share/ament_index/resource_index/packages/planning
[15.972s] -- Up-to-date: /home/x/planning_with_ROS2_course/install/planning/share/planning/cmake/planningConfig.cmake
[15.972s] -- Up-to-date: /home/x/planning_with_ROS2_course/install/planning/share/planning/cmake/planningConfig-version.cmake
[15.973s] -- Up-to-date: /home/x/planning_with_ROS2_course/install/planning/share/planning/package.xml
[15.974s] Invoked command in '/home/x/planning_with_ROS2_course/build/planning' returned '0': CMAKE_PREFIX_PATH=/home/x/planning_with_ROS2_course/install/base_msgs:/home/x/planning_with_ROS2_course/install/planning:/home/x/planning_with_ROS2_course/install/data_plot:/opt/ros/humble LD_LIBRARY_PATH=/home/x/planning_with_ROS2_course/install/base_msgs/lib:/home/x/planning_with_ROS2_course/install/planning/lib:/home/x/planning_with_ROS2_course/install/planning/lib:/home/x/planning_with_ROS2_course/install/planning/lib:/opt/ros/humble/opt/rviz_ogre_vendor/lib:/opt/ros/humble/lib/x86_64-linux-gnu:/opt/ros/humble/lib /usr/bin/cmake --install /home/x/planning_with_ROS2_course/build/planning
