[  5%] Built target config_reader
[ 14%] Built target mathlibs
[ 22%] Built target pnc_map_creator
[ 28%] Built target global_planner
[35m[1mConsolidate compiler generated dependencies of target pnc_map_server[0m
[ 37%] Built target vehicle_info
[35m[1mConsolidate compiler generated dependencies of target global_path_server[0m
[ 45%] Built target reference_line
[ 51%] Built target pnc_map_server
[ 57%] Built target global_path_server
[ 62%] Built target obs_move_cmd
[ 68%] Built target car_move_cmd
[ 74%] Built target decision_center
[ 91%] Built target local_planner
[ 94%] [32mBuilding CXX object src/planning_process/CMakeFiles/planning_process.dir/planning_process_main.cpp.o[0m
[ 97%] [32mBuilding CXX object src/planning_process/CMakeFiles/planning_process.dir/planning_process.cpp.o[0m
[01m[K/home/x/planning_with_ROS2_course/src/planning/src/planning_process/planning_process.cpp:[m[K In constructor ‘[01m[KPlanning::PlanningProcess::PlanningProcess()[m[K’:
[01m[K/home/x/planning_with_ROS2_course/src/planning/src/planning_process/planning_process.cpp:41:9:[m[K [01;31m[Kerror: [m[K‘[01m[Kglobal_path_client_[m[K’ was not declared in this scope; did you mean ‘[01m[Kglobal_path_client__[m[K’?
   41 |         [01;31m[Kglobal_path_client_[m[K = this->create_client<GlobalPathService>("global_path_service");
      |         [01;31m[K^~~~~~~~~~~~~~~~~~~[m[K
      |         [32m[Kglobal_path_client__[m[K
gmake[2]: *** [src/planning_process/CMakeFiles/planning_process.dir/build.make:90：src/planning_process/CMakeFiles/planning_process.dir/planning_process.cpp.o] 错误 1
gmake[1]: *** [CMakeFiles/Makefile2:578：src/planning_process/CMakeFiles/planning_process.dir/all] 错误 2
gmake: *** [Makefile:146：all] 错误 2
