[0.662s] Invoking command in '/home/x/planning_with_ROS2_course/build/planning': CMAKE_PREFIX_PATH=/home/x/planning_with_ROS2_course/install/base_msgs:/home/x/planning_with_ROS2_course/install/planning:/home/x/planning_with_ROS2_course/install/data_plot:/opt/ros/humble LD_LIBRARY_PATH=/home/x/planning_with_ROS2_course/install/base_msgs/lib:/home/x/planning_with_ROS2_course/install/planning/lib:/home/x/planning_with_ROS2_course/install/planning/lib:/home/x/planning_with_ROS2_course/install/planning/lib:/opt/ros/humble/opt/rviz_ogre_vendor/lib:/opt/ros/humble/lib/x86_64-linux-gnu:/opt/ros/humble/lib /usr/bin/cmake --build /home/x/planning_with_ROS2_course/build/planning -- -j8 -l8
[0.801s] [  5%] Built target config_reader
[0.835s] [ 14%] Built target mathlibs
[0.876s] [ 22%] Built target pnc_map_creator
[0.898s] [ 28%] Built target global_planner
[0.923s] [35m[1mConsolidate compiler generated dependencies of target pnc_map_server[0m
[0.959s] [ 37%] Built target vehicle_info
[0.968s] [35m[1mConsolidate compiler generated dependencies of target global_path_server[0m
[0.973s] [ 45%] Built target reference_line
[0.977s] [ 51%] Built target pnc_map_server
[1.034s] [ 57%] Built target global_path_server
[1.073s] [ 62%] Built target obs_move_cmd
[1.076s] [ 68%] Built target car_move_cmd
[1.084s] [ 74%] Built target decision_center
[1.168s] [ 91%] Built target local_planner
[1.239s] [ 94%] [32mBuilding CXX object src/planning_process/CMakeFiles/planning_process.dir/planning_process_main.cpp.o[0m
[1.249s] [ 97%] [32mBuilding CXX object src/planning_process/CMakeFiles/planning_process.dir/planning_process.cpp.o[0m
[10.769s] [01m[K/home/x/planning_with_ROS2_course/src/planning/src/planning_process/planning_process.cpp:[m[K In constructor ‘[01m[KPlanning::PlanningProcess::PlanningProcess()[m[K’:
[10.773s] [01m[K/home/x/planning_with_ROS2_course/src/planning/src/planning_process/planning_process.cpp:41:9:[m[K [01;31m[Kerror: [m[K‘[01m[Kglobal_path_client_[m[K’ was not declared in this scope; did you mean ‘[01m[Kglobal_path_client__[m[K’?
[10.774s]    41 |         [01;31m[Kglobal_path_client_[m[K = this->create_client<GlobalPathService>("global_path_service");
[10.774s]       |         [01;31m[K^~~~~~~~~~~~~~~~~~~[m[K
[10.774s]       |         [32m[Kglobal_path_client__[m[K
[13.041s] gmake[2]: *** [src/planning_process/CMakeFiles/planning_process.dir/build.make:90：src/planning_process/CMakeFiles/planning_process.dir/planning_process.cpp.o] 错误 1
[13.043s] gmake[1]: *** [CMakeFiles/Makefile2:578：src/planning_process/CMakeFiles/planning_process.dir/all] 错误 2
[13.043s] gmake: *** [Makefile:146：all] 错误 2
[13.051s] Invoked command in '/home/x/planning_with_ROS2_course/build/planning' returned '2': CMAKE_PREFIX_PATH=/home/x/planning_with_ROS2_course/install/base_msgs:/home/x/planning_with_ROS2_course/install/planning:/home/x/planning_with_ROS2_course/install/data_plot:/opt/ros/humble LD_LIBRARY_PATH=/home/x/planning_with_ROS2_course/install/base_msgs/lib:/home/x/planning_with_ROS2_course/install/planning/lib:/home/x/planning_with_ROS2_course/install/planning/lib:/home/x/planning_with_ROS2_course/install/planning/lib:/opt/ros/humble/opt/rviz_ogre_vendor/lib:/opt/ros/humble/lib/x86_64-linux-gnu:/opt/ros/humble/lib /usr/bin/cmake --build /home/x/planning_with_ROS2_course/build/planning -- -j8 -l8
