[0.418s] Invoking command in '/home/x/planning_with_ROS2_course/build/planning': CMAKE_PREFIX_PATH=/home/x/planning_with_ROS2_course/install/base_msgs:/home/x/planning_with_ROS2_course/install/planning:/home/x/planning_with_ROS2_course/install/data_plot:/opt/ros/humble LD_LIBRARY_PATH=/home/x/planning_with_ROS2_course/install/base_msgs/lib:/home/x/planning_with_ROS2_course/install/planning/lib:/home/x/planning_with_ROS2_course/install/planning/lib:/home/x/planning_with_ROS2_course/install/planning/lib:/opt/ros/humble/opt/rviz_ogre_vendor/lib:/opt/ros/humble/lib/x86_64-linux-gnu:/opt/ros/humble/lib /usr/bin/cmake --build /home/x/planning_with_ROS2_course/build/planning -- -j8 -l8
[0.523s] [ 10%] Built target config_reader
[0.523s] [  5%] Built target osqp_test
[0.523s] [ 18%] Built target mathlibs
[0.577s] [ 32%] Built target global_planner
[0.577s] [ 32%] Built target pnc_map_creator
[0.599s] [ 40%] Built target reference_line
[0.617s] [35m[1mConsolidate compiler generated dependencies of target vehicle_info[0m
[0.656s] [ 45%] Built target pnc_map_server
[0.661s] [ 48%] [32mBuilding CXX object src/vehicle_info/CMakeFiles/vehicle_info.dir/obs_car/obs_car_info.cpp.o[0m
[0.671s] [ 54%] Built target global_path_server
[7.108s] [ 56%] [32m[1mLinking CXX shared library libvehicle_info.so[0m
[7.379s] [ 59%] Built target vehicle_info
[7.429s] [ 62%] [32mBuilding CXX object src/decision_center/CMakeFiles/decision_center.dir/decision_center.cpp.o[0m
[7.432s] [ 67%] [32mBuilding CXX object src/move_cmd/CMakeFiles/car_move_cmd.dir/car_move_cmd.cpp.o[0m
[7.433s] [ 67%] [32mBuilding CXX object src/move_cmd/CMakeFiles/obs_move_cmd.dir/obs_move_cmd.cpp.o[0m
[15.076s] [ 70%] [32m[1mLinking CXX shared library libdecision_center.so[0m
[15.336s] [ 72%] [32m[1mLinking CXX executable obs_move_cmd[0m
[15.413s] [ 75%] [32m[1mLinking CXX executable car_move_cmd[0m
[15.527s] [ 75%] Built target decision_center
[15.610s] [ 78%] [32mBuilding CXX object src/local_planner/CMakeFiles/local_planner.dir/local_path/local_path_planner.cpp.o[0m
[15.616s] [ 81%] [32mBuilding CXX object src/local_planner/CMakeFiles/local_planner.dir/local_speeds/local_speeds_planner.cpp.o[0m
[15.882s] [ 81%] Built target obs_move_cmd
[15.963s] [ 81%] Built target car_move_cmd
[23.483s] [ 83%] [32m[1mLinking CXX shared library liblocal_planner.so[0m
[23.726s] [ 91%] Built target local_planner
[23.773s] [ 94%] [32mBuilding CXX object src/planning_process/CMakeFiles/planning_process.dir/planning_process_main.cpp.o[0m
[23.776s] [ 97%] [32mBuilding CXX object src/planning_process/CMakeFiles/planning_process.dir/planning_process.cpp.o[0m
[47.251s] [100%] [32m[1mLinking CXX executable planning_process[0m
[48.433s] [100%] Built target planning_process
[48.454s] Invoked command in '/home/x/planning_with_ROS2_course/build/planning' returned '0': CMAKE_PREFIX_PATH=/home/x/planning_with_ROS2_course/install/base_msgs:/home/x/planning_with_ROS2_course/install/planning:/home/x/planning_with_ROS2_course/install/data_plot:/opt/ros/humble LD_LIBRARY_PATH=/home/x/planning_with_ROS2_course/install/base_msgs/lib:/home/x/planning_with_ROS2_course/install/planning/lib:/home/x/planning_with_ROS2_course/install/planning/lib:/home/x/planning_with_ROS2_course/install/planning/lib:/opt/ros/humble/opt/rviz_ogre_vendor/lib:/opt/ros/humble/lib/x86_64-linux-gnu:/opt/ros/humble/lib /usr/bin/cmake --build /home/x/planning_with_ROS2_course/build/planning -- -j8 -l8
[48.455s] Invoking command in '/home/x/planning_with_ROS2_course/build/planning': CMAKE_PREFIX_PATH=/home/x/planning_with_ROS2_course/install/base_msgs:/home/x/planning_with_ROS2_course/install/planning:/home/x/planning_with_ROS2_course/install/data_plot:/opt/ros/humble LD_LIBRARY_PATH=/home/x/planning_with_ROS2_course/install/base_msgs/lib:/home/x/planning_with_ROS2_course/install/planning/lib:/home/x/planning_with_ROS2_course/install/planning/lib:/home/x/planning_with_ROS2_course/install/planning/lib:/opt/ros/humble/opt/rviz_ogre_vendor/lib:/opt/ros/humble/lib/x86_64-linux-gnu:/opt/ros/humble/lib /usr/bin/cmake --install /home/x/planning_with_ROS2_course/build/planning
[48.463s] -- Install configuration: ""
[48.464s] -- Up-to-date: /home/x/planning_with_ROS2_course/install/planning/lib/libconfig_reader.so
[48.465s] -- Up-to-date: /home/x/planning_with_ROS2_course/install/planning/lib/libmathlibs.so
[48.466s] -- Installing: /home/x/planning_with_ROS2_course/install/planning/lib/libdecision_center.so
[48.467s] -- Set runtime path of "/home/x/planning_with_ROS2_course/install/planning/lib/libdecision_center.so" to ""
[48.467s] -- Up-to-date: /home/x/planning_with_ROS2_course/install/planning/lib/libpnc_map_creator.so
[48.468s] -- Up-to-date: /home/x/planning_with_ROS2_course/install/planning/lib/planning/pnc_map_server
[48.468s] -- Up-to-date: /home/x/planning_with_ROS2_course/install/planning/lib/libglobal_planner.so
[48.469s] -- Up-to-date: /home/x/planning_with_ROS2_course/install/planning/lib/planning/global_path_server
[48.470s] -- Installing: /home/x/planning_with_ROS2_course/install/planning/lib/liblocal_planner.so
[48.472s] -- Set runtime path of "/home/x/planning_with_ROS2_course/install/planning/lib/liblocal_planner.so" to ""
[48.473s] -- Up-to-date: /home/x/planning_with_ROS2_course/install/planning/lib/libreference_line.so
[48.474s] -- Up-to-date: /home/x/planning_with_ROS2_course/install/planning/lib/planning/osqp_test
[48.474s] -- Installing: /home/x/planning_with_ROS2_course/install/planning/lib/libvehicle_info.so
[48.476s] -- Set runtime path of "/home/x/planning_with_ROS2_course/install/planning/lib/libvehicle_info.so" to ""
[48.476s] -- Installing: /home/x/planning_with_ROS2_course/install/planning/lib/planning/planning_process
[48.485s] -- Set runtime path of "/home/x/planning_with_ROS2_course/install/planning/lib/planning/planning_process" to ""
[48.486s] -- Installing: /home/x/planning_with_ROS2_course/install/planning/lib/planning/car_move_cmd
[48.486s] -- Set runtime path of "/home/x/planning_with_ROS2_course/install/planning/lib/planning/car_move_cmd" to ""
[48.486s] -- Installing: /home/x/planning_with_ROS2_course/install/planning/lib/planning/obs_move_cmd
[48.487s] -- Set runtime path of "/home/x/planning_with_ROS2_course/install/planning/lib/planning/obs_move_cmd" to ""
[48.487s] -- Up-to-date: /home/x/planning_with_ROS2_course/install/planning/share/planning/config
[48.487s] -- Up-to-date: /home/x/planning_with_ROS2_course/install/planning/share/planning/config/planning_static_obs_config.yaml
[48.487s] -- Up-to-date: /home/x/planning_with_ROS2_course/install/planning/share/planning/launch
[48.487s] -- Up-to-date: /home/x/planning_with_ROS2_course/install/planning/share/planning/launch/planning_launch.py
[48.487s] -- Up-to-date: /home/x/planning_with_ROS2_course/install/planning/share/planning/urdf
[48.488s] -- Up-to-date: /home/x/planning_with_ROS2_course/install/planning/share/planning/urdf/obs_car
[48.488s] -- Up-to-date: /home/x/planning_with_ROS2_course/install/planning/share/planning/urdf/obs_car/obs_car.xacro
[48.488s] -- Up-to-date: /home/x/planning_with_ROS2_course/install/planning/share/planning/urdf/main_car
[48.489s] -- Up-to-date: /home/x/planning_with_ROS2_course/install/planning/share/planning/urdf/main_car/car.xacro
[48.489s] -- Up-to-date: /home/x/planning_with_ROS2_course/install/planning/share/planning/urdf/main_car/car_radar.xacro
[48.489s] -- Up-to-date: /home/x/planning_with_ROS2_course/install/planning/share/planning/urdf/main_car/car_wheels.xacro
[48.489s] -- Up-to-date: /home/x/planning_with_ROS2_course/install/planning/share/planning/urdf/main_car/car_camera.xacro
[48.489s] -- Up-to-date: /home/x/planning_with_ROS2_course/install/planning/share/planning/urdf/main_car/car_base.xacro
[48.489s] -- Up-to-date: /home/x/planning_with_ROS2_course/install/planning/share/planning/rviz
[48.489s] -- Up-to-date: /home/x/planning_with_ROS2_course/install/planning/share/planning/rviz/planning.rviz
[48.489s] -- Up-to-date: /home/x/planning_with_ROS2_course/install/planning/share/ament_index/resource_index/package_run_dependencies/planning
[48.489s] -- Up-to-date: /home/x/planning_with_ROS2_course/install/planning/share/ament_index/resource_index/parent_prefix_path/planning
[48.489s] -- Up-to-date: /home/x/planning_with_ROS2_course/install/planning/share/planning/environment/ament_prefix_path.sh
[48.489s] -- Up-to-date: /home/x/planning_with_ROS2_course/install/planning/share/planning/environment/ament_prefix_path.dsv
[48.489s] -- Up-to-date: /home/x/planning_with_ROS2_course/install/planning/share/planning/environment/path.sh
[48.490s] -- Up-to-date: /home/x/planning_with_ROS2_course/install/planning/share/planning/environment/path.dsv
[48.490s] -- Up-to-date: /home/x/planning_with_ROS2_course/install/planning/share/planning/local_setup.bash
[48.490s] -- Up-to-date: /home/x/planning_with_ROS2_course/install/planning/share/planning/local_setup.sh
[48.490s] -- Up-to-date: /home/x/planning_with_ROS2_course/install/planning/share/planning/local_setup.zsh
[48.490s] -- Up-to-date: /home/x/planning_with_ROS2_course/install/planning/share/planning/local_setup.dsv
[48.491s] -- Installing: /home/x/planning_with_ROS2_course/install/planning/share/planning/package.dsv
[48.491s] -- Up-to-date: /home/x/planning_with_ROS2_course/install/planning/share/ament_index/resource_index/packages/planning
[48.491s] -- Up-to-date: /home/x/planning_with_ROS2_course/install/planning/share/planning/cmake/planningConfig.cmake
[48.492s] -- Up-to-date: /home/x/planning_with_ROS2_course/install/planning/share/planning/cmake/planningConfig-version.cmake
[48.492s] -- Up-to-date: /home/x/planning_with_ROS2_course/install/planning/share/planning/package.xml
[48.494s] Invoked command in '/home/x/planning_with_ROS2_course/build/planning' returned '0': CMAKE_PREFIX_PATH=/home/x/planning_with_ROS2_course/install/base_msgs:/home/x/planning_with_ROS2_course/install/planning:/home/x/planning_with_ROS2_course/install/data_plot:/opt/ros/humble LD_LIBRARY_PATH=/home/x/planning_with_ROS2_course/install/base_msgs/lib:/home/x/planning_with_ROS2_course/install/planning/lib:/home/x/planning_with_ROS2_course/install/planning/lib:/home/x/planning_with_ROS2_course/install/planning/lib:/opt/ros/humble/opt/rviz_ogre_vendor/lib:/opt/ros/humble/lib/x86_64-linux-gnu:/opt/ros/humble/lib /usr/bin/cmake --install /home/x/planning_with_ROS2_course/build/planning
