[0.202s] DEBUG:colcon:Command line arguments: ['/usr/bin/colcon', 'build']
[0.202s] DEBUG:colcon:Parsed command line arguments: Namespace(log_base=None, log_level=None, verb_name='build', build_base='build', install_base='install', merge_install=False, symlink_install=False, test_result_base=None, continue_on_error=False, executor='parallel', parallel_workers=8, event_handlers=None, ignore_user_meta=False, metas=['./colcon.meta'], base_paths=['.'], packages_ignore=None, packages_ignore_regex=None, paths=None, packages_up_to=None, packages_up_to_regex=None, packages_above=None, packages_above_and_dependencies=None, packages_above_depth=None, packages_select_by_dep=None, packages_skip_by_dep=None, packages_skip_up_to=None, packages_select_build_failed=False, packages_skip_build_finished=False, packages_select_test_failures=False, packages_skip_test_passed=False, packages_select=None, packages_skip=None, packages_select_regex=None, packages_skip_regex=None, packages_start=None, packages_end=None, allow_overriding=[], cmake_args=None, cmake_target=None, cmake_target_skip_unavailable=False, cmake_clean_cache=False, cmake_clean_first=False, cmake_force_configure=False, ament_cmake_args=None, catkin_cmake_args=None, catkin_skip_building_tests=False, verb_parser=<colcon_defaults.argument_parser.defaults.DefaultArgumentsDecorator object at 0x7123e7f23b80>, verb_extension=<colcon_core.verb.build.BuildVerb object at 0x7123e8048400>, main=<bound method BuildVerb.main of <colcon_core.verb.build.BuildVerb object at 0x7123e8048400>>)
[0.407s] Level 1:colcon.colcon_core.package_discovery:discover_packages(colcon_meta) check parameters
[0.408s] Level 1:colcon.colcon_core.package_discovery:discover_packages(recursive) check parameters
[0.408s] Level 1:colcon.colcon_core.package_discovery:discover_packages(ignore) check parameters
[0.408s] Level 1:colcon.colcon_core.package_discovery:discover_packages(path) check parameters
[0.408s] Level 1:colcon.colcon_core.package_discovery:discover_packages(colcon_meta) discover
[0.409s] Level 1:colcon.colcon_core.package_discovery:discover_packages(recursive) discover
[0.409s] INFO:colcon.colcon_core.package_discovery:Crawling recursively for packages in '/home/x/planning_with_ROS2_course'
[0.409s] Level 1:colcon.colcon_core.package_identification:_identify(.) by extensions ['ignore', 'ignore_ament_install']
[0.410s] Level 1:colcon.colcon_core.package_identification:_identify(.) by extension 'ignore'
[0.410s] Level 1:colcon.colcon_core.package_identification:_identify(.) by extension 'ignore_ament_install'
[0.410s] Level 1:colcon.colcon_core.package_identification:_identify(.) by extensions ['colcon_pkg']
[0.410s] Level 1:colcon.colcon_core.package_identification:_identify(.) by extension 'colcon_pkg'
[0.410s] Level 1:colcon.colcon_core.package_identification:_identify(.) by extensions ['colcon_meta']
[0.410s] Level 1:colcon.colcon_core.package_identification:_identify(.) by extension 'colcon_meta'
[0.410s] Level 1:colcon.colcon_core.package_identification:_identify(.) by extensions ['ros']
[0.410s] Level 1:colcon.colcon_core.package_identification:_identify(.) by extension 'ros'
[0.428s] Level 1:colcon.colcon_core.package_identification:_identify(.) by extensions ['cmake', 'python']
[0.429s] Level 1:colcon.colcon_core.package_identification:_identify(.) by extension 'cmake'
[0.429s] Level 1:colcon.colcon_core.package_identification:_identify(.) by extension 'python'
[0.429s] Level 1:colcon.colcon_core.package_identification:_identify(.) by extensions ['python_setup_py']
[0.429s] Level 1:colcon.colcon_core.package_identification:_identify(.) by extension 'python_setup_py'
[0.429s] Level 1:colcon.colcon_core.package_identification:_identify(build) by extensions ['ignore', 'ignore_ament_install']
[0.429s] Level 1:colcon.colcon_core.package_identification:_identify(build) by extension 'ignore'
[0.430s] Level 1:colcon.colcon_core.package_identification:_identify(build) ignored
[0.430s] Level 1:colcon.colcon_core.package_identification:_identify(install) by extensions ['ignore', 'ignore_ament_install']
[0.430s] Level 1:colcon.colcon_core.package_identification:_identify(install) by extension 'ignore'
[0.430s] Level 1:colcon.colcon_core.package_identification:_identify(install) ignored
[0.430s] Level 1:colcon.colcon_core.package_identification:_identify(log) by extensions ['ignore', 'ignore_ament_install']
[0.430s] Level 1:colcon.colcon_core.package_identification:_identify(log) by extension 'ignore'
[0.431s] Level 1:colcon.colcon_core.package_identification:_identify(log) ignored
[0.431s] Level 1:colcon.colcon_core.package_identification:_identify(src) by extensions ['ignore', 'ignore_ament_install']
[0.431s] Level 1:colcon.colcon_core.package_identification:_identify(src) by extension 'ignore'
[0.431s] Level 1:colcon.colcon_core.package_identification:_identify(src) by extension 'ignore_ament_install'
[0.431s] Level 1:colcon.colcon_core.package_identification:_identify(src) by extensions ['colcon_pkg']
[0.431s] Level 1:colcon.colcon_core.package_identification:_identify(src) by extension 'colcon_pkg'
[0.431s] Level 1:colcon.colcon_core.package_identification:_identify(src) by extensions ['colcon_meta']
[0.431s] Level 1:colcon.colcon_core.package_identification:_identify(src) by extension 'colcon_meta'
[0.431s] Level 1:colcon.colcon_core.package_identification:_identify(src) by extensions ['ros']
[0.431s] Level 1:colcon.colcon_core.package_identification:_identify(src) by extension 'ros'
[0.431s] Level 1:colcon.colcon_core.package_identification:_identify(src) by extensions ['cmake', 'python']
[0.432s] Level 1:colcon.colcon_core.package_identification:_identify(src) by extension 'cmake'
[0.432s] Level 1:colcon.colcon_core.package_identification:_identify(src) by extension 'python'
[0.432s] Level 1:colcon.colcon_core.package_identification:_identify(src) by extensions ['python_setup_py']
[0.432s] Level 1:colcon.colcon_core.package_identification:_identify(src) by extension 'python_setup_py'
[0.432s] Level 1:colcon.colcon_core.package_identification:_identify(src/base_msgs) by extensions ['ignore', 'ignore_ament_install']
[0.432s] Level 1:colcon.colcon_core.package_identification:_identify(src/base_msgs) by extension 'ignore'
[0.432s] Level 1:colcon.colcon_core.package_identification:_identify(src/base_msgs) by extension 'ignore_ament_install'
[0.432s] Level 1:colcon.colcon_core.package_identification:_identify(src/base_msgs) by extensions ['colcon_pkg']
[0.432s] Level 1:colcon.colcon_core.package_identification:_identify(src/base_msgs) by extension 'colcon_pkg'
[0.432s] Level 1:colcon.colcon_core.package_identification:_identify(src/base_msgs) by extensions ['colcon_meta']
[0.432s] Level 1:colcon.colcon_core.package_identification:_identify(src/base_msgs) by extension 'colcon_meta'
[0.432s] Level 1:colcon.colcon_core.package_identification:_identify(src/base_msgs) by extensions ['ros']
[0.432s] Level 1:colcon.colcon_core.package_identification:_identify(src/base_msgs) by extension 'ros'
[0.436s] DEBUG:colcon.colcon_core.package_identification:Package 'src/base_msgs' with type 'ros.ament_cmake' and name 'base_msgs'
[0.436s] Level 1:colcon.colcon_core.package_identification:_identify(src/data_plot) by extensions ['ignore', 'ignore_ament_install']
[0.436s] Level 1:colcon.colcon_core.package_identification:_identify(src/data_plot) by extension 'ignore'
[0.436s] Level 1:colcon.colcon_core.package_identification:_identify(src/data_plot) by extension 'ignore_ament_install'
[0.436s] Level 1:colcon.colcon_core.package_identification:_identify(src/data_plot) by extensions ['colcon_pkg']
[0.436s] Level 1:colcon.colcon_core.package_identification:_identify(src/data_plot) by extension 'colcon_pkg'
[0.436s] Level 1:colcon.colcon_core.package_identification:_identify(src/data_plot) by extensions ['colcon_meta']
[0.436s] Level 1:colcon.colcon_core.package_identification:_identify(src/data_plot) by extension 'colcon_meta'
[0.437s] Level 1:colcon.colcon_core.package_identification:_identify(src/data_plot) by extensions ['ros']
[0.437s] Level 1:colcon.colcon_core.package_identification:_identify(src/data_plot) by extension 'ros'
[0.439s] DEBUG:colcon.colcon_core.package_identification:Package 'src/data_plot' with type 'ros.ament_python' and name 'data_plot'
[0.440s] Level 1:colcon.colcon_core.package_identification:_identify(src/planning) by extensions ['ignore', 'ignore_ament_install']
[0.440s] Level 1:colcon.colcon_core.package_identification:_identify(src/planning) by extension 'ignore'
[0.440s] Level 1:colcon.colcon_core.package_identification:_identify(src/planning) by extension 'ignore_ament_install'
[0.440s] Level 1:colcon.colcon_core.package_identification:_identify(src/planning) by extensions ['colcon_pkg']
[0.440s] Level 1:colcon.colcon_core.package_identification:_identify(src/planning) by extension 'colcon_pkg'
[0.440s] Level 1:colcon.colcon_core.package_identification:_identify(src/planning) by extensions ['colcon_meta']
[0.441s] Level 1:colcon.colcon_core.package_identification:_identify(src/planning) by extension 'colcon_meta'
[0.441s] Level 1:colcon.colcon_core.package_identification:_identify(src/planning) by extensions ['ros']
[0.441s] Level 1:colcon.colcon_core.package_identification:_identify(src/planning) by extension 'ros'
[0.443s] DEBUG:colcon.colcon_core.package_identification:Package 'src/planning' with type 'ros.ament_cmake' and name 'planning'
[0.443s] Level 1:colcon.colcon_core.package_discovery:discover_packages(recursive) using defaults
[0.443s] Level 1:colcon.colcon_core.package_discovery:discover_packages(ignore) discover
[0.443s] Level 1:colcon.colcon_core.package_discovery:discover_packages(ignore) using defaults
[0.444s] Level 1:colcon.colcon_core.package_discovery:discover_packages(path) discover
[0.444s] Level 1:colcon.colcon_core.package_discovery:discover_packages(path) using defaults
[0.475s] Level 1:colcon.colcon_core.package_discovery:discover_packages(prefix_path) check parameters
[0.475s] Level 1:colcon.colcon_core.package_discovery:discover_packages(prefix_path) discover
[0.479s] DEBUG:colcon.colcon_installed_package_information.package_discovery:Found 3 installed packages in /home/x/planning_with_ROS2_course/install
[0.480s] DEBUG:colcon.colcon_installed_package_information.package_discovery:Found 275 installed packages in /opt/ros/humble
[0.495s] Level 1:colcon.colcon_core.package_discovery:discover_packages(prefix_path) using defaults
[0.547s] Level 5:colcon.colcon_core.verb:set package 'base_msgs' build argument 'cmake_args' from command line to 'None'
[0.547s] Level 5:colcon.colcon_core.verb:set package 'base_msgs' build argument 'cmake_target' from command line to 'None'
[0.547s] Level 5:colcon.colcon_core.verb:set package 'base_msgs' build argument 'cmake_target_skip_unavailable' from command line to 'False'
[0.547s] Level 5:colcon.colcon_core.verb:set package 'base_msgs' build argument 'cmake_clean_cache' from command line to 'False'
[0.547s] Level 5:colcon.colcon_core.verb:set package 'base_msgs' build argument 'cmake_clean_first' from command line to 'False'
[0.547s] Level 5:colcon.colcon_core.verb:set package 'base_msgs' build argument 'cmake_force_configure' from command line to 'False'
[0.547s] Level 5:colcon.colcon_core.verb:set package 'base_msgs' build argument 'ament_cmake_args' from command line to 'None'
[0.547s] Level 5:colcon.colcon_core.verb:set package 'base_msgs' build argument 'catkin_cmake_args' from command line to 'None'
[0.547s] Level 5:colcon.colcon_core.verb:set package 'base_msgs' build argument 'catkin_skip_building_tests' from command line to 'False'
[0.547s] DEBUG:colcon.colcon_core.verb:Building package 'base_msgs' with the following arguments: {'ament_cmake_args': None, 'build_base': '/home/x/planning_with_ROS2_course/build/base_msgs', 'catkin_cmake_args': None, 'catkin_skip_building_tests': False, 'cmake_args': None, 'cmake_clean_cache': False, 'cmake_clean_first': False, 'cmake_force_configure': False, 'cmake_target': None, 'cmake_target_skip_unavailable': False, 'install_base': '/home/x/planning_with_ROS2_course/install/base_msgs', 'merge_install': False, 'path': '/home/x/planning_with_ROS2_course/src/base_msgs', 'symlink_install': False, 'test_result_base': None}
[0.548s] Level 5:colcon.colcon_core.verb:set package 'data_plot' build argument 'cmake_args' from command line to 'None'
[0.548s] Level 5:colcon.colcon_core.verb:set package 'data_plot' build argument 'cmake_target' from command line to 'None'
[0.548s] Level 5:colcon.colcon_core.verb:set package 'data_plot' build argument 'cmake_target_skip_unavailable' from command line to 'False'
[0.548s] Level 5:colcon.colcon_core.verb:set package 'data_plot' build argument 'cmake_clean_cache' from command line to 'False'
[0.548s] Level 5:colcon.colcon_core.verb:set package 'data_plot' build argument 'cmake_clean_first' from command line to 'False'
[0.548s] Level 5:colcon.colcon_core.verb:set package 'data_plot' build argument 'cmake_force_configure' from command line to 'False'
[0.548s] Level 5:colcon.colcon_core.verb:set package 'data_plot' build argument 'ament_cmake_args' from command line to 'None'
[0.548s] Level 5:colcon.colcon_core.verb:set package 'data_plot' build argument 'catkin_cmake_args' from command line to 'None'
[0.548s] Level 5:colcon.colcon_core.verb:set package 'data_plot' build argument 'catkin_skip_building_tests' from command line to 'False'
[0.548s] DEBUG:colcon.colcon_core.verb:Building package 'data_plot' with the following arguments: {'ament_cmake_args': None, 'build_base': '/home/x/planning_with_ROS2_course/build/data_plot', 'catkin_cmake_args': None, 'catkin_skip_building_tests': False, 'cmake_args': None, 'cmake_clean_cache': False, 'cmake_clean_first': False, 'cmake_force_configure': False, 'cmake_target': None, 'cmake_target_skip_unavailable': False, 'install_base': '/home/x/planning_with_ROS2_course/install/data_plot', 'merge_install': False, 'path': '/home/x/planning_with_ROS2_course/src/data_plot', 'symlink_install': False, 'test_result_base': None}
[0.549s] Level 5:colcon.colcon_core.verb:set package 'planning' build argument 'cmake_args' from command line to 'None'
[0.549s] Level 5:colcon.colcon_core.verb:set package 'planning' build argument 'cmake_target' from command line to 'None'
[0.549s] Level 5:colcon.colcon_core.verb:set package 'planning' build argument 'cmake_target_skip_unavailable' from command line to 'False'
[0.549s] Level 5:colcon.colcon_core.verb:set package 'planning' build argument 'cmake_clean_cache' from command line to 'False'
[0.549s] Level 5:colcon.colcon_core.verb:set package 'planning' build argument 'cmake_clean_first' from command line to 'False'
[0.549s] Level 5:colcon.colcon_core.verb:set package 'planning' build argument 'cmake_force_configure' from command line to 'False'
[0.549s] Level 5:colcon.colcon_core.verb:set package 'planning' build argument 'ament_cmake_args' from command line to 'None'
[0.549s] Level 5:colcon.colcon_core.verb:set package 'planning' build argument 'catkin_cmake_args' from command line to 'None'
[0.549s] Level 5:colcon.colcon_core.verb:set package 'planning' build argument 'catkin_skip_building_tests' from command line to 'False'
[0.549s] DEBUG:colcon.colcon_core.verb:Building package 'planning' with the following arguments: {'ament_cmake_args': None, 'build_base': '/home/x/planning_with_ROS2_course/build/planning', 'catkin_cmake_args': None, 'catkin_skip_building_tests': False, 'cmake_args': None, 'cmake_clean_cache': False, 'cmake_clean_first': False, 'cmake_force_configure': False, 'cmake_target': None, 'cmake_target_skip_unavailable': False, 'install_base': '/home/x/planning_with_ROS2_course/install/planning', 'merge_install': False, 'path': '/home/x/planning_with_ROS2_course/src/planning', 'symlink_install': False, 'test_result_base': None}
[0.549s] INFO:colcon.colcon_core.executor:Executing jobs using 'parallel' executor
[0.551s] DEBUG:colcon.colcon_parallel_executor.executor.parallel:run_until_complete
[0.551s] INFO:colcon.colcon_ros.task.ament_cmake.build:Building ROS package in '/home/x/planning_with_ROS2_course/src/base_msgs' with build type 'ament_cmake'
[0.551s] INFO:colcon.colcon_cmake.task.cmake.build:Building CMake package in '/home/x/planning_with_ROS2_course/src/base_msgs'
[0.556s] INFO:colcon.colcon_core.plugin_system:Skipping extension 'colcon_core.shell.bat': Not used on non-Windows systems
[0.557s] INFO:colcon.colcon_core.shell:Skip shell extension 'powershell' for command environment: Not usable outside of PowerShell
[0.557s] DEBUG:colcon.colcon_core.shell:Skip shell extension 'dsv' for command environment
[0.576s] DEBUG:colcon.colcon_core.event_handler.log_command:Invoking command in '/home/x/planning_with_ROS2_course/build/base_msgs': CMAKE_PREFIX_PATH=${CMAKE_PREFIX_PATH}:/home/x/planning_with_ROS2_course/install/data_plot:/opt/ros/humble /usr/bin/cmake --build /home/x/planning_with_ROS2_course/build/base_msgs -- -j8 -l8
[1.362s] DEBUG:colcon.colcon_core.event_handler.log_command:Invoked command in '/home/x/planning_with_ROS2_course/build/base_msgs' returned '0': CMAKE_PREFIX_PATH=${CMAKE_PREFIX_PATH}:/home/x/planning_with_ROS2_course/install/data_plot:/opt/ros/humble /usr/bin/cmake --build /home/x/planning_with_ROS2_course/build/base_msgs -- -j8 -l8
[1.374s] DEBUG:colcon.colcon_core.event_handler.log_command:Invoking command in '/home/x/planning_with_ROS2_course/build/base_msgs': CMAKE_PREFIX_PATH=${CMAKE_PREFIX_PATH}:/home/x/planning_with_ROS2_course/install/data_plot:/opt/ros/humble /usr/bin/cmake --install /home/x/planning_with_ROS2_course/build/base_msgs
[1.518s] Level 1:colcon.colcon_core.environment:create_environment_scripts_only(base_msgs)
[1.518s] DEBUG:colcon.colcon_core.event_handler.log_command:Invoked command in '/home/x/planning_with_ROS2_course/build/base_msgs' returned '0': CMAKE_PREFIX_PATH=${CMAKE_PREFIX_PATH}:/home/x/planning_with_ROS2_course/install/data_plot:/opt/ros/humble /usr/bin/cmake --install /home/x/planning_with_ROS2_course/build/base_msgs
[1.521s] Level 1:colcon.colcon_core.environment:checking '/home/x/planning_with_ROS2_course/install/base_msgs' for CMake module files
[1.525s] Level 1:colcon.colcon_core.environment:checking '/home/x/planning_with_ROS2_course/install/base_msgs' for CMake config files
[1.525s] Level 1:colcon.colcon_core.shell:create_environment_hook('base_msgs', 'cmake_prefix_path')
[1.526s] INFO:colcon.colcon_core.shell:Creating environment hook '/home/x/planning_with_ROS2_course/install/base_msgs/share/base_msgs/hook/cmake_prefix_path.ps1'
[1.527s] INFO:colcon.colcon_core.shell:Creating environment descriptor '/home/x/planning_with_ROS2_course/install/base_msgs/share/base_msgs/hook/cmake_prefix_path.dsv'
[1.528s] INFO:colcon.colcon_core.shell:Creating environment hook '/home/x/planning_with_ROS2_course/install/base_msgs/share/base_msgs/hook/cmake_prefix_path.sh'
[1.529s] Level 1:colcon.colcon_core.environment:checking '/home/x/planning_with_ROS2_course/install/base_msgs/lib'
[1.529s] Level 1:colcon.colcon_core.shell:create_environment_hook('base_msgs', 'ld_library_path_lib')
[1.529s] INFO:colcon.colcon_core.shell:Creating environment hook '/home/x/planning_with_ROS2_course/install/base_msgs/share/base_msgs/hook/ld_library_path_lib.ps1'
[1.530s] INFO:colcon.colcon_core.shell:Creating environment descriptor '/home/x/planning_with_ROS2_course/install/base_msgs/share/base_msgs/hook/ld_library_path_lib.dsv'
[1.531s] INFO:colcon.colcon_core.shell:Creating environment hook '/home/x/planning_with_ROS2_course/install/base_msgs/share/base_msgs/hook/ld_library_path_lib.sh'
[1.531s] Level 1:colcon.colcon_core.environment:checking '/home/x/planning_with_ROS2_course/install/base_msgs/bin'
[1.531s] Level 1:colcon.colcon_core.environment:checking '/home/x/planning_with_ROS2_course/install/base_msgs/lib/pkgconfig/base_msgs.pc'
[1.532s] Level 1:colcon.colcon_core.environment:checking '/home/x/planning_with_ROS2_course/install/base_msgs/lib/python3.10/site-packages'
[1.532s] Level 1:colcon.colcon_core.environment:checking '/home/x/planning_with_ROS2_course/install/base_msgs/bin'
[1.535s] INFO:colcon.colcon_core.shell:Creating package script '/home/x/planning_with_ROS2_course/install/base_msgs/share/base_msgs/package.ps1'
[1.536s] INFO:colcon.colcon_core.shell:Creating package descriptor '/home/x/planning_with_ROS2_course/install/base_msgs/share/base_msgs/package.dsv'
[1.539s] INFO:colcon.colcon_core.shell:Creating package script '/home/x/planning_with_ROS2_course/install/base_msgs/share/base_msgs/package.sh'
[1.540s] INFO:colcon.colcon_core.shell:Creating package script '/home/x/planning_with_ROS2_course/install/base_msgs/share/base_msgs/package.bash'
[1.541s] INFO:colcon.colcon_core.shell:Creating package script '/home/x/planning_with_ROS2_course/install/base_msgs/share/base_msgs/package.zsh'
[1.543s] Level 1:colcon.colcon_core.environment:create_file_with_runtime_dependencies(/home/x/planning_with_ROS2_course/install/base_msgs/share/colcon-core/packages/base_msgs)
[1.545s] Level 1:colcon.colcon_core.environment:create_environment_scripts_only(base_msgs)
[1.545s] Level 1:colcon.colcon_core.environment:checking '/home/x/planning_with_ROS2_course/install/base_msgs' for CMake module files
[1.546s] Level 1:colcon.colcon_core.environment:checking '/home/x/planning_with_ROS2_course/install/base_msgs' for CMake config files
[1.548s] Level 1:colcon.colcon_core.shell:create_environment_hook('base_msgs', 'cmake_prefix_path')
[1.548s] INFO:colcon.colcon_core.shell:Creating environment hook '/home/x/planning_with_ROS2_course/install/base_msgs/share/base_msgs/hook/cmake_prefix_path.ps1'
[1.549s] INFO:colcon.colcon_core.shell:Creating environment descriptor '/home/x/planning_with_ROS2_course/install/base_msgs/share/base_msgs/hook/cmake_prefix_path.dsv'
[1.551s] INFO:colcon.colcon_core.shell:Creating environment hook '/home/x/planning_with_ROS2_course/install/base_msgs/share/base_msgs/hook/cmake_prefix_path.sh'
[1.552s] Level 1:colcon.colcon_core.environment:checking '/home/x/planning_with_ROS2_course/install/base_msgs/lib'
[1.552s] Level 1:colcon.colcon_core.shell:create_environment_hook('base_msgs', 'ld_library_path_lib')
[1.553s] INFO:colcon.colcon_core.shell:Creating environment hook '/home/x/planning_with_ROS2_course/install/base_msgs/share/base_msgs/hook/ld_library_path_lib.ps1'
[1.554s] INFO:colcon.colcon_core.shell:Creating environment descriptor '/home/x/planning_with_ROS2_course/install/base_msgs/share/base_msgs/hook/ld_library_path_lib.dsv'
[1.554s] INFO:colcon.colcon_core.shell:Creating environment hook '/home/x/planning_with_ROS2_course/install/base_msgs/share/base_msgs/hook/ld_library_path_lib.sh'
[1.555s] Level 1:colcon.colcon_core.environment:checking '/home/x/planning_with_ROS2_course/install/base_msgs/bin'
[1.555s] Level 1:colcon.colcon_core.environment:checking '/home/x/planning_with_ROS2_course/install/base_msgs/lib/pkgconfig/base_msgs.pc'
[1.556s] Level 1:colcon.colcon_core.environment:checking '/home/x/planning_with_ROS2_course/install/base_msgs/lib/python3.10/site-packages'
[1.557s] Level 1:colcon.colcon_core.environment:checking '/home/x/planning_with_ROS2_course/install/base_msgs/bin'
[1.557s] INFO:colcon.colcon_core.shell:Creating package script '/home/x/planning_with_ROS2_course/install/base_msgs/share/base_msgs/package.ps1'
[1.558s] INFO:colcon.colcon_core.shell:Creating package descriptor '/home/x/planning_with_ROS2_course/install/base_msgs/share/base_msgs/package.dsv'
[1.560s] INFO:colcon.colcon_core.shell:Creating package script '/home/x/planning_with_ROS2_course/install/base_msgs/share/base_msgs/package.sh'
[1.561s] INFO:colcon.colcon_core.shell:Creating package script '/home/x/planning_with_ROS2_course/install/base_msgs/share/base_msgs/package.bash'
[1.561s] INFO:colcon.colcon_core.shell:Creating package script '/home/x/planning_with_ROS2_course/install/base_msgs/share/base_msgs/package.zsh'
[1.564s] Level 1:colcon.colcon_core.environment:create_file_with_runtime_dependencies(/home/x/planning_with_ROS2_course/install/base_msgs/share/colcon-core/packages/base_msgs)
[1.567s] INFO:colcon.colcon_ros.task.ament_python.build:Building ROS package in '/home/x/planning_with_ROS2_course/src/data_plot' with build type 'ament_python'
[1.567s] Level 1:colcon.colcon_core.shell:create_environment_hook('data_plot', 'ament_prefix_path')
[1.570s] INFO:colcon.colcon_core.shell:Creating environment hook '/home/x/planning_with_ROS2_course/install/data_plot/share/data_plot/hook/ament_prefix_path.ps1'
[1.572s] INFO:colcon.colcon_core.shell:Creating environment descriptor '/home/x/planning_with_ROS2_course/install/data_plot/share/data_plot/hook/ament_prefix_path.dsv'
[1.573s] INFO:colcon.colcon_core.shell:Creating environment hook '/home/x/planning_with_ROS2_course/install/data_plot/share/data_plot/hook/ament_prefix_path.sh'
[1.580s] INFO:colcon.colcon_core.shell:Skip shell extension 'powershell' for command environment: Not usable outside of PowerShell
[1.580s] DEBUG:colcon.colcon_core.shell:Skip shell extension 'dsv' for command environment
[1.590s] INFO:colcon.colcon_ros.task.ament_cmake.build:Building ROS package in '/home/x/planning_with_ROS2_course/src/planning' with build type 'ament_cmake'
[1.590s] INFO:colcon.colcon_cmake.task.cmake.build:Building CMake package in '/home/x/planning_with_ROS2_course/src/planning'
[1.590s] INFO:colcon.colcon_core.shell:Skip shell extension 'powershell' for command environment: Not usable outside of PowerShell
[1.591s] DEBUG:colcon.colcon_core.shell:Skip shell extension 'dsv' for command environment
[2.074s] INFO:colcon.colcon_core.task.python.build:Building Python package in '/home/x/planning_with_ROS2_course/src/data_plot'
[2.075s] INFO:colcon.colcon_core.shell:Skip shell extension 'powershell' for command environment: Not usable outside of PowerShell
[2.075s] DEBUG:colcon.colcon_core.shell:Skip shell extension 'dsv' for command environment
[2.091s] DEBUG:colcon.colcon_core.event_handler.log_command:Invoking command in '/home/x/planning_with_ROS2_course/build/planning': CMAKE_PREFIX_PATH=/home/x/planning_with_ROS2_course/install/base_msgs:/home/x/planning_with_ROS2_course/install/planning:/home/x/planning_with_ROS2_course/install/data_plot:/opt/ros/humble LD_LIBRARY_PATH=/home/x/planning_with_ROS2_course/install/base_msgs/lib:/home/x/planning_with_ROS2_course/install/planning/lib:/home/x/planning_with_ROS2_course/install/planning/lib:/home/x/planning_with_ROS2_course/install/planning/lib:/opt/ros/humble/opt/rviz_ogre_vendor/lib:/opt/ros/humble/lib/x86_64-linux-gnu:/opt/ros/humble/lib /usr/bin/cmake --build /home/x/planning_with_ROS2_course/build/planning -- -j8 -l8
[2.596s] DEBUG:colcon.colcon_core.event_handler.log_command:Invoked command in '/home/x/planning_with_ROS2_course/build/planning' returned '0': CMAKE_PREFIX_PATH=/home/x/planning_with_ROS2_course/install/base_msgs:/home/x/planning_with_ROS2_course/install/planning:/home/x/planning_with_ROS2_course/install/data_plot:/opt/ros/humble LD_LIBRARY_PATH=/home/x/planning_with_ROS2_course/install/base_msgs/lib:/home/x/planning_with_ROS2_course/install/planning/lib:/home/x/planning_with_ROS2_course/install/planning/lib:/home/x/planning_with_ROS2_course/install/planning/lib:/opt/ros/humble/opt/rviz_ogre_vendor/lib:/opt/ros/humble/lib/x86_64-linux-gnu:/opt/ros/humble/lib /usr/bin/cmake --build /home/x/planning_with_ROS2_course/build/planning -- -j8 -l8
[2.597s] DEBUG:colcon.colcon_core.event_handler.log_command:Invoking command in '/home/x/planning_with_ROS2_course/build/planning': CMAKE_PREFIX_PATH=/home/x/planning_with_ROS2_course/install/base_msgs:/home/x/planning_with_ROS2_course/install/planning:/home/x/planning_with_ROS2_course/install/data_plot:/opt/ros/humble LD_LIBRARY_PATH=/home/x/planning_with_ROS2_course/install/base_msgs/lib:/home/x/planning_with_ROS2_course/install/planning/lib:/home/x/planning_with_ROS2_course/install/planning/lib:/home/x/planning_with_ROS2_course/install/planning/lib:/opt/ros/humble/opt/rviz_ogre_vendor/lib:/opt/ros/humble/lib/x86_64-linux-gnu:/opt/ros/humble/lib /usr/bin/cmake --install /home/x/planning_with_ROS2_course/build/planning
[2.634s] Level 1:colcon.colcon_core.environment:create_environment_scripts_only(planning)
[2.634s] Level 1:colcon.colcon_core.environment:checking '/home/x/planning_with_ROS2_course/install/planning' for CMake module files
[2.635s] Level 1:colcon.colcon_core.environment:checking '/home/x/planning_with_ROS2_course/install/planning' for CMake config files
[2.637s] DEBUG:colcon.colcon_core.event_handler.log_command:Invoked command in '/home/x/planning_with_ROS2_course/build/planning' returned '0': CMAKE_PREFIX_PATH=/home/x/planning_with_ROS2_course/install/base_msgs:/home/x/planning_with_ROS2_course/install/planning:/home/x/planning_with_ROS2_course/install/data_plot:/opt/ros/humble LD_LIBRARY_PATH=/home/x/planning_with_ROS2_course/install/base_msgs/lib:/home/x/planning_with_ROS2_course/install/planning/lib:/home/x/planning_with_ROS2_course/install/planning/lib:/home/x/planning_with_ROS2_course/install/planning/lib:/opt/ros/humble/opt/rviz_ogre_vendor/lib:/opt/ros/humble/lib/x86_64-linux-gnu:/opt/ros/humble/lib /usr/bin/cmake --install /home/x/planning_with_ROS2_course/build/planning
[2.637s] Level 1:colcon.colcon_core.shell:create_environment_hook('planning', 'cmake_prefix_path')
[2.638s] INFO:colcon.colcon_core.shell:Creating environment hook '/home/x/planning_with_ROS2_course/install/planning/share/planning/hook/cmake_prefix_path.ps1'
[2.640s] INFO:colcon.colcon_core.shell:Creating environment descriptor '/home/x/planning_with_ROS2_course/install/planning/share/planning/hook/cmake_prefix_path.dsv'
[2.641s] INFO:colcon.colcon_core.shell:Creating environment hook '/home/x/planning_with_ROS2_course/install/planning/share/planning/hook/cmake_prefix_path.sh'
[2.647s] Level 1:colcon.colcon_core.environment:checking '/home/x/planning_with_ROS2_course/install/planning/lib'
[2.647s] Level 1:colcon.colcon_core.shell:create_environment_hook('planning', 'ld_library_path_lib')
[2.651s] INFO:colcon.colcon_core.shell:Creating environment hook '/home/x/planning_with_ROS2_course/install/planning/share/planning/hook/ld_library_path_lib.ps1'
[2.652s] INFO:colcon.colcon_core.shell:Creating environment descriptor '/home/x/planning_with_ROS2_course/install/planning/share/planning/hook/ld_library_path_lib.dsv'
[2.655s] INFO:colcon.colcon_core.shell:Creating environment hook '/home/x/planning_with_ROS2_course/install/planning/share/planning/hook/ld_library_path_lib.sh'
[2.659s] Level 1:colcon.colcon_core.environment:checking '/home/x/planning_with_ROS2_course/install/planning/bin'
[2.659s] Level 1:colcon.colcon_core.environment:checking '/home/x/planning_with_ROS2_course/install/planning/lib/pkgconfig/planning.pc'
[2.661s] Level 1:colcon.colcon_core.environment:checking '/home/x/planning_with_ROS2_course/install/planning/lib/python3.10/site-packages'
[2.662s] Level 1:colcon.colcon_core.environment:checking '/home/x/planning_with_ROS2_course/install/planning/bin'
[2.662s] INFO:colcon.colcon_core.shell:Creating package script '/home/x/planning_with_ROS2_course/install/planning/share/planning/package.ps1'
[2.666s] INFO:colcon.colcon_core.shell:Creating package descriptor '/home/x/planning_with_ROS2_course/install/planning/share/planning/package.dsv'
[2.669s] INFO:colcon.colcon_core.shell:Creating package script '/home/x/planning_with_ROS2_course/install/planning/share/planning/package.sh'
[2.670s] INFO:colcon.colcon_core.shell:Creating package script '/home/x/planning_with_ROS2_course/install/planning/share/planning/package.bash'
[2.673s] INFO:colcon.colcon_core.shell:Creating package script '/home/x/planning_with_ROS2_course/install/planning/share/planning/package.zsh'
[2.677s] Level 1:colcon.colcon_core.environment:create_file_with_runtime_dependencies(/home/x/planning_with_ROS2_course/install/planning/share/colcon-core/packages/planning)
[2.681s] Level 1:colcon.colcon_core.environment:create_environment_scripts_only(planning)
[2.682s] Level 1:colcon.colcon_core.environment:checking '/home/x/planning_with_ROS2_course/install/planning' for CMake module files
[2.688s] Level 1:colcon.colcon_core.environment:checking '/home/x/planning_with_ROS2_course/install/planning' for CMake config files
[2.690s] Level 1:colcon.colcon_core.shell:create_environment_hook('planning', 'cmake_prefix_path')
[2.690s] INFO:colcon.colcon_core.shell:Creating environment hook '/home/x/planning_with_ROS2_course/install/planning/share/planning/hook/cmake_prefix_path.ps1'
[2.696s] INFO:colcon.colcon_core.shell:Creating environment descriptor '/home/x/planning_with_ROS2_course/install/planning/share/planning/hook/cmake_prefix_path.dsv'
[2.697s] INFO:colcon.colcon_core.shell:Creating environment hook '/home/x/planning_with_ROS2_course/install/planning/share/planning/hook/cmake_prefix_path.sh'
[2.701s] Level 1:colcon.colcon_core.environment:checking '/home/x/planning_with_ROS2_course/install/planning/lib'
[2.702s] Level 1:colcon.colcon_core.shell:create_environment_hook('planning', 'ld_library_path_lib')
[2.702s] INFO:colcon.colcon_core.shell:Creating environment hook '/home/x/planning_with_ROS2_course/install/planning/share/planning/hook/ld_library_path_lib.ps1'
[2.706s] INFO:colcon.colcon_core.shell:Creating environment descriptor '/home/x/planning_with_ROS2_course/install/planning/share/planning/hook/ld_library_path_lib.dsv'
[2.710s] INFO:colcon.colcon_core.shell:Creating environment hook '/home/x/planning_with_ROS2_course/install/planning/share/planning/hook/ld_library_path_lib.sh'
[2.712s] Level 1:colcon.colcon_core.environment:checking '/home/x/planning_with_ROS2_course/install/planning/bin'
[2.713s] Level 1:colcon.colcon_core.environment:checking '/home/x/planning_with_ROS2_course/install/planning/lib/pkgconfig/planning.pc'
[2.713s] Level 1:colcon.colcon_core.environment:checking '/home/x/planning_with_ROS2_course/install/planning/lib/python3.10/site-packages'
[2.715s] Level 1:colcon.colcon_core.environment:checking '/home/x/planning_with_ROS2_course/install/planning/bin'
[2.716s] INFO:colcon.colcon_core.shell:Creating package script '/home/x/planning_with_ROS2_course/install/planning/share/planning/package.ps1'
[2.719s] INFO:colcon.colcon_core.shell:Creating package descriptor '/home/x/planning_with_ROS2_course/install/planning/share/planning/package.dsv'
[2.721s] INFO:colcon.colcon_core.shell:Creating package script '/home/x/planning_with_ROS2_course/install/planning/share/planning/package.sh'
[2.722s] INFO:colcon.colcon_core.shell:Creating package script '/home/x/planning_with_ROS2_course/install/planning/share/planning/package.bash'
[2.724s] INFO:colcon.colcon_core.shell:Creating package script '/home/x/planning_with_ROS2_course/install/planning/share/planning/package.zsh'
[2.725s] Level 1:colcon.colcon_core.environment:create_file_with_runtime_dependencies(/home/x/planning_with_ROS2_course/install/planning/share/colcon-core/packages/planning)
[2.856s] DEBUG:colcon.colcon_core.event_handler.log_command:Invoking command in '/home/x/planning_with_ROS2_course/src/data_plot': CMAKE_PREFIX_PATH=/home/x/planning_with_ROS2_course/install/base_msgs:/home/x/planning_with_ROS2_course/install/planning LD_LIBRARY_PATH=/home/x/planning_with_ROS2_course/install/base_msgs/lib:/home/x/planning_with_ROS2_course/install/planning/lib:/home/x/planning_with_ROS2_course/install/planning/lib:/home/x/planning_with_ROS2_course/install/planning/lib:/opt/ros/humble/opt/rviz_ogre_vendor/lib:/opt/ros/humble/lib/x86_64-linux-gnu:/opt/ros/humble/lib PYTHONPATH=/home/x/planning_with_ROS2_course/build/data_plot/prefix_override:/usr/lib/python3/dist-packages/colcon_core/task/python/colcon_distutils_commands:/home/x/planning_with_ROS2_course/install/data_plot/lib/python3.10/site-packages:${PYTHONPATH} /usr/bin/python3 -W ignore:setup.py install is deprecated -W ignore:easy_install command is deprecated setup.py egg_info --egg-base ../../build/data_plot build --build-base /home/x/planning_with_ROS2_course/build/data_plot/build install --record /home/x/planning_with_ROS2_course/build/data_plot/install.log --single-version-externally-managed install_data
[3.347s] Level 1:colcon.colcon_core.environment:checking '/home/x/planning_with_ROS2_course/install/data_plot' for CMake module files
[3.349s] Level 1:colcon.colcon_core.environment:checking '/home/x/planning_with_ROS2_course/install/data_plot' for CMake config files
[3.349s] DEBUG:colcon.colcon_core.event_handler.log_command:Invoked command in '/home/x/planning_with_ROS2_course/src/data_plot' returned '0': CMAKE_PREFIX_PATH=/home/x/planning_with_ROS2_course/install/base_msgs:/home/x/planning_with_ROS2_course/install/planning LD_LIBRARY_PATH=/home/x/planning_with_ROS2_course/install/base_msgs/lib:/home/x/planning_with_ROS2_course/install/planning/lib:/home/x/planning_with_ROS2_course/install/planning/lib:/home/x/planning_with_ROS2_course/install/planning/lib:/opt/ros/humble/opt/rviz_ogre_vendor/lib:/opt/ros/humble/lib/x86_64-linux-gnu:/opt/ros/humble/lib PYTHONPATH=/home/x/planning_with_ROS2_course/build/data_plot/prefix_override:/usr/lib/python3/dist-packages/colcon_core/task/python/colcon_distutils_commands:/home/x/planning_with_ROS2_course/install/data_plot/lib/python3.10/site-packages:${PYTHONPATH} /usr/bin/python3 -W ignore:setup.py install is deprecated -W ignore:easy_install command is deprecated setup.py egg_info --egg-base ../../build/data_plot build --build-base /home/x/planning_with_ROS2_course/build/data_plot/build install --record /home/x/planning_with_ROS2_course/build/data_plot/install.log --single-version-externally-managed install_data
[3.350s] Level 1:colcon.colcon_core.environment:checking '/home/x/planning_with_ROS2_course/install/data_plot/lib'
[3.350s] Level 1:colcon.colcon_core.environment:checking '/home/x/planning_with_ROS2_course/install/data_plot/bin'
[3.351s] Level 1:colcon.colcon_core.environment:checking '/home/x/planning_with_ROS2_course/install/data_plot/lib/pkgconfig/data_plot.pc'
[3.351s] Level 1:colcon.colcon_core.environment:checking '/home/x/planning_with_ROS2_course/install/data_plot/lib/python3.10/site-packages'
[3.351s] Level 1:colcon.colcon_core.shell:create_environment_hook('data_plot', 'pythonpath')
[3.351s] INFO:colcon.colcon_core.shell:Creating environment hook '/home/x/planning_with_ROS2_course/install/data_plot/share/data_plot/hook/pythonpath.ps1'
[3.352s] INFO:colcon.colcon_core.shell:Creating environment descriptor '/home/x/planning_with_ROS2_course/install/data_plot/share/data_plot/hook/pythonpath.dsv'
[3.353s] INFO:colcon.colcon_core.shell:Creating environment hook '/home/x/planning_with_ROS2_course/install/data_plot/share/data_plot/hook/pythonpath.sh'
[3.354s] Level 1:colcon.colcon_core.environment:checking '/home/x/planning_with_ROS2_course/install/data_plot/bin'
[3.354s] Level 1:colcon.colcon_core.environment:create_environment_scripts_only(data_plot)
[3.355s] INFO:colcon.colcon_core.shell:Creating package script '/home/x/planning_with_ROS2_course/install/data_plot/share/data_plot/package.ps1'
[3.356s] INFO:colcon.colcon_core.shell:Creating package descriptor '/home/x/planning_with_ROS2_course/install/data_plot/share/data_plot/package.dsv'
[3.357s] INFO:colcon.colcon_core.shell:Creating package script '/home/x/planning_with_ROS2_course/install/data_plot/share/data_plot/package.sh'
[3.359s] INFO:colcon.colcon_core.shell:Creating package script '/home/x/planning_with_ROS2_course/install/data_plot/share/data_plot/package.bash'
[3.361s] INFO:colcon.colcon_core.shell:Creating package script '/home/x/planning_with_ROS2_course/install/data_plot/share/data_plot/package.zsh'
[3.361s] Level 1:colcon.colcon_core.environment:create_file_with_runtime_dependencies(/home/x/planning_with_ROS2_course/install/data_plot/share/colcon-core/packages/data_plot)
[3.362s] DEBUG:colcon.colcon_parallel_executor.executor.parallel:closing loop
[3.363s] DEBUG:colcon.colcon_parallel_executor.executor.parallel:loop closed
[3.363s] DEBUG:colcon.colcon_parallel_executor.executor.parallel:run_until_complete finished with '0'
[3.363s] DEBUG:colcon.colcon_core.event_reactor:joining thread
[3.373s] INFO:colcon.colcon_core.plugin_system:Skipping extension 'colcon_notification.desktop_notification.terminal_notifier': Not used on non-Darwin systems
[3.373s] INFO:colcon.colcon_core.plugin_system:Skipping extension 'colcon_notification.desktop_notification.win32': Not used on non-Windows systems
[3.373s] INFO:colcon.colcon_notification.desktop_notification:Sending desktop notification using 'notify2'
[3.405s] DEBUG:colcon.colcon_core.event_reactor:joined thread
[3.406s] INFO:colcon.colcon_core.shell:Creating prefix script '/home/x/planning_with_ROS2_course/install/local_setup.ps1'
[3.407s] INFO:colcon.colcon_core.shell:Creating prefix util module '/home/x/planning_with_ROS2_course/install/_local_setup_util_ps1.py'
[3.412s] INFO:colcon.colcon_core.shell:Creating prefix chain script '/home/x/planning_with_ROS2_course/install/setup.ps1'
[3.417s] INFO:colcon.colcon_core.shell:Creating prefix script '/home/x/planning_with_ROS2_course/install/local_setup.sh'
[3.418s] INFO:colcon.colcon_core.shell:Creating prefix util module '/home/x/planning_with_ROS2_course/install/_local_setup_util_sh.py'
[3.421s] INFO:colcon.colcon_core.shell:Creating prefix chain script '/home/x/planning_with_ROS2_course/install/setup.sh'
[3.424s] INFO:colcon.colcon_core.shell:Creating prefix script '/home/x/planning_with_ROS2_course/install/local_setup.bash'
[3.425s] INFO:colcon.colcon_core.shell:Creating prefix chain script '/home/x/planning_with_ROS2_course/install/setup.bash'
[3.427s] INFO:colcon.colcon_core.shell:Creating prefix script '/home/x/planning_with_ROS2_course/install/local_setup.zsh'
[3.429s] INFO:colcon.colcon_core.shell:Creating prefix chain script '/home/x/planning_with_ROS2_course/install/setup.zsh'
