[0.094s] Invoking command in '/home/x/planning_with_ROS2_course/build/base_msgs': CMAKE_PREFIX_PATH=${CMAKE_PREFIX_PATH}:/home/x/planning_with_ROS2_course/install/data_plot:/opt/ros/humble /usr/bin/cmake --build /home/x/planning_with_ROS2_course/build/base_msgs -- -j8 -l8
[0.242s] [  0%] Built target base_msgs__cpp
[0.417s] [  0%] Built target ament_cmake_python_copy_base_msgs
[0.570s] [ 12%] Built target base_msgs__rosidl_typesupport_introspection_cpp
[1.373s] running egg_info
[1.378s] writing base_msgs.egg-info/PKG-INFO
[1.379s] writing dependency_links to base_msgs.egg-info/dependency_links.txt
[1.379s] writing top-level names to base_msgs.egg-info/top_level.txt
[1.388s] reading manifest file 'base_msgs.egg-info/SOURCES.txt'
[1.394s] writing manifest file 'base_msgs.egg-info/SOURCES.txt'
[1.491s] [ 12%] Built target ament_cmake_python_build_base_msgs_egg
[1.619s] [ 24%] Built target base_msgs__rosidl_typesupport_fastrtps_cpp
[1.729s] [ 36%] Built target base_msgs__rosidl_typesupport_cpp
[1.826s] [ 48%] Built target base_msgs__rosidl_generator_c
[1.928s] [ 60%] Built target base_msgs__rosidl_typesupport_fastrtps_c
[2.026s] [ 72%] Built target base_msgs__rosidl_typesupport_c
[2.115s] [ 84%] Built target base_msgs__rosidl_typesupport_introspection_c
[2.191s] [ 84%] Built target base_msgs
[2.286s] [ 85%] Built target base_msgs__py
[2.374s] [ 96%] Built target base_msgs__rosidl_generator_py
[2.474s] [ 97%] Built target base_msgs__rosidl_typesupport_fastrtps_c__pyext
[2.555s] [ 98%] Built target base_msgs__rosidl_typesupport_c__pyext
[2.643s] [100%] Built target base_msgs__rosidl_typesupport_introspection_c__pyext
[2.700s] Invoked command in '/home/x/planning_with_ROS2_course/build/base_msgs' returned '0': CMAKE_PREFIX_PATH=${CMAKE_PREFIX_PATH}:/home/x/planning_with_ROS2_course/install/data_plot:/opt/ros/humble /usr/bin/cmake --build /home/x/planning_with_ROS2_course/build/base_msgs -- -j8 -l8
[2.736s] Invoking command in '/home/x/planning_with_ROS2_course/build/base_msgs': CMAKE_PREFIX_PATH=${CMAKE_PREFIX_PATH}:/home/x/planning_with_ROS2_course/install/data_plot:/opt/ros/humble /usr/bin/cmake --install /home/x/planning_with_ROS2_course/build/base_msgs
[2.745s] -- Install configuration: ""
[2.746s] -- Up-to-date: /home/x/planning_with_ROS2_course/install/base_msgs/share/ament_index/resource_index/rosidl_interfaces/base_msgs
[2.748s] -- Up-to-date: /home/x/planning_with_ROS2_course/install/base_msgs/include/base_msgs/base_msgs
[2.748s] -- Up-to-date: /home/x/planning_with_ROS2_course/install/base_msgs/include/base_msgs/base_msgs/msg
[2.748s] -- Up-to-date: /home/x/planning_with_ROS2_course/install/base_msgs/include/base_msgs/base_msgs/msg/referline.h
[2.748s] -- Up-to-date: /home/x/planning_with_ROS2_course/install/base_msgs/include/base_msgs/base_msgs/msg/pnc_map.h
[2.748s] -- Up-to-date: /home/x/planning_with_ROS2_course/install/base_msgs/include/base_msgs/base_msgs/msg/local_path.h
[2.748s] -- Up-to-date: /home/x/planning_with_ROS2_course/install/base_msgs/include/base_msgs/base_msgs/msg/referline_point.h
[2.749s] -- Up-to-date: /home/x/planning_with_ROS2_course/install/base_msgs/include/base_msgs/base_msgs/msg/local_speeds.h
[2.749s] -- Up-to-date: /home/x/planning_with_ROS2_course/install/base_msgs/include/base_msgs/base_msgs/msg/detail
[2.749s] -- Up-to-date: /home/x/planning_with_ROS2_course/install/base_msgs/include/base_msgs/base_msgs/msg/detail/referline_point__functions.c
[2.749s] -- Up-to-date: /home/x/planning_with_ROS2_course/install/base_msgs/include/base_msgs/base_msgs/msg/detail/local_speeds__struct.h
[2.749s] -- Up-to-date: /home/x/planning_with_ROS2_course/install/base_msgs/include/base_msgs/base_msgs/msg/detail/local_speeds__functions.h
[2.749s] -- Up-to-date: /home/x/planning_with_ROS2_course/install/base_msgs/include/base_msgs/base_msgs/msg/detail/local_path_point__functions.h
[2.749s] -- Up-to-date: /home/x/planning_with_ROS2_course/install/base_msgs/include/base_msgs/base_msgs/msg/detail/local_path__functions.c
[2.749s] -- Up-to-date: /home/x/planning_with_ROS2_course/install/base_msgs/include/base_msgs/base_msgs/msg/detail/local_speeds_point__functions.c
[2.749s] -- Up-to-date: /home/x/planning_with_ROS2_course/install/base_msgs/include/base_msgs/base_msgs/msg/detail/referline__functions.h
[2.749s] -- Up-to-date: /home/x/planning_with_ROS2_course/install/base_msgs/include/base_msgs/base_msgs/msg/detail/local_trajectory_point__functions.c
[2.749s] -- Up-to-date: /home/x/planning_with_ROS2_course/install/base_msgs/include/base_msgs/base_msgs/msg/detail/local_speeds__type_support.h
[2.749s] -- Up-to-date: /home/x/planning_with_ROS2_course/install/base_msgs/include/base_msgs/base_msgs/msg/detail/plot_info__functions.c
[2.749s] -- Up-to-date: /home/x/planning_with_ROS2_course/install/base_msgs/include/base_msgs/base_msgs/msg/detail/referline__struct.h
[2.749s] -- Up-to-date: /home/x/planning_with_ROS2_course/install/base_msgs/include/base_msgs/base_msgs/msg/detail/pnc_map__functions.h
[2.750s] -- Up-to-date: /home/x/planning_with_ROS2_course/install/base_msgs/include/base_msgs/base_msgs/msg/detail/local_trajectory_point__type_support.h
[2.750s] -- Up-to-date: /home/x/planning_with_ROS2_course/install/base_msgs/include/base_msgs/base_msgs/msg/detail/local_speeds_point__struct.h
[2.750s] -- Up-to-date: /home/x/planning_with_ROS2_course/install/base_msgs/include/base_msgs/base_msgs/msg/detail/pnc_map__functions.c
[2.753s] -- Up-to-date: /home/x/planning_with_ROS2_course/install/base_msgs/include/base_msgs/base_msgs/msg/detail/referline_point__struct.h
[2.753s] -- Up-to-date: /home/x/planning_with_ROS2_course/install/base_msgs/include/base_msgs/base_msgs/msg/detail/obs_info__struct.h
[2.754s] -- Up-to-date: /home/x/planning_with_ROS2_course/install/base_msgs/include/base_msgs/base_msgs/msg/detail/plot_info__functions.h
[2.754s] -- Up-to-date: /home/x/planning_with_ROS2_course/install/base_msgs/include/base_msgs/base_msgs/msg/detail/local_speeds_point__functions.h
[2.754s] -- Up-to-date: /home/x/planning_with_ROS2_course/install/base_msgs/include/base_msgs/base_msgs/msg/detail/local_speeds__functions.c
[2.754s] -- Up-to-date: /home/x/planning_with_ROS2_course/install/base_msgs/include/base_msgs/base_msgs/msg/detail/local_trajectory__struct.h
[2.754s] -- Up-to-date: /home/x/planning_with_ROS2_course/install/base_msgs/include/base_msgs/base_msgs/msg/detail/local_path__struct.h
[2.758s] -- Up-to-date: /home/x/planning_with_ROS2_course/install/base_msgs/include/base_msgs/base_msgs/msg/detail/local_trajectory__type_support.h
[2.758s] -- Up-to-date: /home/x/planning_with_ROS2_course/install/base_msgs/include/base_msgs/base_msgs/msg/detail/local_path__functions.h
[2.758s] -- Up-to-date: /home/x/planning_with_ROS2_course/install/base_msgs/include/base_msgs/base_msgs/msg/detail/local_path_point__type_support.h
[2.758s] -- Up-to-date: /home/x/planning_with_ROS2_course/install/base_msgs/include/base_msgs/base_msgs/msg/detail/plot_info__struct.h
[2.765s] -- Up-to-date: /home/x/planning_with_ROS2_course/install/base_msgs/include/base_msgs/base_msgs/msg/detail/local_path__type_support.h
[2.766s] -- Up-to-date: /home/x/planning_with_ROS2_course/install/base_msgs/include/base_msgs/base_msgs/msg/detail/local_trajectory_point__functions.h
[2.766s] -- Up-to-date: /home/x/planning_with_ROS2_course/install/base_msgs/include/base_msgs/base_msgs/msg/detail/obs_info__type_support.h
[2.781s] -- Up-to-date: /home/x/planning_with_ROS2_course/install/base_msgs/include/base_msgs/base_msgs/msg/detail/referline_point__type_support.h
[2.781s] -- Up-to-date: /home/x/planning_with_ROS2_course/install/base_msgs/include/base_msgs/base_msgs/msg/detail/local_trajectory__functions.c
[2.781s] -- Up-to-date: /home/x/planning_with_ROS2_course/install/base_msgs/include/base_msgs/base_msgs/msg/detail/local_path_point__functions.c
[2.781s] -- Up-to-date: /home/x/planning_with_ROS2_course/install/base_msgs/include/base_msgs/base_msgs/msg/detail/local_path_point__struct.h
[2.782s] -- Up-to-date: /home/x/planning_with_ROS2_course/install/base_msgs/include/base_msgs/base_msgs/msg/detail/plot_info__type_support.h
[2.782s] -- Up-to-date: /home/x/planning_with_ROS2_course/install/base_msgs/include/base_msgs/base_msgs/msg/detail/local_speeds_point__type_support.h
[2.782s] -- Up-to-date: /home/x/planning_with_ROS2_course/install/base_msgs/include/base_msgs/base_msgs/msg/detail/local_trajectory__functions.h
[2.782s] -- Up-to-date: /home/x/planning_with_ROS2_course/install/base_msgs/include/base_msgs/base_msgs/msg/detail/referline__type_support.h
[2.782s] -- Up-to-date: /home/x/planning_with_ROS2_course/install/base_msgs/include/base_msgs/base_msgs/msg/detail/local_trajectory_point__struct.h
[2.782s] -- Up-to-date: /home/x/planning_with_ROS2_course/install/base_msgs/include/base_msgs/base_msgs/msg/detail/referline__functions.c
[2.782s] -- Up-to-date: /home/x/planning_with_ROS2_course/install/base_msgs/include/base_msgs/base_msgs/msg/detail/referline_point__functions.h
[2.782s] -- Up-to-date: /home/x/planning_with_ROS2_course/install/base_msgs/include/base_msgs/base_msgs/msg/detail/pnc_map__type_support.h
[2.782s] -- Up-to-date: /home/x/planning_with_ROS2_course/install/base_msgs/include/base_msgs/base_msgs/msg/detail/obs_info__functions.c
[2.782s] -- Up-to-date: /home/x/planning_with_ROS2_course/install/base_msgs/include/base_msgs/base_msgs/msg/detail/obs_info__functions.h
[2.783s] -- Up-to-date: /home/x/planning_with_ROS2_course/install/base_msgs/include/base_msgs/base_msgs/msg/detail/pnc_map__struct.h
[2.783s] -- Up-to-date: /home/x/planning_with_ROS2_course/install/base_msgs/include/base_msgs/base_msgs/msg/obs_info.h
[2.783s] -- Up-to-date: /home/x/planning_with_ROS2_course/install/base_msgs/include/base_msgs/base_msgs/msg/local_trajectory.h
[2.783s] -- Up-to-date: /home/x/planning_with_ROS2_course/install/base_msgs/include/base_msgs/base_msgs/msg/plot_info.h
[2.783s] -- Up-to-date: /home/x/planning_with_ROS2_course/install/base_msgs/include/base_msgs/base_msgs/msg/local_trajectory_point.h
[2.783s] -- Up-to-date: /home/x/planning_with_ROS2_course/install/base_msgs/include/base_msgs/base_msgs/msg/local_path_point.h
[2.783s] -- Up-to-date: /home/x/planning_with_ROS2_course/install/base_msgs/include/base_msgs/base_msgs/msg/rosidl_generator_c__visibility_control.h
[2.783s] -- Up-to-date: /home/x/planning_with_ROS2_course/install/base_msgs/include/base_msgs/base_msgs/msg/local_speeds_point.h
[2.783s] -- Up-to-date: /home/x/planning_with_ROS2_course/install/base_msgs/include/base_msgs/base_msgs/srv
[2.785s] -- Up-to-date: /home/x/planning_with_ROS2_course/install/base_msgs/include/base_msgs/base_msgs/srv/detail
[2.785s] -- Up-to-date: /home/x/planning_with_ROS2_course/install/base_msgs/include/base_msgs/base_msgs/srv/detail/global_path_service__functions.c
[2.785s] -- Up-to-date: /home/x/planning_with_ROS2_course/install/base_msgs/include/base_msgs/base_msgs/srv/detail/pnc_map_service__struct.h
[2.785s] -- Up-to-date: /home/x/planning_with_ROS2_course/install/base_msgs/include/base_msgs/base_msgs/srv/detail/global_path_service__type_support.h
[2.785s] -- Up-to-date: /home/x/planning_with_ROS2_course/install/base_msgs/include/base_msgs/base_msgs/srv/detail/pnc_map_service__functions.c
[2.785s] -- Up-to-date: /home/x/planning_with_ROS2_course/install/base_msgs/include/base_msgs/base_msgs/srv/detail/global_path_service__functions.h
[2.786s] -- Up-to-date: /home/x/planning_with_ROS2_course/install/base_msgs/include/base_msgs/base_msgs/srv/detail/global_path_service__struct.h
[2.786s] -- Up-to-date: /home/x/planning_with_ROS2_course/install/base_msgs/include/base_msgs/base_msgs/srv/detail/pnc_map_service__type_support.h
[2.786s] -- Up-to-date: /home/x/planning_with_ROS2_course/install/base_msgs/include/base_msgs/base_msgs/srv/detail/pnc_map_service__functions.h
[2.786s] -- Up-to-date: /home/x/planning_with_ROS2_course/install/base_msgs/include/base_msgs/base_msgs/srv/global_path_service.h
[2.786s] -- Up-to-date: /home/x/planning_with_ROS2_course/install/base_msgs/include/base_msgs/base_msgs/srv/pnc_map_service.h
[2.786s] -- Up-to-date: /home/x/planning_with_ROS2_course/install/base_msgs/share/base_msgs/environment/library_path.sh
[2.786s] -- Up-to-date: /home/x/planning_with_ROS2_course/install/base_msgs/share/base_msgs/environment/library_path.dsv
[2.786s] -- Up-to-date: /home/x/planning_with_ROS2_course/install/base_msgs/lib/libbase_msgs__rosidl_generator_c.so
[2.786s] -- Up-to-date: /home/x/planning_with_ROS2_course/install/base_msgs/include/base_msgs/base_msgs
[2.786s] -- Up-to-date: /home/x/planning_with_ROS2_course/install/base_msgs/include/base_msgs/base_msgs/msg
[2.786s] -- Up-to-date: /home/x/planning_with_ROS2_course/install/base_msgs/include/base_msgs/base_msgs/msg/detail
[2.786s] -- Up-to-date: /home/x/planning_with_ROS2_course/install/base_msgs/include/base_msgs/base_msgs/msg/detail/local_trajectory__rosidl_typesupport_fastrtps_c.h
[2.786s] -- Up-to-date: /home/x/planning_with_ROS2_course/install/base_msgs/include/base_msgs/base_msgs/msg/detail/local_speeds__rosidl_typesupport_fastrtps_c.h
[2.786s] -- Up-to-date: /home/x/planning_with_ROS2_course/install/base_msgs/include/base_msgs/base_msgs/msg/detail/local_path_point__rosidl_typesupport_fastrtps_c.h
[2.787s] -- Up-to-date: /home/x/planning_with_ROS2_course/install/base_msgs/include/base_msgs/base_msgs/msg/detail/local_speeds_point__rosidl_typesupport_fastrtps_c.h
[2.787s] -- Up-to-date: /home/x/planning_with_ROS2_course/install/base_msgs/include/base_msgs/base_msgs/msg/detail/referline__rosidl_typesupport_fastrtps_c.h
[2.787s] -- Up-to-date: /home/x/planning_with_ROS2_course/install/base_msgs/include/base_msgs/base_msgs/msg/detail/obs_info__rosidl_typesupport_fastrtps_c.h
[2.787s] -- Up-to-date: /home/x/planning_with_ROS2_course/install/base_msgs/include/base_msgs/base_msgs/msg/detail/plot_info__rosidl_typesupport_fastrtps_c.h
[2.787s] -- Up-to-date: /home/x/planning_with_ROS2_course/install/base_msgs/include/base_msgs/base_msgs/msg/detail/referline_point__rosidl_typesupport_fastrtps_c.h
[2.787s] -- Up-to-date: /home/x/planning_with_ROS2_course/install/base_msgs/include/base_msgs/base_msgs/msg/detail/pnc_map__rosidl_typesupport_fastrtps_c.h
[2.787s] -- Up-to-date: /home/x/planning_with_ROS2_course/install/base_msgs/include/base_msgs/base_msgs/msg/detail/local_trajectory_point__rosidl_typesupport_fastrtps_c.h
[2.787s] -- Up-to-date: /home/x/planning_with_ROS2_course/install/base_msgs/include/base_msgs/base_msgs/msg/detail/local_path__rosidl_typesupport_fastrtps_c.h
[2.787s] -- Up-to-date: /home/x/planning_with_ROS2_course/install/base_msgs/include/base_msgs/base_msgs/msg/rosidl_typesupport_fastrtps_c__visibility_control.h
[2.787s] -- Up-to-date: /home/x/planning_with_ROS2_course/install/base_msgs/include/base_msgs/base_msgs/srv
[2.787s] -- Up-to-date: /home/x/planning_with_ROS2_course/install/base_msgs/include/base_msgs/base_msgs/srv/detail
[2.787s] -- Up-to-date: /home/x/planning_with_ROS2_course/install/base_msgs/include/base_msgs/base_msgs/srv/detail/pnc_map_service__rosidl_typesupport_fastrtps_c.h
[2.787s] -- Up-to-date: /home/x/planning_with_ROS2_course/install/base_msgs/include/base_msgs/base_msgs/srv/detail/global_path_service__rosidl_typesupport_fastrtps_c.h
[2.787s] -- Up-to-date: /home/x/planning_with_ROS2_course/install/base_msgs/lib/libbase_msgs__rosidl_typesupport_fastrtps_c.so
[2.791s] -- Up-to-date: /home/x/planning_with_ROS2_course/install/base_msgs/include/base_msgs/base_msgs
[2.792s] -- Up-to-date: /home/x/planning_with_ROS2_course/install/base_msgs/include/base_msgs/base_msgs/msg
[2.792s] -- Up-to-date: /home/x/planning_with_ROS2_course/install/base_msgs/include/base_msgs/base_msgs/msg/detail
[2.792s] -- Up-to-date: /home/x/planning_with_ROS2_course/install/base_msgs/include/base_msgs/base_msgs/msg/detail/plot_info__type_support.c
[2.792s] -- Up-to-date: /home/x/planning_with_ROS2_course/install/base_msgs/include/base_msgs/base_msgs/msg/detail/obs_info__type_support.c
[2.792s] -- Up-to-date: /home/x/planning_with_ROS2_course/install/base_msgs/include/base_msgs/base_msgs/msg/detail/local_path_point__rosidl_typesupport_introspection_c.h
[2.792s] -- Up-to-date: /home/x/planning_with_ROS2_course/install/base_msgs/include/base_msgs/base_msgs/msg/detail/local_trajectory__rosidl_typesupport_introspection_c.h
[2.795s] -- Up-to-date: /home/x/planning_with_ROS2_course/install/base_msgs/include/base_msgs/base_msgs/msg/detail/obs_info__rosidl_typesupport_introspection_c.h
[2.795s] -- Up-to-date: /home/x/planning_with_ROS2_course/install/base_msgs/include/base_msgs/base_msgs/msg/detail/referline_point__rosidl_typesupport_introspection_c.h
[2.795s] -- Up-to-date: /home/x/planning_with_ROS2_course/install/base_msgs/include/base_msgs/base_msgs/msg/detail/local_path_point__type_support.c
[2.796s] -- Up-to-date: /home/x/planning_with_ROS2_course/install/base_msgs/include/base_msgs/base_msgs/msg/detail/local_path__type_support.c
[2.796s] -- Up-to-date: /home/x/planning_with_ROS2_course/install/base_msgs/include/base_msgs/base_msgs/msg/detail/pnc_map__rosidl_typesupport_introspection_c.h
[2.796s] -- Up-to-date: /home/x/planning_with_ROS2_course/install/base_msgs/include/base_msgs/base_msgs/msg/detail/referline__type_support.c
[2.797s] -- Up-to-date: /home/x/planning_with_ROS2_course/install/base_msgs/include/base_msgs/base_msgs/msg/detail/local_trajectory__type_support.c
[2.797s] -- Up-to-date: /home/x/planning_with_ROS2_course/install/base_msgs/include/base_msgs/base_msgs/msg/detail/referline_point__type_support.c
[2.797s] -- Up-to-date: /home/x/planning_with_ROS2_course/install/base_msgs/include/base_msgs/base_msgs/msg/detail/plot_info__rosidl_typesupport_introspection_c.h
[2.797s] -- Up-to-date: /home/x/planning_with_ROS2_course/install/base_msgs/include/base_msgs/base_msgs/msg/detail/local_speeds_point__rosidl_typesupport_introspection_c.h
[2.797s] -- Up-to-date: /home/x/planning_with_ROS2_course/install/base_msgs/include/base_msgs/base_msgs/msg/detail/referline__rosidl_typesupport_introspection_c.h
[2.797s] -- Up-to-date: /home/x/planning_with_ROS2_course/install/base_msgs/include/base_msgs/base_msgs/msg/detail/local_speeds__rosidl_typesupport_introspection_c.h
[2.797s] -- Up-to-date: /home/x/planning_with_ROS2_course/install/base_msgs/include/base_msgs/base_msgs/msg/detail/local_path__rosidl_typesupport_introspection_c.h
[2.797s] -- Up-to-date: /home/x/planning_with_ROS2_course/install/base_msgs/include/base_msgs/base_msgs/msg/detail/local_speeds_point__type_support.c
[2.797s] -- Up-to-date: /home/x/planning_with_ROS2_course/install/base_msgs/include/base_msgs/base_msgs/msg/detail/pnc_map__type_support.c
[2.797s] -- Up-to-date: /home/x/planning_with_ROS2_course/install/base_msgs/include/base_msgs/base_msgs/msg/detail/local_trajectory_point__type_support.c
[2.797s] -- Up-to-date: /home/x/planning_with_ROS2_course/install/base_msgs/include/base_msgs/base_msgs/msg/detail/local_speeds__type_support.c
[2.798s] -- Up-to-date: /home/x/planning_with_ROS2_course/install/base_msgs/include/base_msgs/base_msgs/msg/detail/local_trajectory_point__rosidl_typesupport_introspection_c.h
[2.798s] -- Up-to-date: /home/x/planning_with_ROS2_course/install/base_msgs/include/base_msgs/base_msgs/msg/rosidl_typesupport_introspection_c__visibility_control.h
[2.798s] -- Up-to-date: /home/x/planning_with_ROS2_course/install/base_msgs/include/base_msgs/base_msgs/srv
[2.798s] -- Up-to-date: /home/x/planning_with_ROS2_course/install/base_msgs/include/base_msgs/base_msgs/srv/detail
[2.798s] -- Up-to-date: /home/x/planning_with_ROS2_course/install/base_msgs/include/base_msgs/base_msgs/srv/detail/global_path_service__type_support.c
[2.798s] -- Up-to-date: /home/x/planning_with_ROS2_course/install/base_msgs/include/base_msgs/base_msgs/srv/detail/pnc_map_service__type_support.c
[2.798s] -- Up-to-date: /home/x/planning_with_ROS2_course/install/base_msgs/include/base_msgs/base_msgs/srv/detail/pnc_map_service__rosidl_typesupport_introspection_c.h
[2.798s] -- Up-to-date: /home/x/planning_with_ROS2_course/install/base_msgs/include/base_msgs/base_msgs/srv/detail/global_path_service__rosidl_typesupport_introspection_c.h
[2.798s] -- Up-to-date: /home/x/planning_with_ROS2_course/install/base_msgs/lib/libbase_msgs__rosidl_typesupport_introspection_c.so
[2.798s] -- Up-to-date: /home/x/planning_with_ROS2_course/install/base_msgs/lib/libbase_msgs__rosidl_typesupport_c.so
[2.798s] -- Up-to-date: /home/x/planning_with_ROS2_course/install/base_msgs/include/base_msgs/base_msgs
[2.799s] -- Up-to-date: /home/x/planning_with_ROS2_course/install/base_msgs/include/base_msgs/base_msgs/msg
[2.799s] -- Up-to-date: /home/x/planning_with_ROS2_course/install/base_msgs/include/base_msgs/base_msgs/msg/rosidl_generator_cpp__visibility_control.hpp
[2.799s] -- Up-to-date: /home/x/planning_with_ROS2_course/install/base_msgs/include/base_msgs/base_msgs/msg/local_path.hpp
[2.799s] -- Up-to-date: /home/x/planning_with_ROS2_course/install/base_msgs/include/base_msgs/base_msgs/msg/detail
[2.799s] -- Up-to-date: /home/x/planning_with_ROS2_course/install/base_msgs/include/base_msgs/base_msgs/msg/detail/pnc_map__traits.hpp
[2.799s] -- Up-to-date: /home/x/planning_with_ROS2_course/install/base_msgs/include/base_msgs/base_msgs/msg/detail/referline__traits.hpp
[2.799s] -- Up-to-date: /home/x/planning_with_ROS2_course/install/base_msgs/include/base_msgs/base_msgs/msg/detail/local_trajectory__traits.hpp
[2.799s] -- Up-to-date: /home/x/planning_with_ROS2_course/install/base_msgs/include/base_msgs/base_msgs/msg/detail/referline__builder.hpp
[2.799s] -- Up-to-date: /home/x/planning_with_ROS2_course/install/base_msgs/include/base_msgs/base_msgs/msg/detail/local_path_point__traits.hpp
[2.799s] -- Up-to-date: /home/x/planning_with_ROS2_course/install/base_msgs/include/base_msgs/base_msgs/msg/detail/local_path__type_support.hpp
[2.799s] -- Up-to-date: /home/x/planning_with_ROS2_course/install/base_msgs/include/base_msgs/base_msgs/msg/detail/local_path_point__builder.hpp
[2.799s] -- Up-to-date: /home/x/planning_with_ROS2_course/install/base_msgs/include/base_msgs/base_msgs/msg/detail/referline__type_support.hpp
[2.800s] -- Up-to-date: /home/x/planning_with_ROS2_course/install/base_msgs/include/base_msgs/base_msgs/msg/detail/local_speeds_point__struct.hpp
[2.800s] -- Up-to-date: /home/x/planning_with_ROS2_course/install/base_msgs/include/base_msgs/base_msgs/msg/detail/referline_point__traits.hpp
[2.800s] -- Up-to-date: /home/x/planning_with_ROS2_course/install/base_msgs/include/base_msgs/base_msgs/msg/detail/obs_info__type_support.hpp
[2.802s] -- Up-to-date: /home/x/planning_with_ROS2_course/install/base_msgs/include/base_msgs/base_msgs/msg/detail/local_speeds__type_support.hpp
[2.802s] -- Up-to-date: /home/x/planning_with_ROS2_course/install/base_msgs/include/base_msgs/base_msgs/msg/detail/local_speeds__struct.hpp
[2.802s] -- Up-to-date: /home/x/planning_with_ROS2_course/install/base_msgs/include/base_msgs/base_msgs/msg/detail/plot_info__builder.hpp
[2.802s] -- Up-to-date: /home/x/planning_with_ROS2_course/install/base_msgs/include/base_msgs/base_msgs/msg/detail/local_speeds__builder.hpp
[2.802s] -- Up-to-date: /home/x/planning_with_ROS2_course/install/base_msgs/include/base_msgs/base_msgs/msg/detail/local_trajectory_point__builder.hpp
[2.805s] -- Up-to-date: /home/x/planning_with_ROS2_course/install/base_msgs/include/base_msgs/base_msgs/msg/detail/plot_info__traits.hpp
[2.806s] -- Up-to-date: /home/x/planning_with_ROS2_course/install/base_msgs/include/base_msgs/base_msgs/msg/detail/local_trajectory_point__traits.hpp
[2.806s] -- Up-to-date: /home/x/planning_with_ROS2_course/install/base_msgs/include/base_msgs/base_msgs/msg/detail/local_path_point__type_support.hpp
[2.806s] -- Up-to-date: /home/x/planning_with_ROS2_course/install/base_msgs/include/base_msgs/base_msgs/msg/detail/local_speeds_point__type_support.hpp
[2.806s] -- Up-to-date: /home/x/planning_with_ROS2_course/install/base_msgs/include/base_msgs/base_msgs/msg/detail/local_path__builder.hpp
[2.806s] -- Up-to-date: /home/x/planning_with_ROS2_course/install/base_msgs/include/base_msgs/base_msgs/msg/detail/local_trajectory_point__struct.hpp
[2.806s] -- Up-to-date: /home/x/planning_with_ROS2_course/install/base_msgs/include/base_msgs/base_msgs/msg/detail/local_speeds__traits.hpp
[2.806s] -- Up-to-date: /home/x/planning_with_ROS2_course/install/base_msgs/include/base_msgs/base_msgs/msg/detail/local_path__struct.hpp
[2.806s] -- Up-to-date: /home/x/planning_with_ROS2_course/install/base_msgs/include/base_msgs/base_msgs/msg/detail/obs_info__builder.hpp
[2.806s] -- Up-to-date: /home/x/planning_with_ROS2_course/install/base_msgs/include/base_msgs/base_msgs/msg/detail/local_speeds_point__traits.hpp
[2.806s] -- Up-to-date: /home/x/planning_with_ROS2_course/install/base_msgs/include/base_msgs/base_msgs/msg/detail/obs_info__traits.hpp
[2.807s] -- Up-to-date: /home/x/planning_with_ROS2_course/install/base_msgs/include/base_msgs/base_msgs/msg/detail/local_trajectory__builder.hpp
[2.807s] -- Up-to-date: /home/x/planning_with_ROS2_course/install/base_msgs/include/base_msgs/base_msgs/msg/detail/local_speeds_point__builder.hpp
[2.807s] -- Up-to-date: /home/x/planning_with_ROS2_course/install/base_msgs/include/base_msgs/base_msgs/msg/detail/local_path_point__struct.hpp
[2.807s] -- Up-to-date: /home/x/planning_with_ROS2_course/install/base_msgs/include/base_msgs/base_msgs/msg/detail/pnc_map__type_support.hpp
[2.807s] -- Up-to-date: /home/x/planning_with_ROS2_course/install/base_msgs/include/base_msgs/base_msgs/msg/detail/local_trajectory__type_support.hpp
[2.807s] -- Up-to-date: /home/x/planning_with_ROS2_course/install/base_msgs/include/base_msgs/base_msgs/msg/detail/referline_point__struct.hpp
[2.807s] -- Up-to-date: /home/x/planning_with_ROS2_course/install/base_msgs/include/base_msgs/base_msgs/msg/detail/referline__struct.hpp
[2.807s] -- Up-to-date: /home/x/planning_with_ROS2_course/install/base_msgs/include/base_msgs/base_msgs/msg/detail/pnc_map__struct.hpp
[2.807s] -- Up-to-date: /home/x/planning_with_ROS2_course/install/base_msgs/include/base_msgs/base_msgs/msg/detail/local_trajectory__struct.hpp
[2.807s] -- Up-to-date: /home/x/planning_with_ROS2_course/install/base_msgs/include/base_msgs/base_msgs/msg/detail/local_path__traits.hpp
[2.807s] -- Up-to-date: /home/x/planning_with_ROS2_course/install/base_msgs/include/base_msgs/base_msgs/msg/detail/plot_info__struct.hpp
[2.807s] -- Up-to-date: /home/x/planning_with_ROS2_course/install/base_msgs/include/base_msgs/base_msgs/msg/detail/referline_point__type_support.hpp
[2.807s] -- Up-to-date: /home/x/planning_with_ROS2_course/install/base_msgs/include/base_msgs/base_msgs/msg/detail/plot_info__type_support.hpp
[2.807s] -- Up-to-date: /home/x/planning_with_ROS2_course/install/base_msgs/include/base_msgs/base_msgs/msg/detail/obs_info__struct.hpp
[2.807s] -- Up-to-date: /home/x/planning_with_ROS2_course/install/base_msgs/include/base_msgs/base_msgs/msg/detail/pnc_map__builder.hpp
[2.808s] -- Up-to-date: /home/x/planning_with_ROS2_course/install/base_msgs/include/base_msgs/base_msgs/msg/detail/referline_point__builder.hpp
[2.808s] -- Up-to-date: /home/x/planning_with_ROS2_course/install/base_msgs/include/base_msgs/base_msgs/msg/detail/local_trajectory_point__type_support.hpp
[2.808s] -- Up-to-date: /home/x/planning_with_ROS2_course/install/base_msgs/include/base_msgs/base_msgs/msg/plot_info.hpp
[2.808s] -- Up-to-date: /home/x/planning_with_ROS2_course/install/base_msgs/include/base_msgs/base_msgs/msg/referline_point.hpp
[2.808s] -- Up-to-date: /home/x/planning_with_ROS2_course/install/base_msgs/include/base_msgs/base_msgs/msg/local_speeds.hpp
[2.808s] -- Up-to-date: /home/x/planning_with_ROS2_course/install/base_msgs/include/base_msgs/base_msgs/msg/pnc_map.hpp
[2.811s] -- Up-to-date: /home/x/planning_with_ROS2_course/install/base_msgs/include/base_msgs/base_msgs/msg/referline.hpp
[2.811s] -- Up-to-date: /home/x/planning_with_ROS2_course/install/base_msgs/include/base_msgs/base_msgs/msg/local_trajectory.hpp
[2.811s] -- Up-to-date: /home/x/planning_with_ROS2_course/install/base_msgs/include/base_msgs/base_msgs/msg/local_speeds_point.hpp
[2.811s] -- Up-to-date: /home/x/planning_with_ROS2_course/install/base_msgs/include/base_msgs/base_msgs/msg/local_path_point.hpp
[2.811s] -- Up-to-date: /home/x/planning_with_ROS2_course/install/base_msgs/include/base_msgs/base_msgs/msg/obs_info.hpp
[2.811s] -- Up-to-date: /home/x/planning_with_ROS2_course/install/base_msgs/include/base_msgs/base_msgs/msg/local_trajectory_point.hpp
[2.811s] -- Up-to-date: /home/x/planning_with_ROS2_course/install/base_msgs/include/base_msgs/base_msgs/srv
[2.811s] -- Up-to-date: /home/x/planning_with_ROS2_course/install/base_msgs/include/base_msgs/base_msgs/srv/global_path_service.hpp
[2.811s] -- Up-to-date: /home/x/planning_with_ROS2_course/install/base_msgs/include/base_msgs/base_msgs/srv/detail
[2.811s] -- Up-to-date: /home/x/planning_with_ROS2_course/install/base_msgs/include/base_msgs/base_msgs/srv/detail/pnc_map_service__type_support.hpp
[2.811s] -- Up-to-date: /home/x/planning_with_ROS2_course/install/base_msgs/include/base_msgs/base_msgs/srv/detail/global_path_service__type_support.hpp
[2.812s] -- Up-to-date: /home/x/planning_with_ROS2_course/install/base_msgs/include/base_msgs/base_msgs/srv/detail/global_path_service__builder.hpp
[2.812s] -- Up-to-date: /home/x/planning_with_ROS2_course/install/base_msgs/include/base_msgs/base_msgs/srv/detail/pnc_map_service__builder.hpp
[2.812s] -- Up-to-date: /home/x/planning_with_ROS2_course/install/base_msgs/include/base_msgs/base_msgs/srv/detail/global_path_service__traits.hpp
[2.812s] -- Up-to-date: /home/x/planning_with_ROS2_course/install/base_msgs/include/base_msgs/base_msgs/srv/detail/global_path_service__struct.hpp
[2.812s] -- Up-to-date: /home/x/planning_with_ROS2_course/install/base_msgs/include/base_msgs/base_msgs/srv/detail/pnc_map_service__traits.hpp
[2.812s] -- Up-to-date: /home/x/planning_with_ROS2_course/install/base_msgs/include/base_msgs/base_msgs/srv/detail/pnc_map_service__struct.hpp
[2.812s] -- Up-to-date: /home/x/planning_with_ROS2_course/install/base_msgs/include/base_msgs/base_msgs/srv/pnc_map_service.hpp
[2.812s] -- Up-to-date: /home/x/planning_with_ROS2_course/install/base_msgs/include/base_msgs/base_msgs
[2.812s] -- Up-to-date: /home/x/planning_with_ROS2_course/install/base_msgs/include/base_msgs/base_msgs/msg
[2.812s] -- Up-to-date: /home/x/planning_with_ROS2_course/install/base_msgs/include/base_msgs/base_msgs/msg/detail
[2.812s] -- Up-to-date: /home/x/planning_with_ROS2_course/install/base_msgs/include/base_msgs/base_msgs/msg/detail/referline__rosidl_typesupport_fastrtps_cpp.hpp
[2.812s] -- Up-to-date: /home/x/planning_with_ROS2_course/install/base_msgs/include/base_msgs/base_msgs/msg/detail/dds_fastrtps
[2.812s] -- Up-to-date: /home/x/planning_with_ROS2_course/install/base_msgs/include/base_msgs/base_msgs/msg/detail/plot_info__rosidl_typesupport_fastrtps_cpp.hpp
[2.813s] -- Up-to-date: /home/x/planning_with_ROS2_course/install/base_msgs/include/base_msgs/base_msgs/msg/detail/local_trajectory_point__rosidl_typesupport_fastrtps_cpp.hpp
[2.813s] -- Up-to-date: /home/x/planning_with_ROS2_course/install/base_msgs/include/base_msgs/base_msgs/msg/detail/referline_point__rosidl_typesupport_fastrtps_cpp.hpp
[2.813s] -- Up-to-date: /home/x/planning_with_ROS2_course/install/base_msgs/include/base_msgs/base_msgs/msg/detail/local_path__rosidl_typesupport_fastrtps_cpp.hpp
[2.813s] -- Up-to-date: /home/x/planning_with_ROS2_course/install/base_msgs/include/base_msgs/base_msgs/msg/detail/local_speeds__rosidl_typesupport_fastrtps_cpp.hpp
[2.813s] -- Up-to-date: /home/x/planning_with_ROS2_course/install/base_msgs/include/base_msgs/base_msgs/msg/detail/local_trajectory__rosidl_typesupport_fastrtps_cpp.hpp
[2.813s] -- Up-to-date: /home/x/planning_with_ROS2_course/install/base_msgs/include/base_msgs/base_msgs/msg/detail/local_speeds_point__rosidl_typesupport_fastrtps_cpp.hpp
[2.813s] -- Up-to-date: /home/x/planning_with_ROS2_course/install/base_msgs/include/base_msgs/base_msgs/msg/detail/pnc_map__rosidl_typesupport_fastrtps_cpp.hpp
[2.816s] -- Up-to-date: /home/x/planning_with_ROS2_course/install/base_msgs/include/base_msgs/base_msgs/msg/detail/local_path_point__rosidl_typesupport_fastrtps_cpp.hpp
[2.816s] -- Up-to-date: /home/x/planning_with_ROS2_course/install/base_msgs/include/base_msgs/base_msgs/msg/detail/obs_info__rosidl_typesupport_fastrtps_cpp.hpp
[2.816s] -- Up-to-date: /home/x/planning_with_ROS2_course/install/base_msgs/include/base_msgs/base_msgs/msg/rosidl_typesupport_fastrtps_cpp__visibility_control.h
[2.816s] -- Up-to-date: /home/x/planning_with_ROS2_course/install/base_msgs/include/base_msgs/base_msgs/srv
[2.816s] -- Up-to-date: /home/x/planning_with_ROS2_course/install/base_msgs/include/base_msgs/base_msgs/srv/detail
[2.816s] -- Up-to-date: /home/x/planning_with_ROS2_course/install/base_msgs/include/base_msgs/base_msgs/srv/detail/dds_fastrtps
[2.816s] -- Up-to-date: /home/x/planning_with_ROS2_course/install/base_msgs/include/base_msgs/base_msgs/srv/detail/pnc_map_service__rosidl_typesupport_fastrtps_cpp.hpp
[2.816s] -- Up-to-date: /home/x/planning_with_ROS2_course/install/base_msgs/include/base_msgs/base_msgs/srv/detail/global_path_service__rosidl_typesupport_fastrtps_cpp.hpp
[2.817s] -- Up-to-date: /home/x/planning_with_ROS2_course/install/base_msgs/lib/libbase_msgs__rosidl_typesupport_fastrtps_cpp.so
[2.817s] -- Up-to-date: /home/x/planning_with_ROS2_course/install/base_msgs/include/base_msgs/base_msgs
[2.817s] -- Up-to-date: /home/x/planning_with_ROS2_course/install/base_msgs/include/base_msgs/base_msgs/msg
[2.817s] -- Up-to-date: /home/x/planning_with_ROS2_course/install/base_msgs/include/base_msgs/base_msgs/msg/detail
[2.817s] -- Up-to-date: /home/x/planning_with_ROS2_course/install/base_msgs/include/base_msgs/base_msgs/msg/detail/local_path_point__type_support.cpp
[2.817s] -- Up-to-date: /home/x/planning_with_ROS2_course/install/base_msgs/include/base_msgs/base_msgs/msg/detail/referline__type_support.cpp
[2.817s] -- Up-to-date: /home/x/planning_with_ROS2_course/install/base_msgs/include/base_msgs/base_msgs/msg/detail/local_speeds__type_support.cpp
[2.817s] -- Up-to-date: /home/x/planning_with_ROS2_course/install/base_msgs/include/base_msgs/base_msgs/msg/detail/obs_info__type_support.cpp
[2.817s] -- Up-to-date: /home/x/planning_with_ROS2_course/install/base_msgs/include/base_msgs/base_msgs/msg/detail/local_path__rosidl_typesupport_introspection_cpp.hpp
[2.817s] -- Up-to-date: /home/x/planning_with_ROS2_course/install/base_msgs/include/base_msgs/base_msgs/msg/detail/local_trajectory__type_support.cpp
[2.817s] -- Up-to-date: /home/x/planning_with_ROS2_course/install/base_msgs/include/base_msgs/base_msgs/msg/detail/local_path_point__rosidl_typesupport_introspection_cpp.hpp
[2.817s] -- Up-to-date: /home/x/planning_with_ROS2_course/install/base_msgs/include/base_msgs/base_msgs/msg/detail/local_speeds_point__rosidl_typesupport_introspection_cpp.hpp
[2.817s] -- Up-to-date: /home/x/planning_with_ROS2_course/install/base_msgs/include/base_msgs/base_msgs/msg/detail/local_path__type_support.cpp
[2.817s] -- Up-to-date: /home/x/planning_with_ROS2_course/install/base_msgs/include/base_msgs/base_msgs/msg/detail/local_trajectory_point__type_support.cpp
[2.818s] -- Up-to-date: /home/x/planning_with_ROS2_course/install/base_msgs/include/base_msgs/base_msgs/msg/detail/plot_info__type_support.cpp
[2.818s] -- Up-to-date: /home/x/planning_with_ROS2_course/install/base_msgs/include/base_msgs/base_msgs/msg/detail/local_speeds__rosidl_typesupport_introspection_cpp.hpp
[2.818s] -- Up-to-date: /home/x/planning_with_ROS2_course/install/base_msgs/include/base_msgs/base_msgs/msg/detail/referline_point__type_support.cpp
[2.818s] -- Up-to-date: /home/x/planning_with_ROS2_course/install/base_msgs/include/base_msgs/base_msgs/msg/detail/local_speeds_point__type_support.cpp
[2.821s] -- Up-to-date: /home/x/planning_with_ROS2_course/install/base_msgs/include/base_msgs/base_msgs/msg/detail/pnc_map__rosidl_typesupport_introspection_cpp.hpp
[2.822s] -- Up-to-date: /home/x/planning_with_ROS2_course/install/base_msgs/include/base_msgs/base_msgs/msg/detail/obs_info__rosidl_typesupport_introspection_cpp.hpp
[2.822s] -- Up-to-date: /home/x/planning_with_ROS2_course/install/base_msgs/include/base_msgs/base_msgs/msg/detail/local_trajectory__rosidl_typesupport_introspection_cpp.hpp
[2.822s] -- Up-to-date: /home/x/planning_with_ROS2_course/install/base_msgs/include/base_msgs/base_msgs/msg/detail/local_trajectory_point__rosidl_typesupport_introspection_cpp.hpp
[2.822s] -- Up-to-date: /home/x/planning_with_ROS2_course/install/base_msgs/include/base_msgs/base_msgs/msg/detail/referline__rosidl_typesupport_introspection_cpp.hpp
[2.822s] -- Up-to-date: /home/x/planning_with_ROS2_course/install/base_msgs/include/base_msgs/base_msgs/msg/detail/plot_info__rosidl_typesupport_introspection_cpp.hpp
[2.822s] -- Up-to-date: /home/x/planning_with_ROS2_course/install/base_msgs/include/base_msgs/base_msgs/msg/detail/referline_point__rosidl_typesupport_introspection_cpp.hpp
[2.822s] -- Up-to-date: /home/x/planning_with_ROS2_course/install/base_msgs/include/base_msgs/base_msgs/msg/detail/pnc_map__type_support.cpp
[2.822s] -- Up-to-date: /home/x/planning_with_ROS2_course/install/base_msgs/include/base_msgs/base_msgs/srv
[2.822s] -- Up-to-date: /home/x/planning_with_ROS2_course/install/base_msgs/include/base_msgs/base_msgs/srv/detail
[2.822s] -- Up-to-date: /home/x/planning_with_ROS2_course/install/base_msgs/include/base_msgs/base_msgs/srv/detail/pnc_map_service__type_support.cpp
[2.822s] -- Up-to-date: /home/x/planning_with_ROS2_course/install/base_msgs/include/base_msgs/base_msgs/srv/detail/pnc_map_service__rosidl_typesupport_introspection_cpp.hpp
[2.822s] -- Up-to-date: /home/x/planning_with_ROS2_course/install/base_msgs/include/base_msgs/base_msgs/srv/detail/global_path_service__type_support.cpp
[2.823s] -- Up-to-date: /home/x/planning_with_ROS2_course/install/base_msgs/include/base_msgs/base_msgs/srv/detail/global_path_service__rosidl_typesupport_introspection_cpp.hpp
[2.823s] -- Up-to-date: /home/x/planning_with_ROS2_course/install/base_msgs/lib/libbase_msgs__rosidl_typesupport_introspection_cpp.so
[2.823s] -- Up-to-date: /home/x/planning_with_ROS2_course/install/base_msgs/lib/libbase_msgs__rosidl_typesupport_cpp.so
[2.823s] -- Up-to-date: /home/x/planning_with_ROS2_course/install/base_msgs/share/base_msgs/environment/pythonpath.sh
[2.823s] -- Up-to-date: /home/x/planning_with_ROS2_course/install/base_msgs/share/base_msgs/environment/pythonpath.dsv
[2.823s] -- Up-to-date: /home/x/planning_with_ROS2_course/install/base_msgs/local/lib/python3.10/dist-packages/base_msgs-0.0.0-py3.10.egg-info
[2.823s] -- Installing: /home/x/planning_with_ROS2_course/install/base_msgs/local/lib/python3.10/dist-packages/base_msgs-0.0.0-py3.10.egg-info/PKG-INFO
[2.823s] -- Installing: /home/x/planning_with_ROS2_course/install/base_msgs/local/lib/python3.10/dist-packages/base_msgs-0.0.0-py3.10.egg-info/top_level.txt
[2.823s] -- Installing: /home/x/planning_with_ROS2_course/install/base_msgs/local/lib/python3.10/dist-packages/base_msgs-0.0.0-py3.10.egg-info/dependency_links.txt
[2.823s] -- Installing: /home/x/planning_with_ROS2_course/install/base_msgs/local/lib/python3.10/dist-packages/base_msgs-0.0.0-py3.10.egg-info/SOURCES.txt
[2.823s] -- Up-to-date: /home/x/planning_with_ROS2_course/install/base_msgs/local/lib/python3.10/dist-packages/base_msgs
[2.823s] -- Up-to-date: /home/x/planning_with_ROS2_course/install/base_msgs/local/lib/python3.10/dist-packages/base_msgs/msg
[2.823s] -- Up-to-date: /home/x/planning_with_ROS2_course/install/base_msgs/local/lib/python3.10/dist-packages/base_msgs/msg/_referline_point.py
[2.823s] -- Up-to-date: /home/x/planning_with_ROS2_course/install/base_msgs/local/lib/python3.10/dist-packages/base_msgs/msg/_pnc_map.py
[2.824s] -- Up-to-date: /home/x/planning_with_ROS2_course/install/base_msgs/local/lib/python3.10/dist-packages/base_msgs/msg/_obs_info_s.c
[2.824s] -- Up-to-date: /home/x/planning_with_ROS2_course/install/base_msgs/local/lib/python3.10/dist-packages/base_msgs/msg/_local_speeds_point_s.c
[2.824s] -- Up-to-date: /home/x/planning_with_ROS2_course/install/base_msgs/local/lib/python3.10/dist-packages/base_msgs/msg/__init__.py
[2.824s] -- Up-to-date: /home/x/planning_with_ROS2_course/install/base_msgs/local/lib/python3.10/dist-packages/base_msgs/msg/_local_trajectory_s.c
[2.824s] -- Up-to-date: /home/x/planning_with_ROS2_course/install/base_msgs/local/lib/python3.10/dist-packages/base_msgs/msg/_local_speeds_s.c
[2.824s] -- Up-to-date: /home/x/planning_with_ROS2_course/install/base_msgs/local/lib/python3.10/dist-packages/base_msgs/msg/_local_trajectory_point.py
[2.824s] -- Up-to-date: /home/x/planning_with_ROS2_course/install/base_msgs/local/lib/python3.10/dist-packages/base_msgs/msg/_plot_info_s.c
[2.824s] -- Up-to-date: /home/x/planning_with_ROS2_course/install/base_msgs/local/lib/python3.10/dist-packages/base_msgs/msg/_local_path.py
[2.826s] -- Up-to-date: /home/x/planning_with_ROS2_course/install/base_msgs/local/lib/python3.10/dist-packages/base_msgs/msg/_plot_info.py
[2.826s] -- Up-to-date: /home/x/planning_with_ROS2_course/install/base_msgs/local/lib/python3.10/dist-packages/base_msgs/msg/_referline_s.c
[2.826s] -- Up-to-date: /home/x/planning_with_ROS2_course/install/base_msgs/local/lib/python3.10/dist-packages/base_msgs/msg/_referline.py
[2.827s] -- Up-to-date: /home/x/planning_with_ROS2_course/install/base_msgs/local/lib/python3.10/dist-packages/base_msgs/msg/_local_trajectory.py
[2.827s] -- Up-to-date: /home/x/planning_with_ROS2_course/install/base_msgs/local/lib/python3.10/dist-packages/base_msgs/msg/_referline_point_s.c
[2.827s] -- Up-to-date: /home/x/planning_with_ROS2_course/install/base_msgs/local/lib/python3.10/dist-packages/base_msgs/msg/_obs_info.py
[2.827s] -- Up-to-date: /home/x/planning_with_ROS2_course/install/base_msgs/local/lib/python3.10/dist-packages/base_msgs/msg/_pnc_map_s.c
[2.827s] -- Up-to-date: /home/x/planning_with_ROS2_course/install/base_msgs/local/lib/python3.10/dist-packages/base_msgs/msg/_local_path_point_s.c
[2.827s] -- Up-to-date: /home/x/planning_with_ROS2_course/install/base_msgs/local/lib/python3.10/dist-packages/base_msgs/msg/_local_path_s.c
[2.827s] -- Up-to-date: /home/x/planning_with_ROS2_course/install/base_msgs/local/lib/python3.10/dist-packages/base_msgs/msg/_local_speeds.py
[2.827s] -- Up-to-date: /home/x/planning_with_ROS2_course/install/base_msgs/local/lib/python3.10/dist-packages/base_msgs/msg/_local_speeds_point.py
[2.827s] -- Up-to-date: /home/x/planning_with_ROS2_course/install/base_msgs/local/lib/python3.10/dist-packages/base_msgs/msg/_local_trajectory_point_s.c
[2.827s] -- Up-to-date: /home/x/planning_with_ROS2_course/install/base_msgs/local/lib/python3.10/dist-packages/base_msgs/msg/_local_path_point.py
[2.827s] -- Up-to-date: /home/x/planning_with_ROS2_course/install/base_msgs/local/lib/python3.10/dist-packages/base_msgs/base_msgs_s__rosidl_typesupport_introspection_c.cpython-310-x86_64-linux-gnu.so
[2.827s] -- Up-to-date: /home/x/planning_with_ROS2_course/install/base_msgs/local/lib/python3.10/dist-packages/base_msgs/__init__.py
[2.827s] -- Up-to-date: /home/x/planning_with_ROS2_course/install/base_msgs/local/lib/python3.10/dist-packages/base_msgs/_base_msgs_s.ep.rosidl_typesupport_introspection_c.c
[2.827s] -- Up-to-date: /home/x/planning_with_ROS2_course/install/base_msgs/local/lib/python3.10/dist-packages/base_msgs/libbase_msgs__rosidl_generator_py.so
[2.828s] -- Up-to-date: /home/x/planning_with_ROS2_course/install/base_msgs/local/lib/python3.10/dist-packages/base_msgs/base_msgs_s__rosidl_typesupport_c.cpython-310-x86_64-linux-gnu.so
[2.828s] -- Up-to-date: /home/x/planning_with_ROS2_course/install/base_msgs/local/lib/python3.10/dist-packages/base_msgs/base_msgs_s__rosidl_typesupport_fastrtps_c.cpython-310-x86_64-linux-gnu.so
[2.828s] -- Up-to-date: /home/x/planning_with_ROS2_course/install/base_msgs/local/lib/python3.10/dist-packages/base_msgs/_base_msgs_s.ep.rosidl_typesupport_c.c
[2.828s] -- Up-to-date: /home/x/planning_with_ROS2_course/install/base_msgs/local/lib/python3.10/dist-packages/base_msgs/_base_msgs_s.ep.rosidl_typesupport_fastrtps_c.c
[2.828s] -- Up-to-date: /home/x/planning_with_ROS2_course/install/base_msgs/local/lib/python3.10/dist-packages/base_msgs/srv
[2.830s] -- Up-to-date: /home/x/planning_with_ROS2_course/install/base_msgs/local/lib/python3.10/dist-packages/base_msgs/srv/_global_path_service_s.c
[2.830s] -- Up-to-date: /home/x/planning_with_ROS2_course/install/base_msgs/local/lib/python3.10/dist-packages/base_msgs/srv/_pnc_map_service_s.c
[2.830s] -- Up-to-date: /home/x/planning_with_ROS2_course/install/base_msgs/local/lib/python3.10/dist-packages/base_msgs/srv/_global_path_service.py
[2.830s] -- Up-to-date: /home/x/planning_with_ROS2_course/install/base_msgs/local/lib/python3.10/dist-packages/base_msgs/srv/__init__.py
[2.831s] -- Up-to-date: /home/x/planning_with_ROS2_course/install/base_msgs/local/lib/python3.10/dist-packages/base_msgs/srv/_pnc_map_service.py
[2.929s] Listing '/home/x/planning_with_ROS2_course/install/base_msgs/local/lib/python3.10/dist-packages/base_msgs'...
[2.929s] Listing '/home/x/planning_with_ROS2_course/install/base_msgs/local/lib/python3.10/dist-packages/base_msgs/msg'...
[2.929s] Listing '/home/x/planning_with_ROS2_course/install/base_msgs/local/lib/python3.10/dist-packages/base_msgs/srv'...
[2.929s] -- Up-to-date: /home/x/planning_with_ROS2_course/install/base_msgs/local/lib/python3.10/dist-packages/base_msgs/base_msgs_s__rosidl_typesupport_fastrtps_c.cpython-310-x86_64-linux-gnu.so
[2.929s] -- Up-to-date: /home/x/planning_with_ROS2_course/install/base_msgs/local/lib/python3.10/dist-packages/base_msgs/base_msgs_s__rosidl_typesupport_introspection_c.cpython-310-x86_64-linux-gnu.so
[2.930s] -- Up-to-date: /home/x/planning_with_ROS2_course/install/base_msgs/local/lib/python3.10/dist-packages/base_msgs/base_msgs_s__rosidl_typesupport_c.cpython-310-x86_64-linux-gnu.so
[2.930s] -- Up-to-date: /home/x/planning_with_ROS2_course/install/base_msgs/lib/libbase_msgs__rosidl_generator_py.so
[2.930s] -- Up-to-date: /home/x/planning_with_ROS2_course/install/base_msgs/share/base_msgs/srv/GlobalPathService.idl
[2.930s] -- Up-to-date: /home/x/planning_with_ROS2_course/install/base_msgs/share/base_msgs/srv/PNCMapService.idl
[2.930s] -- Up-to-date: /home/x/planning_with_ROS2_course/install/base_msgs/share/base_msgs/msg/PNCMap.idl
[2.930s] -- Up-to-date: /home/x/planning_with_ROS2_course/install/base_msgs/share/base_msgs/msg/ReferlinePoint.idl
[2.930s] -- Up-to-date: /home/x/planning_with_ROS2_course/install/base_msgs/share/base_msgs/msg/Referline.idl
[2.930s] -- Up-to-date: /home/x/planning_with_ROS2_course/install/base_msgs/share/base_msgs/msg/LocalPathPoint.idl
[2.932s] -- Up-to-date: /home/x/planning_with_ROS2_course/install/base_msgs/share/base_msgs/msg/LocalPath.idl
[2.932s] -- Up-to-date: /home/x/planning_with_ROS2_course/install/base_msgs/share/base_msgs/msg/LocalSpeedsPoint.idl
[2.932s] -- Up-to-date: /home/x/planning_with_ROS2_course/install/base_msgs/share/base_msgs/msg/LocalSpeeds.idl
[2.933s] -- Up-to-date: /home/x/planning_with_ROS2_course/install/base_msgs/share/base_msgs/msg/LocalTrajectoryPoint.idl
[2.933s] -- Up-to-date: /home/x/planning_with_ROS2_course/install/base_msgs/share/base_msgs/msg/LocalTrajectory.idl
[2.933s] -- Up-to-date: /home/x/planning_with_ROS2_course/install/base_msgs/share/base_msgs/msg/ObsInfo.idl
[2.933s] -- Up-to-date: /home/x/planning_with_ROS2_course/install/base_msgs/share/base_msgs/msg/PlotInfo.idl
[2.933s] -- Up-to-date: /home/x/planning_with_ROS2_course/install/base_msgs/share/base_msgs/srv/GlobalPathService.srv
[2.933s] -- Up-to-date: /home/x/planning_with_ROS2_course/install/base_msgs/share/base_msgs/srv/GlobalPathService_Request.msg
[2.933s] -- Up-to-date: /home/x/planning_with_ROS2_course/install/base_msgs/share/base_msgs/srv/GlobalPathService_Response.msg
[2.933s] -- Up-to-date: /home/x/planning_with_ROS2_course/install/base_msgs/share/base_msgs/srv/PNCMapService.srv
[2.933s] -- Up-to-date: /home/x/planning_with_ROS2_course/install/base_msgs/share/base_msgs/srv/PNCMapService_Request.msg
[2.933s] -- Up-to-date: /home/x/planning_with_ROS2_course/install/base_msgs/share/base_msgs/srv/PNCMapService_Response.msg
[2.933s] -- Up-to-date: /home/x/planning_with_ROS2_course/install/base_msgs/share/base_msgs/msg/PNCMap.msg
[2.934s] -- Up-to-date: /home/x/planning_with_ROS2_course/install/base_msgs/share/base_msgs/msg/ReferlinePoint.msg
[2.934s] -- Up-to-date: /home/x/planning_with_ROS2_course/install/base_msgs/share/base_msgs/msg/Referline.msg
[2.934s] -- Up-to-date: /home/x/planning_with_ROS2_course/install/base_msgs/share/base_msgs/msg/LocalPathPoint.msg
[2.934s] -- Up-to-date: /home/x/planning_with_ROS2_course/install/base_msgs/share/base_msgs/msg/LocalPath.msg
[2.934s] -- Up-to-date: /home/x/planning_with_ROS2_course/install/base_msgs/share/base_msgs/msg/LocalSpeedsPoint.msg
[2.934s] -- Up-to-date: /home/x/planning_with_ROS2_course/install/base_msgs/share/base_msgs/msg/LocalSpeeds.msg
[2.953s] -- Up-to-date: /home/x/planning_with_ROS2_course/install/base_msgs/share/base_msgs/msg/LocalTrajectoryPoint.msg
[2.954s] -- Up-to-date: /home/x/planning_with_ROS2_course/install/base_msgs/share/base_msgs/msg/LocalTrajectory.msg
[2.954s] -- Up-to-date: /home/x/planning_with_ROS2_course/install/base_msgs/share/base_msgs/msg/ObsInfo.msg
[2.954s] -- Up-to-date: /home/x/planning_with_ROS2_course/install/base_msgs/share/base_msgs/msg/PlotInfo.msg
[2.955s] -- Up-to-date: /home/x/planning_with_ROS2_course/install/base_msgs/share/ament_index/resource_index/package_run_dependencies/base_msgs
[2.955s] -- Up-to-date: /home/x/planning_with_ROS2_course/install/base_msgs/share/ament_index/resource_index/parent_prefix_path/base_msgs
[2.955s] -- Up-to-date: /home/x/planning_with_ROS2_course/install/base_msgs/share/base_msgs/environment/ament_prefix_path.sh
[2.955s] -- Up-to-date: /home/x/planning_with_ROS2_course/install/base_msgs/share/base_msgs/environment/ament_prefix_path.dsv
[2.955s] -- Up-to-date: /home/x/planning_with_ROS2_course/install/base_msgs/share/base_msgs/environment/path.sh
[2.955s] -- Up-to-date: /home/x/planning_with_ROS2_course/install/base_msgs/share/base_msgs/environment/path.dsv
[2.955s] -- Up-to-date: /home/x/planning_with_ROS2_course/install/base_msgs/share/base_msgs/local_setup.bash
[2.956s] -- Up-to-date: /home/x/planning_with_ROS2_course/install/base_msgs/share/base_msgs/local_setup.sh
[2.956s] -- Up-to-date: /home/x/planning_with_ROS2_course/install/base_msgs/share/base_msgs/local_setup.zsh
[2.956s] -- Up-to-date: /home/x/planning_with_ROS2_course/install/base_msgs/share/base_msgs/local_setup.dsv
[2.956s] -- Installing: /home/x/planning_with_ROS2_course/install/base_msgs/share/base_msgs/package.dsv
[2.956s] -- Up-to-date: /home/x/planning_with_ROS2_course/install/base_msgs/share/ament_index/resource_index/packages/base_msgs
[2.956s] -- Up-to-date: /home/x/planning_with_ROS2_course/install/base_msgs/share/base_msgs/cmake/export_base_msgs__rosidl_generator_cExport.cmake
[2.956s] -- Up-to-date: /home/x/planning_with_ROS2_course/install/base_msgs/share/base_msgs/cmake/export_base_msgs__rosidl_generator_cExport-noconfig.cmake
[2.956s] -- Up-to-date: /home/x/planning_with_ROS2_course/install/base_msgs/share/base_msgs/cmake/export_base_msgs__rosidl_typesupport_fastrtps_cExport.cmake
[2.956s] -- Up-to-date: /home/x/planning_with_ROS2_course/install/base_msgs/share/base_msgs/cmake/export_base_msgs__rosidl_typesupport_fastrtps_cExport-noconfig.cmake
[2.956s] -- Up-to-date: /home/x/planning_with_ROS2_course/install/base_msgs/share/base_msgs/cmake/base_msgs__rosidl_typesupport_introspection_cExport.cmake
[2.956s] -- Up-to-date: /home/x/planning_with_ROS2_course/install/base_msgs/share/base_msgs/cmake/base_msgs__rosidl_typesupport_introspection_cExport-noconfig.cmake
[2.956s] -- Up-to-date: /home/x/planning_with_ROS2_course/install/base_msgs/share/base_msgs/cmake/base_msgs__rosidl_typesupport_cExport.cmake
[2.957s] -- Up-to-date: /home/x/planning_with_ROS2_course/install/base_msgs/share/base_msgs/cmake/base_msgs__rosidl_typesupport_cExport-noconfig.cmake
[2.957s] -- Up-to-date: /home/x/planning_with_ROS2_course/install/base_msgs/share/base_msgs/cmake/export_base_msgs__rosidl_generator_cppExport.cmake
[2.957s] -- Up-to-date: /home/x/planning_with_ROS2_course/install/base_msgs/share/base_msgs/cmake/export_base_msgs__rosidl_typesupport_fastrtps_cppExport.cmake
[2.957s] -- Up-to-date: /home/x/planning_with_ROS2_course/install/base_msgs/share/base_msgs/cmake/export_base_msgs__rosidl_typesupport_fastrtps_cppExport-noconfig.cmake
[2.957s] -- Up-to-date: /home/x/planning_with_ROS2_course/install/base_msgs/share/base_msgs/cmake/base_msgs__rosidl_typesupport_introspection_cppExport.cmake
[2.957s] -- Up-to-date: /home/x/planning_with_ROS2_course/install/base_msgs/share/base_msgs/cmake/base_msgs__rosidl_typesupport_introspection_cppExport-noconfig.cmake
[2.957s] -- Up-to-date: /home/x/planning_with_ROS2_course/install/base_msgs/share/base_msgs/cmake/base_msgs__rosidl_typesupport_cppExport.cmake
[2.960s] -- Up-to-date: /home/x/planning_with_ROS2_course/install/base_msgs/share/base_msgs/cmake/base_msgs__rosidl_typesupport_cppExport-noconfig.cmake
[2.960s] -- Up-to-date: /home/x/planning_with_ROS2_course/install/base_msgs/share/base_msgs/cmake/export_base_msgs__rosidl_generator_pyExport.cmake
[2.960s] -- Up-to-date: /home/x/planning_with_ROS2_course/install/base_msgs/share/base_msgs/cmake/export_base_msgs__rosidl_generator_pyExport-noconfig.cmake
[2.960s] -- Up-to-date: /home/x/planning_with_ROS2_course/install/base_msgs/share/base_msgs/cmake/rosidl_cmake-extras.cmake
[2.960s] -- Up-to-date: /home/x/planning_with_ROS2_course/install/base_msgs/share/base_msgs/cmake/ament_cmake_export_dependencies-extras.cmake
[2.960s] -- Up-to-date: /home/x/planning_with_ROS2_course/install/base_msgs/share/base_msgs/cmake/ament_cmake_export_include_directories-extras.cmake
[2.960s] -- Up-to-date: /home/x/planning_with_ROS2_course/install/base_msgs/share/base_msgs/cmake/ament_cmake_export_libraries-extras.cmake
[2.961s] -- Up-to-date: /home/x/planning_with_ROS2_course/install/base_msgs/share/base_msgs/cmake/ament_cmake_export_targets-extras.cmake
[2.961s] -- Up-to-date: /home/x/planning_with_ROS2_course/install/base_msgs/share/base_msgs/cmake/rosidl_cmake_export_typesupport_targets-extras.cmake
[2.961s] -- Up-to-date: /home/x/planning_with_ROS2_course/install/base_msgs/share/base_msgs/cmake/rosidl_cmake_export_typesupport_libraries-extras.cmake
[2.961s] -- Up-to-date: /home/x/planning_with_ROS2_course/install/base_msgs/share/base_msgs/cmake/base_msgsConfig.cmake
[2.961s] -- Up-to-date: /home/x/planning_with_ROS2_course/install/base_msgs/share/base_msgs/cmake/base_msgsConfig-version.cmake
[2.961s] -- Up-to-date: /home/x/planning_with_ROS2_course/install/base_msgs/share/base_msgs/package.xml
[2.976s] Invoked command in '/home/x/planning_with_ROS2_course/build/base_msgs' returned '0': CMAKE_PREFIX_PATH=${CMAKE_PREFIX_PATH}:/home/x/planning_with_ROS2_course/install/data_plot:/opt/ros/humble /usr/bin/cmake --install /home/x/planning_with_ROS2_course/build/base_msgs
