[0.188s] DEBUG:colcon:Command line arguments: ['/usr/bin/colcon', 'build']
[0.188s] DEBUG:colcon:Parsed command line arguments: Namespace(log_base=None, log_level=None, verb_name='build', build_base='build', install_base='install', merge_install=False, symlink_install=False, test_result_base=None, continue_on_error=False, executor='parallel', parallel_workers=8, event_handlers=None, ignore_user_meta=False, metas=['./colcon.meta'], base_paths=['.'], packages_ignore=None, packages_ignore_regex=None, paths=None, packages_up_to=None, packages_up_to_regex=None, packages_above=None, packages_above_and_dependencies=None, packages_above_depth=None, packages_select_by_dep=None, packages_skip_by_dep=None, packages_skip_up_to=None, packages_select_build_failed=False, packages_skip_build_finished=False, packages_select_test_failures=False, packages_skip_test_passed=False, packages_select=None, packages_skip=None, packages_select_regex=None, packages_skip_regex=None, packages_start=None, packages_end=None, allow_overriding=[], cmake_args=None, cmake_target=None, cmake_target_skip_unavailable=False, cmake_clean_cache=False, cmake_clean_first=False, cmake_force_configure=False, ament_cmake_args=None, catkin_cmake_args=None, catkin_skip_building_tests=False, verb_parser=<colcon_defaults.argument_parser.defaults.DefaultArgumentsDecorator object at 0x7c7db682bb80>, verb_extension=<colcon_core.verb.build.BuildVerb object at 0x7c7db6950400>, main=<bound method BuildVerb.main of <colcon_core.verb.build.BuildVerb object at 0x7c7db6950400>>)
[0.418s] Level 1:colcon.colcon_core.package_discovery:discover_packages(colcon_meta) check parameters
[0.418s] Level 1:colcon.colcon_core.package_discovery:discover_packages(recursive) check parameters
[0.418s] Level 1:colcon.colcon_core.package_discovery:discover_packages(ignore) check parameters
[0.418s] Level 1:colcon.colcon_core.package_discovery:discover_packages(path) check parameters
[0.418s] Level 1:colcon.colcon_core.package_discovery:discover_packages(colcon_meta) discover
[0.418s] Level 1:colcon.colcon_core.package_discovery:discover_packages(recursive) discover
[0.418s] INFO:colcon.colcon_core.package_discovery:Crawling recursively for packages in '/home/x/planning_with_ROS2_course'
[0.418s] Level 1:colcon.colcon_core.package_identification:_identify(.) by extensions ['ignore', 'ignore_ament_install']
[0.418s] Level 1:colcon.colcon_core.package_identification:_identify(.) by extension 'ignore'
[0.418s] Level 1:colcon.colcon_core.package_identification:_identify(.) by extension 'ignore_ament_install'
[0.418s] Level 1:colcon.colcon_core.package_identification:_identify(.) by extensions ['colcon_pkg']
[0.418s] Level 1:colcon.colcon_core.package_identification:_identify(.) by extension 'colcon_pkg'
[0.418s] Level 1:colcon.colcon_core.package_identification:_identify(.) by extensions ['colcon_meta']
[0.419s] Level 1:colcon.colcon_core.package_identification:_identify(.) by extension 'colcon_meta'
[0.419s] Level 1:colcon.colcon_core.package_identification:_identify(.) by extensions ['ros']
[0.419s] Level 1:colcon.colcon_core.package_identification:_identify(.) by extension 'ros'
[0.435s] Level 1:colcon.colcon_core.package_identification:_identify(.) by extensions ['cmake', 'python']
[0.436s] Level 1:colcon.colcon_core.package_identification:_identify(.) by extension 'cmake'
[0.436s] Level 1:colcon.colcon_core.package_identification:_identify(.) by extension 'python'
[0.436s] Level 1:colcon.colcon_core.package_identification:_identify(.) by extensions ['python_setup_py']
[0.436s] Level 1:colcon.colcon_core.package_identification:_identify(.) by extension 'python_setup_py'
[0.436s] Level 1:colcon.colcon_core.package_identification:_identify(build) by extensions ['ignore', 'ignore_ament_install']
[0.436s] Level 1:colcon.colcon_core.package_identification:_identify(build) by extension 'ignore'
[0.436s] Level 1:colcon.colcon_core.package_identification:_identify(build) ignored
[0.436s] Level 1:colcon.colcon_core.package_identification:_identify(install) by extensions ['ignore', 'ignore_ament_install']
[0.436s] Level 1:colcon.colcon_core.package_identification:_identify(install) by extension 'ignore'
[0.437s] Level 1:colcon.colcon_core.package_identification:_identify(install) ignored
[0.437s] Level 1:colcon.colcon_core.package_identification:_identify(log) by extensions ['ignore', 'ignore_ament_install']
[0.437s] Level 1:colcon.colcon_core.package_identification:_identify(log) by extension 'ignore'
[0.437s] Level 1:colcon.colcon_core.package_identification:_identify(log) ignored
[0.438s] Level 1:colcon.colcon_core.package_identification:_identify(src) by extensions ['ignore', 'ignore_ament_install']
[0.438s] Level 1:colcon.colcon_core.package_identification:_identify(src) by extension 'ignore'
[0.438s] Level 1:colcon.colcon_core.package_identification:_identify(src) by extension 'ignore_ament_install'
[0.438s] Level 1:colcon.colcon_core.package_identification:_identify(src) by extensions ['colcon_pkg']
[0.438s] Level 1:colcon.colcon_core.package_identification:_identify(src) by extension 'colcon_pkg'
[0.439s] Level 1:colcon.colcon_core.package_identification:_identify(src) by extensions ['colcon_meta']
[0.439s] Level 1:colcon.colcon_core.package_identification:_identify(src) by extension 'colcon_meta'
[0.439s] Level 1:colcon.colcon_core.package_identification:_identify(src) by extensions ['ros']
[0.439s] Level 1:colcon.colcon_core.package_identification:_identify(src) by extension 'ros'
[0.439s] Level 1:colcon.colcon_core.package_identification:_identify(src) by extensions ['cmake', 'python']
[0.439s] Level 1:colcon.colcon_core.package_identification:_identify(src) by extension 'cmake'
[0.439s] Level 1:colcon.colcon_core.package_identification:_identify(src) by extension 'python'
[0.439s] Level 1:colcon.colcon_core.package_identification:_identify(src) by extensions ['python_setup_py']
[0.439s] Level 1:colcon.colcon_core.package_identification:_identify(src) by extension 'python_setup_py'
[0.439s] Level 1:colcon.colcon_core.package_identification:_identify(src/base_msgs) by extensions ['ignore', 'ignore_ament_install']
[0.439s] Level 1:colcon.colcon_core.package_identification:_identify(src/base_msgs) by extension 'ignore'
[0.439s] Level 1:colcon.colcon_core.package_identification:_identify(src/base_msgs) by extension 'ignore_ament_install'
[0.439s] Level 1:colcon.colcon_core.package_identification:_identify(src/base_msgs) by extensions ['colcon_pkg']
[0.439s] Level 1:colcon.colcon_core.package_identification:_identify(src/base_msgs) by extension 'colcon_pkg'
[0.439s] Level 1:colcon.colcon_core.package_identification:_identify(src/base_msgs) by extensions ['colcon_meta']
[0.439s] Level 1:colcon.colcon_core.package_identification:_identify(src/base_msgs) by extension 'colcon_meta'
[0.439s] Level 1:colcon.colcon_core.package_identification:_identify(src/base_msgs) by extensions ['ros']
[0.439s] Level 1:colcon.colcon_core.package_identification:_identify(src/base_msgs) by extension 'ros'
[0.443s] DEBUG:colcon.colcon_core.package_identification:Package 'src/base_msgs' with type 'ros.ament_cmake' and name 'base_msgs'
[0.443s] Level 1:colcon.colcon_core.package_identification:_identify(src/data_plot) by extensions ['ignore', 'ignore_ament_install']
[0.443s] Level 1:colcon.colcon_core.package_identification:_identify(src/data_plot) by extension 'ignore'
[0.444s] Level 1:colcon.colcon_core.package_identification:_identify(src/data_plot) by extension 'ignore_ament_install'
[0.444s] Level 1:colcon.colcon_core.package_identification:_identify(src/data_plot) by extensions ['colcon_pkg']
[0.444s] Level 1:colcon.colcon_core.package_identification:_identify(src/data_plot) by extension 'colcon_pkg'
[0.444s] Level 1:colcon.colcon_core.package_identification:_identify(src/data_plot) by extensions ['colcon_meta']
[0.444s] Level 1:colcon.colcon_core.package_identification:_identify(src/data_plot) by extension 'colcon_meta'
[0.444s] Level 1:colcon.colcon_core.package_identification:_identify(src/data_plot) by extensions ['ros']
[0.444s] Level 1:colcon.colcon_core.package_identification:_identify(src/data_plot) by extension 'ros'
[0.445s] DEBUG:colcon.colcon_core.package_identification:Package 'src/data_plot' with type 'ros.ament_python' and name 'data_plot'
[0.445s] Level 1:colcon.colcon_core.package_identification:_identify(src/planning) by extensions ['ignore', 'ignore_ament_install']
[0.445s] Level 1:colcon.colcon_core.package_identification:_identify(src/planning) by extension 'ignore'
[0.445s] Level 1:colcon.colcon_core.package_identification:_identify(src/planning) by extension 'ignore_ament_install'
[0.445s] Level 1:colcon.colcon_core.package_identification:_identify(src/planning) by extensions ['colcon_pkg']
[0.445s] Level 1:colcon.colcon_core.package_identification:_identify(src/planning) by extension 'colcon_pkg'
[0.445s] Level 1:colcon.colcon_core.package_identification:_identify(src/planning) by extensions ['colcon_meta']
[0.445s] Level 1:colcon.colcon_core.package_identification:_identify(src/planning) by extension 'colcon_meta'
[0.446s] Level 1:colcon.colcon_core.package_identification:_identify(src/planning) by extensions ['ros']
[0.446s] Level 1:colcon.colcon_core.package_identification:_identify(src/planning) by extension 'ros'
[0.447s] DEBUG:colcon.colcon_core.package_identification:Package 'src/planning' with type 'ros.ament_cmake' and name 'planning'
[0.447s] Level 1:colcon.colcon_core.package_discovery:discover_packages(recursive) using defaults
[0.447s] Level 1:colcon.colcon_core.package_discovery:discover_packages(ignore) discover
[0.447s] Level 1:colcon.colcon_core.package_discovery:discover_packages(ignore) using defaults
[0.447s] Level 1:colcon.colcon_core.package_discovery:discover_packages(path) discover
[0.447s] Level 1:colcon.colcon_core.package_discovery:discover_packages(path) using defaults
[0.475s] Level 1:colcon.colcon_core.package_discovery:discover_packages(prefix_path) check parameters
[0.475s] Level 1:colcon.colcon_core.package_discovery:discover_packages(prefix_path) discover
[0.477s] DEBUG:colcon.colcon_installed_package_information.package_discovery:Found 3 installed packages in /home/x/planning_with_ROS2_course/install
[0.480s] DEBUG:colcon.colcon_installed_package_information.package_discovery:Found 275 installed packages in /opt/ros/humble
[0.495s] Level 1:colcon.colcon_core.package_discovery:discover_packages(prefix_path) using defaults
[0.549s] Level 5:colcon.colcon_core.verb:set package 'base_msgs' build argument 'cmake_args' from command line to 'None'
[0.549s] Level 5:colcon.colcon_core.verb:set package 'base_msgs' build argument 'cmake_target' from command line to 'None'
[0.549s] Level 5:colcon.colcon_core.verb:set package 'base_msgs' build argument 'cmake_target_skip_unavailable' from command line to 'False'
[0.549s] Level 5:colcon.colcon_core.verb:set package 'base_msgs' build argument 'cmake_clean_cache' from command line to 'False'
[0.549s] Level 5:colcon.colcon_core.verb:set package 'base_msgs' build argument 'cmake_clean_first' from command line to 'False'
[0.549s] Level 5:colcon.colcon_core.verb:set package 'base_msgs' build argument 'cmake_force_configure' from command line to 'False'
[0.549s] Level 5:colcon.colcon_core.verb:set package 'base_msgs' build argument 'ament_cmake_args' from command line to 'None'
[0.549s] Level 5:colcon.colcon_core.verb:set package 'base_msgs' build argument 'catkin_cmake_args' from command line to 'None'
[0.549s] Level 5:colcon.colcon_core.verb:set package 'base_msgs' build argument 'catkin_skip_building_tests' from command line to 'False'
[0.549s] DEBUG:colcon.colcon_core.verb:Building package 'base_msgs' with the following arguments: {'ament_cmake_args': None, 'build_base': '/home/x/planning_with_ROS2_course/build/base_msgs', 'catkin_cmake_args': None, 'catkin_skip_building_tests': False, 'cmake_args': None, 'cmake_clean_cache': False, 'cmake_clean_first': False, 'cmake_force_configure': False, 'cmake_target': None, 'cmake_target_skip_unavailable': False, 'install_base': '/home/x/planning_with_ROS2_course/install/base_msgs', 'merge_install': False, 'path': '/home/x/planning_with_ROS2_course/src/base_msgs', 'symlink_install': False, 'test_result_base': None}
[0.550s] Level 5:colcon.colcon_core.verb:set package 'data_plot' build argument 'cmake_args' from command line to 'None'
[0.550s] Level 5:colcon.colcon_core.verb:set package 'data_plot' build argument 'cmake_target' from command line to 'None'
[0.550s] Level 5:colcon.colcon_core.verb:set package 'data_plot' build argument 'cmake_target_skip_unavailable' from command line to 'False'
[0.550s] Level 5:colcon.colcon_core.verb:set package 'data_plot' build argument 'cmake_clean_cache' from command line to 'False'
[0.550s] Level 5:colcon.colcon_core.verb:set package 'data_plot' build argument 'cmake_clean_first' from command line to 'False'
[0.550s] Level 5:colcon.colcon_core.verb:set package 'data_plot' build argument 'cmake_force_configure' from command line to 'False'
[0.550s] Level 5:colcon.colcon_core.verb:set package 'data_plot' build argument 'ament_cmake_args' from command line to 'None'
[0.550s] Level 5:colcon.colcon_core.verb:set package 'data_plot' build argument 'catkin_cmake_args' from command line to 'None'
[0.550s] Level 5:colcon.colcon_core.verb:set package 'data_plot' build argument 'catkin_skip_building_tests' from command line to 'False'
[0.550s] DEBUG:colcon.colcon_core.verb:Building package 'data_plot' with the following arguments: {'ament_cmake_args': None, 'build_base': '/home/x/planning_with_ROS2_course/build/data_plot', 'catkin_cmake_args': None, 'catkin_skip_building_tests': False, 'cmake_args': None, 'cmake_clean_cache': False, 'cmake_clean_first': False, 'cmake_force_configure': False, 'cmake_target': None, 'cmake_target_skip_unavailable': False, 'install_base': '/home/x/planning_with_ROS2_course/install/data_plot', 'merge_install': False, 'path': '/home/x/planning_with_ROS2_course/src/data_plot', 'symlink_install': False, 'test_result_base': None}
[0.550s] Level 5:colcon.colcon_core.verb:set package 'planning' build argument 'cmake_args' from command line to 'None'
[0.550s] Level 5:colcon.colcon_core.verb:set package 'planning' build argument 'cmake_target' from command line to 'None'
[0.551s] Level 5:colcon.colcon_core.verb:set package 'planning' build argument 'cmake_target_skip_unavailable' from command line to 'False'
[0.551s] Level 5:colcon.colcon_core.verb:set package 'planning' build argument 'cmake_clean_cache' from command line to 'False'
[0.551s] Level 5:colcon.colcon_core.verb:set package 'planning' build argument 'cmake_clean_first' from command line to 'False'
[0.551s] Level 5:colcon.colcon_core.verb:set package 'planning' build argument 'cmake_force_configure' from command line to 'False'
[0.551s] Level 5:colcon.colcon_core.verb:set package 'planning' build argument 'ament_cmake_args' from command line to 'None'
[0.551s] Level 5:colcon.colcon_core.verb:set package 'planning' build argument 'catkin_cmake_args' from command line to 'None'
[0.551s] Level 5:colcon.colcon_core.verb:set package 'planning' build argument 'catkin_skip_building_tests' from command line to 'False'
[0.551s] DEBUG:colcon.colcon_core.verb:Building package 'planning' with the following arguments: {'ament_cmake_args': None, 'build_base': '/home/x/planning_with_ROS2_course/build/planning', 'catkin_cmake_args': None, 'catkin_skip_building_tests': False, 'cmake_args': None, 'cmake_clean_cache': False, 'cmake_clean_first': False, 'cmake_force_configure': False, 'cmake_target': None, 'cmake_target_skip_unavailable': False, 'install_base': '/home/x/planning_with_ROS2_course/install/planning', 'merge_install': False, 'path': '/home/x/planning_with_ROS2_course/src/planning', 'symlink_install': False, 'test_result_base': None}
[0.551s] INFO:colcon.colcon_core.executor:Executing jobs using 'parallel' executor
[0.553s] DEBUG:colcon.colcon_parallel_executor.executor.parallel:run_until_complete
[0.553s] INFO:colcon.colcon_ros.task.ament_cmake.build:Building ROS package in '/home/x/planning_with_ROS2_course/src/base_msgs' with build type 'ament_cmake'
[0.553s] INFO:colcon.colcon_cmake.task.cmake.build:Building CMake package in '/home/x/planning_with_ROS2_course/src/base_msgs'
[0.557s] INFO:colcon.colcon_core.plugin_system:Skipping extension 'colcon_core.shell.bat': Not used on non-Windows systems
[0.558s] INFO:colcon.colcon_core.shell:Skip shell extension 'powershell' for command environment: Not usable outside of PowerShell
[0.558s] DEBUG:colcon.colcon_core.shell:Skip shell extension 'dsv' for command environment
[0.569s] DEBUG:colcon.colcon_core.event_handler.log_command:Invoking command in '/home/x/planning_with_ROS2_course/build/base_msgs': CMAKE_PREFIX_PATH=${CMAKE_PREFIX_PATH}:/home/x/planning_with_ROS2_course/install/data_plot:/opt/ros/humble /usr/bin/cmake --build /home/x/planning_with_ROS2_course/build/base_msgs -- -j8 -l8
[1.297s] DEBUG:colcon.colcon_core.event_handler.log_command:Invoked command in '/home/x/planning_with_ROS2_course/build/base_msgs' returned '0': CMAKE_PREFIX_PATH=${CMAKE_PREFIX_PATH}:/home/x/planning_with_ROS2_course/install/data_plot:/opt/ros/humble /usr/bin/cmake --build /home/x/planning_with_ROS2_course/build/base_msgs -- -j8 -l8
[1.312s] DEBUG:colcon.colcon_core.event_handler.log_command:Invoking command in '/home/x/planning_with_ROS2_course/build/base_msgs': CMAKE_PREFIX_PATH=${CMAKE_PREFIX_PATH}:/home/x/planning_with_ROS2_course/install/data_plot:/opt/ros/humble /usr/bin/cmake --install /home/x/planning_with_ROS2_course/build/base_msgs
[1.429s] Level 1:colcon.colcon_core.environment:create_environment_scripts_only(base_msgs)
[1.430s] DEBUG:colcon.colcon_core.event_handler.log_command:Invoked command in '/home/x/planning_with_ROS2_course/build/base_msgs' returned '0': CMAKE_PREFIX_PATH=${CMAKE_PREFIX_PATH}:/home/x/planning_with_ROS2_course/install/data_plot:/opt/ros/humble /usr/bin/cmake --install /home/x/planning_with_ROS2_course/build/base_msgs
[1.434s] Level 1:colcon.colcon_core.environment:checking '/home/x/planning_with_ROS2_course/install/base_msgs' for CMake module files
[1.435s] Level 1:colcon.colcon_core.environment:checking '/home/x/planning_with_ROS2_course/install/base_msgs' for CMake config files
[1.435s] Level 1:colcon.colcon_core.shell:create_environment_hook('base_msgs', 'cmake_prefix_path')
[1.435s] INFO:colcon.colcon_core.shell:Creating environment hook '/home/x/planning_with_ROS2_course/install/base_msgs/share/base_msgs/hook/cmake_prefix_path.ps1'
[1.437s] INFO:colcon.colcon_core.shell:Creating environment descriptor '/home/x/planning_with_ROS2_course/install/base_msgs/share/base_msgs/hook/cmake_prefix_path.dsv'
[1.439s] INFO:colcon.colcon_core.shell:Creating environment hook '/home/x/planning_with_ROS2_course/install/base_msgs/share/base_msgs/hook/cmake_prefix_path.sh'
[1.442s] Level 1:colcon.colcon_core.environment:checking '/home/x/planning_with_ROS2_course/install/base_msgs/lib'
[1.442s] Level 1:colcon.colcon_core.shell:create_environment_hook('base_msgs', 'ld_library_path_lib')
[1.442s] INFO:colcon.colcon_core.shell:Creating environment hook '/home/x/planning_with_ROS2_course/install/base_msgs/share/base_msgs/hook/ld_library_path_lib.ps1'
[1.447s] INFO:colcon.colcon_core.shell:Creating environment descriptor '/home/x/planning_with_ROS2_course/install/base_msgs/share/base_msgs/hook/ld_library_path_lib.dsv'
[1.449s] INFO:colcon.colcon_core.shell:Creating environment hook '/home/x/planning_with_ROS2_course/install/base_msgs/share/base_msgs/hook/ld_library_path_lib.sh'
[1.450s] Level 1:colcon.colcon_core.environment:checking '/home/x/planning_with_ROS2_course/install/base_msgs/bin'
[1.450s] Level 1:colcon.colcon_core.environment:checking '/home/x/planning_with_ROS2_course/install/base_msgs/lib/pkgconfig/base_msgs.pc'
[1.451s] Level 1:colcon.colcon_core.environment:checking '/home/x/planning_with_ROS2_course/install/base_msgs/lib/python3.10/site-packages'
[1.452s] Level 1:colcon.colcon_core.environment:checking '/home/x/planning_with_ROS2_course/install/base_msgs/bin'
[1.452s] INFO:colcon.colcon_core.shell:Creating package script '/home/x/planning_with_ROS2_course/install/base_msgs/share/base_msgs/package.ps1'
[1.453s] INFO:colcon.colcon_core.shell:Creating package descriptor '/home/x/planning_with_ROS2_course/install/base_msgs/share/base_msgs/package.dsv'
[1.456s] INFO:colcon.colcon_core.shell:Creating package script '/home/x/planning_with_ROS2_course/install/base_msgs/share/base_msgs/package.sh'
[1.461s] INFO:colcon.colcon_core.shell:Creating package script '/home/x/planning_with_ROS2_course/install/base_msgs/share/base_msgs/package.bash'
[1.463s] INFO:colcon.colcon_core.shell:Creating package script '/home/x/planning_with_ROS2_course/install/base_msgs/share/base_msgs/package.zsh'
[1.464s] Level 1:colcon.colcon_core.environment:create_file_with_runtime_dependencies(/home/x/planning_with_ROS2_course/install/base_msgs/share/colcon-core/packages/base_msgs)
[1.466s] Level 1:colcon.colcon_core.environment:create_environment_scripts_only(base_msgs)
[1.466s] Level 1:colcon.colcon_core.environment:checking '/home/x/planning_with_ROS2_course/install/base_msgs' for CMake module files
[1.467s] Level 1:colcon.colcon_core.environment:checking '/home/x/planning_with_ROS2_course/install/base_msgs' for CMake config files
[1.467s] Level 1:colcon.colcon_core.shell:create_environment_hook('base_msgs', 'cmake_prefix_path')
[1.467s] INFO:colcon.colcon_core.shell:Creating environment hook '/home/x/planning_with_ROS2_course/install/base_msgs/share/base_msgs/hook/cmake_prefix_path.ps1'
[1.469s] INFO:colcon.colcon_core.shell:Creating environment descriptor '/home/x/planning_with_ROS2_course/install/base_msgs/share/base_msgs/hook/cmake_prefix_path.dsv'
[1.473s] INFO:colcon.colcon_core.shell:Creating environment hook '/home/x/planning_with_ROS2_course/install/base_msgs/share/base_msgs/hook/cmake_prefix_path.sh'
[1.474s] Level 1:colcon.colcon_core.environment:checking '/home/x/planning_with_ROS2_course/install/base_msgs/lib'
[1.474s] Level 1:colcon.colcon_core.shell:create_environment_hook('base_msgs', 'ld_library_path_lib')
[1.476s] INFO:colcon.colcon_core.shell:Creating environment hook '/home/x/planning_with_ROS2_course/install/base_msgs/share/base_msgs/hook/ld_library_path_lib.ps1'
[1.476s] INFO:colcon.colcon_core.shell:Creating environment descriptor '/home/x/planning_with_ROS2_course/install/base_msgs/share/base_msgs/hook/ld_library_path_lib.dsv'
[1.478s] INFO:colcon.colcon_core.shell:Creating environment hook '/home/x/planning_with_ROS2_course/install/base_msgs/share/base_msgs/hook/ld_library_path_lib.sh'
[1.479s] Level 1:colcon.colcon_core.environment:checking '/home/x/planning_with_ROS2_course/install/base_msgs/bin'
[1.479s] Level 1:colcon.colcon_core.environment:checking '/home/x/planning_with_ROS2_course/install/base_msgs/lib/pkgconfig/base_msgs.pc'
[1.479s] Level 1:colcon.colcon_core.environment:checking '/home/x/planning_with_ROS2_course/install/base_msgs/lib/python3.10/site-packages'
[1.481s] Level 1:colcon.colcon_core.environment:checking '/home/x/planning_with_ROS2_course/install/base_msgs/bin'
[1.481s] INFO:colcon.colcon_core.shell:Creating package script '/home/x/planning_with_ROS2_course/install/base_msgs/share/base_msgs/package.ps1'
[1.482s] INFO:colcon.colcon_core.shell:Creating package descriptor '/home/x/planning_with_ROS2_course/install/base_msgs/share/base_msgs/package.dsv'
[1.483s] INFO:colcon.colcon_core.shell:Creating package script '/home/x/planning_with_ROS2_course/install/base_msgs/share/base_msgs/package.sh'
[1.485s] INFO:colcon.colcon_core.shell:Creating package script '/home/x/planning_with_ROS2_course/install/base_msgs/share/base_msgs/package.bash'
[1.486s] INFO:colcon.colcon_core.shell:Creating package script '/home/x/planning_with_ROS2_course/install/base_msgs/share/base_msgs/package.zsh'
[1.487s] Level 1:colcon.colcon_core.environment:create_file_with_runtime_dependencies(/home/x/planning_with_ROS2_course/install/base_msgs/share/colcon-core/packages/base_msgs)
[1.490s] INFO:colcon.colcon_ros.task.ament_python.build:Building ROS package in '/home/x/planning_with_ROS2_course/src/data_plot' with build type 'ament_python'
[1.491s] Level 1:colcon.colcon_core.shell:create_environment_hook('data_plot', 'ament_prefix_path')
[1.491s] INFO:colcon.colcon_core.shell:Creating environment hook '/home/x/planning_with_ROS2_course/install/data_plot/share/data_plot/hook/ament_prefix_path.ps1'
[1.492s] INFO:colcon.colcon_core.shell:Creating environment descriptor '/home/x/planning_with_ROS2_course/install/data_plot/share/data_plot/hook/ament_prefix_path.dsv'
[1.498s] INFO:colcon.colcon_core.shell:Creating environment hook '/home/x/planning_with_ROS2_course/install/data_plot/share/data_plot/hook/ament_prefix_path.sh'
[1.499s] INFO:colcon.colcon_core.shell:Skip shell extension 'powershell' for command environment: Not usable outside of PowerShell
[1.499s] DEBUG:colcon.colcon_core.shell:Skip shell extension 'dsv' for command environment
[1.508s] INFO:colcon.colcon_ros.task.ament_cmake.build:Building ROS package in '/home/x/planning_with_ROS2_course/src/planning' with build type 'ament_cmake'
[1.509s] INFO:colcon.colcon_cmake.task.cmake.build:Building CMake package in '/home/x/planning_with_ROS2_course/src/planning'
[1.510s] INFO:colcon.colcon_core.shell:Skip shell extension 'powershell' for command environment: Not usable outside of PowerShell
[1.510s] DEBUG:colcon.colcon_core.shell:Skip shell extension 'dsv' for command environment
[1.939s] INFO:colcon.colcon_core.task.python.build:Building Python package in '/home/x/planning_with_ROS2_course/src/data_plot'
[1.939s] INFO:colcon.colcon_core.shell:Skip shell extension 'powershell' for command environment: Not usable outside of PowerShell
[1.940s] DEBUG:colcon.colcon_core.shell:Skip shell extension 'dsv' for command environment
[1.951s] DEBUG:colcon.colcon_core.event_handler.log_command:Invoking command in '/home/x/planning_with_ROS2_course/build/planning': CMAKE_PREFIX_PATH=/home/x/planning_with_ROS2_course/install/base_msgs:/home/x/planning_with_ROS2_course/install/planning:/home/x/planning_with_ROS2_course/install/data_plot:/opt/ros/humble LD_LIBRARY_PATH=/home/x/planning_with_ROS2_course/install/base_msgs/lib:/home/x/planning_with_ROS2_course/install/planning/lib:/home/x/planning_with_ROS2_course/install/planning/lib:/home/x/planning_with_ROS2_course/install/planning/lib:/opt/ros/humble/opt/rviz_ogre_vendor/lib:/opt/ros/humble/lib/x86_64-linux-gnu:/opt/ros/humble/lib /usr/bin/cmake --build /home/x/planning_with_ROS2_course/build/planning -- -j8 -l8
[2.386s] DEBUG:colcon.colcon_core.event_handler.log_command:Invoked command in '/home/x/planning_with_ROS2_course/build/planning' returned '0': CMAKE_PREFIX_PATH=/home/x/planning_with_ROS2_course/install/base_msgs:/home/x/planning_with_ROS2_course/install/planning:/home/x/planning_with_ROS2_course/install/data_plot:/opt/ros/humble LD_LIBRARY_PATH=/home/x/planning_with_ROS2_course/install/base_msgs/lib:/home/x/planning_with_ROS2_course/install/planning/lib:/home/x/planning_with_ROS2_course/install/planning/lib:/home/x/planning_with_ROS2_course/install/planning/lib:/opt/ros/humble/opt/rviz_ogre_vendor/lib:/opt/ros/humble/lib/x86_64-linux-gnu:/opt/ros/humble/lib /usr/bin/cmake --build /home/x/planning_with_ROS2_course/build/planning -- -j8 -l8
[2.387s] DEBUG:colcon.colcon_core.event_handler.log_command:Invoking command in '/home/x/planning_with_ROS2_course/build/planning': CMAKE_PREFIX_PATH=/home/x/planning_with_ROS2_course/install/base_msgs:/home/x/planning_with_ROS2_course/install/planning:/home/x/planning_with_ROS2_course/install/data_plot:/opt/ros/humble LD_LIBRARY_PATH=/home/x/planning_with_ROS2_course/install/base_msgs/lib:/home/x/planning_with_ROS2_course/install/planning/lib:/home/x/planning_with_ROS2_course/install/planning/lib:/home/x/planning_with_ROS2_course/install/planning/lib:/opt/ros/humble/opt/rviz_ogre_vendor/lib:/opt/ros/humble/lib/x86_64-linux-gnu:/opt/ros/humble/lib /usr/bin/cmake --install /home/x/planning_with_ROS2_course/build/planning
[2.422s] Level 1:colcon.colcon_core.environment:create_environment_scripts_only(planning)
[2.422s] Level 1:colcon.colcon_core.environment:checking '/home/x/planning_with_ROS2_course/install/planning' for CMake module files
[2.422s] Level 1:colcon.colcon_core.environment:checking '/home/x/planning_with_ROS2_course/install/planning' for CMake config files
[2.423s] Level 1:colcon.colcon_core.shell:create_environment_hook('planning', 'cmake_prefix_path')
[2.424s] INFO:colcon.colcon_core.shell:Creating environment hook '/home/x/planning_with_ROS2_course/install/planning/share/planning/hook/cmake_prefix_path.ps1'
[2.427s] INFO:colcon.colcon_core.shell:Creating environment descriptor '/home/x/planning_with_ROS2_course/install/planning/share/planning/hook/cmake_prefix_path.dsv'
[2.427s] INFO:colcon.colcon_core.shell:Creating environment hook '/home/x/planning_with_ROS2_course/install/planning/share/planning/hook/cmake_prefix_path.sh'
[2.425s] DEBUG:colcon.colcon_core.event_handler.log_command:Invoked command in '/home/x/planning_with_ROS2_course/build/planning' returned '0': CMAKE_PREFIX_PATH=/home/x/planning_with_ROS2_course/install/base_msgs:/home/x/planning_with_ROS2_course/install/planning:/home/x/planning_with_ROS2_course/install/data_plot:/opt/ros/humble LD_LIBRARY_PATH=/home/x/planning_with_ROS2_course/install/base_msgs/lib:/home/x/planning_with_ROS2_course/install/planning/lib:/home/x/planning_with_ROS2_course/install/planning/lib:/home/x/planning_with_ROS2_course/install/planning/lib:/opt/ros/humble/opt/rviz_ogre_vendor/lib:/opt/ros/humble/lib/x86_64-linux-gnu:/opt/ros/humble/lib /usr/bin/cmake --install /home/x/planning_with_ROS2_course/build/planning
[2.432s] Level 1:colcon.colcon_core.environment:checking '/home/x/planning_with_ROS2_course/install/planning/lib'
[2.434s] Level 1:colcon.colcon_core.shell:create_environment_hook('planning', 'ld_library_path_lib')
[2.434s] INFO:colcon.colcon_core.shell:Creating environment hook '/home/x/planning_with_ROS2_course/install/planning/share/planning/hook/ld_library_path_lib.ps1'
[2.435s] INFO:colcon.colcon_core.shell:Creating environment descriptor '/home/x/planning_with_ROS2_course/install/planning/share/planning/hook/ld_library_path_lib.dsv'
[2.436s] INFO:colcon.colcon_core.shell:Creating environment hook '/home/x/planning_with_ROS2_course/install/planning/share/planning/hook/ld_library_path_lib.sh'
[2.438s] Level 1:colcon.colcon_core.environment:checking '/home/x/planning_with_ROS2_course/install/planning/bin'
[2.438s] Level 1:colcon.colcon_core.environment:checking '/home/x/planning_with_ROS2_course/install/planning/lib/pkgconfig/planning.pc'
[2.438s] Level 1:colcon.colcon_core.environment:checking '/home/x/planning_with_ROS2_course/install/planning/lib/python3.10/site-packages'
[2.439s] Level 1:colcon.colcon_core.environment:checking '/home/x/planning_with_ROS2_course/install/planning/bin'
[2.439s] INFO:colcon.colcon_core.shell:Creating package script '/home/x/planning_with_ROS2_course/install/planning/share/planning/package.ps1'
[2.440s] INFO:colcon.colcon_core.shell:Creating package descriptor '/home/x/planning_with_ROS2_course/install/planning/share/planning/package.dsv'
[2.441s] INFO:colcon.colcon_core.shell:Creating package script '/home/x/planning_with_ROS2_course/install/planning/share/planning/package.sh'
[2.442s] INFO:colcon.colcon_core.shell:Creating package script '/home/x/planning_with_ROS2_course/install/planning/share/planning/package.bash'
[2.447s] INFO:colcon.colcon_core.shell:Creating package script '/home/x/planning_with_ROS2_course/install/planning/share/planning/package.zsh'
[2.451s] Level 1:colcon.colcon_core.environment:create_file_with_runtime_dependencies(/home/x/planning_with_ROS2_course/install/planning/share/colcon-core/packages/planning)
[2.452s] Level 1:colcon.colcon_core.environment:create_environment_scripts_only(planning)
[2.452s] Level 1:colcon.colcon_core.environment:checking '/home/x/planning_with_ROS2_course/install/planning' for CMake module files
[2.453s] Level 1:colcon.colcon_core.environment:checking '/home/x/planning_with_ROS2_course/install/planning' for CMake config files
[2.454s] Level 1:colcon.colcon_core.shell:create_environment_hook('planning', 'cmake_prefix_path')
[2.456s] INFO:colcon.colcon_core.shell:Creating environment hook '/home/x/planning_with_ROS2_course/install/planning/share/planning/hook/cmake_prefix_path.ps1'
[2.457s] INFO:colcon.colcon_core.shell:Creating environment descriptor '/home/x/planning_with_ROS2_course/install/planning/share/planning/hook/cmake_prefix_path.dsv'
[2.459s] INFO:colcon.colcon_core.shell:Creating environment hook '/home/x/planning_with_ROS2_course/install/planning/share/planning/hook/cmake_prefix_path.sh'
[2.461s] Level 1:colcon.colcon_core.environment:checking '/home/x/planning_with_ROS2_course/install/planning/lib'
[2.461s] Level 1:colcon.colcon_core.shell:create_environment_hook('planning', 'ld_library_path_lib')
[2.462s] INFO:colcon.colcon_core.shell:Creating environment hook '/home/x/planning_with_ROS2_course/install/planning/share/planning/hook/ld_library_path_lib.ps1'
[2.463s] INFO:colcon.colcon_core.shell:Creating environment descriptor '/home/x/planning_with_ROS2_course/install/planning/share/planning/hook/ld_library_path_lib.dsv'
[2.464s] INFO:colcon.colcon_core.shell:Creating environment hook '/home/x/planning_with_ROS2_course/install/planning/share/planning/hook/ld_library_path_lib.sh'
[2.465s] Level 1:colcon.colcon_core.environment:checking '/home/x/planning_with_ROS2_course/install/planning/bin'
[2.466s] Level 1:colcon.colcon_core.environment:checking '/home/x/planning_with_ROS2_course/install/planning/lib/pkgconfig/planning.pc'
[2.466s] Level 1:colcon.colcon_core.environment:checking '/home/x/planning_with_ROS2_course/install/planning/lib/python3.10/site-packages'
[2.467s] Level 1:colcon.colcon_core.environment:checking '/home/x/planning_with_ROS2_course/install/planning/bin'
[2.467s] INFO:colcon.colcon_core.shell:Creating package script '/home/x/planning_with_ROS2_course/install/planning/share/planning/package.ps1'
[2.469s] INFO:colcon.colcon_core.shell:Creating package descriptor '/home/x/planning_with_ROS2_course/install/planning/share/planning/package.dsv'
[2.471s] INFO:colcon.colcon_core.shell:Creating package script '/home/x/planning_with_ROS2_course/install/planning/share/planning/package.sh'
[2.472s] INFO:colcon.colcon_core.shell:Creating package script '/home/x/planning_with_ROS2_course/install/planning/share/planning/package.bash'
[2.473s] INFO:colcon.colcon_core.shell:Creating package script '/home/x/planning_with_ROS2_course/install/planning/share/planning/package.zsh'
[2.474s] Level 1:colcon.colcon_core.environment:create_file_with_runtime_dependencies(/home/x/planning_with_ROS2_course/install/planning/share/colcon-core/packages/planning)
[2.583s] DEBUG:colcon.colcon_core.event_handler.log_command:Invoking command in '/home/x/planning_with_ROS2_course/src/data_plot': CMAKE_PREFIX_PATH=/home/x/planning_with_ROS2_course/install/base_msgs:/home/x/planning_with_ROS2_course/install/planning LD_LIBRARY_PATH=/home/x/planning_with_ROS2_course/install/base_msgs/lib:/home/x/planning_with_ROS2_course/install/planning/lib:/home/x/planning_with_ROS2_course/install/planning/lib:/home/x/planning_with_ROS2_course/install/planning/lib:/opt/ros/humble/opt/rviz_ogre_vendor/lib:/opt/ros/humble/lib/x86_64-linux-gnu:/opt/ros/humble/lib PYTHONPATH=/home/x/planning_with_ROS2_course/build/data_plot/prefix_override:/usr/lib/python3/dist-packages/colcon_core/task/python/colcon_distutils_commands:/home/x/planning_with_ROS2_course/install/data_plot/lib/python3.10/site-packages:${PYTHONPATH} /usr/bin/python3 -W ignore:setup.py install is deprecated -W ignore:easy_install command is deprecated setup.py egg_info --egg-base ../../build/data_plot build --build-base /home/x/planning_with_ROS2_course/build/data_plot/build install --record /home/x/planning_with_ROS2_course/build/data_plot/install.log --single-version-externally-managed install_data
[3.037s] Level 1:colcon.colcon_core.environment:checking '/home/x/planning_with_ROS2_course/install/data_plot' for CMake module files
[3.037s] Level 1:colcon.colcon_core.environment:checking '/home/x/planning_with_ROS2_course/install/data_plot' for CMake config files
[3.038s] DEBUG:colcon.colcon_core.event_handler.log_command:Invoked command in '/home/x/planning_with_ROS2_course/src/data_plot' returned '0': CMAKE_PREFIX_PATH=/home/x/planning_with_ROS2_course/install/base_msgs:/home/x/planning_with_ROS2_course/install/planning LD_LIBRARY_PATH=/home/x/planning_with_ROS2_course/install/base_msgs/lib:/home/x/planning_with_ROS2_course/install/planning/lib:/home/x/planning_with_ROS2_course/install/planning/lib:/home/x/planning_with_ROS2_course/install/planning/lib:/opt/ros/humble/opt/rviz_ogre_vendor/lib:/opt/ros/humble/lib/x86_64-linux-gnu:/opt/ros/humble/lib PYTHONPATH=/home/x/planning_with_ROS2_course/build/data_plot/prefix_override:/usr/lib/python3/dist-packages/colcon_core/task/python/colcon_distutils_commands:/home/x/planning_with_ROS2_course/install/data_plot/lib/python3.10/site-packages:${PYTHONPATH} /usr/bin/python3 -W ignore:setup.py install is deprecated -W ignore:easy_install command is deprecated setup.py egg_info --egg-base ../../build/data_plot build --build-base /home/x/planning_with_ROS2_course/build/data_plot/build install --record /home/x/planning_with_ROS2_course/build/data_plot/install.log --single-version-externally-managed install_data
[3.040s] Level 1:colcon.colcon_core.environment:checking '/home/x/planning_with_ROS2_course/install/data_plot/lib'
[3.040s] Level 1:colcon.colcon_core.environment:checking '/home/x/planning_with_ROS2_course/install/data_plot/bin'
[3.040s] Level 1:colcon.colcon_core.environment:checking '/home/x/planning_with_ROS2_course/install/data_plot/lib/pkgconfig/data_plot.pc'
[3.040s] Level 1:colcon.colcon_core.environment:checking '/home/x/planning_with_ROS2_course/install/data_plot/lib/python3.10/site-packages'
[3.040s] Level 1:colcon.colcon_core.shell:create_environment_hook('data_plot', 'pythonpath')
[3.041s] INFO:colcon.colcon_core.shell:Creating environment hook '/home/x/planning_with_ROS2_course/install/data_plot/share/data_plot/hook/pythonpath.ps1'
[3.042s] INFO:colcon.colcon_core.shell:Creating environment descriptor '/home/x/planning_with_ROS2_course/install/data_plot/share/data_plot/hook/pythonpath.dsv'
[3.045s] INFO:colcon.colcon_core.shell:Creating environment hook '/home/x/planning_with_ROS2_course/install/data_plot/share/data_plot/hook/pythonpath.sh'
[3.047s] Level 1:colcon.colcon_core.environment:checking '/home/x/planning_with_ROS2_course/install/data_plot/bin'
[3.047s] Level 1:colcon.colcon_core.environment:create_environment_scripts_only(data_plot)
[3.048s] INFO:colcon.colcon_core.shell:Creating package script '/home/x/planning_with_ROS2_course/install/data_plot/share/data_plot/package.ps1'
[3.049s] INFO:colcon.colcon_core.shell:Creating package descriptor '/home/x/planning_with_ROS2_course/install/data_plot/share/data_plot/package.dsv'
[3.050s] INFO:colcon.colcon_core.shell:Creating package script '/home/x/planning_with_ROS2_course/install/data_plot/share/data_plot/package.sh'
[3.050s] INFO:colcon.colcon_core.shell:Creating package script '/home/x/planning_with_ROS2_course/install/data_plot/share/data_plot/package.bash'
[3.051s] INFO:colcon.colcon_core.shell:Creating package script '/home/x/planning_with_ROS2_course/install/data_plot/share/data_plot/package.zsh'
[3.052s] Level 1:colcon.colcon_core.environment:create_file_with_runtime_dependencies(/home/x/planning_with_ROS2_course/install/data_plot/share/colcon-core/packages/data_plot)
[3.054s] DEBUG:colcon.colcon_parallel_executor.executor.parallel:closing loop
[3.057s] DEBUG:colcon.colcon_parallel_executor.executor.parallel:loop closed
[3.058s] DEBUG:colcon.colcon_parallel_executor.executor.parallel:run_until_complete finished with '0'
[3.058s] DEBUG:colcon.colcon_core.event_reactor:joining thread
[3.070s] INFO:colcon.colcon_core.plugin_system:Skipping extension 'colcon_notification.desktop_notification.terminal_notifier': Not used on non-Darwin systems
[3.070s] INFO:colcon.colcon_core.plugin_system:Skipping extension 'colcon_notification.desktop_notification.win32': Not used on non-Windows systems
[3.070s] INFO:colcon.colcon_notification.desktop_notification:Sending desktop notification using 'notify2'
[3.100s] DEBUG:colcon.colcon_core.event_reactor:joined thread
[3.100s] INFO:colcon.colcon_core.shell:Creating prefix script '/home/x/planning_with_ROS2_course/install/local_setup.ps1'
[3.101s] INFO:colcon.colcon_core.shell:Creating prefix util module '/home/x/planning_with_ROS2_course/install/_local_setup_util_ps1.py'
[3.105s] INFO:colcon.colcon_core.shell:Creating prefix chain script '/home/x/planning_with_ROS2_course/install/setup.ps1'
[3.107s] INFO:colcon.colcon_core.shell:Creating prefix script '/home/x/planning_with_ROS2_course/install/local_setup.sh'
[3.108s] INFO:colcon.colcon_core.shell:Creating prefix util module '/home/x/planning_with_ROS2_course/install/_local_setup_util_sh.py'
[3.111s] INFO:colcon.colcon_core.shell:Creating prefix chain script '/home/x/planning_with_ROS2_course/install/setup.sh'
[3.114s] INFO:colcon.colcon_core.shell:Creating prefix script '/home/x/planning_with_ROS2_course/install/local_setup.bash'
[3.115s] INFO:colcon.colcon_core.shell:Creating prefix chain script '/home/x/planning_with_ROS2_course/install/setup.bash'
[3.117s] INFO:colcon.colcon_core.shell:Creating prefix script '/home/x/planning_with_ROS2_course/install/local_setup.zsh'
[3.118s] INFO:colcon.colcon_core.shell:Creating prefix chain script '/home/x/planning_with_ROS2_course/install/setup.zsh'
