[1.467s] Invoking command in '/home/x/planning_with_ROS2_course/src/data_plot': CMAKE_PREFIX_PATH=/home/x/planning_with_ROS2_course/install/base_msgs:/home/x/planning_with_ROS2_course/install/planning LD_LIBRARY_PATH=/home/x/planning_with_ROS2_course/install/base_msgs/lib:${LD_LIBRARY_PATH} PYTHONPATH=/home/x/planning_with_ROS2_course/build/data_plot/prefix_override:/usr/lib/python3/dist-packages/colcon_core/task/python/colcon_distutils_commands:/home/x/planning_with_ROS2_course/install/data_plot/lib/python3.10/site-packages:/home/x/planning_with_ROS2_course/install/base_msgs/local/lib/python3.10/dist-packages:${PYTHONPATH} /usr/bin/python3 -W ignore:setup.py install is deprecated -W ignore:easy_install command is deprecated setup.py egg_info --egg-base ../../build/data_plot build --build-base /home/x/planning_with_ROS2_course/build/data_plot/build install --record /home/x/planning_with_ROS2_course/build/data_plot/install.log --single-version-externally-managed install_data
[2.040s] running egg_info
[2.041s] writing ../../build/data_plot/data_plot.egg-info/PKG-INFO
[2.041s] writing dependency_links to ../../build/data_plot/data_plot.egg-info/dependency_links.txt
[2.042s] writing entry points to ../../build/data_plot/data_plot.egg-info/entry_points.txt
[2.043s] writing requirements to ../../build/data_plot/data_plot.egg-info/requires.txt
[2.043s] writing top-level names to ../../build/data_plot/data_plot.egg-info/top_level.txt
[2.046s] reading manifest file '../../build/data_plot/data_plot.egg-info/SOURCES.txt'
[2.047s] writing manifest file '../../build/data_plot/data_plot.egg-info/SOURCES.txt'
[2.048s] running build
[2.048s] running build_py
[2.049s] running install
[2.049s] running install_lib
[2.051s] running install_data
[2.051s] running install_egg_info
[2.054s] removing '/home/x/planning_with_ROS2_course/install/data_plot/lib/python3.10/site-packages/data_plot-0.0.0-py3.10.egg-info' (and everything under it)
[2.055s] Copying ../../build/data_plot/data_plot.egg-info to /home/x/planning_with_ROS2_course/install/data_plot/lib/python3.10/site-packages/data_plot-0.0.0-py3.10.egg-info
[2.056s] running install_scripts
[2.089s] Installing data_plot script to /home/x/planning_with_ROS2_course/install/data_plot/lib/data_plot
[2.089s] writing list of installed files to '/home/x/planning_with_ROS2_course/build/data_plot/install.log'
[2.134s] Invoked command in '/home/x/planning_with_ROS2_course/src/data_plot' returned '0': CMAKE_PREFIX_PATH=/home/x/planning_with_ROS2_course/install/base_msgs:/home/x/planning_with_ROS2_course/install/planning LD_LIBRARY_PATH=/home/x/planning_with_ROS2_course/install/base_msgs/lib:${LD_LIBRARY_PATH} PYTHONPATH=/home/x/planning_with_ROS2_course/build/data_plot/prefix_override:/usr/lib/python3/dist-packages/colcon_core/task/python/colcon_distutils_commands:/home/x/planning_with_ROS2_course/install/data_plot/lib/python3.10/site-packages:/home/x/planning_with_ROS2_course/install/base_msgs/local/lib/python3.10/dist-packages:${PYTHONPATH} /usr/bin/python3 -W ignore:setup.py install is deprecated -W ignore:easy_install command is deprecated setup.py egg_info --egg-base ../../build/data_plot build --build-base /home/x/planning_with_ROS2_course/build/data_plot/build install --record /home/x/planning_with_ROS2_course/build/data_plot/install.log --single-version-externally-managed install_data
