[0.566s] Invoking command in '/home/x/planning_with_ROS2_course/build/planning': CMAKE_PREFIX_PATH=/home/x/planning_with_ROS2_course/install/base_msgs:/home/x/planning_with_ROS2_course/install/planning:/home/x/planning_with_ROS2_course/install/data_plot:/opt/ros/humble LD_LIBRARY_PATH=/home/x/planning_with_ROS2_course/install/base_msgs/lib:/home/x/planning_with_ROS2_course/install/planning/lib:/home/x/planning_with_ROS2_course/install/planning/lib:/home/x/planning_with_ROS2_course/install/planning/lib:/opt/ros/humble/opt/rviz_ogre_vendor/lib:/opt/ros/humble/lib/x86_64-linux-gnu:/opt/ros/humble/lib /usr/bin/cmake --build /home/x/planning_with_ROS2_course/build/planning -- -j8 -l8
[0.674s] [  5%] Built target config_reader
[0.691s] [ 14%] Built target mathlibs
[0.711s] [35m[1mConsolidate compiler generated dependencies of target global_planner[0m
[0.768s] [ 17%] [32mBuilding CXX object src/global_planner/CMakeFiles/global_planner.dir/global_planner_normal/global_planner_normal.cpp.o[0m
[0.784s] [ 25%] Built target reference_line
[0.784s] [ 34%] Built target vehicle_info
[0.784s] [ 42%] Built target pnc_map_creator
[0.890s] [ 48%] Built target obs_move_cmd
[0.891s] [ 54%] Built target decision_center
[0.899s] [ 60%] Built target car_move_cmd
[1.010s] [ 65%] Built target pnc_map_server
[1.054s] [ 82%] Built target local_planner
[1.149s] [ 91%] Built target planning_process
[7.012s] [01m[K/home/x/planning_with_ROS2_course/src/planning/src/global_planner/global_planner_normal/global_planner_normal.cpp:[m[K In member function ‘[01m[Kvirtual nav_msgs::msg::Path Planning::GlobalPlannerNormal::search_global_path(const PNCMap&)[m[K’:
[7.012s] [01m[K/home/x/planning_with_ROS2_course/src/planning/src/global_planner/global_planner_normal/global_planner_normal.cpp:28:64:[m[K [01;35m[Kwarning: [m[Kunused parameter ‘[01m[Kpnc_map[m[K’ [[01;35m[K]8;;https://gcc.gnu.org/onlinedocs/gcc/Warning-Options.html#index-Wunused-parameter-Wunused-parameter]8;;[m[K]
[7.012s]    28 |     Path GlobalPlannerNormal::search_global_path([01;35m[Kconst PNCMap &pnc_map[m[K) // 搜索全局路径
[7.012s]       |                                                  [01;35m[K~~~~~~~~~~~~~~^~~~~~~[m[K
[8.413s] [ 94%] [32m[1mLinking CXX shared library libglobal_planner.so[0m
[8.654s] [ 94%] Built target global_planner
[8.675s] [35m[1mConsolidate compiler generated dependencies of target global_path_server[0m
[8.714s] [ 97%] [32mBuilding CXX object src/global_planner/CMakeFiles/global_path_server.dir/global_path_server.cpp.o[0m
[14.544s] [01m[K/home/x/planning_with_ROS2_course/src/planning/src/global_planner/global_path_server.cpp:[m[K In member function ‘[01m[Kvisualization_msgs::msg::Marker Planning::GlobalPathServer::path2marker(const Path&)[m[K’:
[14.545s] [01m[K/home/x/planning_with_ROS2_course/src/planning/src/global_planner/global_path_server.cpp:52:54:[m[K [01;35m[Kwarning: [m[Kunused parameter ‘[01m[Kpath[m[K’ [[01;35m[K]8;;https://gcc.gnu.org/onlinedocs/gcc/Warning-Options.html#index-Wunused-parameter-Wunused-parameter]8;;[m[K]
[14.545s]    52 |     Marker GlobalPathServer::path2marker([01;35m[Kconst Path &path[m[K)
[14.545s]       |                                          [01;35m[K~~~~~~~~~~~~^~~~[m[K
[20.413s] [100%] [32m[1mLinking CXX executable global_path_server[0m
[20.884s] [100%] Built target global_path_server
[20.902s] Invoked command in '/home/x/planning_with_ROS2_course/build/planning' returned '0': CMAKE_PREFIX_PATH=/home/x/planning_with_ROS2_course/install/base_msgs:/home/x/planning_with_ROS2_course/install/planning:/home/x/planning_with_ROS2_course/install/data_plot:/opt/ros/humble LD_LIBRARY_PATH=/home/x/planning_with_ROS2_course/install/base_msgs/lib:/home/x/planning_with_ROS2_course/install/planning/lib:/home/x/planning_with_ROS2_course/install/planning/lib:/home/x/planning_with_ROS2_course/install/planning/lib:/opt/ros/humble/opt/rviz_ogre_vendor/lib:/opt/ros/humble/lib/x86_64-linux-gnu:/opt/ros/humble/lib /usr/bin/cmake --build /home/x/planning_with_ROS2_course/build/planning -- -j8 -l8
[20.906s] Invoking command in '/home/x/planning_with_ROS2_course/build/planning': CMAKE_PREFIX_PATH=/home/x/planning_with_ROS2_course/install/base_msgs:/home/x/planning_with_ROS2_course/install/planning:/home/x/planning_with_ROS2_course/install/data_plot:/opt/ros/humble LD_LIBRARY_PATH=/home/x/planning_with_ROS2_course/install/base_msgs/lib:/home/x/planning_with_ROS2_course/install/planning/lib:/home/x/planning_with_ROS2_course/install/planning/lib:/home/x/planning_with_ROS2_course/install/planning/lib:/opt/ros/humble/opt/rviz_ogre_vendor/lib:/opt/ros/humble/lib/x86_64-linux-gnu:/opt/ros/humble/lib /usr/bin/cmake --install /home/x/planning_with_ROS2_course/build/planning
[20.922s] -- Install configuration: ""
[20.925s] -- Up-to-date: /home/x/planning_with_ROS2_course/install/planning/lib/libconfig_reader.so
[20.927s] -- Up-to-date: /home/x/planning_with_ROS2_course/install/planning/lib/libmathlibs.so
[20.927s] -- Up-to-date: /home/x/planning_with_ROS2_course/install/planning/lib/libdecision_center.so
[20.927s] -- Up-to-date: /home/x/planning_with_ROS2_course/install/planning/lib/libpnc_map_creator.so
[20.927s] -- Up-to-date: /home/x/planning_with_ROS2_course/install/planning/lib/planning/pnc_map_server
[20.927s] -- Installing: /home/x/planning_with_ROS2_course/install/planning/lib/libglobal_planner.so
[20.928s] -- Set runtime path of "/home/x/planning_with_ROS2_course/install/planning/lib/libglobal_planner.so" to ""
[20.928s] -- Installing: /home/x/planning_with_ROS2_course/install/planning/lib/planning/global_path_server
[20.932s] -- Set runtime path of "/home/x/planning_with_ROS2_course/install/planning/lib/planning/global_path_server" to ""
[20.932s] -- Up-to-date: /home/x/planning_with_ROS2_course/install/planning/lib/liblocal_planner.so
[20.932s] -- Up-to-date: /home/x/planning_with_ROS2_course/install/planning/lib/libreference_line.so
[20.933s] -- Up-to-date: /home/x/planning_with_ROS2_course/install/planning/lib/libvehicle_info.so
[20.934s] -- Up-to-date: /home/x/planning_with_ROS2_course/install/planning/lib/planning/planning_process
[20.934s] -- Up-to-date: /home/x/planning_with_ROS2_course/install/planning/lib/planning/car_move_cmd
[20.935s] -- Up-to-date: /home/x/planning_with_ROS2_course/install/planning/lib/planning/obs_move_cmd
[20.935s] -- Up-to-date: /home/x/planning_with_ROS2_course/install/planning/share/planning/config
[20.935s] -- Up-to-date: /home/x/planning_with_ROS2_course/install/planning/share/planning/config/planning_static_obs_config.yaml
[20.935s] -- Up-to-date: /home/x/planning_with_ROS2_course/install/planning/share/planning/launch
[20.936s] -- Up-to-date: /home/x/planning_with_ROS2_course/install/planning/share/planning/launch/planning_launch.py
[20.936s] -- Up-to-date: /home/x/planning_with_ROS2_course/install/planning/share/planning/urdf
[20.936s] -- Up-to-date: /home/x/planning_with_ROS2_course/install/planning/share/planning/urdf/obs_car
[20.936s] -- Up-to-date: /home/x/planning_with_ROS2_course/install/planning/share/planning/urdf/obs_car/obs_car.xacro
[20.936s] -- Up-to-date: /home/x/planning_with_ROS2_course/install/planning/share/planning/urdf/main_car
[20.936s] -- Up-to-date: /home/x/planning_with_ROS2_course/install/planning/share/planning/urdf/main_car/car.xacro
[20.936s] -- Up-to-date: /home/x/planning_with_ROS2_course/install/planning/share/planning/urdf/main_car/car_radar.xacro
[20.936s] -- Up-to-date: /home/x/planning_with_ROS2_course/install/planning/share/planning/urdf/main_car/car_wheels.xacro
[20.937s] -- Up-to-date: /home/x/planning_with_ROS2_course/install/planning/share/planning/urdf/main_car/car_camera.xacro
[20.937s] -- Up-to-date: /home/x/planning_with_ROS2_course/install/planning/share/planning/urdf/main_car/car_base.xacro
[20.937s] -- Up-to-date: /home/x/planning_with_ROS2_course/install/planning/share/planning/rviz
[20.937s] -- Up-to-date: /home/x/planning_with_ROS2_course/install/planning/share/planning/rviz/planning.rviz
[20.937s] -- Up-to-date: /home/x/planning_with_ROS2_course/install/planning/share/ament_index/resource_index/package_run_dependencies/planning
[20.937s] -- Up-to-date: /home/x/planning_with_ROS2_course/install/planning/share/ament_index/resource_index/parent_prefix_path/planning
[20.937s] -- Up-to-date: /home/x/planning_with_ROS2_course/install/planning/share/planning/environment/ament_prefix_path.sh
[20.937s] -- Up-to-date: /home/x/planning_with_ROS2_course/install/planning/share/planning/environment/ament_prefix_path.dsv
[20.937s] -- Up-to-date: /home/x/planning_with_ROS2_course/install/planning/share/planning/environment/path.sh
[20.937s] -- Up-to-date: /home/x/planning_with_ROS2_course/install/planning/share/planning/environment/path.dsv
[20.937s] -- Up-to-date: /home/x/planning_with_ROS2_course/install/planning/share/planning/local_setup.bash
[20.937s] -- Up-to-date: /home/x/planning_with_ROS2_course/install/planning/share/planning/local_setup.sh
[20.938s] -- Up-to-date: /home/x/planning_with_ROS2_course/install/planning/share/planning/local_setup.zsh
[20.938s] -- Up-to-date: /home/x/planning_with_ROS2_course/install/planning/share/planning/local_setup.dsv
[20.938s] -- Installing: /home/x/planning_with_ROS2_course/install/planning/share/planning/package.dsv
[20.938s] -- Up-to-date: /home/x/planning_with_ROS2_course/install/planning/share/ament_index/resource_index/packages/planning
[20.938s] -- Up-to-date: /home/x/planning_with_ROS2_course/install/planning/share/planning/cmake/planningConfig.cmake
[20.938s] -- Up-to-date: /home/x/planning_with_ROS2_course/install/planning/share/planning/cmake/planningConfig-version.cmake
[20.938s] -- Up-to-date: /home/x/planning_with_ROS2_course/install/planning/share/planning/package.xml
[20.942s] Invoked command in '/home/x/planning_with_ROS2_course/build/planning' returned '0': CMAKE_PREFIX_PATH=/home/x/planning_with_ROS2_course/install/base_msgs:/home/x/planning_with_ROS2_course/install/planning:/home/x/planning_with_ROS2_course/install/data_plot:/opt/ros/humble LD_LIBRARY_PATH=/home/x/planning_with_ROS2_course/install/base_msgs/lib:/home/x/planning_with_ROS2_course/install/planning/lib:/home/x/planning_with_ROS2_course/install/planning/lib:/home/x/planning_with_ROS2_course/install/planning/lib:/opt/ros/humble/opt/rviz_ogre_vendor/lib:/opt/ros/humble/lib/x86_64-linux-gnu:/opt/ros/humble/lib /usr/bin/cmake --install /home/x/planning_with_ROS2_course/build/planning
