[0.594s] Invoking command in '/home/x/planning_with_ROS2_course/build/planning': CMAKE_PREFIX_PATH=/home/x/planning_with_ROS2_course/install/base_msgs:/home/x/planning_with_ROS2_course/install/planning:/home/x/planning_with_ROS2_course/install/data_plot:/opt/ros/humble LD_LIBRARY_PATH=/home/x/planning_with_ROS2_course/install/base_msgs/lib:/home/x/planning_with_ROS2_course/install/planning/lib:/home/x/planning_with_ROS2_course/install/planning/lib:/home/x/planning_with_ROS2_course/install/planning/lib:/opt/ros/humble/opt/rviz_ogre_vendor/lib:/opt/ros/humble/lib/x86_64-linux-gnu:/opt/ros/humble/lib /usr/bin/cmake --build /home/x/planning_with_ROS2_course/build/planning -- -j8 -l8
[0.708s] [  2%] [32mBuilding CXX object src/common/CMakeFiles/mathlibs.dir/math/curve.cpp.o[0m
[0.708s] [  8%] Built target config_reader
[0.763s] [ 14%] Built target global_planner
[0.766s] [ 22%] Built target pnc_map_creator
[0.813s] [ 28%] Built target global_path_server
[0.815s] [ 34%] Built target pnc_map_server
[8.712s] [ 37%] [32m[1mLinking CXX shared library libmathlibs.so[0m
[9.287s] [ 40%] Built target mathlibs
[9.333s] [ 42%] [32mBuilding CXX object src/vehicle_info/CMakeFiles/vehicle_info.dir/main_car/main_car_info.cpp.o[0m
[9.334s] [ 45%] [32mBuilding CXX object src/vehicle_info/CMakeFiles/vehicle_info.dir/obs_car/obs_car_info.cpp.o[0m
[9.340s] [ 48%] [32mBuilding CXX object src/reference_line/CMakeFiles/reference_line.dir/reference_line_creator.cpp.o[0m
[27.535s] [ 51%] [32m[1mLinking CXX shared library libvehicle_info.so[0m
[28.182s] [ 51%] Built target vehicle_info
[28.297s] [ 54%] [32mBuilding CXX object src/move_cmd/CMakeFiles/car_move_cmd.dir/car_move_cmd.cpp.o[0m
[28.319s] [ 57%] [32mBuilding CXX object src/move_cmd/CMakeFiles/obs_move_cmd.dir/obs_move_cmd.cpp.o[0m
[28.330s] [ 60%] [32mBuilding CXX object src/decision_center/CMakeFiles/decision_center.dir/decision_center.cpp.o[0m
[30.894s] [ 62%] [32m[1mLinking CXX shared library libreference_line.so[0m
[31.488s] [ 65%] Built target reference_line
[42.221s] [ 68%] [32m[1mLinking CXX executable car_move_cmd[0m
[42.230s] [ 71%] [32m[1mLinking CXX shared library libdecision_center.so[0m
[42.641s] [ 71%] Built target decision_center
[42.741s] [ 74%] [32mBuilding CXX object src/local_planner/CMakeFiles/local_planner.dir/local_path/local_path_planner.cpp.o[0m
[42.746s] [ 77%] [32mBuilding CXX object src/local_planner/CMakeFiles/local_planner.dir/local_speeds/local_speeds_planner.cpp.o[0m
[42.849s] [ 80%] [32m[1mLinking CXX executable obs_move_cmd[0m
[42.943s] [ 80%] Built target car_move_cmd
[43.538s] [ 80%] Built target obs_move_cmd
[55.661s] [ 82%] [32m[1mLinking CXX shared library liblocal_planner.so[0m
[56.180s] [ 91%] Built target local_planner
[56.255s] [ 94%] [32mBuilding CXX object src/planning_process/CMakeFiles/planning_process.dir/planning_process_main.cpp.o[0m
[56.263s] [ 97%] [32mBuilding CXX object src/planning_process/CMakeFiles/planning_process.dir/planning_process.cpp.o[0m
[75.118s] [100%] [32m[1mLinking CXX executable planning_process[0m
[75.699s] [100%] Built target planning_process
[75.724s] Invoked command in '/home/x/planning_with_ROS2_course/build/planning' returned '0': CMAKE_PREFIX_PATH=/home/x/planning_with_ROS2_course/install/base_msgs:/home/x/planning_with_ROS2_course/install/planning:/home/x/planning_with_ROS2_course/install/data_plot:/opt/ros/humble LD_LIBRARY_PATH=/home/x/planning_with_ROS2_course/install/base_msgs/lib:/home/x/planning_with_ROS2_course/install/planning/lib:/home/x/planning_with_ROS2_course/install/planning/lib:/home/x/planning_with_ROS2_course/install/planning/lib:/opt/ros/humble/opt/rviz_ogre_vendor/lib:/opt/ros/humble/lib/x86_64-linux-gnu:/opt/ros/humble/lib /usr/bin/cmake --build /home/x/planning_with_ROS2_course/build/planning -- -j8 -l8
[75.729s] Invoking command in '/home/x/planning_with_ROS2_course/build/planning': CMAKE_PREFIX_PATH=/home/x/planning_with_ROS2_course/install/base_msgs:/home/x/planning_with_ROS2_course/install/planning:/home/x/planning_with_ROS2_course/install/data_plot:/opt/ros/humble LD_LIBRARY_PATH=/home/x/planning_with_ROS2_course/install/base_msgs/lib:/home/x/planning_with_ROS2_course/install/planning/lib:/home/x/planning_with_ROS2_course/install/planning/lib:/home/x/planning_with_ROS2_course/install/planning/lib:/opt/ros/humble/opt/rviz_ogre_vendor/lib:/opt/ros/humble/lib/x86_64-linux-gnu:/opt/ros/humble/lib /usr/bin/cmake --install /home/x/planning_with_ROS2_course/build/planning
[75.745s] -- Install configuration: ""
[75.747s] -- Up-to-date: /home/x/planning_with_ROS2_course/install/planning/lib/libconfig_reader.so
[75.750s] -- Installing: /home/x/planning_with_ROS2_course/install/planning/lib/libmathlibs.so
[75.751s] -- Set runtime path of "/home/x/planning_with_ROS2_course/install/planning/lib/libmathlibs.so" to ""
[75.755s] -- Installing: /home/x/planning_with_ROS2_course/install/planning/lib/libdecision_center.so
[75.755s] -- Set runtime path of "/home/x/planning_with_ROS2_course/install/planning/lib/libdecision_center.so" to ""
[75.758s] -- Up-to-date: /home/x/planning_with_ROS2_course/install/planning/lib/libpnc_map_creator.so
[75.763s] -- Up-to-date: /home/x/planning_with_ROS2_course/install/planning/lib/planning/pnc_map_server
[75.763s] -- Up-to-date: /home/x/planning_with_ROS2_course/install/planning/lib/libglobal_planner.so
[75.763s] -- Up-to-date: /home/x/planning_with_ROS2_course/install/planning/lib/planning/global_path_server
[75.770s] -- Installing: /home/x/planning_with_ROS2_course/install/planning/lib/liblocal_planner.so
[75.770s] -- Set runtime path of "/home/x/planning_with_ROS2_course/install/planning/lib/liblocal_planner.so" to ""
[75.771s] -- Installing: /home/x/planning_with_ROS2_course/install/planning/lib/libreference_line.so
[75.771s] -- Set runtime path of "/home/x/planning_with_ROS2_course/install/planning/lib/libreference_line.so" to ""
[75.772s] -- Installing: /home/x/planning_with_ROS2_course/install/planning/lib/libvehicle_info.so
[75.774s] -- Set runtime path of "/home/x/planning_with_ROS2_course/install/planning/lib/libvehicle_info.so" to ""
[75.774s] -- Installing: /home/x/planning_with_ROS2_course/install/planning/lib/planning/planning_process
[75.787s] -- Set runtime path of "/home/x/planning_with_ROS2_course/install/planning/lib/planning/planning_process" to ""
[75.790s] -- Installing: /home/x/planning_with_ROS2_course/install/planning/lib/planning/car_move_cmd
[75.790s] -- Set runtime path of "/home/x/planning_with_ROS2_course/install/planning/lib/planning/car_move_cmd" to ""
[75.791s] -- Installing: /home/x/planning_with_ROS2_course/install/planning/lib/planning/obs_move_cmd
[75.791s] -- Set runtime path of "/home/x/planning_with_ROS2_course/install/planning/lib/planning/obs_move_cmd" to ""
[75.791s] -- Up-to-date: /home/x/planning_with_ROS2_course/install/planning/share/planning/config
[75.791s] -- Up-to-date: /home/x/planning_with_ROS2_course/install/planning/share/planning/config/planning_static_obs_config.yaml
[75.791s] -- Up-to-date: /home/x/planning_with_ROS2_course/install/planning/share/planning/launch
[75.792s] -- Up-to-date: /home/x/planning_with_ROS2_course/install/planning/share/planning/launch/planning_launch.py
[75.792s] -- Up-to-date: /home/x/planning_with_ROS2_course/install/planning/share/planning/urdf
[75.792s] -- Up-to-date: /home/x/planning_with_ROS2_course/install/planning/share/planning/urdf/obs_car
[75.792s] -- Up-to-date: /home/x/planning_with_ROS2_course/install/planning/share/planning/urdf/obs_car/obs_car.xacro
[75.792s] -- Up-to-date: /home/x/planning_with_ROS2_course/install/planning/share/planning/urdf/main_car
[75.792s] -- Up-to-date: /home/x/planning_with_ROS2_course/install/planning/share/planning/urdf/main_car/car.xacro
[75.792s] -- Up-to-date: /home/x/planning_with_ROS2_course/install/planning/share/planning/urdf/main_car/car_radar.xacro
[75.792s] -- Up-to-date: /home/x/planning_with_ROS2_course/install/planning/share/planning/urdf/main_car/car_wheels.xacro
[75.792s] -- Up-to-date: /home/x/planning_with_ROS2_course/install/planning/share/planning/urdf/main_car/car_camera.xacro
[75.792s] -- Up-to-date: /home/x/planning_with_ROS2_course/install/planning/share/planning/urdf/main_car/car_base.xacro
[75.792s] -- Up-to-date: /home/x/planning_with_ROS2_course/install/planning/share/planning/rviz
[75.793s] -- Up-to-date: /home/x/planning_with_ROS2_course/install/planning/share/planning/rviz/planning.rviz
[75.793s] -- Up-to-date: /home/x/planning_with_ROS2_course/install/planning/share/ament_index/resource_index/package_run_dependencies/planning
[75.793s] -- Up-to-date: /home/x/planning_with_ROS2_course/install/planning/share/ament_index/resource_index/parent_prefix_path/planning
[75.793s] -- Up-to-date: /home/x/planning_with_ROS2_course/install/planning/share/planning/environment/ament_prefix_path.sh
[75.793s] -- Up-to-date: /home/x/planning_with_ROS2_course/install/planning/share/planning/environment/ament_prefix_path.dsv
[75.793s] -- Up-to-date: /home/x/planning_with_ROS2_course/install/planning/share/planning/environment/path.sh
[75.793s] -- Up-to-date: /home/x/planning_with_ROS2_course/install/planning/share/planning/environment/path.dsv
[75.793s] -- Up-to-date: /home/x/planning_with_ROS2_course/install/planning/share/planning/local_setup.bash
[75.793s] -- Up-to-date: /home/x/planning_with_ROS2_course/install/planning/share/planning/local_setup.sh
[75.793s] -- Up-to-date: /home/x/planning_with_ROS2_course/install/planning/share/planning/local_setup.zsh
[75.793s] -- Up-to-date: /home/x/planning_with_ROS2_course/install/planning/share/planning/local_setup.dsv
[75.793s] -- Installing: /home/x/planning_with_ROS2_course/install/planning/share/planning/package.dsv
[75.794s] -- Up-to-date: /home/x/planning_with_ROS2_course/install/planning/share/ament_index/resource_index/packages/planning
[75.795s] -- Up-to-date: /home/x/planning_with_ROS2_course/install/planning/share/planning/cmake/planningConfig.cmake
[75.795s] -- Up-to-date: /home/x/planning_with_ROS2_course/install/planning/share/planning/cmake/planningConfig-version.cmake
[75.795s] -- Up-to-date: /home/x/planning_with_ROS2_course/install/planning/share/planning/package.xml
[75.802s] Invoked command in '/home/x/planning_with_ROS2_course/build/planning' returned '0': CMAKE_PREFIX_PATH=/home/x/planning_with_ROS2_course/install/base_msgs:/home/x/planning_with_ROS2_course/install/planning:/home/x/planning_with_ROS2_course/install/data_plot:/opt/ros/humble LD_LIBRARY_PATH=/home/x/planning_with_ROS2_course/install/base_msgs/lib:/home/x/planning_with_ROS2_course/install/planning/lib:/home/x/planning_with_ROS2_course/install/planning/lib:/home/x/planning_with_ROS2_course/install/planning/lib:/opt/ros/humble/opt/rviz_ogre_vendor/lib:/opt/ros/humble/lib/x86_64-linux-gnu:/opt/ros/humble/lib /usr/bin/cmake --install /home/x/planning_with_ROS2_course/build/planning
