[0.219s] DEBUG:colcon:Command line arguments: ['/usr/bin/colcon', 'build']
[0.219s] DEBUG:colcon:Parsed command line arguments: Namespace(log_base=None, log_level=None, verb_name='build', build_base='build', install_base='install', merge_install=False, symlink_install=False, test_result_base=None, continue_on_error=False, executor='parallel', parallel_workers=8, event_handlers=None, ignore_user_meta=False, metas=['./colcon.meta'], base_paths=['.'], packages_ignore=None, packages_ignore_regex=None, paths=None, packages_up_to=None, packages_up_to_regex=None, packages_above=None, packages_above_and_dependencies=None, packages_above_depth=None, packages_select_by_dep=None, packages_skip_by_dep=None, packages_skip_up_to=None, packages_select_build_failed=False, packages_skip_build_finished=False, packages_select_test_failures=False, packages_skip_test_passed=False, packages_select=None, packages_skip=None, packages_select_regex=None, packages_skip_regex=None, packages_start=None, packages_end=None, allow_overriding=[], cmake_args=None, cmake_target=None, cmake_target_skip_unavailable=False, cmake_clean_cache=False, cmake_clean_first=False, cmake_force_configure=False, ament_cmake_args=None, catkin_cmake_args=None, catkin_skip_building_tests=False, verb_parser=<colcon_defaults.argument_parser.defaults.DefaultArgumentsDecorator object at 0x723642f1fb80>, verb_extension=<colcon_core.verb.build.BuildVerb object at 0x723643054400>, main=<bound method BuildVerb.main of <colcon_core.verb.build.BuildVerb object at 0x723643054400>>)
[0.534s] Level 1:colcon.colcon_core.package_discovery:discover_packages(colcon_meta) check parameters
[0.534s] Level 1:colcon.colcon_core.package_discovery:discover_packages(recursive) check parameters
[0.535s] Level 1:colcon.colcon_core.package_discovery:discover_packages(ignore) check parameters
[0.535s] Level 1:colcon.colcon_core.package_discovery:discover_packages(path) check parameters
[0.535s] Level 1:colcon.colcon_core.package_discovery:discover_packages(colcon_meta) discover
[0.536s] Level 1:colcon.colcon_core.package_discovery:discover_packages(recursive) discover
[0.536s] INFO:colcon.colcon_core.package_discovery:Crawling recursively for packages in '/home/x/planning_with_ROS2_course'
[0.536s] Level 1:colcon.colcon_core.package_identification:_identify(.) by extensions ['ignore', 'ignore_ament_install']
[0.536s] Level 1:colcon.colcon_core.package_identification:_identify(.) by extension 'ignore'
[0.536s] Level 1:colcon.colcon_core.package_identification:_identify(.) by extension 'ignore_ament_install'
[0.536s] Level 1:colcon.colcon_core.package_identification:_identify(.) by extensions ['colcon_pkg']
[0.536s] Level 1:colcon.colcon_core.package_identification:_identify(.) by extension 'colcon_pkg'
[0.536s] Level 1:colcon.colcon_core.package_identification:_identify(.) by extensions ['colcon_meta']
[0.536s] Level 1:colcon.colcon_core.package_identification:_identify(.) by extension 'colcon_meta'
[0.536s] Level 1:colcon.colcon_core.package_identification:_identify(.) by extensions ['ros']
[0.536s] Level 1:colcon.colcon_core.package_identification:_identify(.) by extension 'ros'
[0.563s] Level 1:colcon.colcon_core.package_identification:_identify(.) by extensions ['cmake', 'python']
[0.564s] Level 1:colcon.colcon_core.package_identification:_identify(.) by extension 'cmake'
[0.564s] Level 1:colcon.colcon_core.package_identification:_identify(.) by extension 'python'
[0.564s] Level 1:colcon.colcon_core.package_identification:_identify(.) by extensions ['python_setup_py']
[0.564s] Level 1:colcon.colcon_core.package_identification:_identify(.) by extension 'python_setup_py'
[0.564s] Level 1:colcon.colcon_core.package_identification:_identify(build) by extensions ['ignore', 'ignore_ament_install']
[0.564s] Level 1:colcon.colcon_core.package_identification:_identify(build) by extension 'ignore'
[0.564s] Level 1:colcon.colcon_core.package_identification:_identify(build) ignored
[0.564s] Level 1:colcon.colcon_core.package_identification:_identify(install) by extensions ['ignore', 'ignore_ament_install']
[0.565s] Level 1:colcon.colcon_core.package_identification:_identify(install) by extension 'ignore'
[0.565s] Level 1:colcon.colcon_core.package_identification:_identify(install) ignored
[0.565s] Level 1:colcon.colcon_core.package_identification:_identify(log) by extensions ['ignore', 'ignore_ament_install']
[0.565s] Level 1:colcon.colcon_core.package_identification:_identify(log) by extension 'ignore'
[0.565s] Level 1:colcon.colcon_core.package_identification:_identify(log) ignored
[0.566s] Level 1:colcon.colcon_core.package_identification:_identify(src) by extensions ['ignore', 'ignore_ament_install']
[0.566s] Level 1:colcon.colcon_core.package_identification:_identify(src) by extension 'ignore'
[0.566s] Level 1:colcon.colcon_core.package_identification:_identify(src) by extension 'ignore_ament_install'
[0.566s] Level 1:colcon.colcon_core.package_identification:_identify(src) by extensions ['colcon_pkg']
[0.566s] Level 1:colcon.colcon_core.package_identification:_identify(src) by extension 'colcon_pkg'
[0.566s] Level 1:colcon.colcon_core.package_identification:_identify(src) by extensions ['colcon_meta']
[0.566s] Level 1:colcon.colcon_core.package_identification:_identify(src) by extension 'colcon_meta'
[0.566s] Level 1:colcon.colcon_core.package_identification:_identify(src) by extensions ['ros']
[0.566s] Level 1:colcon.colcon_core.package_identification:_identify(src) by extension 'ros'
[0.566s] Level 1:colcon.colcon_core.package_identification:_identify(src) by extensions ['cmake', 'python']
[0.566s] Level 1:colcon.colcon_core.package_identification:_identify(src) by extension 'cmake'
[0.566s] Level 1:colcon.colcon_core.package_identification:_identify(src) by extension 'python'
[0.566s] Level 1:colcon.colcon_core.package_identification:_identify(src) by extensions ['python_setup_py']
[0.566s] Level 1:colcon.colcon_core.package_identification:_identify(src) by extension 'python_setup_py'
[0.566s] Level 1:colcon.colcon_core.package_identification:_identify(src/base_msgs) by extensions ['ignore', 'ignore_ament_install']
[0.567s] Level 1:colcon.colcon_core.package_identification:_identify(src/base_msgs) by extension 'ignore'
[0.567s] Level 1:colcon.colcon_core.package_identification:_identify(src/base_msgs) by extension 'ignore_ament_install'
[0.567s] Level 1:colcon.colcon_core.package_identification:_identify(src/base_msgs) by extensions ['colcon_pkg']
[0.567s] Level 1:colcon.colcon_core.package_identification:_identify(src/base_msgs) by extension 'colcon_pkg'
[0.567s] Level 1:colcon.colcon_core.package_identification:_identify(src/base_msgs) by extensions ['colcon_meta']
[0.567s] Level 1:colcon.colcon_core.package_identification:_identify(src/base_msgs) by extension 'colcon_meta'
[0.567s] Level 1:colcon.colcon_core.package_identification:_identify(src/base_msgs) by extensions ['ros']
[0.567s] Level 1:colcon.colcon_core.package_identification:_identify(src/base_msgs) by extension 'ros'
[0.573s] DEBUG:colcon.colcon_core.package_identification:Package 'src/base_msgs' with type 'ros.ament_cmake' and name 'base_msgs'
[0.573s] Level 1:colcon.colcon_core.package_identification:_identify(src/data_plot) by extensions ['ignore', 'ignore_ament_install']
[0.573s] Level 1:colcon.colcon_core.package_identification:_identify(src/data_plot) by extension 'ignore'
[0.573s] Level 1:colcon.colcon_core.package_identification:_identify(src/data_plot) by extension 'ignore_ament_install'
[0.574s] Level 1:colcon.colcon_core.package_identification:_identify(src/data_plot) by extensions ['colcon_pkg']
[0.574s] Level 1:colcon.colcon_core.package_identification:_identify(src/data_plot) by extension 'colcon_pkg'
[0.574s] Level 1:colcon.colcon_core.package_identification:_identify(src/data_plot) by extensions ['colcon_meta']
[0.574s] Level 1:colcon.colcon_core.package_identification:_identify(src/data_plot) by extension 'colcon_meta'
[0.574s] Level 1:colcon.colcon_core.package_identification:_identify(src/data_plot) by extensions ['ros']
[0.574s] Level 1:colcon.colcon_core.package_identification:_identify(src/data_plot) by extension 'ros'
[0.575s] DEBUG:colcon.colcon_core.package_identification:Package 'src/data_plot' with type 'ros.ament_python' and name 'data_plot'
[0.576s] Level 1:colcon.colcon_core.package_identification:_identify(src/planning) by extensions ['ignore', 'ignore_ament_install']
[0.576s] Level 1:colcon.colcon_core.package_identification:_identify(src/planning) by extension 'ignore'
[0.576s] Level 1:colcon.colcon_core.package_identification:_identify(src/planning) by extension 'ignore_ament_install'
[0.576s] Level 1:colcon.colcon_core.package_identification:_identify(src/planning) by extensions ['colcon_pkg']
[0.576s] Level 1:colcon.colcon_core.package_identification:_identify(src/planning) by extension 'colcon_pkg'
[0.576s] Level 1:colcon.colcon_core.package_identification:_identify(src/planning) by extensions ['colcon_meta']
[0.576s] Level 1:colcon.colcon_core.package_identification:_identify(src/planning) by extension 'colcon_meta'
[0.576s] Level 1:colcon.colcon_core.package_identification:_identify(src/planning) by extensions ['ros']
[0.576s] Level 1:colcon.colcon_core.package_identification:_identify(src/planning) by extension 'ros'
[0.578s] DEBUG:colcon.colcon_core.package_identification:Package 'src/planning' with type 'ros.ament_cmake' and name 'planning'
[0.578s] Level 1:colcon.colcon_core.package_discovery:discover_packages(recursive) using defaults
[0.578s] Level 1:colcon.colcon_core.package_discovery:discover_packages(ignore) discover
[0.578s] Level 1:colcon.colcon_core.package_discovery:discover_packages(ignore) using defaults
[0.578s] Level 1:colcon.colcon_core.package_discovery:discover_packages(path) discover
[0.578s] Level 1:colcon.colcon_core.package_discovery:discover_packages(path) using defaults
[0.621s] Level 1:colcon.colcon_core.package_discovery:discover_packages(prefix_path) check parameters
[0.621s] Level 1:colcon.colcon_core.package_discovery:discover_packages(prefix_path) discover
[0.625s] DEBUG:colcon.colcon_installed_package_information.package_discovery:Found 3 installed packages in /home/x/planning_with_ROS2_course/install
[0.627s] DEBUG:colcon.colcon_installed_package_information.package_discovery:Found 275 installed packages in /opt/ros/humble
[0.645s] Level 1:colcon.colcon_core.package_discovery:discover_packages(prefix_path) using defaults
[0.701s] Level 5:colcon.colcon_core.verb:set package 'base_msgs' build argument 'cmake_args' from command line to 'None'
[0.701s] Level 5:colcon.colcon_core.verb:set package 'base_msgs' build argument 'cmake_target' from command line to 'None'
[0.701s] Level 5:colcon.colcon_core.verb:set package 'base_msgs' build argument 'cmake_target_skip_unavailable' from command line to 'False'
[0.701s] Level 5:colcon.colcon_core.verb:set package 'base_msgs' build argument 'cmake_clean_cache' from command line to 'False'
[0.701s] Level 5:colcon.colcon_core.verb:set package 'base_msgs' build argument 'cmake_clean_first' from command line to 'False'
[0.701s] Level 5:colcon.colcon_core.verb:set package 'base_msgs' build argument 'cmake_force_configure' from command line to 'False'
[0.701s] Level 5:colcon.colcon_core.verb:set package 'base_msgs' build argument 'ament_cmake_args' from command line to 'None'
[0.701s] Level 5:colcon.colcon_core.verb:set package 'base_msgs' build argument 'catkin_cmake_args' from command line to 'None'
[0.701s] Level 5:colcon.colcon_core.verb:set package 'base_msgs' build argument 'catkin_skip_building_tests' from command line to 'False'
[0.701s] DEBUG:colcon.colcon_core.verb:Building package 'base_msgs' with the following arguments: {'ament_cmake_args': None, 'build_base': '/home/x/planning_with_ROS2_course/build/base_msgs', 'catkin_cmake_args': None, 'catkin_skip_building_tests': False, 'cmake_args': None, 'cmake_clean_cache': False, 'cmake_clean_first': False, 'cmake_force_configure': False, 'cmake_target': None, 'cmake_target_skip_unavailable': False, 'install_base': '/home/x/planning_with_ROS2_course/install/base_msgs', 'merge_install': False, 'path': '/home/x/planning_with_ROS2_course/src/base_msgs', 'symlink_install': False, 'test_result_base': None}
[0.702s] Level 5:colcon.colcon_core.verb:set package 'data_plot' build argument 'cmake_args' from command line to 'None'
[0.702s] Level 5:colcon.colcon_core.verb:set package 'data_plot' build argument 'cmake_target' from command line to 'None'
[0.702s] Level 5:colcon.colcon_core.verb:set package 'data_plot' build argument 'cmake_target_skip_unavailable' from command line to 'False'
[0.702s] Level 5:colcon.colcon_core.verb:set package 'data_plot' build argument 'cmake_clean_cache' from command line to 'False'
[0.703s] Level 5:colcon.colcon_core.verb:set package 'data_plot' build argument 'cmake_clean_first' from command line to 'False'
[0.703s] Level 5:colcon.colcon_core.verb:set package 'data_plot' build argument 'cmake_force_configure' from command line to 'False'
[0.703s] Level 5:colcon.colcon_core.verb:set package 'data_plot' build argument 'ament_cmake_args' from command line to 'None'
[0.703s] Level 5:colcon.colcon_core.verb:set package 'data_plot' build argument 'catkin_cmake_args' from command line to 'None'
[0.703s] Level 5:colcon.colcon_core.verb:set package 'data_plot' build argument 'catkin_skip_building_tests' from command line to 'False'
[0.703s] DEBUG:colcon.colcon_core.verb:Building package 'data_plot' with the following arguments: {'ament_cmake_args': None, 'build_base': '/home/x/planning_with_ROS2_course/build/data_plot', 'catkin_cmake_args': None, 'catkin_skip_building_tests': False, 'cmake_args': None, 'cmake_clean_cache': False, 'cmake_clean_first': False, 'cmake_force_configure': False, 'cmake_target': None, 'cmake_target_skip_unavailable': False, 'install_base': '/home/x/planning_with_ROS2_course/install/data_plot', 'merge_install': False, 'path': '/home/x/planning_with_ROS2_course/src/data_plot', 'symlink_install': False, 'test_result_base': None}
[0.703s] Level 5:colcon.colcon_core.verb:set package 'planning' build argument 'cmake_args' from command line to 'None'
[0.703s] Level 5:colcon.colcon_core.verb:set package 'planning' build argument 'cmake_target' from command line to 'None'
[0.703s] Level 5:colcon.colcon_core.verb:set package 'planning' build argument 'cmake_target_skip_unavailable' from command line to 'False'
[0.703s] Level 5:colcon.colcon_core.verb:set package 'planning' build argument 'cmake_clean_cache' from command line to 'False'
[0.703s] Level 5:colcon.colcon_core.verb:set package 'planning' build argument 'cmake_clean_first' from command line to 'False'
[0.703s] Level 5:colcon.colcon_core.verb:set package 'planning' build argument 'cmake_force_configure' from command line to 'False'
[0.703s] Level 5:colcon.colcon_core.verb:set package 'planning' build argument 'ament_cmake_args' from command line to 'None'
[0.703s] Level 5:colcon.colcon_core.verb:set package 'planning' build argument 'catkin_cmake_args' from command line to 'None'
[0.704s] Level 5:colcon.colcon_core.verb:set package 'planning' build argument 'catkin_skip_building_tests' from command line to 'False'
[0.704s] DEBUG:colcon.colcon_core.verb:Building package 'planning' with the following arguments: {'ament_cmake_args': None, 'build_base': '/home/x/planning_with_ROS2_course/build/planning', 'catkin_cmake_args': None, 'catkin_skip_building_tests': False, 'cmake_args': None, 'cmake_clean_cache': False, 'cmake_clean_first': False, 'cmake_force_configure': False, 'cmake_target': None, 'cmake_target_skip_unavailable': False, 'install_base': '/home/x/planning_with_ROS2_course/install/planning', 'merge_install': False, 'path': '/home/x/planning_with_ROS2_course/src/planning', 'symlink_install': False, 'test_result_base': None}
[0.704s] INFO:colcon.colcon_core.executor:Executing jobs using 'parallel' executor
[0.705s] DEBUG:colcon.colcon_parallel_executor.executor.parallel:run_until_complete
[0.706s] INFO:colcon.colcon_ros.task.ament_cmake.build:Building ROS package in '/home/x/planning_with_ROS2_course/src/base_msgs' with build type 'ament_cmake'
[0.706s] INFO:colcon.colcon_cmake.task.cmake.build:Building CMake package in '/home/x/planning_with_ROS2_course/src/base_msgs'
[0.710s] INFO:colcon.colcon_core.plugin_system:Skipping extension 'colcon_core.shell.bat': Not used on non-Windows systems
[0.710s] INFO:colcon.colcon_core.shell:Skip shell extension 'powershell' for command environment: Not usable outside of PowerShell
[0.710s] DEBUG:colcon.colcon_core.shell:Skip shell extension 'dsv' for command environment
[0.727s] DEBUG:colcon.colcon_core.event_handler.log_command:Invoking command in '/home/x/planning_with_ROS2_course/build/base_msgs': CMAKE_PREFIX_PATH=${CMAKE_PREFIX_PATH}:/home/x/planning_with_ROS2_course/install/data_plot:/opt/ros/humble /usr/bin/cmake --build /home/x/planning_with_ROS2_course/build/base_msgs -- -j8 -l8
[1.549s] DEBUG:colcon.colcon_core.event_handler.log_command:Invoked command in '/home/x/planning_with_ROS2_course/build/base_msgs' returned '0': CMAKE_PREFIX_PATH=${CMAKE_PREFIX_PATH}:/home/x/planning_with_ROS2_course/install/data_plot:/opt/ros/humble /usr/bin/cmake --build /home/x/planning_with_ROS2_course/build/base_msgs -- -j8 -l8
[1.566s] DEBUG:colcon.colcon_core.event_handler.log_command:Invoking command in '/home/x/planning_with_ROS2_course/build/base_msgs': CMAKE_PREFIX_PATH=${CMAKE_PREFIX_PATH}:/home/x/planning_with_ROS2_course/install/data_plot:/opt/ros/humble /usr/bin/cmake --install /home/x/planning_with_ROS2_course/build/base_msgs
[1.678s] Level 1:colcon.colcon_core.environment:create_environment_scripts_only(base_msgs)
[1.679s] DEBUG:colcon.colcon_core.event_handler.log_command:Invoked command in '/home/x/planning_with_ROS2_course/build/base_msgs' returned '0': CMAKE_PREFIX_PATH=${CMAKE_PREFIX_PATH}:/home/x/planning_with_ROS2_course/install/data_plot:/opt/ros/humble /usr/bin/cmake --install /home/x/planning_with_ROS2_course/build/base_msgs
[1.684s] Level 1:colcon.colcon_core.environment:checking '/home/x/planning_with_ROS2_course/install/base_msgs' for CMake module files
[1.685s] Level 1:colcon.colcon_core.environment:checking '/home/x/planning_with_ROS2_course/install/base_msgs' for CMake config files
[1.686s] Level 1:colcon.colcon_core.shell:create_environment_hook('base_msgs', 'cmake_prefix_path')
[1.686s] INFO:colcon.colcon_core.shell:Creating environment hook '/home/x/planning_with_ROS2_course/install/base_msgs/share/base_msgs/hook/cmake_prefix_path.ps1'
[1.688s] INFO:colcon.colcon_core.shell:Creating environment descriptor '/home/x/planning_with_ROS2_course/install/base_msgs/share/base_msgs/hook/cmake_prefix_path.dsv'
[1.689s] INFO:colcon.colcon_core.shell:Creating environment hook '/home/x/planning_with_ROS2_course/install/base_msgs/share/base_msgs/hook/cmake_prefix_path.sh'
[1.691s] Level 1:colcon.colcon_core.environment:checking '/home/x/planning_with_ROS2_course/install/base_msgs/lib'
[1.691s] Level 1:colcon.colcon_core.shell:create_environment_hook('base_msgs', 'ld_library_path_lib')
[1.692s] INFO:colcon.colcon_core.shell:Creating environment hook '/home/x/planning_with_ROS2_course/install/base_msgs/share/base_msgs/hook/ld_library_path_lib.ps1'
[1.693s] INFO:colcon.colcon_core.shell:Creating environment descriptor '/home/x/planning_with_ROS2_course/install/base_msgs/share/base_msgs/hook/ld_library_path_lib.dsv'
[1.695s] INFO:colcon.colcon_core.shell:Creating environment hook '/home/x/planning_with_ROS2_course/install/base_msgs/share/base_msgs/hook/ld_library_path_lib.sh'
[1.696s] Level 1:colcon.colcon_core.environment:checking '/home/x/planning_with_ROS2_course/install/base_msgs/bin'
[1.696s] Level 1:colcon.colcon_core.environment:checking '/home/x/planning_with_ROS2_course/install/base_msgs/lib/pkgconfig/base_msgs.pc'
[1.696s] Level 1:colcon.colcon_core.environment:checking '/home/x/planning_with_ROS2_course/install/base_msgs/lib/python3.10/site-packages'
[1.696s] Level 1:colcon.colcon_core.environment:checking '/home/x/planning_with_ROS2_course/install/base_msgs/bin'
[1.697s] INFO:colcon.colcon_core.shell:Creating package script '/home/x/planning_with_ROS2_course/install/base_msgs/share/base_msgs/package.ps1'
[1.700s] INFO:colcon.colcon_core.shell:Creating package descriptor '/home/x/planning_with_ROS2_course/install/base_msgs/share/base_msgs/package.dsv'
[1.701s] INFO:colcon.colcon_core.shell:Creating package script '/home/x/planning_with_ROS2_course/install/base_msgs/share/base_msgs/package.sh'
[1.704s] INFO:colcon.colcon_core.shell:Creating package script '/home/x/planning_with_ROS2_course/install/base_msgs/share/base_msgs/package.bash'
[1.705s] INFO:colcon.colcon_core.shell:Creating package script '/home/x/planning_with_ROS2_course/install/base_msgs/share/base_msgs/package.zsh'
[1.709s] Level 1:colcon.colcon_core.environment:create_file_with_runtime_dependencies(/home/x/planning_with_ROS2_course/install/base_msgs/share/colcon-core/packages/base_msgs)
[1.713s] Level 1:colcon.colcon_core.environment:create_environment_scripts_only(base_msgs)
[1.718s] Level 1:colcon.colcon_core.environment:checking '/home/x/planning_with_ROS2_course/install/base_msgs' for CMake module files
[1.719s] Level 1:colcon.colcon_core.environment:checking '/home/x/planning_with_ROS2_course/install/base_msgs' for CMake config files
[1.719s] Level 1:colcon.colcon_core.shell:create_environment_hook('base_msgs', 'cmake_prefix_path')
[1.721s] INFO:colcon.colcon_core.shell:Creating environment hook '/home/x/planning_with_ROS2_course/install/base_msgs/share/base_msgs/hook/cmake_prefix_path.ps1'
[1.722s] INFO:colcon.colcon_core.shell:Creating environment descriptor '/home/x/planning_with_ROS2_course/install/base_msgs/share/base_msgs/hook/cmake_prefix_path.dsv'
[1.723s] INFO:colcon.colcon_core.shell:Creating environment hook '/home/x/planning_with_ROS2_course/install/base_msgs/share/base_msgs/hook/cmake_prefix_path.sh'
[1.725s] Level 1:colcon.colcon_core.environment:checking '/home/x/planning_with_ROS2_course/install/base_msgs/lib'
[1.725s] Level 1:colcon.colcon_core.shell:create_environment_hook('base_msgs', 'ld_library_path_lib')
[1.725s] INFO:colcon.colcon_core.shell:Creating environment hook '/home/x/planning_with_ROS2_course/install/base_msgs/share/base_msgs/hook/ld_library_path_lib.ps1'
[1.726s] INFO:colcon.colcon_core.shell:Creating environment descriptor '/home/x/planning_with_ROS2_course/install/base_msgs/share/base_msgs/hook/ld_library_path_lib.dsv'
[1.726s] INFO:colcon.colcon_core.shell:Creating environment hook '/home/x/planning_with_ROS2_course/install/base_msgs/share/base_msgs/hook/ld_library_path_lib.sh'
[1.727s] Level 1:colcon.colcon_core.environment:checking '/home/x/planning_with_ROS2_course/install/base_msgs/bin'
[1.727s] Level 1:colcon.colcon_core.environment:checking '/home/x/planning_with_ROS2_course/install/base_msgs/lib/pkgconfig/base_msgs.pc'
[1.728s] Level 1:colcon.colcon_core.environment:checking '/home/x/planning_with_ROS2_course/install/base_msgs/lib/python3.10/site-packages'
[1.728s] Level 1:colcon.colcon_core.environment:checking '/home/x/planning_with_ROS2_course/install/base_msgs/bin'
[1.729s] INFO:colcon.colcon_core.shell:Creating package script '/home/x/planning_with_ROS2_course/install/base_msgs/share/base_msgs/package.ps1'
[1.733s] INFO:colcon.colcon_core.shell:Creating package descriptor '/home/x/planning_with_ROS2_course/install/base_msgs/share/base_msgs/package.dsv'
[1.734s] INFO:colcon.colcon_core.shell:Creating package script '/home/x/planning_with_ROS2_course/install/base_msgs/share/base_msgs/package.sh'
[1.751s] INFO:colcon.colcon_core.shell:Creating package script '/home/x/planning_with_ROS2_course/install/base_msgs/share/base_msgs/package.bash'
[1.758s] INFO:colcon.colcon_core.shell:Creating package script '/home/x/planning_with_ROS2_course/install/base_msgs/share/base_msgs/package.zsh'
[1.766s] Level 1:colcon.colcon_core.environment:create_file_with_runtime_dependencies(/home/x/planning_with_ROS2_course/install/base_msgs/share/colcon-core/packages/base_msgs)
[1.767s] INFO:colcon.colcon_ros.task.ament_python.build:Building ROS package in '/home/x/planning_with_ROS2_course/src/data_plot' with build type 'ament_python'
[1.767s] Level 1:colcon.colcon_core.shell:create_environment_hook('data_plot', 'ament_prefix_path')
[1.776s] INFO:colcon.colcon_core.shell:Creating environment hook '/home/x/planning_with_ROS2_course/install/data_plot/share/data_plot/hook/ament_prefix_path.ps1'
[1.777s] INFO:colcon.colcon_core.shell:Creating environment descriptor '/home/x/planning_with_ROS2_course/install/data_plot/share/data_plot/hook/ament_prefix_path.dsv'
[1.783s] INFO:colcon.colcon_core.shell:Creating environment hook '/home/x/planning_with_ROS2_course/install/data_plot/share/data_plot/hook/ament_prefix_path.sh'
[1.784s] INFO:colcon.colcon_core.shell:Skip shell extension 'powershell' for command environment: Not usable outside of PowerShell
[1.784s] DEBUG:colcon.colcon_core.shell:Skip shell extension 'dsv' for command environment
[1.812s] INFO:colcon.colcon_ros.task.ament_cmake.build:Building ROS package in '/home/x/planning_with_ROS2_course/src/planning' with build type 'ament_cmake'
[1.812s] INFO:colcon.colcon_cmake.task.cmake.build:Building CMake package in '/home/x/planning_with_ROS2_course/src/planning'
[1.813s] INFO:colcon.colcon_core.shell:Skip shell extension 'powershell' for command environment: Not usable outside of PowerShell
[1.816s] DEBUG:colcon.colcon_core.shell:Skip shell extension 'dsv' for command environment
[2.411s] INFO:colcon.colcon_core.task.python.build:Building Python package in '/home/x/planning_with_ROS2_course/src/data_plot'
[2.412s] INFO:colcon.colcon_core.shell:Skip shell extension 'powershell' for command environment: Not usable outside of PowerShell
[2.412s] DEBUG:colcon.colcon_core.shell:Skip shell extension 'dsv' for command environment
[2.425s] DEBUG:colcon.colcon_core.event_handler.log_command:Invoking command in '/home/x/planning_with_ROS2_course/build/planning': CMAKE_PREFIX_PATH=/home/x/planning_with_ROS2_course/install/base_msgs:/home/x/planning_with_ROS2_course/install/planning:/home/x/planning_with_ROS2_course/install/data_plot:/opt/ros/humble LD_LIBRARY_PATH=/home/x/planning_with_ROS2_course/install/base_msgs/lib:/home/x/planning_with_ROS2_course/install/planning/lib:/home/x/planning_with_ROS2_course/install/planning/lib:/home/x/planning_with_ROS2_course/install/planning/lib:/opt/ros/humble/opt/rviz_ogre_vendor/lib:/opt/ros/humble/lib/x86_64-linux-gnu:/opt/ros/humble/lib /usr/bin/cmake --build /home/x/planning_with_ROS2_course/build/planning -- -j8 -l8
[3.047s] DEBUG:colcon.colcon_core.event_handler.log_command:Invoking command in '/home/x/planning_with_ROS2_course/src/data_plot': CMAKE_PREFIX_PATH=/home/x/planning_with_ROS2_course/install/base_msgs:/home/x/planning_with_ROS2_course/install/planning LD_LIBRARY_PATH=/home/x/planning_with_ROS2_course/install/base_msgs/lib:/home/x/planning_with_ROS2_course/install/planning/lib:/home/x/planning_with_ROS2_course/install/planning/lib:/home/x/planning_with_ROS2_course/install/planning/lib:/opt/ros/humble/opt/rviz_ogre_vendor/lib:/opt/ros/humble/lib/x86_64-linux-gnu:/opt/ros/humble/lib PYTHONPATH=/home/x/planning_with_ROS2_course/build/data_plot/prefix_override:/usr/lib/python3/dist-packages/colcon_core/task/python/colcon_distutils_commands:/home/x/planning_with_ROS2_course/install/data_plot/lib/python3.10/site-packages:${PYTHONPATH} /usr/bin/python3 -W ignore:setup.py install is deprecated -W ignore:easy_install command is deprecated setup.py egg_info --egg-base ../../build/data_plot build --build-base /home/x/planning_with_ROS2_course/build/data_plot/build install --record /home/x/planning_with_ROS2_course/build/data_plot/install.log --single-version-externally-managed install_data
[3.802s] Level 1:colcon.colcon_core.environment:checking '/home/x/planning_with_ROS2_course/install/data_plot' for CMake module files
[3.803s] Level 1:colcon.colcon_core.environment:checking '/home/x/planning_with_ROS2_course/install/data_plot' for CMake config files
[3.804s] DEBUG:colcon.colcon_core.event_handler.log_command:Invoked command in '/home/x/planning_with_ROS2_course/src/data_plot' returned '0': CMAKE_PREFIX_PATH=/home/x/planning_with_ROS2_course/install/base_msgs:/home/x/planning_with_ROS2_course/install/planning LD_LIBRARY_PATH=/home/x/planning_with_ROS2_course/install/base_msgs/lib:/home/x/planning_with_ROS2_course/install/planning/lib:/home/x/planning_with_ROS2_course/install/planning/lib:/home/x/planning_with_ROS2_course/install/planning/lib:/opt/ros/humble/opt/rviz_ogre_vendor/lib:/opt/ros/humble/lib/x86_64-linux-gnu:/opt/ros/humble/lib PYTHONPATH=/home/x/planning_with_ROS2_course/build/data_plot/prefix_override:/usr/lib/python3/dist-packages/colcon_core/task/python/colcon_distutils_commands:/home/x/planning_with_ROS2_course/install/data_plot/lib/python3.10/site-packages:${PYTHONPATH} /usr/bin/python3 -W ignore:setup.py install is deprecated -W ignore:easy_install command is deprecated setup.py egg_info --egg-base ../../build/data_plot build --build-base /home/x/planning_with_ROS2_course/build/data_plot/build install --record /home/x/planning_with_ROS2_course/build/data_plot/install.log --single-version-externally-managed install_data
[3.805s] Level 1:colcon.colcon_core.environment:checking '/home/x/planning_with_ROS2_course/install/data_plot/lib'
[3.805s] Level 1:colcon.colcon_core.environment:checking '/home/x/planning_with_ROS2_course/install/data_plot/bin'
[3.805s] Level 1:colcon.colcon_core.environment:checking '/home/x/planning_with_ROS2_course/install/data_plot/lib/pkgconfig/data_plot.pc'
[3.805s] Level 1:colcon.colcon_core.environment:checking '/home/x/planning_with_ROS2_course/install/data_plot/lib/python3.10/site-packages'
[3.806s] Level 1:colcon.colcon_core.shell:create_environment_hook('data_plot', 'pythonpath')
[3.806s] INFO:colcon.colcon_core.shell:Creating environment hook '/home/x/planning_with_ROS2_course/install/data_plot/share/data_plot/hook/pythonpath.ps1'
[3.807s] INFO:colcon.colcon_core.shell:Creating environment descriptor '/home/x/planning_with_ROS2_course/install/data_plot/share/data_plot/hook/pythonpath.dsv'
[3.808s] INFO:colcon.colcon_core.shell:Creating environment hook '/home/x/planning_with_ROS2_course/install/data_plot/share/data_plot/hook/pythonpath.sh'
[3.810s] Level 1:colcon.colcon_core.environment:checking '/home/x/planning_with_ROS2_course/install/data_plot/bin'
[3.810s] Level 1:colcon.colcon_core.environment:create_environment_scripts_only(data_plot)
[3.811s] INFO:colcon.colcon_core.shell:Creating package script '/home/x/planning_with_ROS2_course/install/data_plot/share/data_plot/package.ps1'
[3.812s] INFO:colcon.colcon_core.shell:Creating package descriptor '/home/x/planning_with_ROS2_course/install/data_plot/share/data_plot/package.dsv'
[3.813s] INFO:colcon.colcon_core.shell:Creating package script '/home/x/planning_with_ROS2_course/install/data_plot/share/data_plot/package.sh'
[3.815s] INFO:colcon.colcon_core.shell:Creating package script '/home/x/planning_with_ROS2_course/install/data_plot/share/data_plot/package.bash'
[3.817s] INFO:colcon.colcon_core.shell:Creating package script '/home/x/planning_with_ROS2_course/install/data_plot/share/data_plot/package.zsh'
[3.819s] Level 1:colcon.colcon_core.environment:create_file_with_runtime_dependencies(/home/x/planning_with_ROS2_course/install/data_plot/share/colcon-core/packages/data_plot)
[77.554s] DEBUG:colcon.colcon_core.event_handler.log_command:Invoked command in '/home/x/planning_with_ROS2_course/build/planning' returned '0': CMAKE_PREFIX_PATH=/home/x/planning_with_ROS2_course/install/base_msgs:/home/x/planning_with_ROS2_course/install/planning:/home/x/planning_with_ROS2_course/install/data_plot:/opt/ros/humble LD_LIBRARY_PATH=/home/x/planning_with_ROS2_course/install/base_msgs/lib:/home/x/planning_with_ROS2_course/install/planning/lib:/home/x/planning_with_ROS2_course/install/planning/lib:/home/x/planning_with_ROS2_course/install/planning/lib:/opt/ros/humble/opt/rviz_ogre_vendor/lib:/opt/ros/humble/lib/x86_64-linux-gnu:/opt/ros/humble/lib /usr/bin/cmake --build /home/x/planning_with_ROS2_course/build/planning -- -j8 -l8
[77.559s] DEBUG:colcon.colcon_core.event_handler.log_command:Invoking command in '/home/x/planning_with_ROS2_course/build/planning': CMAKE_PREFIX_PATH=/home/x/planning_with_ROS2_course/install/base_msgs:/home/x/planning_with_ROS2_course/install/planning:/home/x/planning_with_ROS2_course/install/data_plot:/opt/ros/humble LD_LIBRARY_PATH=/home/x/planning_with_ROS2_course/install/base_msgs/lib:/home/x/planning_with_ROS2_course/install/planning/lib:/home/x/planning_with_ROS2_course/install/planning/lib:/home/x/planning_with_ROS2_course/install/planning/lib:/opt/ros/humble/opt/rviz_ogre_vendor/lib:/opt/ros/humble/lib/x86_64-linux-gnu:/opt/ros/humble/lib /usr/bin/cmake --install /home/x/planning_with_ROS2_course/build/planning
[77.628s] Level 1:colcon.colcon_core.environment:create_environment_scripts_only(planning)
[77.628s] Level 1:colcon.colcon_core.environment:checking '/home/x/planning_with_ROS2_course/install/planning' for CMake module files
[77.632s] DEBUG:colcon.colcon_core.event_handler.log_command:Invoked command in '/home/x/planning_with_ROS2_course/build/planning' returned '0': CMAKE_PREFIX_PATH=/home/x/planning_with_ROS2_course/install/base_msgs:/home/x/planning_with_ROS2_course/install/planning:/home/x/planning_with_ROS2_course/install/data_plot:/opt/ros/humble LD_LIBRARY_PATH=/home/x/planning_with_ROS2_course/install/base_msgs/lib:/home/x/planning_with_ROS2_course/install/planning/lib:/home/x/planning_with_ROS2_course/install/planning/lib:/home/x/planning_with_ROS2_course/install/planning/lib:/opt/ros/humble/opt/rviz_ogre_vendor/lib:/opt/ros/humble/lib/x86_64-linux-gnu:/opt/ros/humble/lib /usr/bin/cmake --install /home/x/planning_with_ROS2_course/build/planning
[77.633s] Level 1:colcon.colcon_core.environment:checking '/home/x/planning_with_ROS2_course/install/planning' for CMake config files
[77.634s] Level 1:colcon.colcon_core.shell:create_environment_hook('planning', 'cmake_prefix_path')
[77.634s] INFO:colcon.colcon_core.shell:Creating environment hook '/home/x/planning_with_ROS2_course/install/planning/share/planning/hook/cmake_prefix_path.ps1'
[77.637s] INFO:colcon.colcon_core.shell:Creating environment descriptor '/home/x/planning_with_ROS2_course/install/planning/share/planning/hook/cmake_prefix_path.dsv'
[77.638s] INFO:colcon.colcon_core.shell:Creating environment hook '/home/x/planning_with_ROS2_course/install/planning/share/planning/hook/cmake_prefix_path.sh'
[77.639s] Level 1:colcon.colcon_core.environment:checking '/home/x/planning_with_ROS2_course/install/planning/lib'
[77.639s] Level 1:colcon.colcon_core.shell:create_environment_hook('planning', 'ld_library_path_lib')
[77.643s] INFO:colcon.colcon_core.shell:Creating environment hook '/home/x/planning_with_ROS2_course/install/planning/share/planning/hook/ld_library_path_lib.ps1'
[77.644s] INFO:colcon.colcon_core.shell:Creating environment descriptor '/home/x/planning_with_ROS2_course/install/planning/share/planning/hook/ld_library_path_lib.dsv'
[77.645s] INFO:colcon.colcon_core.shell:Creating environment hook '/home/x/planning_with_ROS2_course/install/planning/share/planning/hook/ld_library_path_lib.sh'
[77.650s] Level 1:colcon.colcon_core.environment:checking '/home/x/planning_with_ROS2_course/install/planning/bin'
[77.650s] Level 1:colcon.colcon_core.environment:checking '/home/x/planning_with_ROS2_course/install/planning/lib/pkgconfig/planning.pc'
[77.651s] Level 1:colcon.colcon_core.environment:checking '/home/x/planning_with_ROS2_course/install/planning/lib/python3.10/site-packages'
[77.651s] Level 1:colcon.colcon_core.environment:checking '/home/x/planning_with_ROS2_course/install/planning/bin'
[77.651s] INFO:colcon.colcon_core.shell:Creating package script '/home/x/planning_with_ROS2_course/install/planning/share/planning/package.ps1'
[77.653s] INFO:colcon.colcon_core.shell:Creating package descriptor '/home/x/planning_with_ROS2_course/install/planning/share/planning/package.dsv'
[77.654s] INFO:colcon.colcon_core.shell:Creating package script '/home/x/planning_with_ROS2_course/install/planning/share/planning/package.sh'
[77.657s] INFO:colcon.colcon_core.shell:Creating package script '/home/x/planning_with_ROS2_course/install/planning/share/planning/package.bash'
[77.658s] INFO:colcon.colcon_core.shell:Creating package script '/home/x/planning_with_ROS2_course/install/planning/share/planning/package.zsh'
[77.659s] Level 1:colcon.colcon_core.environment:create_file_with_runtime_dependencies(/home/x/planning_with_ROS2_course/install/planning/share/colcon-core/packages/planning)
[77.664s] Level 1:colcon.colcon_core.environment:create_environment_scripts_only(planning)
[77.665s] Level 1:colcon.colcon_core.environment:checking '/home/x/planning_with_ROS2_course/install/planning' for CMake module files
[77.665s] Level 1:colcon.colcon_core.environment:checking '/home/x/planning_with_ROS2_course/install/planning' for CMake config files
[77.667s] Level 1:colcon.colcon_core.shell:create_environment_hook('planning', 'cmake_prefix_path')
[77.667s] INFO:colcon.colcon_core.shell:Creating environment hook '/home/x/planning_with_ROS2_course/install/planning/share/planning/hook/cmake_prefix_path.ps1'
[77.668s] INFO:colcon.colcon_core.shell:Creating environment descriptor '/home/x/planning_with_ROS2_course/install/planning/share/planning/hook/cmake_prefix_path.dsv'
[77.671s] INFO:colcon.colcon_core.shell:Creating environment hook '/home/x/planning_with_ROS2_course/install/planning/share/planning/hook/cmake_prefix_path.sh'
[77.681s] Level 1:colcon.colcon_core.environment:checking '/home/x/planning_with_ROS2_course/install/planning/lib'
[77.681s] Level 1:colcon.colcon_core.shell:create_environment_hook('planning', 'ld_library_path_lib')
[77.681s] INFO:colcon.colcon_core.shell:Creating environment hook '/home/x/planning_with_ROS2_course/install/planning/share/planning/hook/ld_library_path_lib.ps1'
[77.684s] INFO:colcon.colcon_core.shell:Creating environment descriptor '/home/x/planning_with_ROS2_course/install/planning/share/planning/hook/ld_library_path_lib.dsv'
[77.685s] INFO:colcon.colcon_core.shell:Creating environment hook '/home/x/planning_with_ROS2_course/install/planning/share/planning/hook/ld_library_path_lib.sh'
[77.686s] Level 1:colcon.colcon_core.environment:checking '/home/x/planning_with_ROS2_course/install/planning/bin'
[77.686s] Level 1:colcon.colcon_core.environment:checking '/home/x/planning_with_ROS2_course/install/planning/lib/pkgconfig/planning.pc'
[77.686s] Level 1:colcon.colcon_core.environment:checking '/home/x/planning_with_ROS2_course/install/planning/lib/python3.10/site-packages'
[77.687s] Level 1:colcon.colcon_core.environment:checking '/home/x/planning_with_ROS2_course/install/planning/bin'
[77.687s] INFO:colcon.colcon_core.shell:Creating package script '/home/x/planning_with_ROS2_course/install/planning/share/planning/package.ps1'
[77.690s] INFO:colcon.colcon_core.shell:Creating package descriptor '/home/x/planning_with_ROS2_course/install/planning/share/planning/package.dsv'
[77.692s] INFO:colcon.colcon_core.shell:Creating package script '/home/x/planning_with_ROS2_course/install/planning/share/planning/package.sh'
[77.695s] INFO:colcon.colcon_core.shell:Creating package script '/home/x/planning_with_ROS2_course/install/planning/share/planning/package.bash'
[77.698s] INFO:colcon.colcon_core.shell:Creating package script '/home/x/planning_with_ROS2_course/install/planning/share/planning/package.zsh'
[77.699s] Level 1:colcon.colcon_core.environment:create_file_with_runtime_dependencies(/home/x/planning_with_ROS2_course/install/planning/share/colcon-core/packages/planning)
[77.703s] DEBUG:colcon.colcon_parallel_executor.executor.parallel:closing loop
[77.705s] DEBUG:colcon.colcon_parallel_executor.executor.parallel:loop closed
[77.705s] DEBUG:colcon.colcon_parallel_executor.executor.parallel:run_until_complete finished with '0'
[77.705s] DEBUG:colcon.colcon_core.event_reactor:joining thread
[77.727s] INFO:colcon.colcon_core.plugin_system:Skipping extension 'colcon_notification.desktop_notification.terminal_notifier': Not used on non-Darwin systems
[77.730s] INFO:colcon.colcon_core.plugin_system:Skipping extension 'colcon_notification.desktop_notification.win32': Not used on non-Windows systems
[77.731s] INFO:colcon.colcon_notification.desktop_notification:Sending desktop notification using 'notify2'
[77.776s] DEBUG:colcon.colcon_core.event_reactor:joined thread
[77.777s] INFO:colcon.colcon_core.shell:Creating prefix script '/home/x/planning_with_ROS2_course/install/local_setup.ps1'
[77.779s] INFO:colcon.colcon_core.shell:Creating prefix util module '/home/x/planning_with_ROS2_course/install/_local_setup_util_ps1.py'
[77.784s] INFO:colcon.colcon_core.shell:Creating prefix chain script '/home/x/planning_with_ROS2_course/install/setup.ps1'
[77.787s] INFO:colcon.colcon_core.shell:Creating prefix script '/home/x/planning_with_ROS2_course/install/local_setup.sh'
[77.788s] INFO:colcon.colcon_core.shell:Creating prefix util module '/home/x/planning_with_ROS2_course/install/_local_setup_util_sh.py'
[77.798s] INFO:colcon.colcon_core.shell:Creating prefix chain script '/home/x/planning_with_ROS2_course/install/setup.sh'
[77.802s] INFO:colcon.colcon_core.shell:Creating prefix script '/home/x/planning_with_ROS2_course/install/local_setup.bash'
[77.805s] INFO:colcon.colcon_core.shell:Creating prefix chain script '/home/x/planning_with_ROS2_course/install/setup.bash'
[77.809s] INFO:colcon.colcon_core.shell:Creating prefix script '/home/x/planning_with_ROS2_course/install/local_setup.zsh'
[77.810s] INFO:colcon.colcon_core.shell:Creating prefix chain script '/home/x/planning_with_ROS2_course/install/setup.zsh'
