[1.293s] Invoking command in '/home/x/planning_with_ROS2_course/src/data_plot': AMENT_PREFIX_PATH=/home/x/planning_with_ROS2_course/install/base_msgs CMAKE_PREFIX_PATH=/home/x/planning_with_ROS2_course/install/base_msgs LD_LIBRARY_PATH=/home/x/planning_with_ROS2_course/install/base_msgs/lib:${LD_LIBRARY_PATH} PYTHONPATH=/home/x/planning_with_ROS2_course/build/data_plot/prefix_override:/usr/lib/python3/dist-packages/colcon_core/task/python/colcon_distutils_commands:/home/x/planning_with_ROS2_course/install/data_plot/lib/python3.10/site-packages:/home/x/planning_with_ROS2_course/install/base_msgs/local/lib/python3.10/dist-packages:${PYTHONPATH} /usr/bin/python3 -W ignore:setup.py install is deprecated -W ignore:easy_install command is deprecated setup.py egg_info --egg-base ../../build/data_plot build --build-base /home/x/planning_with_ROS2_course/build/data_plot/build install --record /home/x/planning_with_ROS2_course/build/data_plot/install.log --single-version-externally-managed install_data
[1.694s] running egg_info
[1.696s] writing ../../build/data_plot/data_plot.egg-info/PKG-INFO
[1.697s] writing dependency_links to ../../build/data_plot/data_plot.egg-info/dependency_links.txt
[1.698s] writing entry points to ../../build/data_plot/data_plot.egg-info/entry_points.txt
[1.699s] writing requirements to ../../build/data_plot/data_plot.egg-info/requires.txt
[1.699s] writing top-level names to ../../build/data_plot/data_plot.egg-info/top_level.txt
[1.703s] reading manifest file '../../build/data_plot/data_plot.egg-info/SOURCES.txt'
[1.706s] writing manifest file '../../build/data_plot/data_plot.egg-info/SOURCES.txt'
[1.706s] running build
[1.707s] running build_py
[1.707s] running install
[1.708s] running install_lib
[1.713s] running install_data
[1.713s] running install_egg_info
[1.717s] removing '/home/x/planning_with_ROS2_course/install/data_plot/lib/python3.10/site-packages/data_plot-0.0.0-py3.10.egg-info' (and everything under it)
[1.718s] Copying ../../build/data_plot/data_plot.egg-info to /home/x/planning_with_ROS2_course/install/data_plot/lib/python3.10/site-packages/data_plot-0.0.0-py3.10.egg-info
[1.719s] running install_scripts
[1.755s] Installing data_plot script to /home/x/planning_with_ROS2_course/install/data_plot/lib/data_plot
[1.757s] writing list of installed files to '/home/x/planning_with_ROS2_course/build/data_plot/install.log'
[1.798s] Invoked command in '/home/x/planning_with_ROS2_course/src/data_plot' returned '0': AMENT_PREFIX_PATH=/home/x/planning_with_ROS2_course/install/base_msgs CMAKE_PREFIX_PATH=/home/x/planning_with_ROS2_course/install/base_msgs LD_LIBRARY_PATH=/home/x/planning_with_ROS2_course/install/base_msgs/lib:${LD_LIBRARY_PATH} PYTHONPATH=/home/x/planning_with_ROS2_course/build/data_plot/prefix_override:/usr/lib/python3/dist-packages/colcon_core/task/python/colcon_distutils_commands:/home/x/planning_with_ROS2_course/install/data_plot/lib/python3.10/site-packages:/home/x/planning_with_ROS2_course/install/base_msgs/local/lib/python3.10/dist-packages:${PYTHONPATH} /usr/bin/python3 -W ignore:setup.py install is deprecated -W ignore:easy_install command is deprecated setup.py egg_info --egg-base ../../build/data_plot build --build-base /home/x/planning_with_ROS2_course/build/data_plot/build install --record /home/x/planning_with_ROS2_course/build/data_plot/install.log --single-version-externally-managed install_data
