-- Found ament_cmake: 1.3.12 (/opt/ros/humble/share/ament_cmake/cmake)
-- Found rclcpp: 16.0.15 (/opt/ros/humble/share/rclcpp/cmake)
-- Found rosidl_generator_c: 3.1.7 (/opt/ros/humble/share/rosidl_generator_c/cmake)
-- Found rosidl_adapter: 3.1.7 (/opt/ros/humble/share/rosidl_adapter/cmake)
-- Found rosidl_generator_cpp: 3.1.7 (/opt/ros/humble/share/rosidl_generator_cpp/cmake)
-- Using all available rosidl_typesupport_c: rosidl_typesupport_fastrtps_c;rosidl_typesupport_introspection_c
-- Using all available rosidl_typesupport_cpp: rosidl_typesupport_fastrtps_cpp;rosidl_typesupport_introspection_cpp
-- Found rmw_implementation_cmake: 6.1.2 (/opt/ros/humble/share/rmw_implementation_cmake/cmake)
-- Found rmw_fastrtps_cpp: 6.2.8 (/opt/ros/humble/share/rmw_fastrtps_cpp/cmake)
-- Using RMW implementation 'rmw_fastrtps_cpp' as default
-- Found tf2: 0.25.16 (/opt/ros/humble/share/tf2/cmake)
-- Found tf2_ros: 0.25.16 (/opt/ros/humble/share/tf2_ros/cmake)
-- Found nav_msgs: 4.9.0 (/opt/ros/humble/share/nav_msgs/cmake)
-- Found visualization_msgs: 4.9.0 (/opt/ros/humble/share/visualization_msgs/cmake)
-- Found base_msgs: 0.0.0 (/home/x/planning_with_ROS2_course/install/base_msgs/share/base_msgs/cmake)
-- Found ament_lint_auto: 0.12.14 (/opt/ros/humble/share/ament_lint_auto/cmake)
-- Added test 'cppcheck' to perform static code analysis on C / C++ code
-- Configured cppcheck include dirs: /home/x/planning_with_ROS2_course/src/planning/src/common/config_reader;/home/x/planning_with_ROS2_course/src/planning/src/common/math;/home/x/planning_with_ROS2_course/src/planning/src/decision_center;/home/x/planning_with_ROS2_course/src/planning/src/pnc_map_creator;/home/x/planning_with_ROS2_course/src/planning/src/pnc_map_creator/pnc_map_straight;/home/x/planning_with_ROS2_course/src/planning/src/pnc_map_creator/pnc_map_sturn;/home/x/planning_with_ROS2_course/src/planning/src/global_planner;/home/x/planning_with_ROS2_course/src/planning/src/global_planner/global_planner_normal;/home/x/planning_with_ROS2_course/src/planning/src/local_planner;/home/x/planning_with_ROS2_course/src/planning/src/local_planner/local_path;/home/x/planning_with_ROS2_course/src/planning/src/local_planner/local_speeds;/home/x/planning_with_ROS2_course/src/planning/src/reference_line;/home/x/planning_with_ROS2_course/src/planning/src/text/osqp_test;/home/x/planning_with_ROS2_course/src/planning/src/vehicle_info;/home/x/planning_with_ROS2_course/src/planning/src/vehicle_info/main_car;/home/x/planning_with_ROS2_course/src/planning/src/vehicle_info/obs_car;/home/x/planning_with_ROS2_course/src/planning/src/planning_process;/home/x/planning_with_ROS2_course/src/planning/src/move_cmd
-- Configured cppcheck exclude dirs and/or files: 
-- Added test 'flake8' to check Python code syntax and style conventions
-- Added test 'lint_cmake' to check CMake code style
-- Added test 'pep257' to check Python code against some of the docstring style conventions in PEP 257
-- Added test 'uncrustify' to check C / C++ code style
-- Configured uncrustify additional arguments: 
-- Added test 'xmllint' to check XML markup files
-- Configuring done
-- Generating done
-- Build files have been written to: /home/x/planning_with_ROS2_course/build/planning
[35m[1mConsolidate compiler generated dependencies of target config_reader[0m
[35m[1mConsolidate compiler generated dependencies of target osqp_test[0m
[35m[1mConsolidate compiler generated dependencies of target mathlibs[0m
[  5%] Built target osqp_test
[ 13%] Built target mathlibs
[ 18%] Built target config_reader
[35m[1mConsolidate compiler generated dependencies of target vehicle_info[0m
[35m[1mConsolidate compiler generated dependencies of target pnc_map_creator[0m
[35m[1mConsolidate compiler generated dependencies of target global_planner[0m
[35m[1mConsolidate compiler generated dependencies of target reference_line[0m
[ 27%] Built target vehicle_info
[ 35%] Built target pnc_map_creator
[ 40%] Built target global_planner
[35m[1mConsolidate compiler generated dependencies of target decision_center[0m
[35m[1mConsolidate compiler generated dependencies of target car_move_cmd[0m
[ 48%] Built target reference_line
[35m[1mConsolidate compiler generated dependencies of target obs_move_cmd[0m
[35m[1mConsolidate compiler generated dependencies of target pnc_map_server[0m
[35m[1mConsolidate compiler generated dependencies of target global_path_server[0m
[ 54%] Built target car_move_cmd
[ 59%] Built target decision_center
[ 64%] Built target global_path_server
[ 70%] Built target obs_move_cmd
[ 75%] Built target pnc_map_server
[35m[1mConsolidate compiler generated dependencies of target local_planner[0m
[ 91%] Built target local_planner
[35m[1mConsolidate compiler generated dependencies of target planning_process[0m
[100%] Built target planning_process
-- Install configuration: ""
-- Up-to-date: /home/x/planning_with_ROS2_course/install/planning/lib/libconfig_reader.so
-- Up-to-date: /home/x/planning_with_ROS2_course/install/planning/lib/libmathlibs.so
-- Up-to-date: /home/x/planning_with_ROS2_course/install/planning/lib/libdecision_center.so
-- Up-to-date: /home/x/planning_with_ROS2_course/install/planning/lib/libpnc_map_creator.so
-- Up-to-date: /home/x/planning_with_ROS2_course/install/planning/lib/planning/pnc_map_server
-- Up-to-date: /home/x/planning_with_ROS2_course/install/planning/lib/libglobal_planner.so
-- Up-to-date: /home/x/planning_with_ROS2_course/install/planning/lib/planning/global_path_server
-- Up-to-date: /home/x/planning_with_ROS2_course/install/planning/lib/liblocal_planner.so
-- Up-to-date: /home/x/planning_with_ROS2_course/install/planning/lib/libreference_line.so
-- Up-to-date: /home/x/planning_with_ROS2_course/install/planning/lib/planning/osqp_test
-- Up-to-date: /home/x/planning_with_ROS2_course/install/planning/lib/libvehicle_info.so
-- Up-to-date: /home/x/planning_with_ROS2_course/install/planning/lib/planning/planning_process
-- Up-to-date: /home/x/planning_with_ROS2_course/install/planning/lib/planning/car_move_cmd
-- Up-to-date: /home/x/planning_with_ROS2_course/install/planning/lib/planning/obs_move_cmd
-- Up-to-date: /home/x/planning_with_ROS2_course/install/planning/share/planning/config
-- Up-to-date: /home/x/planning_with_ROS2_course/install/planning/share/planning/config/planning_static_obs_config.yaml
-- Up-to-date: /home/x/planning_with_ROS2_course/install/planning/share/planning/launch
-- Up-to-date: /home/x/planning_with_ROS2_course/install/planning/share/planning/launch/planning_launch.py
-- Up-to-date: /home/x/planning_with_ROS2_course/install/planning/share/planning/urdf
-- Up-to-date: /home/x/planning_with_ROS2_course/install/planning/share/planning/urdf/obs_car
-- Up-to-date: /home/x/planning_with_ROS2_course/install/planning/share/planning/urdf/obs_car/obs_car.xacro
-- Up-to-date: /home/x/planning_with_ROS2_course/install/planning/share/planning/urdf/main_car
-- Up-to-date: /home/x/planning_with_ROS2_course/install/planning/share/planning/urdf/main_car/car.xacro
-- Up-to-date: /home/x/planning_with_ROS2_course/install/planning/share/planning/urdf/main_car/car_radar.xacro
-- Up-to-date: /home/x/planning_with_ROS2_course/install/planning/share/planning/urdf/main_car/car_wheels.xacro
-- Up-to-date: /home/x/planning_with_ROS2_course/install/planning/share/planning/urdf/main_car/car_camera.xacro
-- Up-to-date: /home/x/planning_with_ROS2_course/install/planning/share/planning/urdf/main_car/car_base.xacro
-- Up-to-date: /home/x/planning_with_ROS2_course/install/planning/share/planning/rviz
-- Up-to-date: /home/x/planning_with_ROS2_course/install/planning/share/planning/rviz/planning.rviz
-- Up-to-date: /home/x/planning_with_ROS2_course/install/planning/share/ament_index/resource_index/package_run_dependencies/planning
-- Up-to-date: /home/x/planning_with_ROS2_course/install/planning/share/ament_index/resource_index/parent_prefix_path/planning
-- Up-to-date: /home/x/planning_with_ROS2_course/install/planning/share/planning/environment/ament_prefix_path.sh
-- Installing: /home/x/planning_with_ROS2_course/install/planning/share/planning/environment/ament_prefix_path.dsv
-- Up-to-date: /home/x/planning_with_ROS2_course/install/planning/share/planning/environment/path.sh
-- Installing: /home/x/planning_with_ROS2_course/install/planning/share/planning/environment/path.dsv
-- Up-to-date: /home/x/planning_with_ROS2_course/install/planning/share/planning/local_setup.bash
-- Up-to-date: /home/x/planning_with_ROS2_course/install/planning/share/planning/local_setup.sh
-- Up-to-date: /home/x/planning_with_ROS2_course/install/planning/share/planning/local_setup.zsh
-- Installing: /home/x/planning_with_ROS2_course/install/planning/share/planning/local_setup.dsv
-- Installing: /home/x/planning_with_ROS2_course/install/planning/share/planning/package.dsv
-- Up-to-date: /home/x/planning_with_ROS2_course/install/planning/share/ament_index/resource_index/packages/planning
-- Up-to-date: /home/x/planning_with_ROS2_course/install/planning/share/planning/cmake/planningConfig.cmake
-- Up-to-date: /home/x/planning_with_ROS2_course/install/planning/share/planning/cmake/planningConfig-version.cmake
-- Up-to-date: /home/x/planning_with_ROS2_course/install/planning/share/planning/package.xml
