[0.438s] Invoking command in '/home/x/planning_with_ROS2_course/build/planning': CMAKE_PREFIX_PATH=/home/x/planning_with_ROS2_course/install/base_msgs:/home/x/planning_with_ROS2_course/install/planning:/home/x/planning_with_ROS2_course/install/data_plot:/opt/ros/humble LD_LIBRARY_PATH=/home/x/planning_with_ROS2_course/install/base_msgs/lib:/home/x/planning_with_ROS2_course/install/planning/lib:/home/x/planning_with_ROS2_course/install/planning/lib:/home/x/planning_with_ROS2_course/install/planning/lib:/opt/ros/humble/opt/rviz_ogre_vendor/lib:/opt/ros/humble/lib/x86_64-linux-gnu:/opt/ros/humble/lib /usr/bin/cmake --build /home/x/planning_with_ROS2_course/build/planning -- -j8 -l8
[0.530s] [35m[1mConsolidate compiler generated dependencies of target mathlibs[0m
[0.543s] [  5%] Built target config_reader
[0.589s] [ 14%] Built target mathlibs
[0.619s] [ 22%] Built target pnc_map_creator
[0.623s] [35m[1mConsolidate compiler generated dependencies of target reference_line[0m
[0.633s] [35m[1mConsolidate compiler generated dependencies of target vehicle_info[0m
[0.646s] [ 28%] Built target global_planner
[0.686s] [ 37%] Built target vehicle_info
[0.702s] [ 40%] [32mBuilding CXX object src/reference_line/CMakeFiles/reference_line.dir/reference_line_creator.cpp.o[0m
[0.714s] [ 45%] Built target pnc_map_server
[0.726s] [35m[1mConsolidate compiler generated dependencies of target decision_center[0m
[0.737s] [35m[1mConsolidate compiler generated dependencies of target obs_move_cmd[0m
[0.742s] [35m[1mConsolidate compiler generated dependencies of target car_move_cmd[0m
[0.765s] [ 51%] Built target global_path_server
[0.804s] [ 57%] Built target obs_move_cmd
[0.804s] [ 62%] Built target decision_center
[0.808s] [ 68%] Built target car_move_cmd
[0.860s] [35m[1mConsolidate compiler generated dependencies of target local_planner[0m
[0.934s] [ 85%] Built target local_planner
[7.495s] In file included from [01m[K/opt/ros/humble/include/rclcpp/rclcpp/logging.hpp:24[m[K,
[7.495s]                  from [01m[K/opt/ros/humble/include/rclcpp/rclcpp/client.hpp:40[m[K,
[7.495s]                  from [01m[K/opt/ros/humble/include/rclcpp/rclcpp/callback_group.hpp:24[m[K,
[7.495s]                  from [01m[K/opt/ros/humble/include/rclcpp/rclcpp/any_executable.hpp:20[m[K,
[7.495s]                  from [01m[K/opt/ros/humble/include/rclcpp/rclcpp/memory_strategy.hpp:25[m[K,
[7.495s]                  from [01m[K/opt/ros/humble/include/rclcpp/rclcpp/memory_strategies.hpp:18[m[K,
[7.495s]                  from [01m[K/opt/ros/humble/include/rclcpp/rclcpp/executor_options.hpp:20[m[K,
[7.495s]                  from [01m[K/opt/ros/humble/include/rclcpp/rclcpp/executor.hpp:37[m[K,
[7.495s]                  from [01m[K/opt/ros/humble/include/rclcpp/rclcpp/executors/multi_threaded_executor.hpp:25[m[K,
[7.495s]                  from [01m[K/opt/ros/humble/include/rclcpp/rclcpp/executors.hpp:21[m[K,
[7.495s]                  from [01m[K/opt/ros/humble/include/rclcpp/rclcpp/rclcpp.hpp:155[m[K,
[7.495s]                  from [01m[K/home/x/planning_with_ROS2_course/src/planning/src/reference_line/reference_line_creator.h:4[m[K,
[7.496s]                  from [01m[K/home/x/planning_with_ROS2_course/src/planning/src/reference_line/reference_line_creator.cpp:20[m[K:
[8.870s] [ 88%] [32m[1mLinking CXX shared library libreference_line.so[0m
[9.142s] [ 91%] Built target reference_line
[9.164s] [35m[1mConsolidate compiler generated dependencies of target planning_process[0m
[9.204s] [ 94%] [32m[1mLinking CXX executable planning_process[0m
[9.632s] [100%] Built target planning_process
[9.649s] Invoked command in '/home/x/planning_with_ROS2_course/build/planning' returned '0': CMAKE_PREFIX_PATH=/home/x/planning_with_ROS2_course/install/base_msgs:/home/x/planning_with_ROS2_course/install/planning:/home/x/planning_with_ROS2_course/install/data_plot:/opt/ros/humble LD_LIBRARY_PATH=/home/x/planning_with_ROS2_course/install/base_msgs/lib:/home/x/planning_with_ROS2_course/install/planning/lib:/home/x/planning_with_ROS2_course/install/planning/lib:/home/x/planning_with_ROS2_course/install/planning/lib:/opt/ros/humble/opt/rviz_ogre_vendor/lib:/opt/ros/humble/lib/x86_64-linux-gnu:/opt/ros/humble/lib /usr/bin/cmake --build /home/x/planning_with_ROS2_course/build/planning -- -j8 -l8
[9.653s] Invoking command in '/home/x/planning_with_ROS2_course/build/planning': CMAKE_PREFIX_PATH=/home/x/planning_with_ROS2_course/install/base_msgs:/home/x/planning_with_ROS2_course/install/planning:/home/x/planning_with_ROS2_course/install/data_plot:/opt/ros/humble LD_LIBRARY_PATH=/home/x/planning_with_ROS2_course/install/base_msgs/lib:/home/x/planning_with_ROS2_course/install/planning/lib:/home/x/planning_with_ROS2_course/install/planning/lib:/home/x/planning_with_ROS2_course/install/planning/lib:/opt/ros/humble/opt/rviz_ogre_vendor/lib:/opt/ros/humble/lib/x86_64-linux-gnu:/opt/ros/humble/lib /usr/bin/cmake --install /home/x/planning_with_ROS2_course/build/planning
[9.662s] -- Install configuration: ""
[9.662s] -- Up-to-date: /home/x/planning_with_ROS2_course/install/planning/lib/libconfig_reader.so
[9.663s] -- Up-to-date: /home/x/planning_with_ROS2_course/install/planning/lib/libmathlibs.so
[9.664s] -- Up-to-date: /home/x/planning_with_ROS2_course/install/planning/lib/libdecision_center.so
[9.664s] -- Up-to-date: /home/x/planning_with_ROS2_course/install/planning/lib/libpnc_map_creator.so
[9.665s] -- Up-to-date: /home/x/planning_with_ROS2_course/install/planning/lib/planning/pnc_map_server
[9.665s] -- Up-to-date: /home/x/planning_with_ROS2_course/install/planning/lib/libglobal_planner.so
[9.666s] -- Up-to-date: /home/x/planning_with_ROS2_course/install/planning/lib/planning/global_path_server
[9.666s] -- Up-to-date: /home/x/planning_with_ROS2_course/install/planning/lib/liblocal_planner.so
[9.667s] -- Installing: /home/x/planning_with_ROS2_course/install/planning/lib/libreference_line.so
[9.668s] -- Set runtime path of "/home/x/planning_with_ROS2_course/install/planning/lib/libreference_line.so" to ""
[9.668s] -- Up-to-date: /home/x/planning_with_ROS2_course/install/planning/lib/libvehicle_info.so
[9.669s] -- Installing: /home/x/planning_with_ROS2_course/install/planning/lib/planning/planning_process
[9.670s] -- Set runtime path of "/home/x/planning_with_ROS2_course/install/planning/lib/planning/planning_process" to ""
[9.671s] -- Up-to-date: /home/x/planning_with_ROS2_course/install/planning/lib/planning/car_move_cmd
[9.672s] -- Up-to-date: /home/x/planning_with_ROS2_course/install/planning/lib/planning/obs_move_cmd
[9.676s] -- Up-to-date: /home/x/planning_with_ROS2_course/install/planning/share/planning/config
[9.676s] -- Up-to-date: /home/x/planning_with_ROS2_course/install/planning/share/planning/config/planning_static_obs_config.yaml
[9.676s] -- Up-to-date: /home/x/planning_with_ROS2_course/install/planning/share/planning/launch
[9.676s] -- Up-to-date: /home/x/planning_with_ROS2_course/install/planning/share/planning/launch/planning_launch.py
[9.676s] -- Up-to-date: /home/x/planning_with_ROS2_course/install/planning/share/planning/urdf
[9.677s] -- Up-to-date: /home/x/planning_with_ROS2_course/install/planning/share/planning/urdf/obs_car
[9.677s] -- Up-to-date: /home/x/planning_with_ROS2_course/install/planning/share/planning/urdf/obs_car/obs_car.xacro
[9.677s] -- Up-to-date: /home/x/planning_with_ROS2_course/install/planning/share/planning/urdf/main_car
[9.677s] -- Up-to-date: /home/x/planning_with_ROS2_course/install/planning/share/planning/urdf/main_car/car.xacro
[9.677s] -- Up-to-date: /home/x/planning_with_ROS2_course/install/planning/share/planning/urdf/main_car/car_radar.xacro
[9.677s] -- Up-to-date: /home/x/planning_with_ROS2_course/install/planning/share/planning/urdf/main_car/car_wheels.xacro
[9.677s] -- Up-to-date: /home/x/planning_with_ROS2_course/install/planning/share/planning/urdf/main_car/car_camera.xacro
[9.677s] -- Up-to-date: /home/x/planning_with_ROS2_course/install/planning/share/planning/urdf/main_car/car_base.xacro
[9.678s] -- Up-to-date: /home/x/planning_with_ROS2_course/install/planning/share/planning/rviz
[9.678s] -- Up-to-date: /home/x/planning_with_ROS2_course/install/planning/share/planning/rviz/planning.rviz
[9.678s] -- Up-to-date: /home/x/planning_with_ROS2_course/install/planning/share/ament_index/resource_index/package_run_dependencies/planning
[9.678s] -- Up-to-date: /home/x/planning_with_ROS2_course/install/planning/share/ament_index/resource_index/parent_prefix_path/planning
[9.679s] -- Up-to-date: /home/x/planning_with_ROS2_course/install/planning/share/planning/environment/ament_prefix_path.sh
[9.680s] -- Up-to-date: /home/x/planning_with_ROS2_course/install/planning/share/planning/environment/ament_prefix_path.dsv
[9.680s] -- Up-to-date: /home/x/planning_with_ROS2_course/install/planning/share/planning/environment/path.sh
[9.680s] -- Up-to-date: /home/x/planning_with_ROS2_course/install/planning/share/planning/environment/path.dsv
[9.680s] -- Up-to-date: /home/x/planning_with_ROS2_course/install/planning/share/planning/local_setup.bash
[9.680s] -- Up-to-date: /home/x/planning_with_ROS2_course/install/planning/share/planning/local_setup.sh
[9.680s] -- Up-to-date: /home/x/planning_with_ROS2_course/install/planning/share/planning/local_setup.zsh
[9.681s] -- Up-to-date: /home/x/planning_with_ROS2_course/install/planning/share/planning/local_setup.dsv
[9.681s] -- Installing: /home/x/planning_with_ROS2_course/install/planning/share/planning/package.dsv
[9.681s] -- Up-to-date: /home/x/planning_with_ROS2_course/install/planning/share/ament_index/resource_index/packages/planning
[9.681s] -- Up-to-date: /home/x/planning_with_ROS2_course/install/planning/share/planning/cmake/planningConfig.cmake
[9.681s] -- Up-to-date: /home/x/planning_with_ROS2_course/install/planning/share/planning/cmake/planningConfig-version.cmake
[9.682s] -- Up-to-date: /home/x/planning_with_ROS2_course/install/planning/share/planning/package.xml
[9.682s] Invoked command in '/home/x/planning_with_ROS2_course/build/planning' returned '0': CMAKE_PREFIX_PATH=/home/x/planning_with_ROS2_course/install/base_msgs:/home/x/planning_with_ROS2_course/install/planning:/home/x/planning_with_ROS2_course/install/data_plot:/opt/ros/humble LD_LIBRARY_PATH=/home/x/planning_with_ROS2_course/install/base_msgs/lib:/home/x/planning_with_ROS2_course/install/planning/lib:/home/x/planning_with_ROS2_course/install/planning/lib:/home/x/planning_with_ROS2_course/install/planning/lib:/opt/ros/humble/opt/rviz_ogre_vendor/lib:/opt/ros/humble/lib/x86_64-linux-gnu:/opt/ros/humble/lib /usr/bin/cmake --install /home/x/planning_with_ROS2_course/build/planning
