[0.390s] Invoking command in '/home/x/planning_with_ROS2_course/build/planning': CMAKE_PREFIX_PATH=/home/x/planning_with_ROS2_course/install/base_msgs:/home/x/planning_with_ROS2_course/install/planning:/home/x/planning_with_ROS2_course/install/data_plot:/opt/ros/humble LD_LIBRARY_PATH=/home/x/planning_with_ROS2_course/install/base_msgs/lib:/home/x/planning_with_ROS2_course/install/planning/lib:/home/x/planning_with_ROS2_course/install/planning/lib:/home/x/planning_with_ROS2_course/install/planning/lib:/opt/ros/humble/opt/rviz_ogre_vendor/lib:/opt/ros/humble/lib/x86_64-linux-gnu:/opt/ros/humble/lib /usr/bin/cmake --build /home/x/planning_with_ROS2_course/build/planning -- -j8 -l8
[0.430s] -- Found ament_cmake: 1.3.12 (/opt/ros/humble/share/ament_cmake/cmake)
[0.648s] -- Found rclcpp: 16.0.15 (/opt/ros/humble/share/rclcpp/cmake)
[0.688s] -- Found rosidl_generator_c: 3.1.7 (/opt/ros/humble/share/rosidl_generator_c/cmake)
[0.692s] -- Found rosidl_adapter: 3.1.7 (/opt/ros/humble/share/rosidl_adapter/cmake)
[0.701s] -- Found rosidl_generator_cpp: 3.1.7 (/opt/ros/humble/share/rosidl_generator_cpp/cmake)
[0.714s] -- Using all available rosidl_typesupport_c: rosidl_typesupport_fastrtps_c;rosidl_typesupport_introspection_c
[0.734s] -- Using all available rosidl_typesupport_cpp: rosidl_typesupport_fastrtps_cpp;rosidl_typesupport_introspection_cpp
[0.783s] -- Found rmw_implementation_cmake: 6.1.2 (/opt/ros/humble/share/rmw_implementation_cmake/cmake)
[0.785s] -- Found rmw_fastrtps_cpp: 6.2.8 (/opt/ros/humble/share/rmw_fastrtps_cpp/cmake)
[0.921s] -- Using RMW implementation 'rmw_fastrtps_cpp' as default
[1.011s] -- Found tf2: 0.25.16 (/opt/ros/humble/share/tf2/cmake)
[1.035s] -- Found tf2_ros: 0.25.16 (/opt/ros/humble/share/tf2_ros/cmake)
[1.190s] -- Found nav_msgs: 4.9.0 (/opt/ros/humble/share/nav_msgs/cmake)
[1.220s] -- Found visualization_msgs: 4.9.0 (/opt/ros/humble/share/visualization_msgs/cmake)
[1.299s] -- Found base_msgs: 0.0.0 (/home/x/planning_with_ROS2_course/install/base_msgs/share/base_msgs/cmake)
[1.402s] -- Found ament_lint_auto: 0.12.14 (/opt/ros/humble/share/ament_lint_auto/cmake)
[1.529s] -- Added test 'cppcheck' to perform static code analysis on C / C++ code
[1.532s] -- Configured cppcheck include dirs: /home/x/planning_with_ROS2_course/src/planning/src/common/config_reader;/home/x/planning_with_ROS2_course/src/planning/src/common/math;/home/x/planning_with_ROS2_course/src/planning/src/decision_center;/home/x/planning_with_ROS2_course/src/planning/src/pnc_map_creator;/home/x/planning_with_ROS2_course/src/planning/src/pnc_map_creator/pnc_map_straight;/home/x/planning_with_ROS2_course/src/planning/src/pnc_map_creator/pnc_map_sturn;/home/x/planning_with_ROS2_course/src/planning/src/global_planner;/home/x/planning_with_ROS2_course/src/planning/src/global_planner/global_planner_normal;/home/x/planning_with_ROS2_course/src/planning/src/local_planner;/home/x/planning_with_ROS2_course/src/planning/src/local_planner/local_path;/home/x/planning_with_ROS2_course/src/planning/src/local_planner/local_speeds;/home/x/planning_with_ROS2_course/src/planning/src/reference_line;/home/x/planning_with_ROS2_course/src/planning/src/vehicle_info;/home/x/planning_with_ROS2_course/src/planning/src/vehicle_info/main_car;/home/x/planning_with_ROS2_course/src/planning/src/vehicle_info/obs_car;/home/x/planning_with_ROS2_course/src/planning/src/planning_process;/home/x/planning_with_ROS2_course/src/planning/src/move_cmd
[1.532s] -- Configured cppcheck exclude dirs and/or files: 
[1.532s] -- Added test 'flake8' to check Python code syntax and style conventions
[1.533s] -- Added test 'lint_cmake' to check CMake code style
[1.535s] -- Added test 'pep257' to check Python code against some of the docstring style conventions in PEP 257
[1.538s] -- Added test 'uncrustify' to check C / C++ code style
[1.539s] -- Configured uncrustify additional arguments: 
[1.541s] -- Added test 'xmllint' to check XML markup files
[1.547s] -- Configuring done
[1.682s] -- Generating done
[1.737s] -- Build files have been written to: /home/x/planning_with_ROS2_course/build/planning
[1.784s] [35m[1mConsolidate compiler generated dependencies of target config_reader[0m
[1.788s] [35m[1mConsolidate compiler generated dependencies of target mathlibs[0m
[1.808s] [  5%] Built target config_reader
[1.815s] [ 14%] Built target mathlibs
[1.826s] [35m[1mConsolidate compiler generated dependencies of target global_planner[0m
[1.826s] [35m[1mConsolidate compiler generated dependencies of target pnc_map_creator[0m
[1.837s] [35m[1mConsolidate compiler generated dependencies of target reference_line[0m
[1.839s] [35m[1mConsolidate compiler generated dependencies of target vehicle_info[0m
[1.866s] [ 20%] Built target global_planner
[1.896s] [ 28%] Built target pnc_map_creator
[1.896s] [ 37%] Built target reference_line
[1.896s] [ 40%] [32mBuilding CXX object src/vehicle_info/CMakeFiles/vehicle_info.dir/main_car/main_car_info.cpp.o[0m
[1.903s] [ 42%] [32mBuilding CXX object src/vehicle_info/CMakeFiles/vehicle_info.dir/obs_car/obs_car_info.cpp.o[0m
[1.910s] [35m[1mConsolidate compiler generated dependencies of target global_path_server[0m
[1.930s] [35m[1mConsolidate compiler generated dependencies of target pnc_map_server[0m
[1.952s] [ 48%] Built target global_path_server
[1.971s] [ 54%] Built target pnc_map_server
[8.455s] [ 57%] [32m[1mLinking CXX shared library libvehicle_info.so[0m
[8.672s] [ 57%] Built target vehicle_info
[8.695s] [35m[1mConsolidate compiler generated dependencies of target decision_center[0m
[8.698s] [35m[1mConsolidate compiler generated dependencies of target car_move_cmd[0m
[8.698s] [35m[1mConsolidate compiler generated dependencies of target obs_move_cmd[0m
[8.724s] [ 60%] [32mBuilding CXX object src/move_cmd/CMakeFiles/car_move_cmd.dir/car_move_cmd.cpp.o[0m
[8.727s] [ 62%] [32mBuilding CXX object src/decision_center/CMakeFiles/decision_center.dir/decision_center.cpp.o[0m
[8.732s] [ 65%] [32mBuilding CXX object src/move_cmd/CMakeFiles/obs_move_cmd.dir/obs_move_cmd.cpp.o[0m
[16.803s] [ 68%] [32m[1mLinking CXX shared library libdecision_center.so[0m
[17.065s] [ 71%] [32m[1mLinking CXX executable car_move_cmd[0m
[17.201s] [ 71%] Built target decision_center
[17.294s] [35m[1mConsolidate compiler generated dependencies of target local_planner[0m
[17.421s] [ 74%] [32mBuilding CXX object src/local_planner/CMakeFiles/local_planner.dir/local_path/local_path_planner.cpp.o[0m
[17.473s] [ 77%] [32mBuilding CXX object src/local_planner/CMakeFiles/local_planner.dir/local_speeds/local_speeds_planner.cpp.o[0m
[17.547s] [ 80%] [32m[1mLinking CXX executable obs_move_cmd[0m
[17.673s] [ 80%] Built target car_move_cmd
[17.941s] [ 80%] Built target obs_move_cmd
[25.124s] [ 82%] [32m[1mLinking CXX shared library liblocal_planner.so[0m
[25.341s] [ 91%] Built target local_planner
[25.358s] [35m[1mConsolidate compiler generated dependencies of target planning_process[0m
[25.395s] [ 94%] [32mBuilding CXX object src/planning_process/CMakeFiles/planning_process.dir/planning_process_main.cpp.o[0m
[25.397s] [ 97%] [32mBuilding CXX object src/planning_process/CMakeFiles/planning_process.dir/planning_process.cpp.o[0m
[38.796s] [100%] [32m[1mLinking CXX executable planning_process[0m
[39.295s] [100%] Built target planning_process
[39.317s] Invoked command in '/home/x/planning_with_ROS2_course/build/planning' returned '0': CMAKE_PREFIX_PATH=/home/x/planning_with_ROS2_course/install/base_msgs:/home/x/planning_with_ROS2_course/install/planning:/home/x/planning_with_ROS2_course/install/data_plot:/opt/ros/humble LD_LIBRARY_PATH=/home/x/planning_with_ROS2_course/install/base_msgs/lib:/home/x/planning_with_ROS2_course/install/planning/lib:/home/x/planning_with_ROS2_course/install/planning/lib:/home/x/planning_with_ROS2_course/install/planning/lib:/opt/ros/humble/opt/rviz_ogre_vendor/lib:/opt/ros/humble/lib/x86_64-linux-gnu:/opt/ros/humble/lib /usr/bin/cmake --build /home/x/planning_with_ROS2_course/build/planning -- -j8 -l8
[39.317s] Invoking command in '/home/x/planning_with_ROS2_course/build/planning': CMAKE_PREFIX_PATH=/home/x/planning_with_ROS2_course/install/base_msgs:/home/x/planning_with_ROS2_course/install/planning:/home/x/planning_with_ROS2_course/install/data_plot:/opt/ros/humble LD_LIBRARY_PATH=/home/x/planning_with_ROS2_course/install/base_msgs/lib:/home/x/planning_with_ROS2_course/install/planning/lib:/home/x/planning_with_ROS2_course/install/planning/lib:/home/x/planning_with_ROS2_course/install/planning/lib:/opt/ros/humble/opt/rviz_ogre_vendor/lib:/opt/ros/humble/lib/x86_64-linux-gnu:/opt/ros/humble/lib /usr/bin/cmake --install /home/x/planning_with_ROS2_course/build/planning
[39.328s] -- Install configuration: ""
[39.329s] -- Up-to-date: /home/x/planning_with_ROS2_course/install/planning/lib/libconfig_reader.so
[39.330s] -- Up-to-date: /home/x/planning_with_ROS2_course/install/planning/lib/libmathlibs.so
[39.331s] -- Installing: /home/x/planning_with_ROS2_course/install/planning/lib/libdecision_center.so
[39.331s] -- Set runtime path of "/home/x/planning_with_ROS2_course/install/planning/lib/libdecision_center.so" to ""
[39.333s] -- Up-to-date: /home/x/planning_with_ROS2_course/install/planning/lib/libpnc_map_creator.so
[39.333s] -- Up-to-date: /home/x/planning_with_ROS2_course/install/planning/lib/planning/pnc_map_server
[39.334s] -- Up-to-date: /home/x/planning_with_ROS2_course/install/planning/lib/libglobal_planner.so
[39.334s] -- Up-to-date: /home/x/planning_with_ROS2_course/install/planning/lib/planning/global_path_server
[39.334s] -- Installing: /home/x/planning_with_ROS2_course/install/planning/lib/liblocal_planner.so
[39.334s] -- Set runtime path of "/home/x/planning_with_ROS2_course/install/planning/lib/liblocal_planner.so" to ""
[39.335s] -- Up-to-date: /home/x/planning_with_ROS2_course/install/planning/lib/libreference_line.so
[39.335s] -- Installing: /home/x/planning_with_ROS2_course/install/planning/lib/libvehicle_info.so
[39.335s] -- Set runtime path of "/home/x/planning_with_ROS2_course/install/planning/lib/libvehicle_info.so" to ""
[39.337s] -- Installing: /home/x/planning_with_ROS2_course/install/planning/lib/planning/planning_process
[39.340s] -- Set runtime path of "/home/x/planning_with_ROS2_course/install/planning/lib/planning/planning_process" to ""
[39.341s] -- Installing: /home/x/planning_with_ROS2_course/install/planning/lib/planning/car_move_cmd
[39.342s] -- Set runtime path of "/home/x/planning_with_ROS2_course/install/planning/lib/planning/car_move_cmd" to ""
[39.342s] -- Installing: /home/x/planning_with_ROS2_course/install/planning/lib/planning/obs_move_cmd
[39.345s] -- Set runtime path of "/home/x/planning_with_ROS2_course/install/planning/lib/planning/obs_move_cmd" to ""
[39.345s] -- Up-to-date: /home/x/planning_with_ROS2_course/install/planning/share/planning/config
[39.347s] -- Up-to-date: /home/x/planning_with_ROS2_course/install/planning/share/planning/config/planning_static_obs_config.yaml
[39.347s] -- Up-to-date: /home/x/planning_with_ROS2_course/install/planning/share/planning/launch
[39.347s] -- Up-to-date: /home/x/planning_with_ROS2_course/install/planning/share/planning/launch/planning_launch.py
[39.347s] -- Up-to-date: /home/x/planning_with_ROS2_course/install/planning/share/planning/urdf
[39.347s] -- Up-to-date: /home/x/planning_with_ROS2_course/install/planning/share/planning/urdf/obs_car
[39.347s] -- Up-to-date: /home/x/planning_with_ROS2_course/install/planning/share/planning/urdf/obs_car/obs_car.xacro
[39.347s] -- Up-to-date: /home/x/planning_with_ROS2_course/install/planning/share/planning/urdf/main_car
[39.347s] -- Up-to-date: /home/x/planning_with_ROS2_course/install/planning/share/planning/urdf/main_car/car.xacro
[39.347s] -- Up-to-date: /home/x/planning_with_ROS2_course/install/planning/share/planning/urdf/main_car/car_radar.xacro
[39.347s] -- Up-to-date: /home/x/planning_with_ROS2_course/install/planning/share/planning/urdf/main_car/car_wheels.xacro
[39.347s] -- Up-to-date: /home/x/planning_with_ROS2_course/install/planning/share/planning/urdf/main_car/car_camera.xacro
[39.347s] -- Up-to-date: /home/x/planning_with_ROS2_course/install/planning/share/planning/urdf/main_car/car_base.xacro
[39.347s] -- Up-to-date: /home/x/planning_with_ROS2_course/install/planning/share/planning/rviz
[39.347s] -- Up-to-date: /home/x/planning_with_ROS2_course/install/planning/share/planning/rviz/planning.rviz
[39.347s] -- Up-to-date: /home/x/planning_with_ROS2_course/install/planning/share/ament_index/resource_index/package_run_dependencies/planning
[39.347s] -- Up-to-date: /home/x/planning_with_ROS2_course/install/planning/share/ament_index/resource_index/parent_prefix_path/planning
[39.347s] -- Up-to-date: /home/x/planning_with_ROS2_course/install/planning/share/planning/environment/ament_prefix_path.sh
[39.347s] -- Installing: /home/x/planning_with_ROS2_course/install/planning/share/planning/environment/ament_prefix_path.dsv
[39.347s] -- Up-to-date: /home/x/planning_with_ROS2_course/install/planning/share/planning/environment/path.sh
[39.347s] -- Installing: /home/x/planning_with_ROS2_course/install/planning/share/planning/environment/path.dsv
[39.347s] -- Up-to-date: /home/x/planning_with_ROS2_course/install/planning/share/planning/local_setup.bash
[39.347s] -- Up-to-date: /home/x/planning_with_ROS2_course/install/planning/share/planning/local_setup.sh
[39.347s] -- Up-to-date: /home/x/planning_with_ROS2_course/install/planning/share/planning/local_setup.zsh
[39.347s] -- Installing: /home/x/planning_with_ROS2_course/install/planning/share/planning/local_setup.dsv
[39.348s] -- Installing: /home/x/planning_with_ROS2_course/install/planning/share/planning/package.dsv
[39.348s] -- Up-to-date: /home/x/planning_with_ROS2_course/install/planning/share/ament_index/resource_index/packages/planning
[39.348s] -- Up-to-date: /home/x/planning_with_ROS2_course/install/planning/share/planning/cmake/planningConfig.cmake
[39.348s] -- Up-to-date: /home/x/planning_with_ROS2_course/install/planning/share/planning/cmake/planningConfig-version.cmake
[39.348s] -- Up-to-date: /home/x/planning_with_ROS2_course/install/planning/share/planning/package.xml
[39.352s] Invoked command in '/home/x/planning_with_ROS2_course/build/planning' returned '0': CMAKE_PREFIX_PATH=/home/x/planning_with_ROS2_course/install/base_msgs:/home/x/planning_with_ROS2_course/install/planning:/home/x/planning_with_ROS2_course/install/data_plot:/opt/ros/humble LD_LIBRARY_PATH=/home/x/planning_with_ROS2_course/install/base_msgs/lib:/home/x/planning_with_ROS2_course/install/planning/lib:/home/x/planning_with_ROS2_course/install/planning/lib:/home/x/planning_with_ROS2_course/install/planning/lib:/opt/ros/humble/opt/rviz_ogre_vendor/lib:/opt/ros/humble/lib/x86_64-linux-gnu:/opt/ros/humble/lib /usr/bin/cmake --install /home/x/planning_with_ROS2_course/build/planning
