[  5%] Built target config_reader
[ 14%] Built target mathlibs
[35m[1mConsolidate compiler generated dependencies of target pnc_map_creator[0m
[ 22%] Built target vehicle_info
[ 34%] Built target global_planner
[ 37%] Built target reference_line
[ 40%] [32mBuilding CXX object src/pnc_map_creator/CMakeFiles/pnc_map_creator.dir/pnc_map_sturn/pnc_map_creator_sturn.cpp.o[0m
[ 45%] Built target car_move_cmd
[ 51%] Built target decision_center
[ 57%] Built target obs_move_cmd
[ 62%] Built target global_path_server
[ 80%] Built target local_planner
[ 88%] Built target planning_process
[01m[K/home/x/planning_with_ROS2_course/src/planning/src/pnc_map_creator/pnc_map_sturn/pnc_map_creator_sturn.cpp:[m[K In member function ‘[01m[Kvirtual base_msgs::msg::PNCMap Planning::PNCMapCreatorSTurn::create_pnc_map()[m[K’:
[01m[K/home/x/planning_with_ROS2_course/src/planning/src/pnc_map_creator/pnc_map_sturn/pnc_map_creator_sturn.cpp:30:24:[m[K [01;31m[Kerror: [m[Kno match for call to ‘[01m[K(base_msgs::msg::PNCMap {aka base_msgs::msg::PNCMap_<std::allocator<void> >}) ()[m[K’
   30 |         return [01;31m[Kpnc_map_()[m[K;
      |                [01;31m[K~~~~~~~~^~[m[K
gmake[2]: *** [src/pnc_map_creator/CMakeFiles/pnc_map_creator.dir/build.make:90：src/pnc_map_creator/CMakeFiles/pnc_map_creator.dir/pnc_map_sturn/pnc_map_creator_sturn.cpp.o] 错误 1
gmake[1]: *** [CMakeFiles/Makefile2:384：src/pnc_map_creator/CMakeFiles/pnc_map_creator.dir/all] 错误 2
gmake: *** [Makefile:146：all] 错误 2
