[  5%] Built target osqp_test
[ 13%] Built target mathlibs
[ 18%] Built target config_reader
[35m[1mConsolidate compiler generated dependencies of target vehicle_info[0m
[ 24%] Built target global_planner
[ 32%] Built target pnc_map_creator
[ 40%] Built target reference_line
[ 48%] Built target vehicle_info
[35m[1mConsolidate compiler generated dependencies of target decision_center[0m
[35m[1mConsolidate compiler generated dependencies of target car_move_cmd[0m
[35m[1mConsolidate compiler generated dependencies of target obs_move_cmd[0m
[ 54%] Built target pnc_map_server
[ 59%] Built target global_path_server
[ 64%] Built target car_move_cmd
[ 70%] Built target decision_center
[ 72%] [32mBuilding CXX object src/move_cmd/CMakeFiles/obs_move_cmd.dir/obs_move_cmd.cpp.o[0m
[35m[1mConsolidate compiler generated dependencies of target local_planner[0m
[ 89%] Built target local_planner
[35m[1mConsolidate compiler generated dependencies of target planning_process[0m
[ 91%] [32mBuilding CXX object src/planning_process/CMakeFiles/planning_process.dir/planning_process.cpp.o[0m
[ 94%] [32m[1mLinking CXX executable planning_process[0m
[ 97%] Built target planning_process
