-- Found ament_cmake: 1.3.12 (/opt/ros/humble/share/ament_cmake/cmake)
-- Found rclcpp: 16.0.15 (/opt/ros/humble/share/rclcpp/cmake)
-- Found rosidl_generator_c: 3.1.7 (/opt/ros/humble/share/rosidl_generator_c/cmake)
-- Found rosidl_adapter: 3.1.7 (/opt/ros/humble/share/rosidl_adapter/cmake)
-- Found rosidl_generator_cpp: 3.1.7 (/opt/ros/humble/share/rosidl_generator_cpp/cmake)
-- Using all available rosidl_typesupport_c: rosidl_typesupport_fastrtps_c;rosidl_typesupport_introspection_c
-- Using all available rosidl_typesupport_cpp: rosidl_typesupport_fastrtps_cpp;rosidl_typesupport_introspection_cpp
-- Found rmw_implementation_cmake: 6.1.2 (/opt/ros/humble/share/rmw_implementation_cmake/cmake)
-- Found rmw_fastrtps_cpp: 6.2.8 (/opt/ros/humble/share/rmw_fastrtps_cpp/cmake)
-- Using RMW implementation 'rmw_fastrtps_cpp' as default
-- Found tf2: 0.25.16 (/opt/ros/humble/share/tf2/cmake)
-- Found tf2_ros: 0.25.16 (/opt/ros/humble/share/tf2_ros/cmake)
-- Found nav_msgs: 4.9.0 (/opt/ros/humble/share/nav_msgs/cmake)
-- Found visualization_msgs: 4.9.0 (/opt/ros/humble/share/visualization_msgs/cmake)
-- Found base_msgs: 0.0.0 (/home/x/planning_with_ROS2_course/install/base_msgs/share/base_msgs/cmake)
[31mCMake Error at CMakeLists.txt:69 (add_subdirectory):
  add_subdirectory given source "src/text" which is not an existing
  directory.

[0m
-- Found ament_lint_auto: 0.12.14 (/opt/ros/humble/share/ament_lint_auto/cmake)
-- Added test 'cppcheck' to perform static code analysis on C / C++ code
-- Configured cppcheck include dirs: /home/x/planning_with_ROS2_course/src/planning/src/common/config_reader;/home/x/planning_with_ROS2_course/src/planning/src/common/math;/home/x/planning_with_ROS2_course/src/planning/src/decision_center;/home/x/planning_with_ROS2_course/src/planning/src/pnc_map_creator;/home/x/planning_with_ROS2_course/src/planning/src/pnc_map_creator/pnc_map_straight;/home/x/planning_with_ROS2_course/src/planning/src/pnc_map_creator/pnc_map_sturn;/home/x/planning_with_ROS2_course/src/planning/src/global_planner;/home/x/planning_with_ROS2_course/src/planning/src/global_planner/global_planner_normal;/home/x/planning_with_ROS2_course/src/planning/src/local_planner;/home/x/planning_with_ROS2_course/src/planning/src/local_planner/local_path;/home/x/planning_with_ROS2_course/src/planning/src/local_planner/local_speeds;/home/x/planning_with_ROS2_course/src/planning/src/reference_line;/home/x/planning_with_ROS2_course/src/planning/src/text/osqp_test;/home/x/planning_with_ROS2_course/src/planning/src/vehicle_info;/home/x/planning_with_ROS2_course/src/planning/src/vehicle_info/main_car;/home/x/planning_with_ROS2_course/src/planning/src/vehicle_info/obs_car;/home/x/planning_with_ROS2_course/src/planning/src/planning_process;/home/x/planning_with_ROS2_course/src/planning/src/move_cmd
-- Configured cppcheck exclude dirs and/or files: 
-- Added test 'flake8' to check Python code syntax and style conventions
-- Added test 'lint_cmake' to check CMake code style
-- Added test 'pep257' to check Python code against some of the docstring style conventions in PEP 257
-- Added test 'uncrustify' to check C / C++ code style
-- Configured uncrustify additional arguments: 
-- Added test 'xmllint' to check XML markup files
-- Configuring incomplete, errors occurred!
See also "/home/x/planning_with_ROS2_course/build/planning/CMakeFiles/CMakeOutput.log".
gmake: *** [Makefile:408：cmake_check_build_system] 错误 1
